Router contains 42 entries
Index Key        Mask       Route      Default [Cores][Links]
----- ---------- ---------- ---------- ------- --------------
    0 0x00000000 0xFFFFFFF8 0x001C0401 False   [13, 12, 4, 14] [E]
    1 0x00000008 0xFFFFFFF8 0x00380A01 False   [3, 5, 13, 14, 15] [E]
    2 0x00000010 0xFFFFFFF8 0x00701401 False   [4, 6, 14, 15, 16] [E]
    3 0x00000018 0xFFFFFFF8 0x00E02801 False   [5, 7, 15, 16, 17] [E]
    4 0x00000020 0xFFFFFFF8 0x00C05001 False   [8, 17, 16, 6] [E]
    5 0x00000028 0xFFFFFFF8 0x0080A003 False   [9, 17, 7] [E, NE]
    6 0x00000030 0xFFFFFFF8 0x00014003 False   [8, 10] [E, NE]
    7 0x00000038 0xFFFFFFF8 0x00028003 False   [9, 11] [E, NE]
    8 0x00000040 0xFFFFFFF8 0x00050003 False   [10, 12] [E, NE]
    9 0x00000048 0xFFFFFFF8 0x000A0201 False   [3, 11, 13] [E]
   10 0x00000050 0xFFFFFFF8 0x00140601 False   [3, 12, 4, 14] [E]
   11 0x00000058 0xFFFFFFF8 0x00280E01 False   [3, 4, 5, 13, 15] [E]
   12 0x00000060 0xFFFFFFF8 0x00501C01 False   [4, 5, 6, 14, 16] [E]
   13 0x00000068 0xFFFFFFF8 0x00A03801 False   [5, 6, 7, 15, 17] [E]
   14 0x00000070 0xFFFFFFF8 0x00407001 False   [16, 8, 6, 7] [E]
   15 0x00000078 0xFFFFFFF8 0x0080E000 False   [8, 17, 9, 7] []
   16 0x00000080 0xFFFFFFF8 0x0001C000 False   [8, 9, 10] []
   17 0x00000088 0xFFFFFFF8 0x00038000 False   [9, 10, 11] []
   18 0x00000090 0xFFFFFFF8 0x00070000 False   [10, 11, 12] []
   19 0x00000098 0xFFFFFFF8 0x000E0200 False   [11, 3, 12, 13] []
   20 0x000000A0 0xFFFFFFF8 0x00180000 False   [13, 14] []
   21 0x000000A8 0xFFFFFFF8 0x00380000 False   [13, 14, 15] []
   22 0x000000B0 0xFFFFFFF8 0x00700000 False   [16, 14, 15] []
   23 0x000000B8 0xFFFFFFF8 0x00E00000 False   [16, 17, 15] []
   24 0x000000C0 0xFFFFFFF8 0x00C00000 False   [16, 17] []
   25 0x000000C8 0xFFFFFFF8 0x00800000 False   [17] []
   26 0x000000E8 0xFFFFFFF8 0x00080000 False   [13] []
   27 0x000001F0 0xFFFFFFF8 0x00000004 False   [] [N]
   28 0x000001F8 0xFFFFFFF8 0x00000004 False   [] [N]
   29 0x00000200 0xFFFFFFF8 0x00000004 False   [] [N]
   30 0x00000208 0xFFFFFFF8 0x00000004 False   [] [N]
   31 0x00000210 0xFFFFFFF8 0x00000004 False   [] [N]
   32 0x000002D0 0xFFFFFFF8 0x00040600 False   [3, 4, 12] []
   33 0x000002D8 0xFFFFFFF8 0x00000E00 False   [3, 4, 5] []
   34 0x000002E0 0xFFFFFFF8 0x00001C00 False   [4, 5, 6] []
   35 0x000002E8 0xFFFFFFF8 0x00003800 False   [5, 6, 7] []
   36 0x000002F0 0xFFFFFFF8 0x00007000 False   [8, 6, 7] []
   37 0x000002F8 0xFFFFFFF8 0x0000E000 False   [8, 9, 7] []
   38 0x00000300 0xFFFFFFF8 0x0001C000 False   [8, 9, 10] []
   39 0x00000308 0xFFFFFFF8 0x00038000 False   [9, 10, 11] []
   40 0x00000310 0xFFFFFFF8 0x00070000 False   [10, 11, 12] []
   41 0x00000318 0xFFFFFFF8 0x00060200 False   [3, 11, 12] []
0 Defaultable entries
