        Memory Usage by Core
        ====================

Generated: Mon Jul  6 16:25:27 2020 for target machine '10.11.193.65'

Planned by partitioner
----------------------
Based on 1000 timesteps

SDRAM reqs for core (0,0,1) is 476 KB (488136 bytes) for Placement(vertex=SYSTEM:ExtraMonitor, x=0, y=0, p=1)
SDRAM reqs for core (0,1,1) is 476 KB (488136 bytes) for Placement(vertex=SYSTEM:ExtraMonitor1, x=0, y=1, p=1)
SDRAM reqs for core (2,1,1) is 476 KB (488136 bytes) for Placement(vertex=SYSTEM:ExtraMonitor10, x=2, y=1, p=1)
SDRAM reqs for core (2,2,1) is 476 KB (488136 bytes) for Placement(vertex=SYSTEM:ExtraMonitor11, x=2, y=2, p=1)
SDRAM reqs for core (2,3,1) is 476 KB (488136 bytes) for Placement(vertex=SYSTEM:ExtraMonitor12, x=2, y=3, p=1)
SDRAM reqs for core (2,4,1) is 476 KB (488136 bytes) for Placement(vertex=SYSTEM:ExtraMonitor13, x=2, y=4, p=1)
SDRAM reqs for core (2,5,1) is 476 KB (488136 bytes) for Placement(vertex=SYSTEM:ExtraMonitor14, x=2, y=5, p=1)
SDRAM reqs for core (3,0,1) is 476 KB (488136 bytes) for Placement(vertex=SYSTEM:ExtraMonitor15, x=3, y=0, p=1)
SDRAM reqs for core (3,1,1) is 476 KB (488136 bytes) for Placement(vertex=SYSTEM:ExtraMonitor16, x=3, y=1, p=1)
SDRAM reqs for core (3,2,1) is 476 KB (488136 bytes) for Placement(vertex=SYSTEM:ExtraMonitor17, x=3, y=2, p=1)
SDRAM reqs for core (3,3,1) is 476 KB (488136 bytes) for Placement(vertex=SYSTEM:ExtraMonitor18, x=3, y=3, p=1)
SDRAM reqs for core (3,4,1) is 476 KB (488136 bytes) for Placement(vertex=SYSTEM:ExtraMonitor19, x=3, y=4, p=1)
SDRAM reqs for core (0,2,1) is 476 KB (488136 bytes) for Placement(vertex=SYSTEM:ExtraMonitor2, x=0, y=2, p=1)
SDRAM reqs for core (3,5,1) is 476 KB (488136 bytes) for Placement(vertex=SYSTEM:ExtraMonitor20, x=3, y=5, p=1)
SDRAM reqs for core (3,6,1) is 476 KB (488136 bytes) for Placement(vertex=SYSTEM:ExtraMonitor21, x=3, y=6, p=1)
SDRAM reqs for core (4,0,1) is 476 KB (488136 bytes) for Placement(vertex=SYSTEM:ExtraMonitor22, x=4, y=0, p=1)
SDRAM reqs for core (4,1,1) is 476 KB (488136 bytes) for Placement(vertex=SYSTEM:ExtraMonitor23, x=4, y=1, p=1)
SDRAM reqs for core (4,2,1) is 476 KB (488136 bytes) for Placement(vertex=SYSTEM:ExtraMonitor24, x=4, y=2, p=1)
SDRAM reqs for core (4,3,1) is 476 KB (488136 bytes) for Placement(vertex=SYSTEM:ExtraMonitor25, x=4, y=3, p=1)
SDRAM reqs for core (4,4,1) is 476 KB (488136 bytes) for Placement(vertex=SYSTEM:ExtraMonitor26, x=4, y=4, p=1)
SDRAM reqs for core (4,5,1) is 476 KB (488136 bytes) for Placement(vertex=SYSTEM:ExtraMonitor27, x=4, y=5, p=1)
SDRAM reqs for core (4,6,1) is 476 KB (488136 bytes) for Placement(vertex=SYSTEM:ExtraMonitor28, x=4, y=6, p=1)
SDRAM reqs for core (4,7,1) is 476 KB (488136 bytes) for Placement(vertex=SYSTEM:ExtraMonitor29, x=4, y=7, p=1)
SDRAM reqs for core (0,3,1) is 476 KB (488136 bytes) for Placement(vertex=SYSTEM:ExtraMonitor3, x=0, y=3, p=1)
SDRAM reqs for core (5,1,1) is 476 KB (488136 bytes) for Placement(vertex=SYSTEM:ExtraMonitor30, x=5, y=1, p=1)
SDRAM reqs for core (5,2,1) is 476 KB (488136 bytes) for Placement(vertex=SYSTEM:ExtraMonitor31, x=5, y=2, p=1)
SDRAM reqs for core (5,3,1) is 476 KB (488136 bytes) for Placement(vertex=SYSTEM:ExtraMonitor32, x=5, y=3, p=1)
SDRAM reqs for core (5,4,1) is 476 KB (488136 bytes) for Placement(vertex=SYSTEM:ExtraMonitor33, x=5, y=4, p=1)
SDRAM reqs for core (5,5,1) is 476 KB (488136 bytes) for Placement(vertex=SYSTEM:ExtraMonitor34, x=5, y=5, p=1)
SDRAM reqs for core (5,6,1) is 476 KB (488136 bytes) for Placement(vertex=SYSTEM:ExtraMonitor35, x=5, y=6, p=1)
SDRAM reqs for core (5,7,1) is 476 KB (488136 bytes) for Placement(vertex=SYSTEM:ExtraMonitor36, x=5, y=7, p=1)
SDRAM reqs for core (6,2,1) is 476 KB (488136 bytes) for Placement(vertex=SYSTEM:ExtraMonitor37, x=6, y=2, p=1)
SDRAM reqs for core (6,3,1) is 476 KB (488136 bytes) for Placement(vertex=SYSTEM:ExtraMonitor38, x=6, y=3, p=1)
SDRAM reqs for core (6,4,1) is 476 KB (488136 bytes) for Placement(vertex=SYSTEM:ExtraMonitor39, x=6, y=4, p=1)
SDRAM reqs for core (1,0,1) is 476 KB (488136 bytes) for Placement(vertex=SYSTEM:ExtraMonitor4, x=1, y=0, p=1)
SDRAM reqs for core (6,5,1) is 476 KB (488136 bytes) for Placement(vertex=SYSTEM:ExtraMonitor40, x=6, y=5, p=1)
SDRAM reqs for core (6,6,1) is 476 KB (488136 bytes) for Placement(vertex=SYSTEM:ExtraMonitor41, x=6, y=6, p=1)
SDRAM reqs for core (6,7,1) is 476 KB (488136 bytes) for Placement(vertex=SYSTEM:ExtraMonitor42, x=6, y=7, p=1)
SDRAM reqs for core (7,3,1) is 476 KB (488136 bytes) for Placement(vertex=SYSTEM:ExtraMonitor43, x=7, y=3, p=1)
SDRAM reqs for core (7,4,1) is 476 KB (488136 bytes) for Placement(vertex=SYSTEM:ExtraMonitor44, x=7, y=4, p=1)
SDRAM reqs for core (7,5,1) is 476 KB (488136 bytes) for Placement(vertex=SYSTEM:ExtraMonitor45, x=7, y=5, p=1)
SDRAM reqs for core (7,6,1) is 476 KB (488136 bytes) for Placement(vertex=SYSTEM:ExtraMonitor46, x=7, y=6, p=1)
SDRAM reqs for core (7,7,1) is 476 KB (488136 bytes) for Placement(vertex=SYSTEM:ExtraMonitor47, x=7, y=7, p=1)
SDRAM reqs for core (1,1,1) is 476 KB (488136 bytes) for Placement(vertex=SYSTEM:ExtraMonitor5, x=1, y=1, p=1)
SDRAM reqs for core (1,2,1) is 476 KB (488136 bytes) for Placement(vertex=SYSTEM:ExtraMonitor6, x=1, y=2, p=1)
SDRAM reqs for core (1,3,1) is 476 KB (488136 bytes) for Placement(vertex=SYSTEM:ExtraMonitor7, x=1, y=3, p=1)
SDRAM reqs for core (1,4,1) is 476 KB (488136 bytes) for Placement(vertex=SYSTEM:ExtraMonitor8, x=1, y=4, p=1)
SDRAM reqs for core (2,0,1) is 476 KB (488136 bytes) for Placement(vertex=SYSTEM:ExtraMonitor9, x=2, y=0, p=1)
SDRAM reqs for core (0,0,2) is 459 KB (470200 bytes) for Placement(vertex=SYSTEM:PacketGatherer(0,0), x=0, y=0, p=2)
SDRAM reqs for core (0,0,3) is 4 KB (4216 bytes) for Placement(vertex=cell0, x=0, y=0, p=3)
SDRAM reqs for core (0,0,4) is 4 KB (4216 bytes) for Placement(vertex=cell1, x=0, y=0, p=4)
SDRAM reqs for core (0,0,13) is 4 KB (4216 bytes) for Placement(vertex=cell10, x=0, y=0, p=13)
SDRAM reqs for core (0,0,14) is 4 KB (4216 bytes) for Placement(vertex=cell11, x=0, y=0, p=14)
SDRAM reqs for core (0,0,15) is 4 KB (4216 bytes) for Placement(vertex=cell12, x=0, y=0, p=15)
SDRAM reqs for core (0,0,16) is 4 KB (4216 bytes) for Placement(vertex=cell13, x=0, y=0, p=16)
SDRAM reqs for core (0,0,17) is 4 KB (4216 bytes) for Placement(vertex=cell14, x=0, y=0, p=17)
SDRAM reqs for core (1,0,2) is 4 KB (4216 bytes) for Placement(vertex=cell15, x=1, y=0, p=2)
SDRAM reqs for core (1,0,3) is 4 KB (4216 bytes) for Placement(vertex=cell16, x=1, y=0, p=3)
SDRAM reqs for core (1,0,4) is 4 KB (4216 bytes) for Placement(vertex=cell17, x=1, y=0, p=4)
SDRAM reqs for core (1,0,5) is 4 KB (4216 bytes) for Placement(vertex=cell18, x=1, y=0, p=5)
SDRAM reqs for core (1,0,6) is 4 KB (4216 bytes) for Placement(vertex=cell19, x=1, y=0, p=6)
SDRAM reqs for core (0,0,5) is 4 KB (4216 bytes) for Placement(vertex=cell2, x=0, y=0, p=5)
SDRAM reqs for core (1,0,7) is 4 KB (4216 bytes) for Placement(vertex=cell20, x=1, y=0, p=7)
SDRAM reqs for core (1,0,8) is 4 KB (4216 bytes) for Placement(vertex=cell21, x=1, y=0, p=8)
SDRAM reqs for core (1,0,9) is 4 KB (4216 bytes) for Placement(vertex=cell22, x=1, y=0, p=9)
SDRAM reqs for core (1,0,10) is 4 KB (4216 bytes) for Placement(vertex=cell23, x=1, y=0, p=10)
SDRAM reqs for core (1,0,11) is 4 KB (4216 bytes) for Placement(vertex=cell24, x=1, y=0, p=11)
SDRAM reqs for core (1,0,12) is 4 KB (4216 bytes) for Placement(vertex=cell25, x=1, y=0, p=12)
SDRAM reqs for core (1,0,13) is 4 KB (4216 bytes) for Placement(vertex=cell26, x=1, y=0, p=13)
SDRAM reqs for core (1,0,14) is 4 KB (4216 bytes) for Placement(vertex=cell27, x=1, y=0, p=14)
SDRAM reqs for core (1,0,15) is 4 KB (4216 bytes) for Placement(vertex=cell28, x=1, y=0, p=15)
SDRAM reqs for core (1,0,16) is 4 KB (4216 bytes) for Placement(vertex=cell29, x=1, y=0, p=16)
SDRAM reqs for core (0,0,6) is 4 KB (4216 bytes) for Placement(vertex=cell3, x=0, y=0, p=6)
SDRAM reqs for core (1,0,17) is 4 KB (4216 bytes) for Placement(vertex=cell30, x=1, y=0, p=17)
SDRAM reqs for core (1,1,2) is 4 KB (4216 bytes) for Placement(vertex=cell31, x=1, y=1, p=2)
SDRAM reqs for core (1,1,3) is 4 KB (4216 bytes) for Placement(vertex=cell32, x=1, y=1, p=3)
SDRAM reqs for core (1,1,4) is 4 KB (4216 bytes) for Placement(vertex=cell33, x=1, y=1, p=4)
SDRAM reqs for core (1,1,5) is 4 KB (4216 bytes) for Placement(vertex=cell34, x=1, y=1, p=5)
SDRAM reqs for core (1,1,6) is 4 KB (4216 bytes) for Placement(vertex=cell35, x=1, y=1, p=6)
SDRAM reqs for core (1,1,7) is 4 KB (4216 bytes) for Placement(vertex=cell36, x=1, y=1, p=7)
SDRAM reqs for core (1,1,8) is 4 KB (4216 bytes) for Placement(vertex=cell37, x=1, y=1, p=8)
SDRAM reqs for core (1,1,9) is 4 KB (4216 bytes) for Placement(vertex=cell38, x=1, y=1, p=9)
SDRAM reqs for core (1,1,10) is 4 KB (4216 bytes) for Placement(vertex=cell39, x=1, y=1, p=10)
SDRAM reqs for core (0,0,7) is 4 KB (4216 bytes) for Placement(vertex=cell4, x=0, y=0, p=7)
SDRAM reqs for core (1,1,11) is 4 KB (4216 bytes) for Placement(vertex=cell40, x=1, y=1, p=11)
SDRAM reqs for core (1,1,12) is 4 KB (4216 bytes) for Placement(vertex=cell41, x=1, y=1, p=12)
SDRAM reqs for core (1,1,13) is 4 KB (4216 bytes) for Placement(vertex=cell42, x=1, y=1, p=13)
SDRAM reqs for core (1,1,14) is 4 KB (4216 bytes) for Placement(vertex=cell43, x=1, y=1, p=14)
SDRAM reqs for core (1,1,15) is 4 KB (4216 bytes) for Placement(vertex=cell44, x=1, y=1, p=15)
SDRAM reqs for core (1,1,16) is 4 KB (4216 bytes) for Placement(vertex=cell45, x=1, y=1, p=16)
SDRAM reqs for core (0,1,2) is 4 KB (4216 bytes) for Placement(vertex=cell46, x=0, y=1, p=2)
SDRAM reqs for core (0,1,3) is 4 KB (4216 bytes) for Placement(vertex=cell47, x=0, y=1, p=3)
SDRAM reqs for core (0,1,4) is 4 KB (4216 bytes) for Placement(vertex=cell48, x=0, y=1, p=4)
SDRAM reqs for core (0,1,5) is 4 KB (4216 bytes) for Placement(vertex=cell49, x=0, y=1, p=5)
SDRAM reqs for core (0,0,8) is 4 KB (4216 bytes) for Placement(vertex=cell5, x=0, y=0, p=8)
SDRAM reqs for core (0,1,6) is 4 KB (4216 bytes) for Placement(vertex=cell50, x=0, y=1, p=6)
SDRAM reqs for core (0,1,7) is 4 KB (4216 bytes) for Placement(vertex=cell51, x=0, y=1, p=7)
SDRAM reqs for core (0,1,8) is 4 KB (4216 bytes) for Placement(vertex=cell52, x=0, y=1, p=8)
SDRAM reqs for core (0,1,9) is 4 KB (4216 bytes) for Placement(vertex=cell53, x=0, y=1, p=9)
SDRAM reqs for core (0,1,10) is 4 KB (4216 bytes) for Placement(vertex=cell54, x=0, y=1, p=10)
SDRAM reqs for core (0,1,11) is 4 KB (4216 bytes) for Placement(vertex=cell55, x=0, y=1, p=11)
SDRAM reqs for core (0,1,12) is 4 KB (4216 bytes) for Placement(vertex=cell56, x=0, y=1, p=12)
SDRAM reqs for core (0,1,13) is 4 KB (4216 bytes) for Placement(vertex=cell57, x=0, y=1, p=13)
SDRAM reqs for core (0,1,14) is 4 KB (4216 bytes) for Placement(vertex=cell58, x=0, y=1, p=14)
SDRAM reqs for core (0,1,15) is 4 KB (4216 bytes) for Placement(vertex=cell59, x=0, y=1, p=15)
SDRAM reqs for core (0,0,9) is 4 KB (4216 bytes) for Placement(vertex=cell6, x=0, y=0, p=9)
SDRAM reqs for core (0,1,16) is 4 KB (4216 bytes) for Placement(vertex=cell60, x=0, y=1, p=16)
SDRAM reqs for core (0,1,17) is 4 KB (4216 bytes) for Placement(vertex=cell61, x=0, y=1, p=17)
SDRAM reqs for core (2,0,2) is 4 KB (4216 bytes) for Placement(vertex=cell62, x=2, y=0, p=2)
SDRAM reqs for core (2,0,3) is 4 KB (4216 bytes) for Placement(vertex=cell63, x=2, y=0, p=3)
SDRAM reqs for core (2,0,4) is 4 KB (4216 bytes) for Placement(vertex=cell64, x=2, y=0, p=4)
SDRAM reqs for core (2,0,5) is 4 KB (4216 bytes) for Placement(vertex=cell65, x=2, y=0, p=5)
SDRAM reqs for core (2,0,6) is 4 KB (4216 bytes) for Placement(vertex=cell66, x=2, y=0, p=6)
SDRAM reqs for core (2,0,7) is 4 KB (4216 bytes) for Placement(vertex=cell67, x=2, y=0, p=7)
SDRAM reqs for core (2,0,8) is 4 KB (4216 bytes) for Placement(vertex=cell68, x=2, y=0, p=8)
SDRAM reqs for core (2,0,9) is 4 KB (4216 bytes) for Placement(vertex=cell69, x=2, y=0, p=9)
SDRAM reqs for core (0,0,10) is 4 KB (4216 bytes) for Placement(vertex=cell7, x=0, y=0, p=10)
SDRAM reqs for core (2,0,10) is 4 KB (4216 bytes) for Placement(vertex=cell70, x=2, y=0, p=10)
SDRAM reqs for core (2,0,11) is 4 KB (4216 bytes) for Placement(vertex=cell71, x=2, y=0, p=11)
SDRAM reqs for core (2,0,12) is 4 KB (4216 bytes) for Placement(vertex=cell72, x=2, y=0, p=12)
SDRAM reqs for core (2,0,13) is 4 KB (4216 bytes) for Placement(vertex=cell73, x=2, y=0, p=13)
SDRAM reqs for core (2,0,14) is 4 KB (4216 bytes) for Placement(vertex=cell74, x=2, y=0, p=14)
SDRAM reqs for core (2,0,15) is 4 KB (4216 bytes) for Placement(vertex=cell75, x=2, y=0, p=15)
SDRAM reqs for core (2,0,16) is 4 KB (4216 bytes) for Placement(vertex=cell76, x=2, y=0, p=16)
SDRAM reqs for core (2,0,17) is 4 KB (4216 bytes) for Placement(vertex=cell77, x=2, y=0, p=17)
SDRAM reqs for core (2,1,2) is 4 KB (4216 bytes) for Placement(vertex=cell78, x=2, y=1, p=2)
SDRAM reqs for core (2,1,3) is 4 KB (4216 bytes) for Placement(vertex=cell79, x=2, y=1, p=3)
SDRAM reqs for core (0,0,11) is 4 KB (4216 bytes) for Placement(vertex=cell8, x=0, y=0, p=11)
SDRAM reqs for core (2,1,4) is 4 KB (4216 bytes) for Placement(vertex=cell80, x=2, y=1, p=4)
SDRAM reqs for core (2,1,5) is 4 KB (4216 bytes) for Placement(vertex=cell81, x=2, y=1, p=5)
SDRAM reqs for core (2,1,6) is 4 KB (4216 bytes) for Placement(vertex=cell82, x=2, y=1, p=6)
SDRAM reqs for core (2,1,7) is 4 KB (4216 bytes) for Placement(vertex=cell83, x=2, y=1, p=7)
SDRAM reqs for core (2,1,8) is 4 KB (4216 bytes) for Placement(vertex=cell84, x=2, y=1, p=8)
SDRAM reqs for core (2,1,9) is 4 KB (4216 bytes) for Placement(vertex=cell85, x=2, y=1, p=9)
SDRAM reqs for core (2,1,10) is 4 KB (4216 bytes) for Placement(vertex=cell86, x=2, y=1, p=10)
SDRAM reqs for core (2,1,11) is 4 KB (4216 bytes) for Placement(vertex=cell87, x=2, y=1, p=11)
SDRAM reqs for core (2,1,12) is 4 KB (4216 bytes) for Placement(vertex=cell88, x=2, y=1, p=12)
SDRAM reqs for core (2,1,13) is 4 KB (4216 bytes) for Placement(vertex=cell89, x=2, y=1, p=13)
SDRAM reqs for core (0,0,12) is 4 KB (4216 bytes) for Placement(vertex=cell9, x=0, y=0, p=12)
SDRAM reqs for core (2,1,14) is 4 KB (4216 bytes) for Placement(vertex=cell90, x=2, y=1, p=14)
SDRAM reqs for core (2,1,15) is 4 KB (4216 bytes) for Placement(vertex=cell91, x=2, y=1, p=15)
SDRAM reqs for core (2,1,16) is 4 KB (4216 bytes) for Placement(vertex=cell92, x=2, y=1, p=16)
SDRAM reqs for core (2,1,17) is 4 KB (4216 bytes) for Placement(vertex=cell93, x=2, y=1, p=17)
SDRAM reqs for core (2,2,2) is 4 KB (4216 bytes) for Placement(vertex=cell94, x=2, y=2, p=2)
SDRAM reqs for core (2,2,3) is 4 KB (4216 bytes) for Placement(vertex=cell95, x=2, y=2, p=3)
SDRAM reqs for core (2,2,4) is 4 KB (4216 bytes) for Placement(vertex=cell96, x=2, y=2, p=4)
SDRAM reqs for core (2,2,5) is 4 KB (4216 bytes) for Placement(vertex=cell97, x=2, y=2, p=5)
SDRAM reqs for core (2,2,6) is 4 KB (4216 bytes) for Placement(vertex=cell98, x=2, y=2, p=6)
SDRAM reqs for core (2,2,7) is 4 KB (4216 bytes) for Placement(vertex=cell99, x=2, y=2, p=7)
**** Chip: (0, 0) has total memory usage of 997 KB (1021576 bytes) out of a max of 120575 KB (123469792 bytes)

**** Chip: (0, 1) has total memory usage of 542 KB (555592 bytes) out of a max of 120575 KB (123469792 bytes)

**** Chip: (0, 2) has total memory usage of 476 KB (488136 bytes) out of a max of 120575 KB (123469792 bytes)

**** Chip: (0, 3) has total memory usage of 476 KB (488136 bytes) out of a max of 120575 KB (123469792 bytes)

**** Chip: (1, 0) has total memory usage of 542 KB (555592 bytes) out of a max of 120575 KB (123469792 bytes)

**** Chip: (1, 1) has total memory usage of 538 KB (551376 bytes) out of a max of 120575 KB (123469792 bytes)

**** Chip: (1, 2) has total memory usage of 476 KB (488136 bytes) out of a max of 120575 KB (123469792 bytes)

**** Chip: (1, 3) has total memory usage of 476 KB (488136 bytes) out of a max of 120575 KB (123469792 bytes)

**** Chip: (1, 4) has total memory usage of 476 KB (488136 bytes) out of a max of 120575 KB (123469792 bytes)

**** Chip: (2, 0) has total memory usage of 542 KB (555592 bytes) out of a max of 120575 KB (123469792 bytes)

**** Chip: (2, 1) has total memory usage of 542 KB (555592 bytes) out of a max of 120575 KB (123469792 bytes)

**** Chip: (2, 2) has total memory usage of 501 KB (513432 bytes) out of a max of 120575 KB (123469792 bytes)

**** Chip: (2, 3) has total memory usage of 476 KB (488136 bytes) out of a max of 120575 KB (123469792 bytes)

**** Chip: (2, 4) has total memory usage of 476 KB (488136 bytes) out of a max of 120575 KB (123469792 bytes)

**** Chip: (2, 5) has total memory usage of 476 KB (488136 bytes) out of a max of 120575 KB (123469792 bytes)

**** Chip: (3, 0) has total memory usage of 476 KB (488136 bytes) out of a max of 120575 KB (123469792 bytes)

**** Chip: (3, 1) has total memory usage of 476 KB (488136 bytes) out of a max of 120575 KB (123469792 bytes)

**** Chip: (3, 2) has total memory usage of 476 KB (488136 bytes) out of a max of 120575 KB (123469792 bytes)

**** Chip: (3, 3) has total memory usage of 476 KB (488136 bytes) out of a max of 120575 KB (123469792 bytes)

**** Chip: (3, 4) has total memory usage of 476 KB (488136 bytes) out of a max of 120575 KB (123469792 bytes)

**** Chip: (3, 5) has total memory usage of 476 KB (488136 bytes) out of a max of 120575 KB (123469792 bytes)

**** Chip: (3, 6) has total memory usage of 476 KB (488136 bytes) out of a max of 120575 KB (123469792 bytes)

**** Chip: (4, 0) has total memory usage of 476 KB (488136 bytes) out of a max of 120575 KB (123469792 bytes)

**** Chip: (4, 1) has total memory usage of 476 KB (488136 bytes) out of a max of 120575 KB (123469792 bytes)

**** Chip: (4, 2) has total memory usage of 476 KB (488136 bytes) out of a max of 120575 KB (123469792 bytes)

**** Chip: (4, 3) has total memory usage of 476 KB (488136 bytes) out of a max of 120575 KB (123469792 bytes)

**** Chip: (4, 4) has total memory usage of 476 KB (488136 bytes) out of a max of 120575 KB (123469792 bytes)

**** Chip: (4, 5) has total memory usage of 476 KB (488136 bytes) out of a max of 120575 KB (123469792 bytes)

**** Chip: (4, 6) has total memory usage of 476 KB (488136 bytes) out of a max of 120575 KB (123469792 bytes)

**** Chip: (4, 7) has total memory usage of 476 KB (488136 bytes) out of a max of 120575 KB (123469792 bytes)

**** Chip: (5, 1) has total memory usage of 476 KB (488136 bytes) out of a max of 120575 KB (123469792 bytes)

**** Chip: (5, 2) has total memory usage of 476 KB (488136 bytes) out of a max of 120575 KB (123469792 bytes)

**** Chip: (5, 3) has total memory usage of 476 KB (488136 bytes) out of a max of 120575 KB (123469792 bytes)

**** Chip: (5, 4) has total memory usage of 476 KB (488136 bytes) out of a max of 120575 KB (123469792 bytes)

**** Chip: (5, 5) has total memory usage of 476 KB (488136 bytes) out of a max of 120575 KB (123469792 bytes)

**** Chip: (5, 6) has total memory usage of 476 KB (488136 bytes) out of a max of 120575 KB (123469792 bytes)

**** Chip: (5, 7) has total memory usage of 476 KB (488136 bytes) out of a max of 120575 KB (123469792 bytes)

**** Chip: (6, 2) has total memory usage of 476 KB (488136 bytes) out of a max of 120575 KB (123469792 bytes)

**** Chip: (6, 3) has total memory usage of 476 KB (488136 bytes) out of a max of 120575 KB (123469792 bytes)

**** Chip: (6, 4) has total memory usage of 476 KB (488136 bytes) out of a max of 120575 KB (123469792 bytes)

**** Chip: (6, 5) has total memory usage of 476 KB (488136 bytes) out of a max of 120575 KB (123469792 bytes)

**** Chip: (6, 6) has total memory usage of 476 KB (488136 bytes) out of a max of 120575 KB (123469792 bytes)

**** Chip: (6, 7) has total memory usage of 476 KB (488136 bytes) out of a max of 120575 KB (123469792 bytes)

**** Chip: (7, 3) has total memory usage of 476 KB (488136 bytes) out of a max of 120575 KB (123469792 bytes)

**** Chip: (7, 4) has total memory usage of 476 KB (488136 bytes) out of a max of 120575 KB (123469792 bytes)

**** Chip: (7, 5) has total memory usage of 476 KB (488136 bytes) out of a max of 120575 KB (123469792 bytes)

**** Chip: (7, 6) has total memory usage of 476 KB (488136 bytes) out of a max of 120575 KB (123469792 bytes)

**** Chip: (7, 7) has total memory usage of 476 KB (488136 bytes) out of a max of 120575 KB (123469792 bytes)


Actual space reserved on the machine
----------------------
Based on 1921534 timesteps

SDRAM reqs for core (0,0,1) is 476 KB (488136 bytes) for Placement(vertex=SYSTEM:ExtraMonitor, x=0, y=0, p=1)
SDRAM reqs for core (0,1,1) is 476 KB (488136 bytes) for Placement(vertex=SYSTEM:ExtraMonitor1, x=0, y=1, p=1)
SDRAM reqs for core (2,1,1) is 476 KB (488136 bytes) for Placement(vertex=SYSTEM:ExtraMonitor10, x=2, y=1, p=1)
SDRAM reqs for core (2,2,1) is 476 KB (488136 bytes) for Placement(vertex=SYSTEM:ExtraMonitor11, x=2, y=2, p=1)
SDRAM reqs for core (2,3,1) is 476 KB (488136 bytes) for Placement(vertex=SYSTEM:ExtraMonitor12, x=2, y=3, p=1)
SDRAM reqs for core (2,4,1) is 476 KB (488136 bytes) for Placement(vertex=SYSTEM:ExtraMonitor13, x=2, y=4, p=1)
SDRAM reqs for core (2,5,1) is 476 KB (488136 bytes) for Placement(vertex=SYSTEM:ExtraMonitor14, x=2, y=5, p=1)
SDRAM reqs for core (3,0,1) is 476 KB (488136 bytes) for Placement(vertex=SYSTEM:ExtraMonitor15, x=3, y=0, p=1)
SDRAM reqs for core (3,1,1) is 476 KB (488136 bytes) for Placement(vertex=SYSTEM:ExtraMonitor16, x=3, y=1, p=1)
SDRAM reqs for core (3,2,1) is 476 KB (488136 bytes) for Placement(vertex=SYSTEM:ExtraMonitor17, x=3, y=2, p=1)
SDRAM reqs for core (3,3,1) is 476 KB (488136 bytes) for Placement(vertex=SYSTEM:ExtraMonitor18, x=3, y=3, p=1)
SDRAM reqs for core (3,4,1) is 476 KB (488136 bytes) for Placement(vertex=SYSTEM:ExtraMonitor19, x=3, y=4, p=1)
SDRAM reqs for core (0,2,1) is 476 KB (488136 bytes) for Placement(vertex=SYSTEM:ExtraMonitor2, x=0, y=2, p=1)
SDRAM reqs for core (3,5,1) is 476 KB (488136 bytes) for Placement(vertex=SYSTEM:ExtraMonitor20, x=3, y=5, p=1)
SDRAM reqs for core (3,6,1) is 476 KB (488136 bytes) for Placement(vertex=SYSTEM:ExtraMonitor21, x=3, y=6, p=1)
SDRAM reqs for core (4,0,1) is 476 KB (488136 bytes) for Placement(vertex=SYSTEM:ExtraMonitor22, x=4, y=0, p=1)
SDRAM reqs for core (4,1,1) is 476 KB (488136 bytes) for Placement(vertex=SYSTEM:ExtraMonitor23, x=4, y=1, p=1)
SDRAM reqs for core (4,2,1) is 476 KB (488136 bytes) for Placement(vertex=SYSTEM:ExtraMonitor24, x=4, y=2, p=1)
SDRAM reqs for core (4,3,1) is 476 KB (488136 bytes) for Placement(vertex=SYSTEM:ExtraMonitor25, x=4, y=3, p=1)
SDRAM reqs for core (4,4,1) is 476 KB (488136 bytes) for Placement(vertex=SYSTEM:ExtraMonitor26, x=4, y=4, p=1)
SDRAM reqs for core (4,5,1) is 476 KB (488136 bytes) for Placement(vertex=SYSTEM:ExtraMonitor27, x=4, y=5, p=1)
SDRAM reqs for core (4,6,1) is 476 KB (488136 bytes) for Placement(vertex=SYSTEM:ExtraMonitor28, x=4, y=6, p=1)
SDRAM reqs for core (4,7,1) is 476 KB (488136 bytes) for Placement(vertex=SYSTEM:ExtraMonitor29, x=4, y=7, p=1)
SDRAM reqs for core (0,3,1) is 476 KB (488136 bytes) for Placement(vertex=SYSTEM:ExtraMonitor3, x=0, y=3, p=1)
SDRAM reqs for core (5,1,1) is 476 KB (488136 bytes) for Placement(vertex=SYSTEM:ExtraMonitor30, x=5, y=1, p=1)
SDRAM reqs for core (5,2,1) is 476 KB (488136 bytes) for Placement(vertex=SYSTEM:ExtraMonitor31, x=5, y=2, p=1)
SDRAM reqs for core (5,3,1) is 476 KB (488136 bytes) for Placement(vertex=SYSTEM:ExtraMonitor32, x=5, y=3, p=1)
SDRAM reqs for core (5,4,1) is 476 KB (488136 bytes) for Placement(vertex=SYSTEM:ExtraMonitor33, x=5, y=4, p=1)
SDRAM reqs for core (5,5,1) is 476 KB (488136 bytes) for Placement(vertex=SYSTEM:ExtraMonitor34, x=5, y=5, p=1)
SDRAM reqs for core (5,6,1) is 476 KB (488136 bytes) for Placement(vertex=SYSTEM:ExtraMonitor35, x=5, y=6, p=1)
SDRAM reqs for core (5,7,1) is 476 KB (488136 bytes) for Placement(vertex=SYSTEM:ExtraMonitor36, x=5, y=7, p=1)
SDRAM reqs for core (6,2,1) is 476 KB (488136 bytes) for Placement(vertex=SYSTEM:ExtraMonitor37, x=6, y=2, p=1)
SDRAM reqs for core (6,3,1) is 476 KB (488136 bytes) for Placement(vertex=SYSTEM:ExtraMonitor38, x=6, y=3, p=1)
SDRAM reqs for core (6,4,1) is 476 KB (488136 bytes) for Placement(vertex=SYSTEM:ExtraMonitor39, x=6, y=4, p=1)
SDRAM reqs for core (1,0,1) is 476 KB (488136 bytes) for Placement(vertex=SYSTEM:ExtraMonitor4, x=1, y=0, p=1)
SDRAM reqs for core (6,5,1) is 476 KB (488136 bytes) for Placement(vertex=SYSTEM:ExtraMonitor40, x=6, y=5, p=1)
SDRAM reqs for core (6,6,1) is 476 KB (488136 bytes) for Placement(vertex=SYSTEM:ExtraMonitor41, x=6, y=6, p=1)
SDRAM reqs for core (6,7,1) is 476 KB (488136 bytes) for Placement(vertex=SYSTEM:ExtraMonitor42, x=6, y=7, p=1)
SDRAM reqs for core (7,3,1) is 476 KB (488136 bytes) for Placement(vertex=SYSTEM:ExtraMonitor43, x=7, y=3, p=1)
SDRAM reqs for core (7,4,1) is 476 KB (488136 bytes) for Placement(vertex=SYSTEM:ExtraMonitor44, x=7, y=4, p=1)
SDRAM reqs for core (7,5,1) is 476 KB (488136 bytes) for Placement(vertex=SYSTEM:ExtraMonitor45, x=7, y=5, p=1)
SDRAM reqs for core (7,6,1) is 476 KB (488136 bytes) for Placement(vertex=SYSTEM:ExtraMonitor46, x=7, y=6, p=1)
SDRAM reqs for core (7,7,1) is 476 KB (488136 bytes) for Placement(vertex=SYSTEM:ExtraMonitor47, x=7, y=7, p=1)
SDRAM reqs for core (1,1,1) is 476 KB (488136 bytes) for Placement(vertex=SYSTEM:ExtraMonitor5, x=1, y=1, p=1)
SDRAM reqs for core (1,2,1) is 476 KB (488136 bytes) for Placement(vertex=SYSTEM:ExtraMonitor6, x=1, y=2, p=1)
SDRAM reqs for core (1,3,1) is 476 KB (488136 bytes) for Placement(vertex=SYSTEM:ExtraMonitor7, x=1, y=3, p=1)
SDRAM reqs for core (1,4,1) is 476 KB (488136 bytes) for Placement(vertex=SYSTEM:ExtraMonitor8, x=1, y=4, p=1)
SDRAM reqs for core (2,0,1) is 476 KB (488136 bytes) for Placement(vertex=SYSTEM:ExtraMonitor9, x=2, y=0, p=1)
SDRAM reqs for core (0,0,2) is 459 KB (470200 bytes) for Placement(vertex=SYSTEM:PacketGatherer(0,0), x=0, y=0, p=2)
SDRAM reqs for core (0,0,3) is 7506 KB (7686352 bytes) for Placement(vertex=cell0, x=0, y=0, p=3)
SDRAM reqs for core (0,0,4) is 7506 KB (7686352 bytes) for Placement(vertex=cell1, x=0, y=0, p=4)
SDRAM reqs for core (0,0,13) is 7506 KB (7686352 bytes) for Placement(vertex=cell10, x=0, y=0, p=13)
SDRAM reqs for core (0,0,14) is 7506 KB (7686352 bytes) for Placement(vertex=cell11, x=0, y=0, p=14)
SDRAM reqs for core (0,0,15) is 7506 KB (7686352 bytes) for Placement(vertex=cell12, x=0, y=0, p=15)
SDRAM reqs for core (0,0,16) is 7506 KB (7686352 bytes) for Placement(vertex=cell13, x=0, y=0, p=16)
SDRAM reqs for core (0,0,17) is 7506 KB (7686352 bytes) for Placement(vertex=cell14, x=0, y=0, p=17)
SDRAM reqs for core (1,0,2) is 7506 KB (7686352 bytes) for Placement(vertex=cell15, x=1, y=0, p=2)
SDRAM reqs for core (1,0,3) is 7506 KB (7686352 bytes) for Placement(vertex=cell16, x=1, y=0, p=3)
SDRAM reqs for core (1,0,4) is 7506 KB (7686352 bytes) for Placement(vertex=cell17, x=1, y=0, p=4)
SDRAM reqs for core (1,0,5) is 7506 KB (7686352 bytes) for Placement(vertex=cell18, x=1, y=0, p=5)
SDRAM reqs for core (1,0,6) is 7506 KB (7686352 bytes) for Placement(vertex=cell19, x=1, y=0, p=6)
SDRAM reqs for core (0,0,5) is 7506 KB (7686352 bytes) for Placement(vertex=cell2, x=0, y=0, p=5)
SDRAM reqs for core (1,0,7) is 7506 KB (7686352 bytes) for Placement(vertex=cell20, x=1, y=0, p=7)
SDRAM reqs for core (1,0,8) is 7506 KB (7686352 bytes) for Placement(vertex=cell21, x=1, y=0, p=8)
SDRAM reqs for core (1,0,9) is 7506 KB (7686352 bytes) for Placement(vertex=cell22, x=1, y=0, p=9)
SDRAM reqs for core (1,0,10) is 7506 KB (7686352 bytes) for Placement(vertex=cell23, x=1, y=0, p=10)
SDRAM reqs for core (1,0,11) is 7506 KB (7686352 bytes) for Placement(vertex=cell24, x=1, y=0, p=11)
SDRAM reqs for core (1,0,12) is 7506 KB (7686352 bytes) for Placement(vertex=cell25, x=1, y=0, p=12)
SDRAM reqs for core (1,0,13) is 7506 KB (7686352 bytes) for Placement(vertex=cell26, x=1, y=0, p=13)
SDRAM reqs for core (1,0,14) is 7506 KB (7686352 bytes) for Placement(vertex=cell27, x=1, y=0, p=14)
SDRAM reqs for core (1,0,15) is 7506 KB (7686352 bytes) for Placement(vertex=cell28, x=1, y=0, p=15)
SDRAM reqs for core (1,0,16) is 7506 KB (7686352 bytes) for Placement(vertex=cell29, x=1, y=0, p=16)
SDRAM reqs for core (0,0,6) is 7506 KB (7686352 bytes) for Placement(vertex=cell3, x=0, y=0, p=6)
SDRAM reqs for core (1,0,17) is 7506 KB (7686352 bytes) for Placement(vertex=cell30, x=1, y=0, p=17)
SDRAM reqs for core (1,1,2) is 7506 KB (7686352 bytes) for Placement(vertex=cell31, x=1, y=1, p=2)
SDRAM reqs for core (1,1,3) is 7506 KB (7686352 bytes) for Placement(vertex=cell32, x=1, y=1, p=3)
SDRAM reqs for core (1,1,4) is 7506 KB (7686352 bytes) for Placement(vertex=cell33, x=1, y=1, p=4)
SDRAM reqs for core (1,1,5) is 7506 KB (7686352 bytes) for Placement(vertex=cell34, x=1, y=1, p=5)
SDRAM reqs for core (1,1,6) is 7506 KB (7686352 bytes) for Placement(vertex=cell35, x=1, y=1, p=6)
SDRAM reqs for core (1,1,7) is 7506 KB (7686352 bytes) for Placement(vertex=cell36, x=1, y=1, p=7)
SDRAM reqs for core (1,1,8) is 7506 KB (7686352 bytes) for Placement(vertex=cell37, x=1, y=1, p=8)
SDRAM reqs for core (1,1,9) is 7506 KB (7686352 bytes) for Placement(vertex=cell38, x=1, y=1, p=9)
SDRAM reqs for core (1,1,10) is 7506 KB (7686352 bytes) for Placement(vertex=cell39, x=1, y=1, p=10)
SDRAM reqs for core (0,0,7) is 7506 KB (7686352 bytes) for Placement(vertex=cell4, x=0, y=0, p=7)
SDRAM reqs for core (1,1,11) is 7506 KB (7686352 bytes) for Placement(vertex=cell40, x=1, y=1, p=11)
SDRAM reqs for core (1,1,12) is 7506 KB (7686352 bytes) for Placement(vertex=cell41, x=1, y=1, p=12)
SDRAM reqs for core (1,1,13) is 7506 KB (7686352 bytes) for Placement(vertex=cell42, x=1, y=1, p=13)
SDRAM reqs for core (1,1,14) is 7506 KB (7686352 bytes) for Placement(vertex=cell43, x=1, y=1, p=14)
SDRAM reqs for core (1,1,15) is 7506 KB (7686352 bytes) for Placement(vertex=cell44, x=1, y=1, p=15)
SDRAM reqs for core (1,1,16) is 7506 KB (7686352 bytes) for Placement(vertex=cell45, x=1, y=1, p=16)
SDRAM reqs for core (0,1,2) is 7506 KB (7686352 bytes) for Placement(vertex=cell46, x=0, y=1, p=2)
SDRAM reqs for core (0,1,3) is 7506 KB (7686352 bytes) for Placement(vertex=cell47, x=0, y=1, p=3)
SDRAM reqs for core (0,1,4) is 7506 KB (7686352 bytes) for Placement(vertex=cell48, x=0, y=1, p=4)
SDRAM reqs for core (0,1,5) is 7506 KB (7686352 bytes) for Placement(vertex=cell49, x=0, y=1, p=5)
SDRAM reqs for core (0,0,8) is 7506 KB (7686352 bytes) for Placement(vertex=cell5, x=0, y=0, p=8)
SDRAM reqs for core (0,1,6) is 7506 KB (7686352 bytes) for Placement(vertex=cell50, x=0, y=1, p=6)
SDRAM reqs for core (0,1,7) is 7506 KB (7686352 bytes) for Placement(vertex=cell51, x=0, y=1, p=7)
SDRAM reqs for core (0,1,8) is 7506 KB (7686352 bytes) for Placement(vertex=cell52, x=0, y=1, p=8)
SDRAM reqs for core (0,1,9) is 7506 KB (7686352 bytes) for Placement(vertex=cell53, x=0, y=1, p=9)
SDRAM reqs for core (0,1,10) is 7506 KB (7686352 bytes) for Placement(vertex=cell54, x=0, y=1, p=10)
SDRAM reqs for core (0,1,11) is 7506 KB (7686352 bytes) for Placement(vertex=cell55, x=0, y=1, p=11)
SDRAM reqs for core (0,1,12) is 7506 KB (7686352 bytes) for Placement(vertex=cell56, x=0, y=1, p=12)
SDRAM reqs for core (0,1,13) is 7506 KB (7686352 bytes) for Placement(vertex=cell57, x=0, y=1, p=13)
SDRAM reqs for core (0,1,14) is 7506 KB (7686352 bytes) for Placement(vertex=cell58, x=0, y=1, p=14)
SDRAM reqs for core (0,1,15) is 7506 KB (7686352 bytes) for Placement(vertex=cell59, x=0, y=1, p=15)
SDRAM reqs for core (0,0,9) is 7506 KB (7686352 bytes) for Placement(vertex=cell6, x=0, y=0, p=9)
SDRAM reqs for core (0,1,16) is 7506 KB (7686352 bytes) for Placement(vertex=cell60, x=0, y=1, p=16)
SDRAM reqs for core (0,1,17) is 7506 KB (7686352 bytes) for Placement(vertex=cell61, x=0, y=1, p=17)
SDRAM reqs for core (2,0,2) is 7506 KB (7686352 bytes) for Placement(vertex=cell62, x=2, y=0, p=2)
SDRAM reqs for core (2,0,3) is 7506 KB (7686352 bytes) for Placement(vertex=cell63, x=2, y=0, p=3)
SDRAM reqs for core (2,0,4) is 7506 KB (7686352 bytes) for Placement(vertex=cell64, x=2, y=0, p=4)
SDRAM reqs for core (2,0,5) is 7506 KB (7686352 bytes) for Placement(vertex=cell65, x=2, y=0, p=5)
SDRAM reqs for core (2,0,6) is 7506 KB (7686352 bytes) for Placement(vertex=cell66, x=2, y=0, p=6)
SDRAM reqs for core (2,0,7) is 7506 KB (7686352 bytes) for Placement(vertex=cell67, x=2, y=0, p=7)
SDRAM reqs for core (2,0,8) is 7506 KB (7686352 bytes) for Placement(vertex=cell68, x=2, y=0, p=8)
SDRAM reqs for core (2,0,9) is 7506 KB (7686352 bytes) for Placement(vertex=cell69, x=2, y=0, p=9)
SDRAM reqs for core (0,0,10) is 7506 KB (7686352 bytes) for Placement(vertex=cell7, x=0, y=0, p=10)
SDRAM reqs for core (2,0,10) is 7506 KB (7686352 bytes) for Placement(vertex=cell70, x=2, y=0, p=10)
SDRAM reqs for core (2,0,11) is 7506 KB (7686352 bytes) for Placement(vertex=cell71, x=2, y=0, p=11)
SDRAM reqs for core (2,0,12) is 7506 KB (7686352 bytes) for Placement(vertex=cell72, x=2, y=0, p=12)
SDRAM reqs for core (2,0,13) is 7506 KB (7686352 bytes) for Placement(vertex=cell73, x=2, y=0, p=13)
SDRAM reqs for core (2,0,14) is 7506 KB (7686352 bytes) for Placement(vertex=cell74, x=2, y=0, p=14)
SDRAM reqs for core (2,0,15) is 7506 KB (7686352 bytes) for Placement(vertex=cell75, x=2, y=0, p=15)
SDRAM reqs for core (2,0,16) is 7506 KB (7686352 bytes) for Placement(vertex=cell76, x=2, y=0, p=16)
SDRAM reqs for core (2,0,17) is 7506 KB (7686352 bytes) for Placement(vertex=cell77, x=2, y=0, p=17)
SDRAM reqs for core (2,1,2) is 7506 KB (7686352 bytes) for Placement(vertex=cell78, x=2, y=1, p=2)
SDRAM reqs for core (2,1,3) is 7506 KB (7686352 bytes) for Placement(vertex=cell79, x=2, y=1, p=3)
SDRAM reqs for core (0,0,11) is 7506 KB (7686352 bytes) for Placement(vertex=cell8, x=0, y=0, p=11)
SDRAM reqs for core (2,1,4) is 7506 KB (7686352 bytes) for Placement(vertex=cell80, x=2, y=1, p=4)
SDRAM reqs for core (2,1,5) is 7506 KB (7686352 bytes) for Placement(vertex=cell81, x=2, y=1, p=5)
SDRAM reqs for core (2,1,6) is 7506 KB (7686352 bytes) for Placement(vertex=cell82, x=2, y=1, p=6)
SDRAM reqs for core (2,1,7) is 7506 KB (7686352 bytes) for Placement(vertex=cell83, x=2, y=1, p=7)
SDRAM reqs for core (2,1,8) is 7506 KB (7686352 bytes) for Placement(vertex=cell84, x=2, y=1, p=8)
SDRAM reqs for core (2,1,9) is 7506 KB (7686352 bytes) for Placement(vertex=cell85, x=2, y=1, p=9)
SDRAM reqs for core (2,1,10) is 7506 KB (7686352 bytes) for Placement(vertex=cell86, x=2, y=1, p=10)
SDRAM reqs for core (2,1,11) is 7506 KB (7686352 bytes) for Placement(vertex=cell87, x=2, y=1, p=11)
SDRAM reqs for core (2,1,12) is 7506 KB (7686352 bytes) for Placement(vertex=cell88, x=2, y=1, p=12)
SDRAM reqs for core (2,1,13) is 7506 KB (7686352 bytes) for Placement(vertex=cell89, x=2, y=1, p=13)
SDRAM reqs for core (0,0,12) is 7506 KB (7686352 bytes) for Placement(vertex=cell9, x=0, y=0, p=12)
SDRAM reqs for core (2,1,14) is 7506 KB (7686352 bytes) for Placement(vertex=cell90, x=2, y=1, p=14)
SDRAM reqs for core (2,1,15) is 7506 KB (7686352 bytes) for Placement(vertex=cell91, x=2, y=1, p=15)
SDRAM reqs for core (2,1,16) is 7506 KB (7686352 bytes) for Placement(vertex=cell92, x=2, y=1, p=16)
SDRAM reqs for core (2,1,17) is 7506 KB (7686352 bytes) for Placement(vertex=cell93, x=2, y=1, p=17)
SDRAM reqs for core (2,2,2) is 7506 KB (7686352 bytes) for Placement(vertex=cell94, x=2, y=2, p=2)
SDRAM reqs for core (2,2,3) is 7506 KB (7686352 bytes) for Placement(vertex=cell95, x=2, y=2, p=3)
SDRAM reqs for core (2,2,4) is 7506 KB (7686352 bytes) for Placement(vertex=cell96, x=2, y=2, p=4)
SDRAM reqs for core (2,2,5) is 7506 KB (7686352 bytes) for Placement(vertex=cell97, x=2, y=2, p=5)
SDRAM reqs for core (2,2,6) is 7506 KB (7686352 bytes) for Placement(vertex=cell98, x=2, y=2, p=6)
SDRAM reqs for core (2,2,7) is 7506 KB (7686352 bytes) for Placement(vertex=cell99, x=2, y=2, p=7)
**** Chip: (0, 0) has total memory usage of 113528 KB (116253616 bytes) out of a max of 120575 KB (123469792 bytes)

**** Chip: (0, 1) has total memory usage of 120575 KB (123469768 bytes) out of a max of 120575 KB (123469792 bytes)

**** Chip: (0, 2) has total memory usage of 476 KB (488136 bytes) out of a max of 120575 KB (123469792 bytes)

**** Chip: (0, 3) has total memory usage of 476 KB (488136 bytes) out of a max of 120575 KB (123469792 bytes)

**** Chip: (1, 0) has total memory usage of 120575 KB (123469768 bytes) out of a max of 120575 KB (123469792 bytes)

**** Chip: (1, 1) has total memory usage of 113069 KB (115783416 bytes) out of a max of 120575 KB (123469792 bytes)

**** Chip: (1, 2) has total memory usage of 476 KB (488136 bytes) out of a max of 120575 KB (123469792 bytes)

**** Chip: (1, 3) has total memory usage of 476 KB (488136 bytes) out of a max of 120575 KB (123469792 bytes)

**** Chip: (1, 4) has total memory usage of 476 KB (488136 bytes) out of a max of 120575 KB (123469792 bytes)

**** Chip: (2, 0) has total memory usage of 120575 KB (123469768 bytes) out of a max of 120575 KB (123469792 bytes)

**** Chip: (2, 1) has total memory usage of 120575 KB (123469768 bytes) out of a max of 120575 KB (123469792 bytes)

**** Chip: (2, 2) has total memory usage of 45513 KB (46606248 bytes) out of a max of 120575 KB (123469792 bytes)

**** Chip: (2, 3) has total memory usage of 476 KB (488136 bytes) out of a max of 120575 KB (123469792 bytes)

**** Chip: (2, 4) has total memory usage of 476 KB (488136 bytes) out of a max of 120575 KB (123469792 bytes)

**** Chip: (2, 5) has total memory usage of 476 KB (488136 bytes) out of a max of 120575 KB (123469792 bytes)

**** Chip: (3, 0) has total memory usage of 476 KB (488136 bytes) out of a max of 120575 KB (123469792 bytes)

**** Chip: (3, 1) has total memory usage of 476 KB (488136 bytes) out of a max of 120575 KB (123469792 bytes)

**** Chip: (3, 2) has total memory usage of 476 KB (488136 bytes) out of a max of 120575 KB (123469792 bytes)

**** Chip: (3, 3) has total memory usage of 476 KB (488136 bytes) out of a max of 120575 KB (123469792 bytes)

**** Chip: (3, 4) has total memory usage of 476 KB (488136 bytes) out of a max of 120575 KB (123469792 bytes)

**** Chip: (3, 5) has total memory usage of 476 KB (488136 bytes) out of a max of 120575 KB (123469792 bytes)

**** Chip: (3, 6) has total memory usage of 476 KB (488136 bytes) out of a max of 120575 KB (123469792 bytes)

**** Chip: (4, 0) has total memory usage of 476 KB (488136 bytes) out of a max of 120575 KB (123469792 bytes)

**** Chip: (4, 1) has total memory usage of 476 KB (488136 bytes) out of a max of 120575 KB (123469792 bytes)

**** Chip: (4, 2) has total memory usage of 476 KB (488136 bytes) out of a max of 120575 KB (123469792 bytes)

**** Chip: (4, 3) has total memory usage of 476 KB (488136 bytes) out of a max of 120575 KB (123469792 bytes)

**** Chip: (4, 4) has total memory usage of 476 KB (488136 bytes) out of a max of 120575 KB (123469792 bytes)

**** Chip: (4, 5) has total memory usage of 476 KB (488136 bytes) out of a max of 120575 KB (123469792 bytes)

**** Chip: (4, 6) has total memory usage of 476 KB (488136 bytes) out of a max of 120575 KB (123469792 bytes)

**** Chip: (4, 7) has total memory usage of 476 KB (488136 bytes) out of a max of 120575 KB (123469792 bytes)

**** Chip: (5, 1) has total memory usage of 476 KB (488136 bytes) out of a max of 120575 KB (123469792 bytes)

**** Chip: (5, 2) has total memory usage of 476 KB (488136 bytes) out of a max of 120575 KB (123469792 bytes)

**** Chip: (5, 3) has total memory usage of 476 KB (488136 bytes) out of a max of 120575 KB (123469792 bytes)

**** Chip: (5, 4) has total memory usage of 476 KB (488136 bytes) out of a max of 120575 KB (123469792 bytes)

**** Chip: (5, 5) has total memory usage of 476 KB (488136 bytes) out of a max of 120575 KB (123469792 bytes)

**** Chip: (5, 6) has total memory usage of 476 KB (488136 bytes) out of a max of 120575 KB (123469792 bytes)

**** Chip: (5, 7) has total memory usage of 476 KB (488136 bytes) out of a max of 120575 KB (123469792 bytes)

**** Chip: (6, 2) has total memory usage of 476 KB (488136 bytes) out of a max of 120575 KB (123469792 bytes)

**** Chip: (6, 3) has total memory usage of 476 KB (488136 bytes) out of a max of 120575 KB (123469792 bytes)

**** Chip: (6, 4) has total memory usage of 476 KB (488136 bytes) out of a max of 120575 KB (123469792 bytes)

**** Chip: (6, 5) has total memory usage of 476 KB (488136 bytes) out of a max of 120575 KB (123469792 bytes)

**** Chip: (6, 6) has total memory usage of 476 KB (488136 bytes) out of a max of 120575 KB (123469792 bytes)

**** Chip: (6, 7) has total memory usage of 476 KB (488136 bytes) out of a max of 120575 KB (123469792 bytes)

**** Chip: (7, 3) has total memory usage of 476 KB (488136 bytes) out of a max of 120575 KB (123469792 bytes)

**** Chip: (7, 4) has total memory usage of 476 KB (488136 bytes) out of a max of 120575 KB (123469792 bytes)

**** Chip: (7, 5) has total memory usage of 476 KB (488136 bytes) out of a max of 120575 KB (123469792 bytes)

**** Chip: (7, 6) has total memory usage of 476 KB (488136 bytes) out of a max of 120575 KB (123469792 bytes)

**** Chip: (7, 7) has total memory usage of 476 KB (488136 bytes) out of a max of 120575 KB (123469792 bytes)

