Vertex: cell0
    Partition: STATE, Routing Info: [KeyAndMask:0x0:0xfffffff8]
Vertex: cell1
    Partition: STATE, Routing Info: [KeyAndMask:0x8:0xfffffff8]
Vertex: cell2
    Partition: STATE, Routing Info: [KeyAndMask:0x10:0xfffffff8]
Vertex: cell3
    Partition: STATE, Routing Info: [KeyAndMask:0x18:0xfffffff8]
Vertex: cell4
    Partition: STATE, Routing Info: [KeyAndMask:0x20:0xfffffff8]
Vertex: cell5
    Partition: STATE, Routing Info: [KeyAndMask:0x28:0xfffffff8]
Vertex: cell6
    Partition: STATE, Routing Info: [KeyAndMask:0x30:0xfffffff8]
Vertex: cell7
    Partition: STATE, Routing Info: [KeyAndMask:0x38:0xfffffff8]
Vertex: cell8
    Partition: STATE, Routing Info: [KeyAndMask:0x40:0xfffffff8]
Vertex: cell9
    Partition: STATE, Routing Info: [KeyAndMask:0x48:0xfffffff8]
Vertex: cell10
    Partition: STATE, Routing Info: [KeyAndMask:0x50:0xfffffff8]
Vertex: cell11
    Partition: STATE, Routing Info: [KeyAndMask:0x58:0xfffffff8]
Vertex: cell12
    Partition: STATE, Routing Info: [KeyAndMask:0x60:0xfffffff8]
Vertex: cell13
    Partition: STATE, Routing Info: [KeyAndMask:0x68:0xfffffff8]
Vertex: cell14
    Partition: STATE, Routing Info: [KeyAndMask:0x70:0xfffffff8]
Vertex: cell15
    Partition: STATE, Routing Info: [KeyAndMask:0x78:0xfffffff8]
Vertex: cell16
    Partition: STATE, Routing Info: [KeyAndMask:0x80:0xfffffff8]
Vertex: cell17
    Partition: STATE, Routing Info: [KeyAndMask:0x88:0xfffffff8]
Vertex: cell18
    Partition: STATE, Routing Info: [KeyAndMask:0x90:0xfffffff8]
Vertex: cell19
    Partition: STATE, Routing Info: [KeyAndMask:0x98:0xfffffff8]
Vertex: cell20
    Partition: STATE, Routing Info: [KeyAndMask:0xa0:0xfffffff8]
Vertex: cell21
    Partition: STATE, Routing Info: [KeyAndMask:0xa8:0xfffffff8]
Vertex: cell22
    Partition: STATE, Routing Info: [KeyAndMask:0xb0:0xfffffff8]
Vertex: cell23
    Partition: STATE, Routing Info: [KeyAndMask:0xb8:0xfffffff8]
Vertex: cell24
    Partition: STATE, Routing Info: [KeyAndMask:0xc0:0xfffffff8]
Vertex: cell25
    Partition: STATE, Routing Info: [KeyAndMask:0xc8:0xfffffff8]
Vertex: cell26
    Partition: STATE, Routing Info: [KeyAndMask:0xd0:0xfffffff8]
Vertex: cell27
    Partition: STATE, Routing Info: [KeyAndMask:0xd8:0xfffffff8]
Vertex: cell28
    Partition: STATE, Routing Info: [KeyAndMask:0xe0:0xfffffff8]
Vertex: cell29
    Partition: STATE, Routing Info: [KeyAndMask:0xe8:0xfffffff8]
Vertex: cell30
    Partition: STATE, Routing Info: [KeyAndMask:0xf0:0xfffffff8]
Vertex: cell31
    Partition: STATE, Routing Info: [KeyAndMask:0xf8:0xfffffff8]
Vertex: cell32
    Partition: STATE, Routing Info: [KeyAndMask:0x100:0xfffffff8]
Vertex: cell33
    Partition: STATE, Routing Info: [KeyAndMask:0x108:0xfffffff8]
Vertex: cell34
    Partition: STATE, Routing Info: [KeyAndMask:0x110:0xfffffff8]
Vertex: cell35
    Partition: STATE, Routing Info: [KeyAndMask:0x118:0xfffffff8]
Vertex: cell36
    Partition: STATE, Routing Info: [KeyAndMask:0x120:0xfffffff8]
Vertex: cell37
    Partition: STATE, Routing Info: [KeyAndMask:0x128:0xfffffff8]
Vertex: cell38
    Partition: STATE, Routing Info: [KeyAndMask:0x130:0xfffffff8]
Vertex: cell39
    Partition: STATE, Routing Info: [KeyAndMask:0x138:0xfffffff8]
Vertex: cell40
    Partition: STATE, Routing Info: [KeyAndMask:0x140:0xfffffff8]
Vertex: cell41
    Partition: STATE, Routing Info: [KeyAndMask:0x148:0xfffffff8]
Vertex: cell42
    Partition: STATE, Routing Info: [KeyAndMask:0x150:0xfffffff8]
Vertex: cell43
    Partition: STATE, Routing Info: [KeyAndMask:0x158:0xfffffff8]
Vertex: cell44
    Partition: STATE, Routing Info: [KeyAndMask:0x160:0xfffffff8]
Vertex: cell45
    Partition: STATE, Routing Info: [KeyAndMask:0x168:0xfffffff8]
Vertex: cell46
    Partition: STATE, Routing Info: [KeyAndMask:0x170:0xfffffff8]
Vertex: cell47
    Partition: STATE, Routing Info: [KeyAndMask:0x178:0xfffffff8]
Vertex: cell48
    Partition: STATE, Routing Info: [KeyAndMask:0x180:0xfffffff8]
Vertex: cell49
    Partition: STATE, Routing Info: [KeyAndMask:0x188:0xfffffff8]
Vertex: cell50
    Partition: STATE, Routing Info: [KeyAndMask:0x190:0xfffffff8]
Vertex: cell51
    Partition: STATE, Routing Info: [KeyAndMask:0x198:0xfffffff8]
Vertex: cell52
    Partition: STATE, Routing Info: [KeyAndMask:0x1a0:0xfffffff8]
Vertex: cell53
    Partition: STATE, Routing Info: [KeyAndMask:0x1a8:0xfffffff8]
Vertex: cell54
    Partition: STATE, Routing Info: [KeyAndMask:0x1b0:0xfffffff8]
Vertex: cell55
    Partition: STATE, Routing Info: [KeyAndMask:0x1b8:0xfffffff8]
Vertex: cell56
    Partition: STATE, Routing Info: [KeyAndMask:0x1c0:0xfffffff8]
Vertex: cell57
    Partition: STATE, Routing Info: [KeyAndMask:0x1c8:0xfffffff8]
Vertex: cell58
    Partition: STATE, Routing Info: [KeyAndMask:0x1d0:0xfffffff8]
Vertex: cell59
    Partition: STATE, Routing Info: [KeyAndMask:0x1d8:0xfffffff8]
Vertex: cell60
    Partition: STATE, Routing Info: [KeyAndMask:0x1e0:0xfffffff8]
Vertex: cell61
    Partition: STATE, Routing Info: [KeyAndMask:0x1e8:0xfffffff8]
Vertex: cell62
    Partition: STATE, Routing Info: [KeyAndMask:0x1f0:0xfffffff8]
Vertex: cell63
    Partition: STATE, Routing Info: [KeyAndMask:0x1f8:0xfffffff8]
Vertex: cell64
    Partition: STATE, Routing Info: [KeyAndMask:0x200:0xfffffff8]
Vertex: cell65
    Partition: STATE, Routing Info: [KeyAndMask:0x208:0xfffffff8]
Vertex: cell66
    Partition: STATE, Routing Info: [KeyAndMask:0x210:0xfffffff8]
Vertex: cell67
    Partition: STATE, Routing Info: [KeyAndMask:0x218:0xfffffff8]
Vertex: cell68
    Partition: STATE, Routing Info: [KeyAndMask:0x220:0xfffffff8]
Vertex: cell69
    Partition: STATE, Routing Info: [KeyAndMask:0x228:0xfffffff8]
Vertex: cell70
    Partition: STATE, Routing Info: [KeyAndMask:0x230:0xfffffff8]
Vertex: cell71
    Partition: STATE, Routing Info: [KeyAndMask:0x238:0xfffffff8]
Vertex: cell72
    Partition: STATE, Routing Info: [KeyAndMask:0x240:0xfffffff8]
Vertex: cell73
    Partition: STATE, Routing Info: [KeyAndMask:0x248:0xfffffff8]
Vertex: cell74
    Partition: STATE, Routing Info: [KeyAndMask:0x250:0xfffffff8]
Vertex: cell75
    Partition: STATE, Routing Info: [KeyAndMask:0x258:0xfffffff8]
Vertex: cell76
    Partition: STATE, Routing Info: [KeyAndMask:0x260:0xfffffff8]
Vertex: cell77
    Partition: STATE, Routing Info: [KeyAndMask:0x268:0xfffffff8]
Vertex: cell78
    Partition: STATE, Routing Info: [KeyAndMask:0x270:0xfffffff8]
Vertex: cell79
    Partition: STATE, Routing Info: [KeyAndMask:0x278:0xfffffff8]
Vertex: cell80
    Partition: STATE, Routing Info: [KeyAndMask:0x280:0xfffffff8]
Vertex: cell81
    Partition: STATE, Routing Info: [KeyAndMask:0x288:0xfffffff8]
Vertex: cell82
    Partition: STATE, Routing Info: [KeyAndMask:0x290:0xfffffff8]
Vertex: cell83
    Partition: STATE, Routing Info: [KeyAndMask:0x298:0xfffffff8]
Vertex: cell84
    Partition: STATE, Routing Info: [KeyAndMask:0x2a0:0xfffffff8]
Vertex: cell85
    Partition: STATE, Routing Info: [KeyAndMask:0x2a8:0xfffffff8]
Vertex: cell86
    Partition: STATE, Routing Info: [KeyAndMask:0x2b0:0xfffffff8]
Vertex: cell87
    Partition: STATE, Routing Info: [KeyAndMask:0x2b8:0xfffffff8]
Vertex: cell88
    Partition: STATE, Routing Info: [KeyAndMask:0x2c0:0xfffffff8]
Vertex: cell89
    Partition: STATE, Routing Info: [KeyAndMask:0x2c8:0xfffffff8]
Vertex: cell90
    Partition: STATE, Routing Info: [KeyAndMask:0x2d0:0xfffffff8]
Vertex: cell91
    Partition: STATE, Routing Info: [KeyAndMask:0x2d8:0xfffffff8]
Vertex: cell92
    Partition: STATE, Routing Info: [KeyAndMask:0x2e0:0xfffffff8]
Vertex: cell93
    Partition: STATE, Routing Info: [KeyAndMask:0x2e8:0xfffffff8]
Vertex: cell94
    Partition: STATE, Routing Info: [KeyAndMask:0x2f0:0xfffffff8]
Vertex: cell95
    Partition: STATE, Routing Info: [KeyAndMask:0x2f8:0xfffffff8]
Vertex: cell96
    Partition: STATE, Routing Info: [KeyAndMask:0x300:0xfffffff8]
Vertex: cell97
    Partition: STATE, Routing Info: [KeyAndMask:0x308:0xfffffff8]
Vertex: cell98
    Partition: STATE, Routing Info: [KeyAndMask:0x310:0xfffffff8]
Vertex: cell99
    Partition: STATE, Routing Info: [KeyAndMask:0x318:0xfffffff8]
Vertex: SYSTEM:ExtraMonitor
Vertex: SYSTEM:ExtraMonitor1
Vertex: SYSTEM:ExtraMonitor2
Vertex: SYSTEM:ExtraMonitor3
Vertex: SYSTEM:ExtraMonitor4
Vertex: SYSTEM:ExtraMonitor5
Vertex: SYSTEM:ExtraMonitor6
Vertex: SYSTEM:ExtraMonitor7
Vertex: SYSTEM:ExtraMonitor8
Vertex: SYSTEM:ExtraMonitor9
Vertex: SYSTEM:ExtraMonitor10
Vertex: SYSTEM:ExtraMonitor11
Vertex: SYSTEM:ExtraMonitor12
Vertex: SYSTEM:ExtraMonitor13
Vertex: SYSTEM:ExtraMonitor14
Vertex: SYSTEM:ExtraMonitor15
Vertex: SYSTEM:ExtraMonitor16
Vertex: SYSTEM:ExtraMonitor17
Vertex: SYSTEM:ExtraMonitor18
Vertex: SYSTEM:ExtraMonitor19
Vertex: SYSTEM:ExtraMonitor20
Vertex: SYSTEM:ExtraMonitor21
Vertex: SYSTEM:ExtraMonitor22
Vertex: SYSTEM:ExtraMonitor23
Vertex: SYSTEM:ExtraMonitor24
Vertex: SYSTEM:ExtraMonitor25
Vertex: SYSTEM:ExtraMonitor26
Vertex: SYSTEM:ExtraMonitor27
Vertex: SYSTEM:ExtraMonitor28
Vertex: SYSTEM:ExtraMonitor29
Vertex: SYSTEM:ExtraMonitor30
Vertex: SYSTEM:ExtraMonitor31
Vertex: SYSTEM:ExtraMonitor32
Vertex: SYSTEM:ExtraMonitor33
Vertex: SYSTEM:ExtraMonitor34
Vertex: SYSTEM:ExtraMonitor35
Vertex: SYSTEM:ExtraMonitor36
Vertex: SYSTEM:ExtraMonitor37
Vertex: SYSTEM:ExtraMonitor38
Vertex: SYSTEM:ExtraMonitor39
Vertex: SYSTEM:ExtraMonitor40
Vertex: SYSTEM:ExtraMonitor41
Vertex: SYSTEM:ExtraMonitor42
Vertex: SYSTEM:ExtraMonitor43
Vertex: SYSTEM:ExtraMonitor44
Vertex: SYSTEM:ExtraMonitor45
Vertex: SYSTEM:ExtraMonitor46
Vertex: SYSTEM:ExtraMonitor47
Vertex: SYSTEM:PacketGatherer(0,0)
