Router contains 48 entries
Index Key        Mask       Route      Default [Cores][Links]
----- ---------- ---------- ---------- ------- --------------
    0 0x00000000 0xFFFFFFF8 0x00001002 False   [6] [NE]
    1 0x00000008 0xFFFFFFF8 0x00000002 False   [] [NE]
    2 0x00000010 0xFFFFFFF8 0x00000002 False   [] [NE]
    3 0x00000018 0xFFFFFFF8 0x00000002 False   [] [NE]
    4 0x00000020 0xFFFFFFF8 0x00000102 False   [2] [NE]
    5 0x00000028 0xFFFFFFF8 0x00000300 False   [2, 3] []
    6 0x00000030 0xFFFFFFF8 0x00000700 False   [2, 3, 4] []
    7 0x00000038 0xFFFFFFF8 0x00000E00 False   [3, 4, 5] []
    8 0x00000040 0xFFFFFFF8 0x00001C00 False   [4, 5, 6] []
    9 0x00000048 0xFFFFFFF8 0x00001802 False   [5, 6] [NE]
   10 0x00000050 0xFFFFFFF8 0x00407000 False   [8, 16, 6, 7] []
   11 0x00000058 0xFFFFFFF8 0x0000E000 False   [8, 9, 7] []
   12 0x00000060 0xFFFFFFF8 0x0001C000 False   [8, 9, 10] []
   13 0x00000068 0xFFFFFFF8 0x00038000 False   [9, 10, 11] []
   14 0x00000070 0xFFFFFFF8 0x00070100 False   [11, 2, 10, 12] []
   15 0x00000078 0xFFFFFFF8 0x000E0208 False   [11, 3, 12, 13] [W]
   16 0x00000080 0xFFFFFFF8 0x001C0508 False   [2, 4, 12, 13, 14] [W]
   17 0x00000088 0xFFFFFFF8 0x00380A08 False   [3, 5, 13, 14, 15] [W]
   18 0x00000090 0xFFFFFFF8 0x00701408 False   [4, 6, 14, 15, 16] [W]
   19 0x00000098 0xFFFFFFF8 0x00602808 False   [16, 15, 5, 7] [W]
   20 0x000000A0 0xFFFFFFF8 0x00C0500C False   [8, 16, 6, 17] [N, W]
   21 0x000000A8 0xFFFFFFF8 0x0080A00C False   [9, 17, 7] [N, W]
   22 0x000000B0 0xFFFFFFF8 0x0001400C False   [8, 10] [N, W]
   23 0x000000B8 0xFFFFFFF8 0x0002800C False   [9, 11] [N, W]
   24 0x000000C0 0xFFFFFFF8 0x0005010C False   [2, 10, 12] [N, W]
   25 0x000000C8 0xFFFFFFF8 0x000A030C False   [11, 2, 3, 13] [N, W]
   26 0x000000D0 0xFFFFFFF8 0x00140704 False   [2, 3, 4, 12, 14] [N]
   27 0x000000D8 0xFFFFFFF8 0x00280E04 False   [3, 4, 5, 13, 15] [N]
   28 0x000000E0 0xFFFFFFF8 0x00501C04 False   [4, 5, 6, 14, 16] [N]
   29 0x000000E8 0xFFFFFFF8 0x00A0380C False   [5, 6, 7, 15, 17] [N, W]
   30 0x000000F0 0xFFFFFFF8 0x00406004 False   [8, 16, 7] [N]
   31 0x000000F8 0xFFFFFFF8 0x0080E000 False   [8, 9, 17, 7] []
   32 0x00000100 0xFFFFFFF8 0x0001C000 False   [8, 9, 10] []
   33 0x00000108 0xFFFFFFF8 0x00038000 False   [9, 10, 11] []
   34 0x00000110 0xFFFFFFF8 0x00070000 False   [10, 11, 12] []
   35 0x00000118 0xFFFFFFF8 0x000E0000 False   [11, 12, 13] []
   36 0x00000120 0xFFFFFFF8 0x001C0000 False   [12, 13, 14] []
   37 0x00000128 0xFFFFFFF8 0x00380000 False   [13, 14, 15] []
   38 0x00000130 0xFFFFFFF8 0x00700000 False   [16, 14, 15] []
   39 0x00000138 0xFFFFFFF8 0x00E02000 False   [16, 17, 15, 7] []
   40 0x00000140 0xFFFFFFF8 0x00800000 False   [17] []
   41 0x00000148 0xFFFFFFF8 0x00800000 False   [17] []
   42 0x00000188 0xFFFFFFF8 0x00800000 False   [17] []
   43 0x000001F0 0xFFFFFFF8 0x00000008 False   [] [W]
   44 0x000001F8 0xFFFFFFF8 0x00000008 False   [] [W]
   45 0x00000200 0xFFFFFFF8 0x00000008 False   [] [W]
   46 0x00000208 0xFFFFFFF8 0x00000008 False   [] [W]
   47 0x00000210 0xFFFFFFF8 0x00000008 False   [] [W]
0 Defaultable entries
