Router contains 144 entries
Index Key        Mask       Route      Default [Cores][Links]
----- ---------- ---------- ---------- ------- --------------
    0 0x00000000 0xFFFFFFF8 0x00000002 False   [] [NE]
    1 0x00000008 0xFFFFFFF8 0x00000002 False   [] [NE]
    2 0x00000010 0xFFFFFFF8 0x00000002 False   [] [NE]
    3 0x00000018 0xFFFFFFF8 0x00000002 False   [] [NE]
    4 0x00000020 0xFFFFFFF8 0x00000002 False   [] [NE]
    5 0x00000028 0xFFFFFFF8 0x00000002 False   [] [NE]
    6 0x00000030 0xFFFFFFF8 0x00000002 False   [] [NE]
    7 0x00000038 0xFFFFFFF8 0x00000002 False   [] [NE]
    8 0x00000040 0xFFFFFFF8 0x00000002 False   [] [NE]
    9 0x00000048 0xFFFFFFF8 0x00000002 False   [] [NE]
   10 0x00000050 0xFFFFFFF8 0x00000002 False   [] [NE]
   11 0x00000058 0xFFFFFFF8 0x00000002 False   [] [NE]
   12 0x00000060 0xFFFFFFF8 0x00000002 False   [] [NE]
   13 0x000000F0 0xFFFFFFF8 0x00000002 False   [] [NE]
   14 0x000000F8 0xFFFFFFF8 0x00000002 False   [] [NE]
   15 0x00000400 0xFFFFFFF8 0x00000400 False   [4] []
   16 0x000004E0 0xFFFFFFF8 0x00000100 False   [2] []
   17 0x000004E8 0xFFFFFFF8 0x00000300 False   [2, 3] []
   18 0x000004F0 0xFFFFFFF8 0x00000700 False   [2, 3, 4] []
   19 0x000004F8 0xFFFFFFF8 0x00000600 False   [3, 4] []
   20 0x00000500 0xFFFFFFF8 0x00001C08 False   [4, 5, 6] [W]
   21 0x00000508 0xFFFFFFF8 0x00003800 False   [5, 6, 7] []
   22 0x00000510 0xFFFFFFF8 0x00007000 False   [8, 6, 7] []
   23 0x00000518 0xFFFFFFF8 0x0000E000 False   [8, 9, 7] []
   24 0x00000520 0xFFFFFFF8 0x0001C000 False   [8, 9, 10] []
   25 0x00000528 0xFFFFFFF8 0x00038000 False   [9, 10, 11] []
   26 0x00000530 0xFFFFFFF8 0x00070000 False   [10, 11, 12] []
   27 0x00000538 0xFFFFFFF8 0x000E0000 False   [11, 12, 13] []
   28 0x00000540 0xFFFFFFF8 0x001C0000 False   [12, 13, 14] []
   29 0x00000548 0xFFFFFFF8 0x00380000 False   [13, 14, 15] []
   30 0x00000550 0xFFFFFFF8 0x00700000 False   [16, 14, 15] []
   31 0x00000558 0xFFFFFFF8 0x00600008 False   [16, 15] [W]
   32 0x00000560 0xFFFFFFF8 0x00400008 False   [16] [W]
   33 0x000005E0 0xFFFFFFF8 0x00000108 False   [2] [W]
   34 0x000005E8 0xFFFFFFF8 0x00000228 False   [3] [W, S]
   35 0x000005F0 0xFFFFFFF8 0x00000528 False   [2, 4] [W, S]
   36 0x000005F8 0xFFFFFFF8 0x00000A28 False   [3, 5] [W, S]
   37 0x00000600 0xFFFFFFF8 0x00001428 False   [4, 6] [W, S]
   38 0x00000608 0xFFFFFFF8 0x00002828 False   [5, 7] [W, S]
   39 0x00000610 0xFFFFFFF8 0x00005028 False   [8, 6] [W, S]
   40 0x00000618 0xFFFFFFF8 0x0000A028 False   [9, 7] [W, S]
   41 0x00000620 0xFFFFFFF8 0x00014028 False   [8, 10] [W, S]
   42 0x00000628 0xFFFFFFF8 0x00028028 False   [9, 11] [W, S]
   43 0x00000630 0xFFFFFFF8 0x00050028 False   [10, 12] [W, S]
   44 0x00000638 0xFFFFFFF8 0x000A0028 False   [11, 13] [W, S]
   45 0x00000640 0xFFFFFFF8 0x00140028 False   [12, 14] [W, S]
   46 0x00000648 0xFFFFFFF8 0x00280028 False   [13, 15] [W, S]
   47 0x00000650 0xFFFFFFF8 0x00500028 False   [16, 14] [W, S]
   48 0x00000658 0xFFFFFFF8 0x00200028 False   [15] [W, S]
   49 0x00000660 0xFFFFFFF8 0x00400020 False   [16] [S]
   50 0x00000668 0xFFFFFFF8 0x00000020 False   [] [S]
   51 0x00000670 0xFFFFFFF8 0x00000020 False   [] [S]
   52 0x00000678 0xFFFFFFF8 0x00000020 False   [] [S]
   53 0x00000680 0xFFFFFFF8 0x00000020 False   [] [S]
   54 0x00000688 0xFFFFFFF8 0x00000020 False   [] [S]
   55 0x00000690 0xFFFFFFF8 0x00000020 False   [] [S]
   56 0x00000698 0xFFFFFFF8 0x00000020 False   [] [S]
   57 0x000006A0 0xFFFFFFF8 0x00000020 False   [] [S]
   58 0x000006A8 0xFFFFFFF8 0x00000020 False   [] [S]
   59 0x000006B0 0xFFFFFFF8 0x00000020 False   [] [S]
   60 0x000006B8 0xFFFFFFF8 0x00000020 False   [] [S]
   61 0x000006C0 0xFFFFFFF8 0x00000020 False   [] [S]
   62 0x000006C8 0xFFFFFFF8 0x00000020 False   [] [S]
   63 0x000006D0 0xFFFFFFF8 0x00000020 False   [] [S]
   64 0x000006D8 0xFFFFFFF8 0x00000020 False   [] [S]
   65 0x000006E0 0xFFFFFFF8 0x00000120 False   [2] [S]
   66 0x000006E8 0xFFFFFFF8 0x00000320 False   [2, 3] [S]
   67 0x000006F0 0xFFFFFFF8 0x00000720 False   [2, 3, 4] [S]
   68 0x000006F8 0xFFFFFFF8 0x00000E20 False   [3, 4, 5] [S]
   69 0x00000700 0xFFFFFFF8 0x00001801 False   [5, 6] [E]
   70 0x00000708 0xFFFFFFF8 0x00003820 False   [5, 6, 7] [S]
   71 0x00000710 0xFFFFFFF8 0x00007020 False   [8, 6, 7] [S]
   72 0x00000718 0xFFFFFFF8 0x0000E020 False   [8, 9, 7] [S]
   73 0x00000720 0xFFFFFFF8 0x0001C020 False   [8, 9, 10] [S]
   74 0x00000728 0xFFFFFFF8 0x00038020 False   [9, 10, 11] [S]
   75 0x00000730 0xFFFFFFF8 0x00070020 False   [10, 11, 12] [S]
   76 0x00000738 0xFFFFFFF8 0x000E0020 False   [11, 12, 13] [S]
   77 0x00000740 0xFFFFFFF8 0x001C0020 False   [12, 13, 14] [S]
   78 0x00000748 0xFFFFFFF8 0x00380020 False   [13, 14, 15] [S]
   79 0x00000750 0xFFFFFFF8 0x00700020 False   [16, 14, 15] [S]
   80 0x00000758 0xFFFFFFF8 0x00600020 False   [16, 15] [S]
   81 0x00000760 0xFFFFFFF8 0x00400020 False   [16] [S]
   82 0x00000768 0xFFFFFFF8 0x00000001 False   [] [E]
   83 0x00000770 0xFFFFFFF8 0x00000001 False   [] [E]
   84 0x00000778 0xFFFFFFF8 0x00000001 False   [] [E]
   85 0x00000780 0xFFFFFFF8 0x00000001 False   [] [E]
   86 0x00000788 0xFFFFFFF8 0x00000001 False   [] [E]
   87 0x00000790 0xFFFFFFF8 0x00000001 False   [] [E]
   88 0x00000798 0xFFFFFFF8 0x00000001 False   [] [E]
   89 0x000007A0 0xFFFFFFF8 0x00000001 False   [] [E]
   90 0x000007A8 0xFFFFFFF8 0x00000001 False   [] [E]
   91 0x000007B0 0xFFFFFFF8 0x00000001 False   [] [E]
   92 0x000007B8 0xFFFFFFF8 0x00000001 False   [] [E]
   93 0x000007C0 0xFFFFFFF8 0x00000001 False   [] [E]
   94 0x000007C8 0xFFFFFFF8 0x00000001 False   [] [E]
   95 0x000007D0 0xFFFFFFF8 0x00000001 False   [] [E]
   96 0x000007F8 0xFFFFFFF8 0x00000808 False   [5] [W]
   97 0x00000800 0xFFFFFFF8 0x00000008 False   [] [W]
   98 0x00000850 0xFFFFFFF8 0x00000008 False   [] [W]
   99 0x00000858 0xFFFFFFF8 0x00000008 False   [] [W]
  100 0x00000860 0xFFFFFFF8 0x00000008 False   [] [W]
  101 0x00000868 0xFFFFFFF8 0x00000008 False   [] [W]
  102 0x00000870 0xFFFFFFF8 0x00000008 False   [] [W]
  103 0x00000878 0xFFFFFFF8 0x00000008 False   [] [W]
  104 0x00000880 0xFFFFFFF8 0x00000008 False   [] [W]
  105 0x00000888 0xFFFFFFF8 0x00000008 False   [] [W]
  106 0x00000890 0xFFFFFFF8 0x00000008 False   [] [W]
  107 0x00000898 0xFFFFFFF8 0x00000008 False   [] [W]
  108 0x000008A0 0xFFFFFFF8 0x00000008 False   [] [W]
  109 0x000008A8 0xFFFFFFF8 0x00000008 False   [] [W]
  110 0x000008B0 0xFFFFFFF8 0x00000008 False   [] [W]
  111 0x000008B8 0xFFFFFFF8 0x00000008 False   [] [W]
  112 0x000008C0 0xFFFFFFF8 0x00000008 False   [] [W]
  113 0x000008C8 0xFFFFFFF8 0x00000008 False   [] [W]
  114 0x000008D0 0xFFFFFFF8 0x00000008 False   [] [W]
  115 0x000008D8 0xFFFFFFF8 0x00000008 False   [] [W]
  116 0x000008F8 0xFFFFFFF8 0x00000008 False   [] [W]
  117 0x00000960 0xFFFFFFF8 0x00000004 False   [] [N]
  118 0x00000968 0xFFFFFFF8 0x00000004 False   [] [N]
  119 0x00000970 0xFFFFFFF8 0x00000004 False   [] [N]
  120 0x00000978 0xFFFFFFF8 0x00000004 False   [] [N]
  121 0x00000980 0xFFFFFFF8 0x00000004 False   [] [N]
  122 0x00000988 0xFFFFFFF8 0x00000004 False   [] [N]
  123 0x00000990 0xFFFFFFF8 0x00000004 False   [] [N]
  124 0x00000998 0xFFFFFFF8 0x00000004 False   [] [N]
  125 0x000009A0 0xFFFFFFF8 0x00000004 False   [] [N]
  126 0x000009A8 0xFFFFFFF8 0x00000004 False   [] [N]
  127 0x000009B0 0xFFFFFFF8 0x00000004 False   [] [N]
  128 0x000009B8 0xFFFFFFF8 0x00000004 False   [] [N]
  129 0x000009C0 0xFFFFFFF8 0x00000004 False   [] [N]
  130 0x000009C8 0xFFFFFFF8 0x00000004 False   [] [N]
  131 0x00000BD8 0xFFFFFFF8 0x00000004 False   [] [N]
  132 0x00000BE0 0xFFFFFFF8 0x00000008 False   [] [W]
  133 0x00000BE8 0xFFFFFFF8 0x00000008 False   [] [W]
  134 0x00000BF0 0xFFFFFFF8 0x00000008 False   [] [W]
  135 0x00000C08 0xFFFFFFF8 0x00000008 False   [] [W]
  136 0x00000C10 0xFFFFFFF8 0x00000008 False   [] [W]
  137 0x00000C18 0xFFFFFFF8 0x00000008 False   [] [W]
  138 0x00000C20 0xFFFFFFF8 0x00000008 False   [] [W]
  139 0x00000C28 0xFFFFFFF8 0x00000008 False   [] [W]
  140 0x00000C30 0xFFFFFFF8 0x00000008 False   [] [W]
  141 0x00000C38 0xFFFFFFF8 0x00000008 False   [] [W]
  142 0x00000C40 0xFFFFFFF8 0x00000008 False   [] [W]
  143 0x00001F00 0xFFFFFFF8 0x00000010 False   [] [SW]
0 Defaultable entries
