Router contains 149 entries
Index Key        Mask       Route      Default [Cores][Links]
----- ---------- ---------- ---------- ------- --------------
    0 0x00000000 0xFFFFFFF8 0x00000002 False   [] [NE]
    1 0x00000008 0xFFFFFFF8 0x00000002 False   [] [NE]
    2 0x00000010 0xFFFFFFF8 0x00000002 False   [] [NE]
    3 0x00000018 0xFFFFFFF8 0x00000002 False   [] [NE]
    4 0x00000020 0xFFFFFFF8 0x00000002 False   [] [NE]
    5 0x00000028 0xFFFFFFF8 0x00000002 False   [] [NE]
    6 0x00000030 0xFFFFFFF8 0x00000002 False   [] [NE]
    7 0x00000038 0xFFFFFFF8 0x00000002 False   [] [NE]
    8 0x00000040 0xFFFFFFF8 0x00000002 False   [] [NE]
    9 0x00000048 0xFFFFFFF8 0x00000002 False   [] [NE]
   10 0x00000050 0xFFFFFFF8 0x00000002 False   [] [NE]
   11 0x00000058 0xFFFFFFF8 0x00000002 False   [] [NE]
   12 0x00000060 0xFFFFFFF8 0x00000002 False   [] [NE]
   13 0x000000F0 0xFFFFFFF8 0x00000002 False   [] [NE]
   14 0x000000F8 0xFFFFFFF8 0x00000002 False   [] [NE]
   15 0x00000800 0xFFFFFFF8 0x00001000 False   [6] []
   16 0x000008D0 0xFFFFFFF8 0x00000100 False   [2] []
   17 0x000008D8 0xFFFFFFF8 0x00000300 False   [2, 3] []
   18 0x000008E0 0xFFFFFFF8 0x00000700 False   [2, 3, 4] []
   19 0x000008E8 0xFFFFFFF8 0x00000E00 False   [3, 4, 5] []
   20 0x000008F0 0xFFFFFFF8 0x00001C00 False   [4, 5, 6] []
   21 0x000008F8 0xFFFFFFF8 0x00001800 False   [5, 6] []
   22 0x00000900 0xFFFFFFF8 0x00007008 False   [8, 6, 7] [W]
   23 0x00000908 0xFFFFFFF8 0x0000E000 False   [8, 9, 7] []
   24 0x00000910 0xFFFFFFF8 0x0001C000 False   [8, 9, 10] []
   25 0x00000918 0xFFFFFFF8 0x00038000 False   [9, 10, 11] []
   26 0x00000920 0xFFFFFFF8 0x00070000 False   [10, 11, 12] []
   27 0x00000928 0xFFFFFFF8 0x000E0000 False   [11, 12, 13] []
   28 0x00000930 0xFFFFFFF8 0x001C0000 False   [12, 13, 14] []
   29 0x00000938 0xFFFFFFF8 0x00380000 False   [13, 14, 15] []
   30 0x00000940 0xFFFFFFF8 0x00700000 False   [16, 14, 15] []
   31 0x00000948 0xFFFFFFF8 0x00E00000 False   [16, 17, 15] []
   32 0x00000950 0xFFFFFFF8 0x00C00008 False   [16, 17] [W]
   33 0x00000958 0xFFFFFFF8 0x00800008 False   [17] [W]
   34 0x000009D0 0xFFFFFFF8 0x00000108 False   [2] [W]
   35 0x000009D8 0xFFFFFFF8 0x00000228 False   [3] [W, S]
   36 0x000009E0 0xFFFFFFF8 0x00000528 False   [2, 4] [W, S]
   37 0x000009E8 0xFFFFFFF8 0x00000A28 False   [3, 5] [W, S]
   38 0x000009F0 0xFFFFFFF8 0x00001428 False   [4, 6] [W, S]
   39 0x000009F8 0xFFFFFFF8 0x00002828 False   [5, 7] [W, S]
   40 0x00000A00 0xFFFFFFF8 0x00005028 False   [8, 6] [W, S]
   41 0x00000A08 0xFFFFFFF8 0x0000A028 False   [9, 7] [W, S]
   42 0x00000A10 0xFFFFFFF8 0x00014028 False   [8, 10] [W, S]
   43 0x00000A18 0xFFFFFFF8 0x00028028 False   [9, 11] [W, S]
   44 0x00000A20 0xFFFFFFF8 0x00050028 False   [10, 12] [W, S]
   45 0x00000A28 0xFFFFFFF8 0x000A0028 False   [11, 13] [W, S]
   46 0x00000A30 0xFFFFFFF8 0x00140028 False   [12, 14] [W, S]
   47 0x00000A38 0xFFFFFFF8 0x00280028 False   [13, 15] [W, S]
   48 0x00000A40 0xFFFFFFF8 0x00500028 False   [16, 14] [W, S]
   49 0x00000A48 0xFFFFFFF8 0x00A00028 False   [17, 15] [W, S]
   50 0x00000A50 0xFFFFFFF8 0x00400028 False   [16] [W, S]
   51 0x00000A58 0xFFFFFFF8 0x00800020 False   [17] [S]
   52 0x00000A60 0xFFFFFFF8 0x00000020 False   [] [S]
   53 0x00000A68 0xFFFFFFF8 0x00000020 False   [] [S]
   54 0x00000A70 0xFFFFFFF8 0x00000020 False   [] [S]
   55 0x00000A78 0xFFFFFFF8 0x00000020 False   [] [S]
   56 0x00000A80 0xFFFFFFF8 0x00000020 False   [] [S]
   57 0x00000A88 0xFFFFFFF8 0x00000020 False   [] [S]
   58 0x00000A90 0xFFFFFFF8 0x00000020 False   [] [S]
   59 0x00000A98 0xFFFFFFF8 0x00000020 False   [] [S]
   60 0x00000AA0 0xFFFFFFF8 0x00000020 False   [] [S]
   61 0x00000AA8 0xFFFFFFF8 0x00000020 False   [] [S]
   62 0x00000AB0 0xFFFFFFF8 0x00000020 False   [] [S]
   63 0x00000AB8 0xFFFFFFF8 0x00000020 False   [] [S]
   64 0x00000AC0 0xFFFFFFF8 0x00000020 False   [] [S]
   65 0x00000AC8 0xFFFFFFF8 0x00000020 False   [] [S]
   66 0x00000AD0 0xFFFFFFF8 0x00000120 False   [2] [S]
   67 0x00000AD8 0xFFFFFFF8 0x00000320 False   [2, 3] [S]
   68 0x00000AE0 0xFFFFFFF8 0x00000720 False   [2, 3, 4] [S]
   69 0x00000AE8 0xFFFFFFF8 0x00000E20 False   [3, 4, 5] [S]
   70 0x00000AF0 0xFFFFFFF8 0x00001C20 False   [4, 5, 6] [S]
   71 0x00000AF8 0xFFFFFFF8 0x00003820 False   [5, 6, 7] [S]
   72 0x00000B00 0xFFFFFFF8 0x00006001 False   [8, 7] [E]
   73 0x00000B08 0xFFFFFFF8 0x0000E020 False   [8, 9, 7] [S]
   74 0x00000B10 0xFFFFFFF8 0x0001C020 False   [8, 9, 10] [S]
   75 0x00000B18 0xFFFFFFF8 0x00038020 False   [9, 10, 11] [S]
   76 0x00000B20 0xFFFFFFF8 0x00070020 False   [10, 11, 12] [S]
   77 0x00000B28 0xFFFFFFF8 0x000E0020 False   [11, 12, 13] [S]
   78 0x00000B30 0xFFFFFFF8 0x001C0020 False   [12, 13, 14] [S]
   79 0x00000B38 0xFFFFFFF8 0x00380020 False   [13, 14, 15] [S]
   80 0x00000B40 0xFFFFFFF8 0x00700020 False   [16, 14, 15] [S]
   81 0x00000B48 0xFFFFFFF8 0x00E00020 False   [16, 17, 15] [S]
   82 0x00000B50 0xFFFFFFF8 0x00C00020 False   [16, 17] [S]
   83 0x00000B58 0xFFFFFFF8 0x00800020 False   [17] [S]
   84 0x00000B60 0xFFFFFFF8 0x00000001 False   [] [E]
   85 0x00000B68 0xFFFFFFF8 0x00000001 False   [] [E]
   86 0x00000B70 0xFFFFFFF8 0x00000001 False   [] [E]
   87 0x00000B78 0xFFFFFFF8 0x00000001 False   [] [E]
   88 0x00000B80 0xFFFFFFF8 0x00000001 False   [] [E]
   89 0x00000B88 0xFFFFFFF8 0x00000001 False   [] [E]
   90 0x00000B90 0xFFFFFFF8 0x00000001 False   [] [E]
   91 0x00000B98 0xFFFFFFF8 0x00000001 False   [] [E]
   92 0x00000BA0 0xFFFFFFF8 0x00000001 False   [] [E]
   93 0x00000BA8 0xFFFFFFF8 0x00000001 False   [] [E]
   94 0x00000BB0 0xFFFFFFF8 0x00000001 False   [] [E]
   95 0x00000BB8 0xFFFFFFF8 0x00000001 False   [] [E]
   96 0x00000BC0 0xFFFFFFF8 0x00000001 False   [] [E]
   97 0x00000BC8 0xFFFFFFF8 0x00000001 False   [] [E]
   98 0x00000BD0 0xFFFFFFF8 0x00000001 False   [] [E]
   99 0x00000BF8 0xFFFFFFF8 0x00002008 False   [7] [W]
  100 0x00000C00 0xFFFFFFF8 0x00000008 False   [] [W]
  101 0x00000C48 0xFFFFFFF8 0x00000008 False   [] [W]
  102 0x00000C50 0xFFFFFFF8 0x00000008 False   [] [W]
  103 0x00000C58 0xFFFFFFF8 0x00000008 False   [] [W]
  104 0x00000C60 0xFFFFFFF8 0x00000008 False   [] [W]
  105 0x00000C68 0xFFFFFFF8 0x00000008 False   [] [W]
  106 0x00000C70 0xFFFFFFF8 0x00000008 False   [] [W]
  107 0x00000C78 0xFFFFFFF8 0x00000008 False   [] [W]
  108 0x00000C80 0xFFFFFFF8 0x00000008 False   [] [W]
  109 0x00000C88 0xFFFFFFF8 0x00000008 False   [] [W]
  110 0x00000C90 0xFFFFFFF8 0x00000008 False   [] [W]
  111 0x00000C98 0xFFFFFFF8 0x00000008 False   [] [W]
  112 0x00000CA0 0xFFFFFFF8 0x00000008 False   [] [W]
  113 0x00000CA8 0xFFFFFFF8 0x00000008 False   [] [W]
  114 0x00000CB0 0xFFFFFFF8 0x00000008 False   [] [W]
  115 0x00000CB8 0xFFFFFFF8 0x00000008 False   [] [W]
  116 0x00000CC0 0xFFFFFFF8 0x00000008 False   [] [W]
  117 0x00000CC8 0xFFFFFFF8 0x00000008 False   [] [W]
  118 0x00000CD0 0xFFFFFFF8 0x00000008 False   [] [W]
  119 0x00000CD8 0xFFFFFFF8 0x00000008 False   [] [W]
  120 0x00000CF8 0xFFFFFFF8 0x00000008 False   [] [W]
  121 0x00000D50 0xFFFFFFF8 0x00000004 False   [] [N]
  122 0x00000D58 0xFFFFFFF8 0x00000004 False   [] [N]
  123 0x00000D60 0xFFFFFFF8 0x00000004 False   [] [N]
  124 0x00000D68 0xFFFFFFF8 0x00000004 False   [] [N]
  125 0x00000D70 0xFFFFFFF8 0x00000004 False   [] [N]
  126 0x00000D78 0xFFFFFFF8 0x00000004 False   [] [N]
  127 0x00000D80 0xFFFFFFF8 0x00000004 False   [] [N]
  128 0x00000D88 0xFFFFFFF8 0x00000004 False   [] [N]
  129 0x00000D90 0xFFFFFFF8 0x00000004 False   [] [N]
  130 0x00000D98 0xFFFFFFF8 0x00000004 False   [] [N]
  131 0x00000DA0 0xFFFFFFF8 0x00000004 False   [] [N]
  132 0x00000DA8 0xFFFFFFF8 0x00000004 False   [] [N]
  133 0x00000DB0 0xFFFFFFF8 0x00000004 False   [] [N]
  134 0x00000DB8 0xFFFFFFF8 0x00000004 False   [] [N]
  135 0x00000FC0 0xFFFFFFF8 0x00000004 False   [] [N]
  136 0x00000FC8 0xFFFFFFF8 0x00000004 False   [] [N]
  137 0x00000FD0 0xFFFFFFF8 0x00000008 False   [] [W]
  138 0x00000FD8 0xFFFFFFF8 0x00000008 False   [] [W]
  139 0x00000FE0 0xFFFFFFF8 0x00000008 False   [] [W]
  140 0x00000FE8 0xFFFFFFF8 0x00000008 False   [] [W]
  141 0x00000FF0 0xFFFFFFF8 0x00000008 False   [] [W]
  142 0x00001008 0xFFFFFFF8 0x00000008 False   [] [W]
  143 0x00001010 0xFFFFFFF8 0x00000008 False   [] [W]
  144 0x00001018 0xFFFFFFF8 0x00000008 False   [] [W]
  145 0x00001020 0xFFFFFFF8 0x00000008 False   [] [W]
  146 0x00001028 0xFFFFFFF8 0x00000008 False   [] [W]
  147 0x00001030 0xFFFFFFF8 0x00000008 False   [] [W]
  148 0x00001F00 0xFFFFFFF8 0x00000010 False   [] [SW]
0 Defaultable entries
