Router contains 51 entries
Index Key        Mask       Route      Default [Cores][Links]
----- ---------- ---------- ---------- ------- --------------
    0 0x00000000 0xFFFFFFF8 0x00400000 False   [16] []
    1 0x00000080 0xFFFFFFF8 0x00000100 False   [2] []
    2 0x00000088 0xFFFFFFF8 0x00000300 False   [2, 3] []
    3 0x00000090 0xFFFFFFF8 0x00000700 False   [2, 3, 4] []
    4 0x00000098 0xFFFFFFF8 0x00000E00 False   [3, 4, 5] []
    5 0x000000A0 0xFFFFFFF8 0x00001C00 False   [4, 5, 6] []
    6 0x000000A8 0xFFFFFFF8 0x00003800 False   [5, 6, 7] []
    7 0x000000B0 0xFFFFFFF8 0x00007000 False   [8, 6, 7] []
    8 0x000000B8 0xFFFFFFF8 0x0000E000 False   [8, 9, 7] []
    9 0x000000C0 0xFFFFFFF8 0x0001C000 False   [8, 9, 10] []
   10 0x000000C8 0xFFFFFFF8 0x00038000 False   [9, 10, 11] []
   11 0x000000D0 0xFFFFFFF8 0x00070000 False   [10, 11, 12] []
   12 0x000000D8 0xFFFFFFF8 0x000E0000 False   [11, 12, 13] []
   13 0x000000E0 0xFFFFFFF8 0x001C0000 False   [12, 13, 14] []
   14 0x000000E8 0xFFFFFFF8 0x00380000 False   [13, 14, 15] []
   15 0x000000F0 0xFFFFFFF8 0x00700000 False   [16, 14, 15] []
   16 0x000000F8 0xFFFFFFF8 0x00600000 False   [16, 15] []
   17 0x00001E00 0xFFFFFFF8 0x00400000 False   [16] []
   18 0x00001E80 0xFFFFFFF8 0x00000100 False   [2] []
   19 0x00001E88 0xFFFFFFF8 0x00000300 False   [2, 3] []
   20 0x00001E90 0xFFFFFFF8 0x00000700 False   [2, 3, 4] []
   21 0x00001E98 0xFFFFFFF8 0x00000E00 False   [3, 4, 5] []
   22 0x00001EA0 0xFFFFFFF8 0x00001C00 False   [4, 5, 6] []
   23 0x00001EA8 0xFFFFFFF8 0x00003800 False   [5, 6, 7] []
   24 0x00001EB0 0xFFFFFFF8 0x00007000 False   [8, 6, 7] []
   25 0x00001EB8 0xFFFFFFF8 0x0000E000 False   [8, 9, 7] []
   26 0x00001EC0 0xFFFFFFF8 0x0001C000 False   [8, 9, 10] []
   27 0x00001EC8 0xFFFFFFF8 0x00038000 False   [9, 10, 11] []
   28 0x00001ED0 0xFFFFFFF8 0x00070000 False   [10, 11, 12] []
   29 0x00001ED8 0xFFFFFFF8 0x000E0000 False   [11, 12, 13] []
   30 0x00001EE0 0xFFFFFFF8 0x001C0000 False   [12, 13, 14] []
   31 0x00001EE8 0xFFFFFFF8 0x00380000 False   [13, 14, 15] []
   32 0x00001EF0 0xFFFFFFF8 0x00700000 False   [16, 14, 15] []
   33 0x00001EF8 0xFFFFFFF8 0x00600000 False   [16, 15] []
   34 0x00001F00 0xFFFFFFF8 0x00400000 False   [16] []
   35 0x00001F80 0xFFFFFFF8 0x00000100 False   [2] []
   36 0x00001F88 0xFFFFFFF8 0x00000201 False   [3] [E]
   37 0x00001F90 0xFFFFFFF8 0x00000511 False   [2, 4] [E, SW]
   38 0x00001F98 0xFFFFFFF8 0x00000A11 False   [3, 5] [E, SW]
   39 0x00001FA0 0xFFFFFFF8 0x00001411 False   [4, 6] [E, SW]
   40 0x00001FA8 0xFFFFFFF8 0x00002811 False   [5, 7] [E, SW]
   41 0x00001FB0 0xFFFFFFF8 0x00005011 False   [8, 6] [E, SW]
   42 0x00001FB8 0xFFFFFFF8 0x0000A011 False   [9, 7] [E, SW]
   43 0x00001FC0 0xFFFFFFF8 0x00014011 False   [8, 10] [E, SW]
   44 0x00001FC8 0xFFFFFFF8 0x00028011 False   [9, 11] [E, SW]
   45 0x00001FD0 0xFFFFFFF8 0x00050011 False   [10, 12] [E, SW]
   46 0x00001FD8 0xFFFFFFF8 0x000A0011 False   [11, 13] [E, SW]
   47 0x00001FE0 0xFFFFFFF8 0x00140011 False   [12, 14] [E, SW]
   48 0x00001FE8 0xFFFFFFF8 0x00280011 False   [13, 15] [E, SW]
   49 0x00001FF0 0xFFFFFFF8 0x00500011 False   [16, 14] [E, SW]
   50 0x00001FF8 0xFFFFFFF8 0x00200011 False   [15] [E, SW]
0 Defaultable entries
