Router contains 125 entries
Index Key        Mask       Route      Default [Cores][Links]
----- ---------- ---------- ---------- ------- --------------
    0 0x00001700 0xFFFFFFF8 0x00000020 False   [] [S]
    1 0x00001738 0xFFFFFFF8 0x00000020 False   [] [S]
    2 0x00001740 0xFFFFFFF8 0x00000020 False   [] [S]
    3 0x00001748 0xFFFFFFF8 0x00000020 False   [] [S]
    4 0x00001750 0xFFFFFFF8 0x00000020 False   [] [S]
    5 0x00001758 0xFFFFFFF8 0x00000020 False   [] [S]
    6 0x00001760 0xFFFFFFF8 0x00000020 False   [] [S]
    7 0x00001768 0xFFFFFFF8 0x00000020 False   [] [S]
    8 0x00001770 0xFFFFFFF8 0x00000020 False   [] [S]
    9 0x00001778 0xFFFFFFF8 0x00000020 False   [] [S]
   10 0x00001780 0xFFFFFFF8 0x00000020 False   [] [S]
   11 0x00001788 0xFFFFFFF8 0x00000020 False   [] [S]
   12 0x00001790 0xFFFFFFF8 0x00000020 False   [] [S]
   13 0x00001798 0xFFFFFFF8 0x00000020 False   [] [S]
   14 0x000017A0 0xFFFFFFF8 0x00000020 False   [] [S]
   15 0x000017A8 0xFFFFFFF8 0x00000020 False   [] [S]
   16 0x00001800 0xFFFFFFF8 0x0000000C False   [] [N, W]
   17 0x00001820 0xFFFFFFF8 0x00000108 False   [2] [W]
   18 0x00001828 0xFFFFFFF8 0x00000308 False   [2, 3] [W]
   19 0x00001830 0xFFFFFFF8 0x00000708 False   [2, 3, 4] [W]
   20 0x00001838 0xFFFFFFF8 0x00000E08 False   [3, 4, 5] [W]
   21 0x00001840 0xFFFFFFF8 0x00001C08 False   [4, 5, 6] [W]
   22 0x00001848 0xFFFFFFF8 0x00003808 False   [5, 6, 7] [W]
   23 0x00001850 0xFFFFFFF8 0x00007008 False   [8, 6, 7] [W]
   24 0x00001858 0xFFFFFFF8 0x0000E008 False   [8, 9, 7] [W]
   25 0x00001860 0xFFFFFFF8 0x0001C008 False   [8, 9, 10] [W]
   26 0x00001868 0xFFFFFFF8 0x00038008 False   [9, 10, 11] [W]
   27 0x00001870 0xFFFFFFF8 0x00070008 False   [10, 11, 12] [W]
   28 0x00001878 0xFFFFFFF8 0x000E0008 False   [11, 12, 13] [W]
   29 0x00001880 0xFFFFFFF8 0x001C0008 False   [12, 13, 14] [W]
   30 0x00001888 0xFFFFFFF8 0x00380008 False   [13, 14, 15] [W]
   31 0x00001890 0xFFFFFFF8 0x00700008 False   [16, 14, 15] [W]
   32 0x00001898 0xFFFFFFF8 0x00E00008 False   [16, 17, 15] [W]
   33 0x000018A0 0xFFFFFFF8 0x00C0000C False   [16, 17] [N, W]
   34 0x000018A8 0xFFFFFFF8 0x0080000C False   [17] [N, W]
   35 0x000018B0 0xFFFFFFF8 0x0000000C False   [] [N, W]
   36 0x000018B8 0xFFFFFFF8 0x00000004 False   [] [N]
   37 0x000018C0 0xFFFFFFF8 0x00000004 False   [] [N]
   38 0x000018C8 0xFFFFFFF8 0x00000004 False   [] [N]
   39 0x000018D0 0xFFFFFFF8 0x00000004 False   [] [N]
   40 0x000018D8 0xFFFFFFF8 0x00000004 False   [] [N]
   41 0x000018E0 0xFFFFFFF8 0x00000004 False   [] [N]
   42 0x000018E8 0xFFFFFFF8 0x00000004 False   [] [N]
   43 0x000018F0 0xFFFFFFF8 0x00000004 False   [] [N]
   44 0x000018F8 0xFFFFFFF8 0x0000000C False   [] [N, W]
   45 0x00001900 0xFFFFFFF8 0x00000004 False   [] [N]
   46 0x00001908 0xFFFFFFF8 0x00000004 False   [] [N]
   47 0x00001910 0xFFFFFFF8 0x00000004 False   [] [N]
   48 0x00001918 0xFFFFFFF8 0x00000004 False   [] [N]
   49 0x00001920 0xFFFFFFF8 0x00000104 False   [2] [N]
   50 0x00001928 0xFFFFFFF8 0x00000224 False   [3] [N, S]
   51 0x00001930 0xFFFFFFF8 0x00000528 False   [2, 4] [W, S]
   52 0x00001938 0xFFFFFFF8 0x00000A28 False   [3, 5] [W, S]
   53 0x00001940 0xFFFFFFF8 0x00001428 False   [4, 6] [W, S]
   54 0x00001948 0xFFFFFFF8 0x00002828 False   [5, 7] [W, S]
   55 0x00001950 0xFFFFFFF8 0x00005028 False   [8, 6] [W, S]
   56 0x00001958 0xFFFFFFF8 0x0000A028 False   [9, 7] [W, S]
   57 0x00001960 0xFFFFFFF8 0x00014028 False   [8, 10] [W, S]
   58 0x00001968 0xFFFFFFF8 0x00028028 False   [9, 11] [W, S]
   59 0x00001970 0xFFFFFFF8 0x00050028 False   [10, 12] [W, S]
   60 0x00001978 0xFFFFFFF8 0x000A0028 False   [11, 13] [W, S]
   61 0x00001980 0xFFFFFFF8 0x00140028 False   [12, 14] [W, S]
   62 0x00001988 0xFFFFFFF8 0x00280028 False   [13, 15] [W, S]
   63 0x00001990 0xFFFFFFF8 0x00500028 False   [16, 14] [W, S]
   64 0x00001998 0xFFFFFFF8 0x00A00028 False   [17, 15] [W, S]
   65 0x000019A0 0xFFFFFFF8 0x00400024 False   [16] [N, S]
   66 0x000019A8 0xFFFFFFF8 0x00800020 False   [17] [S]
   67 0x000019B0 0xFFFFFFF8 0x00000020 False   [] [S]
   68 0x000019B8 0xFFFFFFF8 0x00000020 False   [] [S]
   69 0x000019C0 0xFFFFFFF8 0x00000020 False   [] [S]
   70 0x000019C8 0xFFFFFFF8 0x00000020 False   [] [S]
   71 0x000019D0 0xFFFFFFF8 0x00000020 False   [] [S]
   72 0x000019D8 0xFFFFFFF8 0x00000020 False   [] [S]
   73 0x000019E0 0xFFFFFFF8 0x00000020 False   [] [S]
   74 0x000019E8 0xFFFFFFF8 0x00000020 False   [] [S]
   75 0x000019F0 0xFFFFFFF8 0x00000020 False   [] [S]
   76 0x000019F8 0xFFFFFFF8 0x00000020 False   [] [S]
   77 0x00001A00 0xFFFFFFF8 0x00000020 False   [] [S]
   78 0x00001A08 0xFFFFFFF8 0x00000020 False   [] [S]
   79 0x00001A10 0xFFFFFFF8 0x00000020 False   [] [S]
   80 0x00001A18 0xFFFFFFF8 0x00000020 False   [] [S]
   81 0x00001A20 0xFFFFFFF8 0x00000120 False   [2] [S]
   82 0x00001A28 0xFFFFFFF8 0x00000320 False   [2, 3] [S]
   83 0x00001A30 0xFFFFFFF8 0x00000700 False   [2, 3, 4] []
   84 0x00001A38 0xFFFFFFF8 0x00000E00 False   [3, 4, 5] []
   85 0x00001A40 0xFFFFFFF8 0x00001C00 False   [4, 5, 6] []
   86 0x00001A48 0xFFFFFFF8 0x00003800 False   [5, 6, 7] []
   87 0x00001A50 0xFFFFFFF8 0x00007000 False   [8, 6, 7] []
   88 0x00001A58 0xFFFFFFF8 0x0000E000 False   [8, 9, 7] []
   89 0x00001A60 0xFFFFFFF8 0x0001C000 False   [8, 9, 10] []
   90 0x00001A68 0xFFFFFFF8 0x00038000 False   [9, 10, 11] []
   91 0x00001A70 0xFFFFFFF8 0x00070000 False   [10, 11, 12] []
   92 0x00001A78 0xFFFFFFF8 0x000E0000 False   [11, 12, 13] []
   93 0x00001A80 0xFFFFFFF8 0x001C0000 False   [12, 13, 14] []
   94 0x00001A88 0xFFFFFFF8 0x00380000 False   [13, 14, 15] []
   95 0x00001A90 0xFFFFFFF8 0x00700000 False   [16, 14, 15] []
   96 0x00001A98 0xFFFFFFF8 0x00E00000 False   [16, 17, 15] []
   97 0x00001AA0 0xFFFFFFF8 0x00C00000 False   [16, 17] []
   98 0x00001AA8 0xFFFFFFF8 0x00800000 False   [17] []
   99 0x00001AF8 0xFFFFFFF8 0x00000020 False   [] [S]
  100 0x00001B00 0xFFFFFFF8 0x00000020 False   [] [S]
  101 0x00001B10 0xFFFFFFF8 0x00000020 False   [] [S]
  102 0x00001B18 0xFFFFFFF8 0x00000020 False   [] [S]
  103 0x00001B20 0xFFFFFFF8 0x00000020 False   [] [S]
  104 0x00001B28 0xFFFFFFF8 0x00000020 False   [] [S]
  105 0x00001BF8 0xFFFFFFF8 0x00000020 False   [] [S]
  106 0x00001C88 0xFFFFFFF8 0x00000008 False   [] [W]
  107 0x00001C90 0xFFFFFFF8 0x00000008 False   [] [W]
  108 0x00001C98 0xFFFFFFF8 0x00000008 False   [] [W]
  109 0x00001CA0 0xFFFFFFF8 0x00000008 False   [] [W]
  110 0x00001CA8 0xFFFFFFF8 0x00000008 False   [] [W]
  111 0x00001CB0 0xFFFFFFF8 0x00000008 False   [] [W]
  112 0x00001CB8 0xFFFFFFF8 0x00000008 False   [] [W]
  113 0x00001CC0 0xFFFFFFF8 0x00000008 False   [] [W]
  114 0x00001CC8 0xFFFFFFF8 0x00000008 False   [] [W]
  115 0x00001CD0 0xFFFFFFF8 0x00000008 False   [] [W]
  116 0x00001CD8 0xFFFFFFF8 0x00000008 False   [] [W]
  117 0x00001CE0 0xFFFFFFF8 0x00000008 False   [] [W]
  118 0x00001CE8 0xFFFFFFF8 0x00000008 False   [] [W]
  119 0x00001CF0 0xFFFFFFF8 0x00000008 False   [] [W]
  120 0x00001CF8 0xFFFFFFF8 0x00000008 False   [] [W]
  121 0x00001F70 0xFFFFFFF8 0x00000010 False   [] [SW]
  122 0x00001F78 0xFFFFFFF8 0x00000010 False   [] [SW]
  123 0x00001F80 0xFFFFFFF8 0x00000010 False   [] [SW]
  124 0x00001F88 0xFFFFFFF8 0x00000010 False   [] [SW]
0 Defaultable entries
