Router contains 125 entries
Index Key        Mask       Route      Default [Cores][Links]
----- ---------- ---------- ---------- ------- --------------
    0 0x00000400 0xFFFFFFF8 0x00000020 False   [] [S]
    1 0x00000408 0xFFFFFFF8 0x00000020 False   [] [S]
    2 0x00000410 0xFFFFFFF8 0x00000020 False   [] [S]
    3 0x00000418 0xFFFFFFF8 0x00000020 False   [] [S]
    4 0x00000420 0xFFFFFFF8 0x00000020 False   [] [S]
    5 0x00000428 0xFFFFFFF8 0x00000020 False   [] [S]
    6 0x00000430 0xFFFFFFF8 0x00000020 False   [] [S]
    7 0x00000438 0xFFFFFFF8 0x00000020 False   [] [S]
    8 0x00000440 0xFFFFFFF8 0x00000020 False   [] [S]
    9 0x00000448 0xFFFFFFF8 0x00000020 False   [] [S]
   10 0x00000450 0xFFFFFFF8 0x00000020 False   [] [S]
   11 0x00000458 0xFFFFFFF8 0x00000020 False   [] [S]
   12 0x00000460 0xFFFFFFF8 0x00000120 False   [2] [S]
   13 0x00000468 0xFFFFFFF8 0x00000320 False   [2, 3] [S]
   14 0x00000470 0xFFFFFFF8 0x00000708 False   [2, 3, 4] [W]
   15 0x00000478 0xFFFFFFF8 0x00000E08 False   [3, 4, 5] [W]
   16 0x00000480 0xFFFFFFF8 0x00001C08 False   [4, 5, 6] [W]
   17 0x00000488 0xFFFFFFF8 0x00003808 False   [5, 6, 7] [W]
   18 0x00000490 0xFFFFFFF8 0x00007008 False   [8, 6, 7] [W]
   19 0x00000498 0xFFFFFFF8 0x0000E008 False   [8, 9, 7] [W]
   20 0x000004A0 0xFFFFFFF8 0x0001C008 False   [8, 9, 10] [W]
   21 0x000004A8 0xFFFFFFF8 0x00038008 False   [9, 10, 11] [W]
   22 0x000004B0 0xFFFFFFF8 0x00070008 False   [10, 11, 12] [W]
   23 0x000004B8 0xFFFFFFF8 0x000E0008 False   [11, 12, 13] [W]
   24 0x000004C0 0xFFFFFFF8 0x001C0008 False   [12, 13, 14] [W]
   25 0x000004C8 0xFFFFFFF8 0x00380008 False   [13, 14, 15] [W]
   26 0x000004D0 0xFFFFFFF8 0x00700008 False   [16, 14, 15] [W]
   27 0x000004D8 0xFFFFFFF8 0x00E00008 False   [16, 17, 15] [W]
   28 0x000004E0 0xFFFFFFF8 0x00C0000C False   [16, 17] [N, W]
   29 0x000004E8 0xFFFFFFF8 0x0080000C False   [17] [N, W]
   30 0x000004F0 0xFFFFFFF8 0x0000000C False   [] [N, W]
   31 0x00000500 0xFFFFFFF8 0x00000004 False   [] [N]
   32 0x00000508 0xFFFFFFF8 0x0000000C False   [] [N, W]
   33 0x00000510 0xFFFFFFF8 0x0000000C False   [] [N, W]
   34 0x00000518 0xFFFFFFF8 0x0000000C False   [] [N, W]
   35 0x00000520 0xFFFFFFF8 0x0000000C False   [] [N, W]
   36 0x00000528 0xFFFFFFF8 0x0000000C False   [] [N, W]
   37 0x00000530 0xFFFFFFF8 0x0000000C False   [] [N, W]
   38 0x00000538 0xFFFFFFF8 0x0000000C False   [] [N, W]
   39 0x00000540 0xFFFFFFF8 0x0000000C False   [] [N, W]
   40 0x00000548 0xFFFFFFF8 0x0000000C False   [] [N, W]
   41 0x00000550 0xFFFFFFF8 0x0000000C False   [] [N, W]
   42 0x00000558 0xFFFFFFF8 0x00000004 False   [] [N]
   43 0x00000560 0xFFFFFFF8 0x00000104 False   [2] [N]
   44 0x00000568 0xFFFFFFF8 0x00000228 False   [3] [W, S]
   45 0x00000570 0xFFFFFFF8 0x00000528 False   [2, 4] [W, S]
   46 0x00000578 0xFFFFFFF8 0x00000A28 False   [3, 5] [W, S]
   47 0x00000580 0xFFFFFFF8 0x00001428 False   [4, 6] [W, S]
   48 0x00000588 0xFFFFFFF8 0x00002828 False   [5, 7] [W, S]
   49 0x00000590 0xFFFFFFF8 0x00005028 False   [8, 6] [W, S]
   50 0x00000598 0xFFFFFFF8 0x0000A028 False   [9, 7] [W, S]
   51 0x000005A0 0xFFFFFFF8 0x00014028 False   [8, 10] [W, S]
   52 0x000005A8 0xFFFFFFF8 0x00028028 False   [9, 11] [W, S]
   53 0x000005B0 0xFFFFFFF8 0x00050028 False   [10, 12] [W, S]
   54 0x000005B8 0xFFFFFFF8 0x000A0028 False   [11, 13] [W, S]
   55 0x000005C0 0xFFFFFFF8 0x00140028 False   [12, 14] [W, S]
   56 0x000005C8 0xFFFFFFF8 0x00280028 False   [13, 15] [W, S]
   57 0x000005D0 0xFFFFFFF8 0x00500028 False   [16, 14] [W, S]
   58 0x000005D8 0xFFFFFFF8 0x00A00028 False   [17, 15] [W, S]
   59 0x000005E0 0xFFFFFFF8 0x00400024 False   [16] [N, S]
   60 0x000005E8 0xFFFFFFF8 0x00800020 False   [17] [S]
   61 0x000005F0 0xFFFFFFF8 0x00000020 False   [] [S]
   62 0x000005F8 0xFFFFFFF8 0x00000020 False   [] [S]
   63 0x00000600 0xFFFFFFF8 0x00000020 False   [] [S]
   64 0x00000608 0xFFFFFFF8 0x00000020 False   [] [S]
   65 0x00000610 0xFFFFFFF8 0x00000020 False   [] [S]
   66 0x00000618 0xFFFFFFF8 0x00000020 False   [] [S]
   67 0x00000620 0xFFFFFFF8 0x00000020 False   [] [S]
   68 0x00000628 0xFFFFFFF8 0x00000020 False   [] [S]
   69 0x00000630 0xFFFFFFF8 0x00000020 False   [] [S]
   70 0x00000638 0xFFFFFFF8 0x00000020 False   [] [S]
   71 0x00000640 0xFFFFFFF8 0x00000020 False   [] [S]
   72 0x00000648 0xFFFFFFF8 0x00000020 False   [] [S]
   73 0x00000650 0xFFFFFFF8 0x00000020 False   [] [S]
   74 0x00000658 0xFFFFFFF8 0x00000020 False   [] [S]
   75 0x00000660 0xFFFFFFF8 0x00000120 False   [2] [S]
   76 0x00000668 0xFFFFFFF8 0x00000320 False   [2, 3] [S]
   77 0x00000670 0xFFFFFFF8 0x00000700 False   [2, 3, 4] []
   78 0x00000678 0xFFFFFFF8 0x00000E00 False   [3, 4, 5] []
   79 0x00000680 0xFFFFFFF8 0x00001C00 False   [4, 5, 6] []
   80 0x00000688 0xFFFFFFF8 0x00003800 False   [5, 6, 7] []
   81 0x00000690 0xFFFFFFF8 0x00007000 False   [8, 6, 7] []
   82 0x00000698 0xFFFFFFF8 0x0000E000 False   [8, 9, 7] []
   83 0x000006A0 0xFFFFFFF8 0x0001C000 False   [8, 9, 10] []
   84 0x000006A8 0xFFFFFFF8 0x00038000 False   [9, 10, 11] []
   85 0x000006B0 0xFFFFFFF8 0x00070000 False   [10, 11, 12] []
   86 0x000006B8 0xFFFFFFF8 0x000E0000 False   [11, 12, 13] []
   87 0x000006C0 0xFFFFFFF8 0x001C0000 False   [12, 13, 14] []
   88 0x000006C8 0xFFFFFFF8 0x00380000 False   [13, 14, 15] []
   89 0x000006D0 0xFFFFFFF8 0x00700020 False   [16, 14, 15] [S]
   90 0x000006D8 0xFFFFFFF8 0x00E00020 False   [16, 17, 15] [S]
   91 0x000006E0 0xFFFFFFF8 0x00C00020 False   [16, 17] [S]
   92 0x000006E8 0xFFFFFFF8 0x00800020 False   [17] [S]
   93 0x000006F0 0xFFFFFFF8 0x00000020 False   [] [S]
   94 0x000006F8 0xFFFFFFF8 0x00000020 False   [] [S]
   95 0x00000708 0xFFFFFFF8 0x00000020 False   [] [S]
   96 0x00000710 0xFFFFFFF8 0x00000020 False   [] [S]
   97 0x00000718 0xFFFFFFF8 0x00000020 False   [] [S]
   98 0x00000720 0xFFFFFFF8 0x00000020 False   [] [S]
   99 0x00000728 0xFFFFFFF8 0x00000020 False   [] [S]
  100 0x00000730 0xFFFFFFF8 0x00000020 False   [] [S]
  101 0x00000738 0xFFFFFFF8 0x00000020 False   [] [S]
  102 0x00000740 0xFFFFFFF8 0x00000020 False   [] [S]
  103 0x00000748 0xFFFFFFF8 0x00000020 False   [] [S]
  104 0x00000750 0xFFFFFFF8 0x00000020 False   [] [S]
  105 0x00000758 0xFFFFFFF8 0x00000020 False   [] [S]
  106 0x00000760 0xFFFFFFF8 0x00000020 False   [] [S]
  107 0x000007D8 0xFFFFFFF8 0x00000008 False   [] [W]
  108 0x000007E0 0xFFFFFFF8 0x00000008 False   [] [W]
  109 0x000007E8 0xFFFFFFF8 0x00000008 False   [] [W]
  110 0x000007F0 0xFFFFFFF8 0x00000008 False   [] [W]
  111 0x000007F8 0xFFFFFFF8 0x00000004 False   [] [N]
  112 0x00000808 0xFFFFFFF8 0x00000008 False   [] [W]
  113 0x00000810 0xFFFFFFF8 0x00000008 False   [] [W]
  114 0x00000818 0xFFFFFFF8 0x00000008 False   [] [W]
  115 0x00000820 0xFFFFFFF8 0x00000008 False   [] [W]
  116 0x00000828 0xFFFFFFF8 0x00000008 False   [] [W]
  117 0x00000830 0xFFFFFFF8 0x00000008 False   [] [W]
  118 0x00000838 0xFFFFFFF8 0x00000008 False   [] [W]
  119 0x00000840 0xFFFFFFF8 0x00000008 False   [] [W]
  120 0x00000848 0xFFFFFFF8 0x00000008 False   [] [W]
  121 0x00001F70 0xFFFFFFF8 0x00000010 False   [] [SW]
  122 0x00001F78 0xFFFFFFF8 0x00000010 False   [] [SW]
  123 0x00001F80 0xFFFFFFF8 0x00000010 False   [] [SW]
  124 0x00001F88 0xFFFFFFF8 0x00000010 False   [] [SW]
0 Defaultable entries
