Router contains 159 entries
Index Key        Mask       Route      Default [Cores][Links]
----- ---------- ---------- ---------- ------- --------------
    0 0x00001300 0xFFFFFFF8 0x00000020 False   [] [S]
    1 0x00001348 0xFFFFFFF8 0x00000020 False   [] [S]
    2 0x00001350 0xFFFFFFF8 0x00000020 False   [] [S]
    3 0x00001358 0xFFFFFFF8 0x00000020 False   [] [S]
    4 0x00001360 0xFFFFFFF8 0x00000020 False   [] [S]
    5 0x00001368 0xFFFFFFF8 0x00000020 False   [] [S]
    6 0x00001370 0xFFFFFFF8 0x00000020 False   [] [S]
    7 0x00001378 0xFFFFFFF8 0x00000020 False   [] [S]
    8 0x00001380 0xFFFFFFF8 0x00000020 False   [] [S]
    9 0x00001388 0xFFFFFFF8 0x00000020 False   [] [S]
   10 0x00001390 0xFFFFFFF8 0x00000020 False   [] [S]
   11 0x00001398 0xFFFFFFF8 0x00000020 False   [] [S]
   12 0x000013A0 0xFFFFFFF8 0x00000020 False   [] [S]
   13 0x000013A8 0xFFFFFFF8 0x00000020 False   [] [S]
   14 0x000013B0 0xFFFFFFF8 0x00000020 False   [] [S]
   15 0x00001400 0xFFFFFFF8 0x0000000C False   [] [N, W]
   16 0x00001430 0xFFFFFFF8 0x00000108 False   [2] [W]
   17 0x00001438 0xFFFFFFF8 0x00000308 False   [2, 3] [W]
   18 0x00001440 0xFFFFFFF8 0x00000708 False   [2, 3, 4] [W]
   19 0x00001448 0xFFFFFFF8 0x00000E08 False   [3, 4, 5] [W]
   20 0x00001450 0xFFFFFFF8 0x00001C08 False   [4, 5, 6] [W]
   21 0x00001458 0xFFFFFFF8 0x00003808 False   [5, 6, 7] [W]
   22 0x00001460 0xFFFFFFF8 0x00007008 False   [8, 6, 7] [W]
   23 0x00001468 0xFFFFFFF8 0x0000E008 False   [8, 9, 7] [W]
   24 0x00001470 0xFFFFFFF8 0x0001C008 False   [8, 9, 10] [W]
   25 0x00001478 0xFFFFFFF8 0x00038008 False   [9, 10, 11] [W]
   26 0x00001480 0xFFFFFFF8 0x00070008 False   [10, 11, 12] [W]
   27 0x00001488 0xFFFFFFF8 0x000E0008 False   [11, 12, 13] [W]
   28 0x00001490 0xFFFFFFF8 0x001C0008 False   [12, 13, 14] [W]
   29 0x00001498 0xFFFFFFF8 0x00380008 False   [13, 14, 15] [W]
   30 0x000014A0 0xFFFFFFF8 0x00700008 False   [16, 14, 15] [W]
   31 0x000014A8 0xFFFFFFF8 0x00E00008 False   [16, 17, 15] [W]
   32 0x000014B0 0xFFFFFFF8 0x00C0000C False   [16, 17] [N, W]
   33 0x000014B8 0xFFFFFFF8 0x0080000C False   [17] [N, W]
   34 0x000014C0 0xFFFFFFF8 0x00000004 False   [] [N]
   35 0x000014C8 0xFFFFFFF8 0x00000004 False   [] [N]
   36 0x000014D0 0xFFFFFFF8 0x00000004 False   [] [N]
   37 0x000014D8 0xFFFFFFF8 0x00000004 False   [] [N]
   38 0x000014E0 0xFFFFFFF8 0x00000004 False   [] [N]
   39 0x000014E8 0xFFFFFFF8 0x00000004 False   [] [N]
   40 0x000014F0 0xFFFFFFF8 0x00000004 False   [] [N]
   41 0x000014F8 0xFFFFFFF8 0x0000000C False   [] [N, W]
   42 0x00001500 0xFFFFFFF8 0x00000004 False   [] [N]
   43 0x00001508 0xFFFFFFF8 0x00000004 False   [] [N]
   44 0x00001510 0xFFFFFFF8 0x00000004 False   [] [N]
   45 0x00001518 0xFFFFFFF8 0x00000004 False   [] [N]
   46 0x00001520 0xFFFFFFF8 0x00000004 False   [] [N]
   47 0x00001528 0xFFFFFFF8 0x00000004 False   [] [N]
   48 0x00001530 0xFFFFFFF8 0x00000104 False   [2] [N]
   49 0x00001538 0xFFFFFFF8 0x00000228 False   [3] [W, S]
   50 0x00001540 0xFFFFFFF8 0x00000528 False   [2, 4] [W, S]
   51 0x00001548 0xFFFFFFF8 0x00000A28 False   [3, 5] [W, S]
   52 0x00001550 0xFFFFFFF8 0x00001428 False   [4, 6] [W, S]
   53 0x00001558 0xFFFFFFF8 0x00002828 False   [5, 7] [W, S]
   54 0x00001560 0xFFFFFFF8 0x00005028 False   [8, 6] [W, S]
   55 0x00001568 0xFFFFFFF8 0x0000A028 False   [9, 7] [W, S]
   56 0x00001570 0xFFFFFFF8 0x00014028 False   [8, 10] [W, S]
   57 0x00001578 0xFFFFFFF8 0x00028028 False   [9, 11] [W, S]
   58 0x00001580 0xFFFFFFF8 0x00050028 False   [10, 12] [W, S]
   59 0x00001588 0xFFFFFFF8 0x000A0028 False   [11, 13] [W, S]
   60 0x00001590 0xFFFFFFF8 0x00140028 False   [12, 14] [W, S]
   61 0x00001598 0xFFFFFFF8 0x00280028 False   [13, 15] [W, S]
   62 0x000015A0 0xFFFFFFF8 0x00500028 False   [16, 14] [W, S]
   63 0x000015A8 0xFFFFFFF8 0x00A00028 False   [17, 15] [W, S]
   64 0x000015B0 0xFFFFFFF8 0x00400024 False   [16] [N, S]
   65 0x000015B8 0xFFFFFFF8 0x00800020 False   [17] [S]
   66 0x000015C0 0xFFFFFFF8 0x00000020 False   [] [S]
   67 0x000015C8 0xFFFFFFF8 0x00000020 False   [] [S]
   68 0x000015D0 0xFFFFFFF8 0x00000020 False   [] [S]
   69 0x000015D8 0xFFFFFFF8 0x00000020 False   [] [S]
   70 0x000015E0 0xFFFFFFF8 0x00000020 False   [] [S]
   71 0x000015E8 0xFFFFFFF8 0x00000020 False   [] [S]
   72 0x000015F0 0xFFFFFFF8 0x00000020 False   [] [S]
   73 0x000015F8 0xFFFFFFF8 0x00000020 False   [] [S]
   74 0x00001600 0xFFFFFFF8 0x00000020 False   [] [S]
   75 0x00001608 0xFFFFFFF8 0x00000020 False   [] [S]
   76 0x00001610 0xFFFFFFF8 0x00000020 False   [] [S]
   77 0x00001618 0xFFFFFFF8 0x00000020 False   [] [S]
   78 0x00001620 0xFFFFFFF8 0x00000020 False   [] [S]
   79 0x00001628 0xFFFFFFF8 0x00000020 False   [] [S]
   80 0x00001630 0xFFFFFFF8 0x00000120 False   [2] [S]
   81 0x00001638 0xFFFFFFF8 0x00000320 False   [2, 3] [S]
   82 0x00001640 0xFFFFFFF8 0x00000700 False   [2, 3, 4] []
   83 0x00001648 0xFFFFFFF8 0x00000E00 False   [3, 4, 5] []
   84 0x00001650 0xFFFFFFF8 0x00001C00 False   [4, 5, 6] []
   85 0x00001658 0xFFFFFFF8 0x00003800 False   [5, 6, 7] []
   86 0x00001660 0xFFFFFFF8 0x00007000 False   [8, 6, 7] []
   87 0x00001668 0xFFFFFFF8 0x0000E000 False   [8, 9, 7] []
   88 0x00001670 0xFFFFFFF8 0x0001C000 False   [8, 9, 10] []
   89 0x00001678 0xFFFFFFF8 0x00038000 False   [9, 10, 11] []
   90 0x00001680 0xFFFFFFF8 0x00070000 False   [10, 11, 12] []
   91 0x00001688 0xFFFFFFF8 0x000E0000 False   [11, 12, 13] []
   92 0x00001690 0xFFFFFFF8 0x001C0000 False   [12, 13, 14] []
   93 0x00001698 0xFFFFFFF8 0x00380000 False   [13, 14, 15] []
   94 0x000016A0 0xFFFFFFF8 0x00700000 False   [16, 14, 15] []
   95 0x000016A8 0xFFFFFFF8 0x00E00020 False   [16, 17, 15] [S]
   96 0x000016B0 0xFFFFFFF8 0x00C00020 False   [16, 17] [S]
   97 0x000016B8 0xFFFFFFF8 0x00800020 False   [17] [S]
   98 0x000016C0 0xFFFFFFF8 0x00000020 False   [] [S]
   99 0x000016C8 0xFFFFFFF8 0x00000020 False   [] [S]
  100 0x000016D0 0xFFFFFFF8 0x00000020 False   [] [S]
  101 0x000016D8 0xFFFFFFF8 0x00000020 False   [] [S]
  102 0x000016E0 0xFFFFFFF8 0x00000020 False   [] [S]
  103 0x000016E8 0xFFFFFFF8 0x00000020 False   [] [S]
  104 0x000016F0 0xFFFFFFF8 0x00000020 False   [] [S]
  105 0x000016F8 0xFFFFFFF8 0x00000020 False   [] [S]
  106 0x00001708 0xFFFFFFF8 0x00000020 False   [] [S]
  107 0x00001710 0xFFFFFFF8 0x00000020 False   [] [S]
  108 0x00001718 0xFFFFFFF8 0x00000020 False   [] [S]
  109 0x00001720 0xFFFFFFF8 0x00000020 False   [] [S]
  110 0x00001728 0xFFFFFFF8 0x00000020 False   [] [S]
  111 0x00001730 0xFFFFFFF8 0x00000020 False   [] [S]
  112 0x000017B0 0xFFFFFFF8 0x00000008 False   [] [W]
  113 0x000017B8 0xFFFFFFF8 0x00000008 False   [] [W]
  114 0x000017C0 0xFFFFFFF8 0x00000008 False   [] [W]
  115 0x000017C8 0xFFFFFFF8 0x00000008 False   [] [W]
  116 0x000017D0 0xFFFFFFF8 0x00000008 False   [] [W]
  117 0x000017D8 0xFFFFFFF8 0x00000008 False   [] [W]
  118 0x000017E0 0xFFFFFFF8 0x00000008 False   [] [W]
  119 0x000017E8 0xFFFFFFF8 0x00000008 False   [] [W]
  120 0x000017F0 0xFFFFFFF8 0x00000008 False   [] [W]
  121 0x000017F8 0xFFFFFFF8 0x00000004 False   [] [N]
  122 0x00001808 0xFFFFFFF8 0x00000008 False   [] [W]
  123 0x00001810 0xFFFFFFF8 0x00000008 False   [] [W]
  124 0x00001818 0xFFFFFFF8 0x00000008 False   [] [W]
  125 0x00001B30 0xFFFFFFF8 0x00000020 False   [] [S]
  126 0x00001B38 0xFFFFFFF8 0x00000020 False   [] [S]
  127 0x00001B40 0xFFFFFFF8 0x00000020 False   [] [S]
  128 0x00001B48 0xFFFFFFF8 0x00000020 False   [] [S]
  129 0x00001B50 0xFFFFFFF8 0x00000020 False   [] [S]
  130 0x00001B58 0xFFFFFFF8 0x00000020 False   [] [S]
  131 0x00001B60 0xFFFFFFF8 0x00000020 False   [] [S]
  132 0x00001B68 0xFFFFFFF8 0x00000020 False   [] [S]
  133 0x00001B70 0xFFFFFFF8 0x00000020 False   [] [S]
  134 0x00001B78 0xFFFFFFF8 0x00000020 False   [] [S]
  135 0x00001B80 0xFFFFFFF8 0x00000020 False   [] [S]
  136 0x00001B88 0xFFFFFFF8 0x00000020 False   [] [S]
  137 0x00001B90 0xFFFFFFF8 0x00000020 False   [] [S]
  138 0x00001B98 0xFFFFFFF8 0x00000020 False   [] [S]
  139 0x00001BA0 0xFFFFFFF8 0x00000020 False   [] [S]
  140 0x00001BA8 0xFFFFFFF8 0x00000020 False   [] [S]
  141 0x00001C18 0xFFFFFFF8 0x00000008 False   [] [W]
  142 0x00001C20 0xFFFFFFF8 0x00000008 False   [] [W]
  143 0x00001C28 0xFFFFFFF8 0x00000008 False   [] [W]
  144 0x00001C30 0xFFFFFFF8 0x00000008 False   [] [W]
  145 0x00001C38 0xFFFFFFF8 0x00000008 False   [] [W]
  146 0x00001C40 0xFFFFFFF8 0x00000008 False   [] [W]
  147 0x00001C48 0xFFFFFFF8 0x00000008 False   [] [W]
  148 0x00001C50 0xFFFFFFF8 0x00000008 False   [] [W]
  149 0x00001C58 0xFFFFFFF8 0x00000008 False   [] [W]
  150 0x00001C60 0xFFFFFFF8 0x00000008 False   [] [W]
  151 0x00001C68 0xFFFFFFF8 0x00000008 False   [] [W]
  152 0x00001C70 0xFFFFFFF8 0x00000008 False   [] [W]
  153 0x00001C78 0xFFFFFFF8 0x00000008 False   [] [W]
  154 0x00001C80 0xFFFFFFF8 0x00000008 False   [] [W]
  155 0x00001F70 0xFFFFFFF8 0x00000010 False   [] [SW]
  156 0x00001F78 0xFFFFFFF8 0x00000010 False   [] [SW]
  157 0x00001F80 0xFFFFFFF8 0x00000010 False   [] [SW]
  158 0x00001F88 0xFFFFFFF8 0x00000010 False   [] [SW]
0 Defaultable entries
