Router contains 96 entries
Index Key        Mask       Route      Default [Cores][Links]
----- ---------- ---------- ---------- ------- --------------
    0 0x00001600 0xFFFFFFF8 0x00000020 False   [] [S]
    1 0x000016F8 0xFFFFFFF8 0x00000020 False   [] [S]
    2 0x00001700 0xFFFFFFF8 0x00000020 False   [] [S]
    3 0x00001720 0xFFFFFFF8 0x00000120 False   [2] [S]
    4 0x00001728 0xFFFFFFF8 0x00000320 False   [2, 3] [S]
    5 0x00001730 0xFFFFFFF8 0x00000700 False   [2, 3, 4] []
    6 0x00001738 0xFFFFFFF8 0x00000E00 False   [3, 4, 5] []
    7 0x00001740 0xFFFFFFF8 0x00001C00 False   [4, 5, 6] []
    8 0x00001748 0xFFFFFFF8 0x00003800 False   [5, 6, 7] []
    9 0x00001750 0xFFFFFFF8 0x00007000 False   [8, 6, 7] []
   10 0x00001758 0xFFFFFFF8 0x0000E000 False   [8, 9, 7] []
   11 0x00001760 0xFFFFFFF8 0x0001C000 False   [8, 9, 10] []
   12 0x00001768 0xFFFFFFF8 0x00038000 False   [9, 10, 11] []
   13 0x00001770 0xFFFFFFF8 0x00070000 False   [10, 11, 12] []
   14 0x00001778 0xFFFFFFF8 0x000E0000 False   [11, 12, 13] []
   15 0x00001780 0xFFFFFFF8 0x001C0000 False   [12, 13, 14] []
   16 0x00001788 0xFFFFFFF8 0x00380000 False   [13, 14, 15] []
   17 0x00001790 0xFFFFFFF8 0x00700000 False   [16, 14, 15] []
   18 0x00001798 0xFFFFFFF8 0x00E00000 False   [16, 17, 15] []
   19 0x000017A0 0xFFFFFFF8 0x00C00000 False   [16, 17] []
   20 0x000017A8 0xFFFFFFF8 0x00800020 False   [17] [S]
   21 0x000017B0 0xFFFFFFF8 0x00000004 False   [] [N]
   22 0x000017B8 0xFFFFFFF8 0x00000004 False   [] [N]
   23 0x000017C0 0xFFFFFFF8 0x00000004 False   [] [N]
   24 0x000017C8 0xFFFFFFF8 0x00000004 False   [] [N]
   25 0x000017D0 0xFFFFFFF8 0x00000004 False   [] [N]
   26 0x000017D8 0xFFFFFFF8 0x00000004 False   [] [N]
   27 0x000017E0 0xFFFFFFF8 0x00000004 False   [] [N]
   28 0x000017E8 0xFFFFFFF8 0x00000004 False   [] [N]
   29 0x000017F0 0xFFFFFFF8 0x00000004 False   [] [N]
   30 0x000017F8 0xFFFFFFF8 0x00000004 False   [] [N]
   31 0x00001800 0xFFFFFFF8 0x00000004 False   [] [N]
   32 0x00001808 0xFFFFFFF8 0x00000004 False   [] [N]
   33 0x00001810 0xFFFFFFF8 0x00000004 False   [] [N]
   34 0x00001818 0xFFFFFFF8 0x00000004 False   [] [N]
   35 0x00001820 0xFFFFFFF8 0x00000104 False   [2] [N]
   36 0x00001828 0xFFFFFFF8 0x00000224 False   [3] [N, S]
   37 0x00001830 0xFFFFFFF8 0x00000504 False   [2, 4] [N]
   38 0x00001838 0xFFFFFFF8 0x00000A04 False   [3, 5] [N]
   39 0x00001840 0xFFFFFFF8 0x00001404 False   [4, 6] [N]
   40 0x00001848 0xFFFFFFF8 0x00002804 False   [5, 7] [N]
   41 0x00001850 0xFFFFFFF8 0x00005004 False   [8, 6] [N]
   42 0x00001858 0xFFFFFFF8 0x0000A004 False   [9, 7] [N]
   43 0x00001860 0xFFFFFFF8 0x00014004 False   [8, 10] [N]
   44 0x00001868 0xFFFFFFF8 0x00028004 False   [9, 11] [N]
   45 0x00001870 0xFFFFFFF8 0x00050004 False   [10, 12] [N]
   46 0x00001878 0xFFFFFFF8 0x000A0004 False   [11, 13] [N]
   47 0x00001880 0xFFFFFFF8 0x00140004 False   [12, 14] [N]
   48 0x00001888 0xFFFFFFF8 0x00280004 False   [13, 15] [N]
   49 0x00001890 0xFFFFFFF8 0x00500004 False   [16, 14] [N]
   50 0x00001898 0xFFFFFFF8 0x00A00004 False   [17, 15] [N]
   51 0x000018A0 0xFFFFFFF8 0x00400004 False   [16] [N]
   52 0x000018A8 0xFFFFFFF8 0x00800020 False   [17] [S]
   53 0x000018B0 0xFFFFFFF8 0x00000020 False   [] [S]
   54 0x000018B8 0xFFFFFFF8 0x00000020 False   [] [S]
   55 0x000018C0 0xFFFFFFF8 0x00000020 False   [] [S]
   56 0x000018C8 0xFFFFFFF8 0x00000020 False   [] [S]
   57 0x000018D0 0xFFFFFFF8 0x00000020 False   [] [S]
   58 0x000018D8 0xFFFFFFF8 0x00000020 False   [] [S]
   59 0x000018E0 0xFFFFFFF8 0x00000020 False   [] [S]
   60 0x000018E8 0xFFFFFFF8 0x00000020 False   [] [S]
   61 0x000018F0 0xFFFFFFF8 0x00000020 False   [] [S]
   62 0x000018F8 0xFFFFFFF8 0x00000020 False   [] [S]
   63 0x00001900 0xFFFFFFF8 0x00000020 False   [] [S]
   64 0x00001908 0xFFFFFFF8 0x00000020 False   [] [S]
   65 0x00001910 0xFFFFFFF8 0x00000020 False   [] [S]
   66 0x00001918 0xFFFFFFF8 0x00000020 False   [] [S]
   67 0x00001920 0xFFFFFFF8 0x00000120 False   [2] [S]
   68 0x00001928 0xFFFFFFF8 0x00000320 False   [2, 3] [S]
   69 0x00001930 0xFFFFFFF8 0x00000700 False   [2, 3, 4] []
   70 0x00001938 0xFFFFFFF8 0x00000E00 False   [3, 4, 5] []
   71 0x00001940 0xFFFFFFF8 0x00001C00 False   [4, 5, 6] []
   72 0x00001948 0xFFFFFFF8 0x00003800 False   [5, 6, 7] []
   73 0x00001950 0xFFFFFFF8 0x00007000 False   [8, 6, 7] []
   74 0x00001958 0xFFFFFFF8 0x0000E000 False   [8, 9, 7] []
   75 0x00001960 0xFFFFFFF8 0x0001C000 False   [8, 9, 10] []
   76 0x00001968 0xFFFFFFF8 0x00038000 False   [9, 10, 11] []
   77 0x00001970 0xFFFFFFF8 0x00070000 False   [10, 11, 12] []
   78 0x00001978 0xFFFFFFF8 0x000E0000 False   [11, 12, 13] []
   79 0x00001980 0xFFFFFFF8 0x001C0000 False   [12, 13, 14] []
   80 0x00001988 0xFFFFFFF8 0x00380000 False   [13, 14, 15] []
   81 0x00001990 0xFFFFFFF8 0x00700000 False   [16, 14, 15] []
   82 0x00001998 0xFFFFFFF8 0x00E00000 False   [16, 17, 15] []
   83 0x000019A0 0xFFFFFFF8 0x00C00000 False   [16, 17] []
   84 0x000019A8 0xFFFFFFF8 0x00800000 False   [17] []
   85 0x000019F8 0xFFFFFFF8 0x00000020 False   [] [S]
   86 0x00001B00 0xFFFFFFF8 0x00000001 False   [] [E]
   87 0x00001B10 0xFFFFFFF8 0x00000020 False   [] [S]
   88 0x00001B18 0xFFFFFFF8 0x00000020 False   [] [S]
   89 0x00001B20 0xFFFFFFF8 0x00000020 False   [] [S]
   90 0x00001B28 0xFFFFFFF8 0x00000020 False   [] [S]
   91 0x00001B90 0xFFFFFFF8 0x00000001 False   [] [E]
   92 0x00001B98 0xFFFFFFF8 0x00000001 False   [] [E]
   93 0x00001BA0 0xFFFFFFF8 0x00000001 False   [] [E]
   94 0x00001BA8 0xFFFFFFF8 0x00000001 False   [] [E]
   95 0x00001BF8 0xFFFFFFF8 0x00000001 False   [] [E]
0 Defaultable entries
