Router contains 54 entries
Index Key        Mask       Route      Default [Cores][Links]
----- ---------- ---------- ---------- ------- --------------
    0 0x00001B10 0xFFFFFFF8 0x00000100 False   [2] []
    1 0x00001B18 0xFFFFFFF8 0x00000300 False   [2, 3] []
    2 0x00001B20 0xFFFFFFF8 0x00000700 False   [2, 3, 4] []
    3 0x00001B28 0xFFFFFFF8 0x00000E00 False   [3, 4, 5] []
    4 0x00001B30 0xFFFFFFF8 0x00001C00 False   [4, 5, 6] []
    5 0x00001B38 0xFFFFFFF8 0x00003800 False   [5, 6, 7] []
    6 0x00001B40 0xFFFFFFF8 0x00007000 False   [8, 6, 7] []
    7 0x00001B48 0xFFFFFFF8 0x0000E000 False   [8, 9, 7] []
    8 0x00001B50 0xFFFFFFF8 0x0001C000 False   [8, 9, 10] []
    9 0x00001B58 0xFFFFFFF8 0x00038000 False   [9, 10, 11] []
   10 0x00001B60 0xFFFFFFF8 0x00070000 False   [10, 11, 12] []
   11 0x00001B68 0xFFFFFFF8 0x000E0000 False   [11, 12, 13] []
   12 0x00001B70 0xFFFFFFF8 0x001C0000 False   [12, 13, 14] []
   13 0x00001B78 0xFFFFFFF8 0x00380000 False   [13, 14, 15] []
   14 0x00001B80 0xFFFFFFF8 0x00700000 False   [16, 14, 15] []
   15 0x00001B88 0xFFFFFFF8 0x00E00000 False   [16, 17, 15] []
   16 0x00001B90 0xFFFFFFF8 0x00C00000 False   [16, 17] []
   17 0x00001B98 0xFFFFFFF8 0x00800000 False   [17] []
   18 0x00001C10 0xFFFFFFF8 0x00000100 False   [2] []
   19 0x00001C18 0xFFFFFFF8 0x00000204 False   [3] [N]
   20 0x00001C20 0xFFFFFFF8 0x00000504 False   [2, 4] [N]
   21 0x00001C28 0xFFFFFFF8 0x00000A04 False   [3, 5] [N]
   22 0x00001C30 0xFFFFFFF8 0x00001404 False   [4, 6] [N]
   23 0x00001C38 0xFFFFFFF8 0x00002804 False   [5, 7] [N]
   24 0x00001C40 0xFFFFFFF8 0x00005004 False   [8, 6] [N]
   25 0x00001C48 0xFFFFFFF8 0x0000A004 False   [9, 7] [N]
   26 0x00001C50 0xFFFFFFF8 0x00014004 False   [8, 10] [N]
   27 0x00001C58 0xFFFFFFF8 0x00028004 False   [9, 11] [N]
   28 0x00001C60 0xFFFFFFF8 0x00050004 False   [10, 12] [N]
   29 0x00001C68 0xFFFFFFF8 0x000A0004 False   [11, 13] [N]
   30 0x00001C70 0xFFFFFFF8 0x00140004 False   [12, 14] [N]
   31 0x00001C78 0xFFFFFFF8 0x00280004 False   [13, 15] [N]
   32 0x00001C80 0xFFFFFFF8 0x00500004 False   [16, 14] [N]
   33 0x00001C88 0xFFFFFFF8 0x00A00004 False   [17, 15] [N]
   34 0x00001C90 0xFFFFFFF8 0x00400004 False   [16] [N]
   35 0x00001C98 0xFFFFFFF8 0x00800000 False   [17] []
   36 0x00001D10 0xFFFFFFF8 0x00000100 False   [2] []
   37 0x00001D18 0xFFFFFFF8 0x00000300 False   [2, 3] []
   38 0x00001D20 0xFFFFFFF8 0x00000700 False   [2, 3, 4] []
   39 0x00001D28 0xFFFFFFF8 0x00000E00 False   [3, 4, 5] []
   40 0x00001D30 0xFFFFFFF8 0x00001C00 False   [4, 5, 6] []
   41 0x00001D38 0xFFFFFFF8 0x00003800 False   [5, 6, 7] []
   42 0x00001D40 0xFFFFFFF8 0x00007000 False   [8, 6, 7] []
   43 0x00001D48 0xFFFFFFF8 0x0000E000 False   [8, 9, 7] []
   44 0x00001D50 0xFFFFFFF8 0x0001C000 False   [8, 9, 10] []
   45 0x00001D58 0xFFFFFFF8 0x00038000 False   [9, 10, 11] []
   46 0x00001D60 0xFFFFFFF8 0x00070000 False   [10, 11, 12] []
   47 0x00001D68 0xFFFFFFF8 0x000E0000 False   [11, 12, 13] []
   48 0x00001D70 0xFFFFFFF8 0x001C0000 False   [12, 13, 14] []
   49 0x00001D78 0xFFFFFFF8 0x00380000 False   [13, 14, 15] []
   50 0x00001D80 0xFFFFFFF8 0x00700000 False   [16, 14, 15] []
   51 0x00001D88 0xFFFFFFF8 0x00E00000 False   [16, 17, 15] []
   52 0x00001D90 0xFFFFFFF8 0x00C00000 False   [16, 17] []
   53 0x00001D98 0xFFFFFFF8 0x00800000 False   [17] []
0 Defaultable entries
