Router contains 88 entries
Index Key        Mask       Route      Default [Cores][Links]
----- ---------- ---------- ---------- ------- --------------
    0 0x00001A00 0xFFFFFFF8 0x00000008 False   [] [W]
    1 0x00001A20 0xFFFFFFF8 0x00000100 False   [2] []
    2 0x00001A28 0xFFFFFFF8 0x00000300 False   [2, 3] []
    3 0x00001A30 0xFFFFFFF8 0x00000700 False   [2, 3, 4] []
    4 0x00001A38 0xFFFFFFF8 0x00000E00 False   [3, 4, 5] []
    5 0x00001A40 0xFFFFFFF8 0x00001C00 False   [4, 5, 6] []
    6 0x00001A48 0xFFFFFFF8 0x00003800 False   [5, 6, 7] []
    7 0x00001A50 0xFFFFFFF8 0x00007000 False   [8, 6, 7] []
    8 0x00001A58 0xFFFFFFF8 0x0000E000 False   [8, 9, 7] []
    9 0x00001A60 0xFFFFFFF8 0x0001C000 False   [8, 9, 10] []
   10 0x00001A68 0xFFFFFFF8 0x00038000 False   [9, 10, 11] []
   11 0x00001A70 0xFFFFFFF8 0x00070000 False   [10, 11, 12] []
   12 0x00001A78 0xFFFFFFF8 0x000E0000 False   [11, 12, 13] []
   13 0x00001A80 0xFFFFFFF8 0x001C0000 False   [12, 13, 14] []
   14 0x00001A88 0xFFFFFFF8 0x00380000 False   [13, 14, 15] []
   15 0x00001A90 0xFFFFFFF8 0x00700000 False   [16, 14, 15] []
   16 0x00001A98 0xFFFFFFF8 0x00600008 False   [16, 15] [W]
   17 0x00001AA0 0xFFFFFFF8 0x00400008 False   [16] [W]
   18 0x00001AA8 0xFFFFFFF8 0x00000008 False   [] [W]
   19 0x00001AB0 0xFFFFFFF8 0x00000008 False   [] [W]
   20 0x00001AB8 0xFFFFFFF8 0x00000008 False   [] [W]
   21 0x00001AC0 0xFFFFFFF8 0x00000008 False   [] [W]
   22 0x00001AC8 0xFFFFFFF8 0x00000008 False   [] [W]
   23 0x00001AD0 0xFFFFFFF8 0x00000008 False   [] [W]
   24 0x00001AD8 0xFFFFFFF8 0x00000008 False   [] [W]
   25 0x00001AE0 0xFFFFFFF8 0x00000008 False   [] [W]
   26 0x00001AE8 0xFFFFFFF8 0x00000008 False   [] [W]
   27 0x00001AF0 0xFFFFFFF8 0x00000008 False   [] [W]
   28 0x00001AF8 0xFFFFFFF8 0x00000008 False   [] [W]
   29 0x00001B00 0xFFFFFFF8 0x00000008 False   [] [W]
   30 0x00001B08 0xFFFFFFF8 0x00000008 False   [] [W]
   31 0x00001B10 0xFFFFFFF8 0x00000008 False   [] [W]
   32 0x00001B18 0xFFFFFFF8 0x00000008 False   [] [W]
   33 0x00001B20 0xFFFFFFF8 0x00000100 False   [2] []
   34 0x00001B28 0xFFFFFFF8 0x00000201 False   [3] [E]
   35 0x00001B30 0xFFFFFFF8 0x00000501 False   [2, 4] [E]
   36 0x00001B38 0xFFFFFFF8 0x00000A01 False   [3, 5] [E]
   37 0x00001B40 0xFFFFFFF8 0x00001401 False   [4, 6] [E]
   38 0x00001B48 0xFFFFFFF8 0x00002801 False   [5, 7] [E]
   39 0x00001B50 0xFFFFFFF8 0x00005001 False   [8, 6] [E]
   40 0x00001B58 0xFFFFFFF8 0x0000A001 False   [9, 7] [E]
   41 0x00001B60 0xFFFFFFF8 0x00014001 False   [8, 10] [E]
   42 0x00001B68 0xFFFFFFF8 0x00028001 False   [9, 11] [E]
   43 0x00001B70 0xFFFFFFF8 0x00050001 False   [10, 12] [E]
   44 0x00001B78 0xFFFFFFF8 0x000A0001 False   [11, 13] [E]
   45 0x00001B80 0xFFFFFFF8 0x00140001 False   [12, 14] [E]
   46 0x00001B88 0xFFFFFFF8 0x00280001 False   [13, 15] [E]
   47 0x00001B90 0xFFFFFFF8 0x00500001 False   [16, 14] [E]
   48 0x00001B98 0xFFFFFFF8 0x00200009 False   [15] [E, W]
   49 0x00001BA0 0xFFFFFFF8 0x00400001 False   [16] [E]
   50 0x00001BA8 0xFFFFFFF8 0x00000001 False   [] [E]
   51 0x00001BB0 0xFFFFFFF8 0x00000001 False   [] [E]
   52 0x00001BB8 0xFFFFFFF8 0x00000001 False   [] [E]
   53 0x00001BC0 0xFFFFFFF8 0x00000001 False   [] [E]
   54 0x00001BC8 0xFFFFFFF8 0x00000001 False   [] [E]
   55 0x00001BD0 0xFFFFFFF8 0x00000001 False   [] [E]
   56 0x00001BD8 0xFFFFFFF8 0x00000001 False   [] [E]
   57 0x00001BE0 0xFFFFFFF8 0x00000001 False   [] [E]
   58 0x00001BE8 0xFFFFFFF8 0x00000001 False   [] [E]
   59 0x00001BF0 0xFFFFFFF8 0x00000001 False   [] [E]
   60 0x00001BF8 0xFFFFFFF8 0x00000001 False   [] [E]
   61 0x00001C00 0xFFFFFFF8 0x00000001 False   [] [E]
   62 0x00001C08 0xFFFFFFF8 0x00000001 False   [] [E]
   63 0x00001C10 0xFFFFFFF8 0x00000001 False   [] [E]
   64 0x00001C18 0xFFFFFFF8 0x00000008 False   [] [W]
   65 0x00001C20 0xFFFFFFF8 0x00000100 False   [2] []
   66 0x00001C28 0xFFFFFFF8 0x00000300 False   [2, 3] []
   67 0x00001C30 0xFFFFFFF8 0x00000700 False   [2, 3, 4] []
   68 0x00001C38 0xFFFFFFF8 0x00000E00 False   [3, 4, 5] []
   69 0x00001C40 0xFFFFFFF8 0x00001C00 False   [4, 5, 6] []
   70 0x00001C48 0xFFFFFFF8 0x00003800 False   [5, 6, 7] []
   71 0x00001C50 0xFFFFFFF8 0x00007000 False   [8, 6, 7] []
   72 0x00001C58 0xFFFFFFF8 0x0000E000 False   [8, 9, 7] []
   73 0x00001C60 0xFFFFFFF8 0x0001C000 False   [8, 9, 10] []
   74 0x00001C68 0xFFFFFFF8 0x00038000 False   [9, 10, 11] []
   75 0x00001C70 0xFFFFFFF8 0x00070000 False   [10, 11, 12] []
   76 0x00001C78 0xFFFFFFF8 0x000E0000 False   [11, 12, 13] []
   77 0x00001C80 0xFFFFFFF8 0x001C0000 False   [12, 13, 14] []
   78 0x00001C88 0xFFFFFFF8 0x00380000 False   [13, 14, 15] []
   79 0x00001C90 0xFFFFFFF8 0x00700000 False   [16, 14, 15] []
   80 0x00001C98 0xFFFFFFF8 0x00600008 False   [16, 15] [W]
   81 0x00001CA0 0xFFFFFFF8 0x00400008 False   [16] [W]
   82 0x00001CF8 0xFFFFFFF8 0x00000008 False   [] [W]
   83 0x00001D00 0xFFFFFFF8 0x00000008 False   [] [W]
   84 0x00001D08 0xFFFFFFF8 0x00000008 False   [] [W]
   85 0x00001D10 0xFFFFFFF8 0x00000008 False   [] [W]
   86 0x00001D18 0xFFFFFFF8 0x00000008 False   [] [W]
   87 0x00001DF8 0xFFFFFFF8 0x00000008 False   [] [W]
0 Defaultable entries
