Router contains 70 entries
Index Key        Mask       Route      Default [Cores][Links]
----- ---------- ---------- ---------- ------- --------------
    0 0x00000000 0xFFFFFFF8 0x00800000 False   [17] []
    1 0x00000008 0xFFFFFFF8 0x00800000 False   [17] []
    2 0x000000F8 0xFFFFFFF8 0x00800000 False   [17] []
    3 0x00001D00 0xFFFFFFF8 0x00400000 False   [16] []
    4 0x00001D80 0xFFFFFFF8 0x00000100 False   [2] []
    5 0x00001D88 0xFFFFFFF8 0x00000300 False   [2, 3] []
    6 0x00001D90 0xFFFFFFF8 0x00000700 False   [2, 3, 4] []
    7 0x00001D98 0xFFFFFFF8 0x00000E00 False   [3, 4, 5] []
    8 0x00001DA0 0xFFFFFFF8 0x00001C00 False   [4, 5, 6] []
    9 0x00001DA8 0xFFFFFFF8 0x00003800 False   [5, 6, 7] []
   10 0x00001DB0 0xFFFFFFF8 0x00007000 False   [8, 6, 7] []
   11 0x00001DB8 0xFFFFFFF8 0x0000E000 False   [8, 9, 7] []
   12 0x00001DC0 0xFFFFFFF8 0x0001C000 False   [8, 9, 10] []
   13 0x00001DC8 0xFFFFFFF8 0x00038000 False   [9, 10, 11] []
   14 0x00001DD0 0xFFFFFFF8 0x00070000 False   [10, 11, 12] []
   15 0x00001DD8 0xFFFFFFF8 0x000E0000 False   [11, 12, 13] []
   16 0x00001DE0 0xFFFFFFF8 0x001C0000 False   [12, 13, 14] []
   17 0x00001DE8 0xFFFFFFF8 0x00380000 False   [13, 14, 15] []
   18 0x00001DF0 0xFFFFFFF8 0x00700000 False   [16, 14, 15] []
   19 0x00001DF8 0xFFFFFFF8 0x00600000 False   [16, 15] []
   20 0x00001E00 0xFFFFFFF8 0x00C00008 False   [16, 17] [W]
   21 0x00001E08 0xFFFFFFF8 0x00800008 False   [17] [W]
   22 0x00001E80 0xFFFFFFF8 0x00000108 False   [2] [W]
   23 0x00001E88 0xFFFFFFF8 0x00000228 False   [3] [W, S]
   24 0x00001E90 0xFFFFFFF8 0x00000528 False   [2, 4] [W, S]
   25 0x00001E98 0xFFFFFFF8 0x00000A28 False   [3, 5] [W, S]
   26 0x00001EA0 0xFFFFFFF8 0x00001428 False   [4, 6] [W, S]
   27 0x00001EA8 0xFFFFFFF8 0x00002828 False   [5, 7] [W, S]
   28 0x00001EB0 0xFFFFFFF8 0x00005028 False   [8, 6] [W, S]
   29 0x00001EB8 0xFFFFFFF8 0x0000A028 False   [9, 7] [W, S]
   30 0x00001EC0 0xFFFFFFF8 0x00014028 False   [8, 10] [W, S]
   31 0x00001EC8 0xFFFFFFF8 0x00028028 False   [9, 11] [W, S]
   32 0x00001ED0 0xFFFFFFF8 0x00050028 False   [10, 12] [W, S]
   33 0x00001ED8 0xFFFFFFF8 0x000A0028 False   [11, 13] [W, S]
   34 0x00001EE0 0xFFFFFFF8 0x00140028 False   [12, 14] [W, S]
   35 0x00001EE8 0xFFFFFFF8 0x00280028 False   [13, 15] [W, S]
   36 0x00001EF0 0xFFFFFFF8 0x00500028 False   [16, 14] [W, S]
   37 0x00001EF8 0xFFFFFFF8 0x00A00028 False   [17, 15] [W, S]
   38 0x00001F00 0xFFFFFFF8 0x00400038 False   [16] [W, SW, S]
   39 0x00001F08 0xFFFFFFF8 0x00800020 False   [17] [S]
   40 0x00001F10 0xFFFFFFF8 0x00000020 False   [] [S]
   41 0x00001F18 0xFFFFFFF8 0x00000020 False   [] [S]
   42 0x00001F20 0xFFFFFFF8 0x00000020 False   [] [S]
   43 0x00001F28 0xFFFFFFF8 0x00000020 False   [] [S]
   44 0x00001F30 0xFFFFFFF8 0x00000020 False   [] [S]
   45 0x00001F38 0xFFFFFFF8 0x00000020 False   [] [S]
   46 0x00001F40 0xFFFFFFF8 0x00000020 False   [] [S]
   47 0x00001F48 0xFFFFFFF8 0x00000020 False   [] [S]
   48 0x00001F50 0xFFFFFFF8 0x00000020 False   [] [S]
   49 0x00001F58 0xFFFFFFF8 0x00000020 False   [] [S]
   50 0x00001F60 0xFFFFFFF8 0x00000020 False   [] [S]
   51 0x00001F68 0xFFFFFFF8 0x00000020 False   [] [S]
   52 0x00001F70 0xFFFFFFF8 0x00000020 False   [] [S]
   53 0x00001F78 0xFFFFFFF8 0x00000020 False   [] [S]
   54 0x00001F80 0xFFFFFFF8 0x00000120 False   [2] [S]
   55 0x00001F88 0xFFFFFFF8 0x00000320 False   [2, 3] [S]
   56 0x00001F90 0xFFFFFFF8 0x00000700 False   [2, 3, 4] []
   57 0x00001F98 0xFFFFFFF8 0x00000E00 False   [3, 4, 5] []
   58 0x00001FA0 0xFFFFFFF8 0x00001C00 False   [4, 5, 6] []
   59 0x00001FA8 0xFFFFFFF8 0x00003800 False   [5, 6, 7] []
   60 0x00001FB0 0xFFFFFFF8 0x00007000 False   [8, 6, 7] []
   61 0x00001FB8 0xFFFFFFF8 0x0000E000 False   [8, 9, 7] []
   62 0x00001FC0 0xFFFFFFF8 0x0001C000 False   [8, 9, 10] []
   63 0x00001FC8 0xFFFFFFF8 0x00038000 False   [9, 10, 11] []
   64 0x00001FD0 0xFFFFFFF8 0x00070000 False   [10, 11, 12] []
   65 0x00001FD8 0xFFFFFFF8 0x000E0000 False   [11, 12, 13] []
   66 0x00001FE0 0xFFFFFFF8 0x001C0000 False   [12, 13, 14] []
   67 0x00001FE8 0xFFFFFFF8 0x00380000 False   [13, 14, 15] []
   68 0x00001FF0 0xFFFFFFF8 0x00700000 False   [16, 14, 15] []
   69 0x00001FF8 0xFFFFFFF8 0x00E00020 False   [16, 17, 15] [S]
0 Defaultable entries
