Router contains 99 entries
Index Key        Mask       Route      Default [Cores][Links]
----- ---------- ---------- ---------- ------- --------------
    0 0x00000A00 0xFFFFFFF8 0x00000020 False   [] [S]
    1 0x00000AF8 0xFFFFFFF8 0x00000020 False   [] [S]
    2 0x00000B00 0xFFFFFFF8 0x00000020 False   [] [S]
    3 0x00000B50 0xFFFFFFF8 0x00000120 False   [2] [S]
    4 0x00000B58 0xFFFFFFF8 0x00000320 False   [2, 3] [S]
    5 0x00000B60 0xFFFFFFF8 0x00000700 False   [2, 3, 4] []
    6 0x00000B68 0xFFFFFFF8 0x00000E00 False   [3, 4, 5] []
    7 0x00000B70 0xFFFFFFF8 0x00001C00 False   [4, 5, 6] []
    8 0x00000B78 0xFFFFFFF8 0x00003800 False   [5, 6, 7] []
    9 0x00000B80 0xFFFFFFF8 0x00007000 False   [8, 6, 7] []
   10 0x00000B88 0xFFFFFFF8 0x0000E000 False   [8, 9, 7] []
   11 0x00000B90 0xFFFFFFF8 0x0001C000 False   [8, 9, 10] []
   12 0x00000B98 0xFFFFFFF8 0x00038000 False   [9, 10, 11] []
   13 0x00000BA0 0xFFFFFFF8 0x00070000 False   [10, 11, 12] []
   14 0x00000BA8 0xFFFFFFF8 0x000E0000 False   [11, 12, 13] []
   15 0x00000BB0 0xFFFFFFF8 0x001C0000 False   [12, 13, 14] []
   16 0x00000BB8 0xFFFFFFF8 0x00380000 False   [13, 14, 15] []
   17 0x00000BC0 0xFFFFFFF8 0x00700000 False   [16, 14, 15] []
   18 0x00000BC8 0xFFFFFFF8 0x00600000 False   [16, 15] []
   19 0x00000BD0 0xFFFFFFF8 0x00400020 False   [16] [S]
   20 0x00000BD8 0xFFFFFFF8 0x00000004 False   [] [N]
   21 0x00000BE0 0xFFFFFFF8 0x00000004 False   [] [N]
   22 0x00000BE8 0xFFFFFFF8 0x00000004 False   [] [N]
   23 0x00000BF0 0xFFFFFFF8 0x00000004 False   [] [N]
   24 0x00000BF8 0xFFFFFFF8 0x00000004 False   [] [N]
   25 0x00000C00 0xFFFFFFF8 0x00000004 False   [] [N]
   26 0x00000C08 0xFFFFFFF8 0x00000004 False   [] [N]
   27 0x00000C10 0xFFFFFFF8 0x00000004 False   [] [N]
   28 0x00000C18 0xFFFFFFF8 0x00000004 False   [] [N]
   29 0x00000C20 0xFFFFFFF8 0x00000004 False   [] [N]
   30 0x00000C28 0xFFFFFFF8 0x00000004 False   [] [N]
   31 0x00000C30 0xFFFFFFF8 0x00000004 False   [] [N]
   32 0x00000C38 0xFFFFFFF8 0x00000004 False   [] [N]
   33 0x00000C40 0xFFFFFFF8 0x00000004 False   [] [N]
   34 0x00000C48 0xFFFFFFF8 0x00000004 False   [] [N]
   35 0x00000C50 0xFFFFFFF8 0x00000104 False   [2] [N]
   36 0x00000C58 0xFFFFFFF8 0x00000224 False   [3] [N, S]
   37 0x00000C60 0xFFFFFFF8 0x00000504 False   [2, 4] [N]
   38 0x00000C68 0xFFFFFFF8 0x00000A04 False   [3, 5] [N]
   39 0x00000C70 0xFFFFFFF8 0x00001404 False   [4, 6] [N]
   40 0x00000C78 0xFFFFFFF8 0x00002804 False   [5, 7] [N]
   41 0x00000C80 0xFFFFFFF8 0x00005004 False   [8, 6] [N]
   42 0x00000C88 0xFFFFFFF8 0x0000A004 False   [9, 7] [N]
   43 0x00000C90 0xFFFFFFF8 0x00014004 False   [8, 10] [N]
   44 0x00000C98 0xFFFFFFF8 0x00028004 False   [9, 11] [N]
   45 0x00000CA0 0xFFFFFFF8 0x00050004 False   [10, 12] [N]
   46 0x00000CA8 0xFFFFFFF8 0x000A0004 False   [11, 13] [N]
   47 0x00000CB0 0xFFFFFFF8 0x00140004 False   [12, 14] [N]
   48 0x00000CB8 0xFFFFFFF8 0x00280004 False   [13, 15] [N]
   49 0x00000CC0 0xFFFFFFF8 0x00500004 False   [16, 14] [N]
   50 0x00000CC8 0xFFFFFFF8 0x00200004 False   [15] [N]
   51 0x00000CD0 0xFFFFFFF8 0x00400020 False   [16] [S]
   52 0x00000CD8 0xFFFFFFF8 0x00000020 False   [] [S]
   53 0x00000CE0 0xFFFFFFF8 0x00000020 False   [] [S]
   54 0x00000CE8 0xFFFFFFF8 0x00000020 False   [] [S]
   55 0x00000CF0 0xFFFFFFF8 0x00000020 False   [] [S]
   56 0x00000CF8 0xFFFFFFF8 0x00000020 False   [] [S]
   57 0x00000D00 0xFFFFFFF8 0x00000020 False   [] [S]
   58 0x00000D08 0xFFFFFFF8 0x00000020 False   [] [S]
   59 0x00000D10 0xFFFFFFF8 0x00000020 False   [] [S]
   60 0x00000D18 0xFFFFFFF8 0x00000020 False   [] [S]
   61 0x00000D20 0xFFFFFFF8 0x00000020 False   [] [S]
   62 0x00000D28 0xFFFFFFF8 0x00000020 False   [] [S]
   63 0x00000D30 0xFFFFFFF8 0x00000020 False   [] [S]
   64 0x00000D38 0xFFFFFFF8 0x00000020 False   [] [S]
   65 0x00000D40 0xFFFFFFF8 0x00000020 False   [] [S]
   66 0x00000D48 0xFFFFFFF8 0x00000020 False   [] [S]
   67 0x00000D50 0xFFFFFFF8 0x00000120 False   [2] [S]
   68 0x00000D58 0xFFFFFFF8 0x00000320 False   [2, 3] [S]
   69 0x00000D60 0xFFFFFFF8 0x00000700 False   [2, 3, 4] []
   70 0x00000D68 0xFFFFFFF8 0x00000E00 False   [3, 4, 5] []
   71 0x00000D70 0xFFFFFFF8 0x00001C00 False   [4, 5, 6] []
   72 0x00000D78 0xFFFFFFF8 0x00003800 False   [5, 6, 7] []
   73 0x00000D80 0xFFFFFFF8 0x00007000 False   [8, 6, 7] []
   74 0x00000D88 0xFFFFFFF8 0x0000E000 False   [8, 9, 7] []
   75 0x00000D90 0xFFFFFFF8 0x0001C000 False   [8, 9, 10] []
   76 0x00000D98 0xFFFFFFF8 0x00038000 False   [9, 10, 11] []
   77 0x00000DA0 0xFFFFFFF8 0x00070000 False   [10, 11, 12] []
   78 0x00000DA8 0xFFFFFFF8 0x000E0000 False   [11, 12, 13] []
   79 0x00000DB0 0xFFFFFFF8 0x001C0000 False   [12, 13, 14] []
   80 0x00000DB8 0xFFFFFFF8 0x00380000 False   [13, 14, 15] []
   81 0x00000DC0 0xFFFFFFF8 0x00700000 False   [16, 14, 15] []
   82 0x00000DC8 0xFFFFFFF8 0x00600000 False   [16, 15] []
   83 0x00000DD0 0xFFFFFFF8 0x00400000 False   [16] []
   84 0x00000DF8 0xFFFFFFF8 0x00000020 False   [] [S]
   85 0x00000EB8 0xFFFFFFF8 0x00000001 False   [] [E]
   86 0x00000EC0 0xFFFFFFF8 0x00000001 False   [] [E]
   87 0x00000EC8 0xFFFFFFF8 0x00000001 False   [] [E]
   88 0x00000ED0 0xFFFFFFF8 0x00000001 False   [] [E]
   89 0x00000ED8 0xFFFFFFF8 0x00000001 False   [] [E]
   90 0x00000EE0 0xFFFFFFF8 0x00000001 False   [] [E]
   91 0x00000EE8 0xFFFFFFF8 0x00000001 False   [] [E]
   92 0x00000EF0 0xFFFFFFF8 0x00000001 False   [] [E]
   93 0x00000F08 0xFFFFFFF8 0x00000001 False   [] [E]
   94 0x00000F10 0xFFFFFFF8 0x00000001 False   [] [E]
   95 0x00000F18 0xFFFFFFF8 0x00000001 False   [] [E]
   96 0x00000F20 0xFFFFFFF8 0x00000001 False   [] [E]
   97 0x00000F28 0xFFFFFFF8 0x00000001 False   [] [E]
   98 0x00000F30 0xFFFFFFF8 0x00000001 False   [] [E]
0 Defaultable entries
