Router contains 131 entries
Index Key        Mask       Route      Default [Cores][Links]
----- ---------- ---------- ---------- ------- --------------
    0 0x00000F00 0xFFFFFFF8 0x00000020 False   [] [S]
    1 0x00000F50 0xFFFFFFF8 0x00000020 False   [] [S]
    2 0x00000F58 0xFFFFFFF8 0x00000020 False   [] [S]
    3 0x00000F60 0xFFFFFFF8 0x00000020 False   [] [S]
    4 0x00000F68 0xFFFFFFF8 0x00000020 False   [] [S]
    5 0x00000F70 0xFFFFFFF8 0x00000020 False   [] [S]
    6 0x00000F78 0xFFFFFFF8 0x00000020 False   [] [S]
    7 0x00000F80 0xFFFFFFF8 0x00000020 False   [] [S]
    8 0x00000F88 0xFFFFFFF8 0x00000020 False   [] [S]
    9 0x00000F90 0xFFFFFFF8 0x00000020 False   [] [S]
   10 0x00000F98 0xFFFFFFF8 0x00000020 False   [] [S]
   11 0x00000FA0 0xFFFFFFF8 0x00000020 False   [] [S]
   12 0x00000FA8 0xFFFFFFF8 0x00000020 False   [] [S]
   13 0x00000FB0 0xFFFFFFF8 0x00000020 False   [] [S]
   14 0x00000FB8 0xFFFFFFF8 0x00000020 False   [] [S]
   15 0x00001000 0xFFFFFFF8 0x0000000C False   [] [N, W]
   16 0x00001038 0xFFFFFFF8 0x00000108 False   [2] [W]
   17 0x00001040 0xFFFFFFF8 0x00000308 False   [2, 3] [W]
   18 0x00001048 0xFFFFFFF8 0x00000708 False   [2, 3, 4] [W]
   19 0x00001050 0xFFFFFFF8 0x00000E08 False   [3, 4, 5] [W]
   20 0x00001058 0xFFFFFFF8 0x00001C08 False   [4, 5, 6] [W]
   21 0x00001060 0xFFFFFFF8 0x00003808 False   [5, 6, 7] [W]
   22 0x00001068 0xFFFFFFF8 0x00007008 False   [8, 6, 7] [W]
   23 0x00001070 0xFFFFFFF8 0x0000E008 False   [8, 9, 7] [W]
   24 0x00001078 0xFFFFFFF8 0x0001C008 False   [8, 9, 10] [W]
   25 0x00001080 0xFFFFFFF8 0x00038008 False   [9, 10, 11] [W]
   26 0x00001088 0xFFFFFFF8 0x00070008 False   [10, 11, 12] [W]
   27 0x00001090 0xFFFFFFF8 0x000E0008 False   [11, 12, 13] [W]
   28 0x00001098 0xFFFFFFF8 0x001C0008 False   [12, 13, 14] [W]
   29 0x000010A0 0xFFFFFFF8 0x00380008 False   [13, 14, 15] [W]
   30 0x000010A8 0xFFFFFFF8 0x00700008 False   [16, 14, 15] [W]
   31 0x000010B0 0xFFFFFFF8 0x00E00008 False   [16, 17, 15] [W]
   32 0x000010B8 0xFFFFFFF8 0x00C0000C False   [16, 17] [N, W]
   33 0x000010C0 0xFFFFFFF8 0x0080000C False   [17] [N, W]
   34 0x000010C8 0xFFFFFFF8 0x00000004 False   [] [N]
   35 0x000010D0 0xFFFFFFF8 0x00000004 False   [] [N]
   36 0x000010D8 0xFFFFFFF8 0x00000004 False   [] [N]
   37 0x000010E0 0xFFFFFFF8 0x00000004 False   [] [N]
   38 0x000010E8 0xFFFFFFF8 0x00000004 False   [] [N]
   39 0x000010F0 0xFFFFFFF8 0x00000004 False   [] [N]
   40 0x000010F8 0xFFFFFFF8 0x0000000C False   [] [N, W]
   41 0x00001100 0xFFFFFFF8 0x00000004 False   [] [N]
   42 0x00001108 0xFFFFFFF8 0x00000004 False   [] [N]
   43 0x00001110 0xFFFFFFF8 0x00000004 False   [] [N]
   44 0x00001118 0xFFFFFFF8 0x00000004 False   [] [N]
   45 0x00001120 0xFFFFFFF8 0x00000004 False   [] [N]
   46 0x00001128 0xFFFFFFF8 0x00000004 False   [] [N]
   47 0x00001130 0xFFFFFFF8 0x00000004 False   [] [N]
   48 0x00001138 0xFFFFFFF8 0x00000104 False   [2] [N]
   49 0x00001140 0xFFFFFFF8 0x00000224 False   [3] [N, S]
   50 0x00001148 0xFFFFFFF8 0x00000528 False   [2, 4] [W, S]
   51 0x00001150 0xFFFFFFF8 0x00000A28 False   [3, 5] [W, S]
   52 0x00001158 0xFFFFFFF8 0x00001428 False   [4, 6] [W, S]
   53 0x00001160 0xFFFFFFF8 0x00002828 False   [5, 7] [W, S]
   54 0x00001168 0xFFFFFFF8 0x00005028 False   [8, 6] [W, S]
   55 0x00001170 0xFFFFFFF8 0x0000A028 False   [9, 7] [W, S]
   56 0x00001178 0xFFFFFFF8 0x00014028 False   [8, 10] [W, S]
   57 0x00001180 0xFFFFFFF8 0x00028028 False   [9, 11] [W, S]
   58 0x00001188 0xFFFFFFF8 0x00050028 False   [10, 12] [W, S]
   59 0x00001190 0xFFFFFFF8 0x000A0028 False   [11, 13] [W, S]
   60 0x00001198 0xFFFFFFF8 0x00140028 False   [12, 14] [W, S]
   61 0x000011A0 0xFFFFFFF8 0x00280028 False   [13, 15] [W, S]
   62 0x000011A8 0xFFFFFFF8 0x00500028 False   [16, 14] [W, S]
   63 0x000011B0 0xFFFFFFF8 0x00A00028 False   [17, 15] [W, S]
   64 0x000011B8 0xFFFFFFF8 0x00400024 False   [16] [N, S]
   65 0x000011C0 0xFFFFFFF8 0x00800020 False   [17] [S]
   66 0x000011C8 0xFFFFFFF8 0x00000020 False   [] [S]
   67 0x000011D0 0xFFFFFFF8 0x00000020 False   [] [S]
   68 0x000011D8 0xFFFFFFF8 0x00000020 False   [] [S]
   69 0x000011E0 0xFFFFFFF8 0x00000020 False   [] [S]
   70 0x000011E8 0xFFFFFFF8 0x00000020 False   [] [S]
   71 0x000011F0 0xFFFFFFF8 0x00000020 False   [] [S]
   72 0x000011F8 0xFFFFFFF8 0x00000020 False   [] [S]
   73 0x00001200 0xFFFFFFF8 0x00000020 False   [] [S]
   74 0x00001208 0xFFFFFFF8 0x00000020 False   [] [S]
   75 0x00001210 0xFFFFFFF8 0x00000020 False   [] [S]
   76 0x00001218 0xFFFFFFF8 0x00000020 False   [] [S]
   77 0x00001220 0xFFFFFFF8 0x00000020 False   [] [S]
   78 0x00001228 0xFFFFFFF8 0x00000020 False   [] [S]
   79 0x00001230 0xFFFFFFF8 0x00000020 False   [] [S]
   80 0x00001238 0xFFFFFFF8 0x00000120 False   [2] [S]
   81 0x00001240 0xFFFFFFF8 0x00000320 False   [2, 3] [S]
   82 0x00001248 0xFFFFFFF8 0x00000700 False   [2, 3, 4] []
   83 0x00001250 0xFFFFFFF8 0x00000E00 False   [3, 4, 5] []
   84 0x00001258 0xFFFFFFF8 0x00001C00 False   [4, 5, 6] []
   85 0x00001260 0xFFFFFFF8 0x00003800 False   [5, 6, 7] []
   86 0x00001268 0xFFFFFFF8 0x00007000 False   [8, 6, 7] []
   87 0x00001270 0xFFFFFFF8 0x0000E000 False   [8, 9, 7] []
   88 0x00001278 0xFFFFFFF8 0x0001C000 False   [8, 9, 10] []
   89 0x00001280 0xFFFFFFF8 0x00038000 False   [9, 10, 11] []
   90 0x00001288 0xFFFFFFF8 0x00070000 False   [10, 11, 12] []
   91 0x00001290 0xFFFFFFF8 0x000E0000 False   [11, 12, 13] []
   92 0x00001298 0xFFFFFFF8 0x001C0000 False   [12, 13, 14] []
   93 0x000012A0 0xFFFFFFF8 0x00380000 False   [13, 14, 15] []
   94 0x000012A8 0xFFFFFFF8 0x00700000 False   [16, 14, 15] []
   95 0x000012B0 0xFFFFFFF8 0x00E00020 False   [16, 17, 15] [S]
   96 0x000012B8 0xFFFFFFF8 0x00C00020 False   [16, 17] [S]
   97 0x000012C0 0xFFFFFFF8 0x00800020 False   [17] [S]
   98 0x000012C8 0xFFFFFFF8 0x00000020 False   [] [S]
   99 0x000012D0 0xFFFFFFF8 0x00000020 False   [] [S]
  100 0x000012D8 0xFFFFFFF8 0x00000020 False   [] [S]
  101 0x000012E0 0xFFFFFFF8 0x00000020 False   [] [S]
  102 0x000012E8 0xFFFFFFF8 0x00000020 False   [] [S]
  103 0x000012F0 0xFFFFFFF8 0x00000020 False   [] [S]
  104 0x000012F8 0xFFFFFFF8 0x00000020 False   [] [S]
  105 0x00001308 0xFFFFFFF8 0x00000020 False   [] [S]
  106 0x00001310 0xFFFFFFF8 0x00000020 False   [] [S]
  107 0x00001318 0xFFFFFFF8 0x00000020 False   [] [S]
  108 0x00001320 0xFFFFFFF8 0x00000020 False   [] [S]
  109 0x00001328 0xFFFFFFF8 0x00000020 False   [] [S]
  110 0x00001330 0xFFFFFFF8 0x00000020 False   [] [S]
  111 0x00001338 0xFFFFFFF8 0x00000020 False   [] [S]
  112 0x00001340 0xFFFFFFF8 0x00000020 False   [] [S]
  113 0x000013B8 0xFFFFFFF8 0x00000008 False   [] [W]
  114 0x000013C0 0xFFFFFFF8 0x00000008 False   [] [W]
  115 0x000013C8 0xFFFFFFF8 0x00000008 False   [] [W]
  116 0x000013D0 0xFFFFFFF8 0x00000008 False   [] [W]
  117 0x000013D8 0xFFFFFFF8 0x00000008 False   [] [W]
  118 0x000013E0 0xFFFFFFF8 0x00000008 False   [] [W]
  119 0x000013E8 0xFFFFFFF8 0x00000008 False   [] [W]
  120 0x000013F0 0xFFFFFFF8 0x00000008 False   [] [W]
  121 0x000013F8 0xFFFFFFF8 0x00000004 False   [] [N]
  122 0x00001408 0xFFFFFFF8 0x00000008 False   [] [W]
  123 0x00001410 0xFFFFFFF8 0x00000008 False   [] [W]
  124 0x00001418 0xFFFFFFF8 0x00000008 False   [] [W]
  125 0x00001420 0xFFFFFFF8 0x00000008 False   [] [W]
  126 0x00001428 0xFFFFFFF8 0x00000008 False   [] [W]
  127 0x00001F70 0xFFFFFFF8 0x00000010 False   [] [SW]
  128 0x00001F78 0xFFFFFFF8 0x00000010 False   [] [SW]
  129 0x00001F80 0xFFFFFFF8 0x00000010 False   [] [SW]
  130 0x00001F88 0xFFFFFFF8 0x00000010 False   [] [SW]
0 Defaultable entries
