Router contains 115 entries
Index Key        Mask       Route      Default [Cores][Links]
----- ---------- ---------- ---------- ------- --------------
    0 0x00000500 0xFFFFFFF8 0x00000810 False   [5] [SW]
    1 0x00000558 0xFFFFFFF8 0x00000010 False   [] [SW]
    2 0x00000560 0xFFFFFFF8 0x00000010 False   [] [SW]
    3 0x000005D8 0xFFFFFFF8 0x00000100 False   [2] []
    4 0x000005E0 0xFFFFFFF8 0x00000300 False   [2, 3] []
    5 0x000005E8 0xFFFFFFF8 0x00000700 False   [2, 3, 4] []
    6 0x000005F0 0xFFFFFFF8 0x00000E00 False   [3, 4, 5] []
    7 0x000005F8 0xFFFFFFF8 0x00000C10 False   [4, 5] [SW]
    8 0x00000600 0xFFFFFFF8 0x00003800 False   [5, 6, 7] []
    9 0x00000608 0xFFFFFFF8 0x00007000 False   [8, 6, 7] []
   10 0x00000610 0xFFFFFFF8 0x0000E000 False   [8, 9, 7] []
   11 0x00000618 0xFFFFFFF8 0x0001C000 False   [8, 9, 10] []
   12 0x00000620 0xFFFFFFF8 0x00038000 False   [9, 10, 11] []
   13 0x00000628 0xFFFFFFF8 0x00070000 False   [10, 11, 12] []
   14 0x00000630 0xFFFFFFF8 0x000E0000 False   [11, 12, 13] []
   15 0x00000638 0xFFFFFFF8 0x001C0000 False   [12, 13, 14] []
   16 0x00000640 0xFFFFFFF8 0x00380000 False   [13, 14, 15] []
   17 0x00000648 0xFFFFFFF8 0x00700000 False   [16, 14, 15] []
   18 0x00000650 0xFFFFFFF8 0x00600008 False   [16, 15] [W]
   19 0x00000658 0xFFFFFFF8 0x00400008 False   [16] [W]
   20 0x00000660 0xFFFFFFF8 0x00000008 False   [] [W]
   21 0x00000668 0xFFFFFFF8 0x00000008 False   [] [W]
   22 0x00000670 0xFFFFFFF8 0x00000008 False   [] [W]
   23 0x00000678 0xFFFFFFF8 0x00000008 False   [] [W]
   24 0x00000680 0xFFFFFFF8 0x00000008 False   [] [W]
   25 0x00000688 0xFFFFFFF8 0x00000008 False   [] [W]
   26 0x00000690 0xFFFFFFF8 0x00000008 False   [] [W]
   27 0x00000698 0xFFFFFFF8 0x00000008 False   [] [W]
   28 0x000006A0 0xFFFFFFF8 0x00000008 False   [] [W]
   29 0x000006A8 0xFFFFFFF8 0x00000008 False   [] [W]
   30 0x000006B0 0xFFFFFFF8 0x00000008 False   [] [W]
   31 0x000006B8 0xFFFFFFF8 0x00000008 False   [] [W]
   32 0x000006C0 0xFFFFFFF8 0x00000008 False   [] [W]
   33 0x000006C8 0xFFFFFFF8 0x00000008 False   [] [W]
   34 0x000006D0 0xFFFFFFF8 0x00000008 False   [] [W]
   35 0x000006D8 0xFFFFFFF8 0x00000108 False   [2] [W]
   36 0x000006E0 0xFFFFFFF8 0x00000201 False   [3] [E]
   37 0x000006E8 0xFFFFFFF8 0x00000501 False   [2, 4] [E]
   38 0x000006F0 0xFFFFFFF8 0x00000A01 False   [3, 5] [E]
   39 0x000006F8 0xFFFFFFF8 0x00001401 False   [4, 6] [E]
   40 0x00000700 0xFFFFFFF8 0x00002801 False   [5, 7] [E]
   41 0x00000708 0xFFFFFFF8 0x00005001 False   [8, 6] [E]
   42 0x00000710 0xFFFFFFF8 0x0000A001 False   [9, 7] [E]
   43 0x00000718 0xFFFFFFF8 0x00014001 False   [8, 10] [E]
   44 0x00000720 0xFFFFFFF8 0x00028001 False   [9, 11] [E]
   45 0x00000728 0xFFFFFFF8 0x00050001 False   [10, 12] [E]
   46 0x00000730 0xFFFFFFF8 0x000A0001 False   [11, 13] [E]
   47 0x00000738 0xFFFFFFF8 0x00140001 False   [12, 14] [E]
   48 0x00000740 0xFFFFFFF8 0x00280001 False   [13, 15] [E]
   49 0x00000748 0xFFFFFFF8 0x00500001 False   [16, 14] [E]
   50 0x00000750 0xFFFFFFF8 0x00200009 False   [15] [E, W]
   51 0x00000758 0xFFFFFFF8 0x00400001 False   [16] [E]
   52 0x00000760 0xFFFFFFF8 0x00000001 False   [] [E]
   53 0x00000768 0xFFFFFFF8 0x00000001 False   [] [E]
   54 0x00000770 0xFFFFFFF8 0x00000001 False   [] [E]
   55 0x00000778 0xFFFFFFF8 0x00000001 False   [] [E]
   56 0x00000780 0xFFFFFFF8 0x00000001 False   [] [E]
   57 0x00000788 0xFFFFFFF8 0x00000001 False   [] [E]
   58 0x00000790 0xFFFFFFF8 0x00000001 False   [] [E]
   59 0x00000798 0xFFFFFFF8 0x00000001 False   [] [E]
   60 0x000007A0 0xFFFFFFF8 0x00000001 False   [] [E]
   61 0x000007A8 0xFFFFFFF8 0x00000001 False   [] [E]
   62 0x000007B0 0xFFFFFFF8 0x00000001 False   [] [E]
   63 0x000007B8 0xFFFFFFF8 0x00000001 False   [] [E]
   64 0x000007C0 0xFFFFFFF8 0x00000001 False   [] [E]
   65 0x000007C8 0xFFFFFFF8 0x00000001 False   [] [E]
   66 0x000007D0 0xFFFFFFF8 0x00000001 False   [] [E]
   67 0x000007D8 0xFFFFFFF8 0x00000108 False   [2] [W]
   68 0x000007E0 0xFFFFFFF8 0x00000300 False   [2, 3] []
   69 0x000007E8 0xFFFFFFF8 0x00000700 False   [2, 3, 4] []
   70 0x000007F0 0xFFFFFFF8 0x00000E00 False   [3, 4, 5] []
   71 0x000007F8 0xFFFFFFF8 0x00001C00 False   [4, 5, 6] []
   72 0x00000800 0xFFFFFFF8 0x00003000 False   [6, 7] []
   73 0x00000808 0xFFFFFFF8 0x00007000 False   [8, 6, 7] []
   74 0x00000810 0xFFFFFFF8 0x0000E000 False   [8, 9, 7] []
   75 0x00000818 0xFFFFFFF8 0x0001C000 False   [8, 9, 10] []
   76 0x00000820 0xFFFFFFF8 0x00038000 False   [9, 10, 11] []
   77 0x00000828 0xFFFFFFF8 0x00070000 False   [10, 11, 12] []
   78 0x00000830 0xFFFFFFF8 0x000E0000 False   [11, 12, 13] []
   79 0x00000838 0xFFFFFFF8 0x001C0000 False   [12, 13, 14] []
   80 0x00000840 0xFFFFFFF8 0x00380000 False   [13, 14, 15] []
   81 0x00000848 0xFFFFFFF8 0x00700000 False   [16, 14, 15] []
   82 0x00000850 0xFFFFFFF8 0x00600008 False   [16, 15] [W]
   83 0x00000858 0xFFFFFFF8 0x00400008 False   [16] [W]
   84 0x00000860 0xFFFFFFF8 0x00000008 False   [] [W]
   85 0x00000868 0xFFFFFFF8 0x00000008 False   [] [W]
   86 0x00000870 0xFFFFFFF8 0x00000008 False   [] [W]
   87 0x00000878 0xFFFFFFF8 0x00000008 False   [] [W]
   88 0x00000880 0xFFFFFFF8 0x00000008 False   [] [W]
   89 0x00000888 0xFFFFFFF8 0x00000008 False   [] [W]
   90 0x00000890 0xFFFFFFF8 0x00000008 False   [] [W]
   91 0x00000898 0xFFFFFFF8 0x00000008 False   [] [W]
   92 0x000008A0 0xFFFFFFF8 0x00000008 False   [] [W]
   93 0x000008A8 0xFFFFFFF8 0x00000008 False   [] [W]
   94 0x000008B0 0xFFFFFFF8 0x00000008 False   [] [W]
   95 0x000008B8 0xFFFFFFF8 0x00000008 False   [] [W]
   96 0x000008C0 0xFFFFFFF8 0x00000008 False   [] [W]
   97 0x000008C8 0xFFFFFFF8 0x00000008 False   [] [W]
   98 0x000008D0 0xFFFFFFF8 0x00000008 False   [] [W]
   99 0x000008D8 0xFFFFFFF8 0x00000008 False   [] [W]
  100 0x000008F8 0xFFFFFFF8 0x00001000 False   [6] []
  101 0x00001F90 0xFFFFFFF8 0x00000020 False   [] [S]
  102 0x00001F98 0xFFFFFFF8 0x00000020 False   [] [S]
  103 0x00001FA0 0xFFFFFFF8 0x00000020 False   [] [S]
  104 0x00001FA8 0xFFFFFFF8 0x00000020 False   [] [S]
  105 0x00001FB0 0xFFFFFFF8 0x00000020 False   [] [S]
  106 0x00001FB8 0xFFFFFFF8 0x00000020 False   [] [S]
  107 0x00001FC0 0xFFFFFFF8 0x00000020 False   [] [S]
  108 0x00001FC8 0xFFFFFFF8 0x00000020 False   [] [S]
  109 0x00001FD0 0xFFFFFFF8 0x00000020 False   [] [S]
  110 0x00001FD8 0xFFFFFFF8 0x00000020 False   [] [S]
  111 0x00001FE0 0xFFFFFFF8 0x00000020 False   [] [S]
  112 0x00001FE8 0xFFFFFFF8 0x00000020 False   [] [S]
  113 0x00001FF0 0xFFFFFFF8 0x00000020 False   [] [S]
  114 0x00001FF8 0xFFFFFFF8 0x00000020 False   [] [S]
0 Defaultable entries
