Router contains 161 entries
Index Key        Mask       Route      Default [Cores][Links]
----- ---------- ---------- ---------- ------- --------------
    0 0x00000000 0xFFFFFFF8 0x00000002 False   [] [NE]
    1 0x00000008 0xFFFFFFF8 0x00000002 False   [] [NE]
    2 0x00000010 0xFFFFFFF8 0x00000002 False   [] [NE]
    3 0x00000018 0xFFFFFFF8 0x00000002 False   [] [NE]
    4 0x00000020 0xFFFFFFF8 0x00000002 False   [] [NE]
    5 0x00000028 0xFFFFFFF8 0x00000002 False   [] [NE]
    6 0x00000030 0xFFFFFFF8 0x00000002 False   [] [NE]
    7 0x00000038 0xFFFFFFF8 0x00000002 False   [] [NE]
    8 0x00000040 0xFFFFFFF8 0x00000002 False   [] [NE]
    9 0x00000048 0xFFFFFFF8 0x00000002 False   [] [NE]
   10 0x00000050 0xFFFFFFF8 0x00000002 False   [] [NE]
   11 0x00000058 0xFFFFFFF8 0x00000002 False   [] [NE]
   12 0x00000060 0xFFFFFFF8 0x00000002 False   [] [NE]
   13 0x000000F0 0xFFFFFFF8 0x00000002 False   [] [NE]
   14 0x000000F8 0xFFFFFFF8 0x00000002 False   [] [NE]
   15 0x00001000 0xFFFFFFF8 0x00008000 False   [9] []
   16 0x000010B8 0xFFFFFFF8 0x00000100 False   [2] []
   17 0x000010C0 0xFFFFFFF8 0x00000300 False   [2, 3] []
   18 0x000010C8 0xFFFFFFF8 0x00000700 False   [2, 3, 4] []
   19 0x000010D0 0xFFFFFFF8 0x00000E00 False   [3, 4, 5] []
   20 0x000010D8 0xFFFFFFF8 0x00001C00 False   [4, 5, 6] []
   21 0x000010E0 0xFFFFFFF8 0x00003800 False   [5, 6, 7] []
   22 0x000010E8 0xFFFFFFF8 0x00007000 False   [8, 6, 7] []
   23 0x000010F0 0xFFFFFFF8 0x0000E000 False   [8, 9, 7] []
   24 0x000010F8 0xFFFFFFF8 0x0000C000 False   [8, 9] []
   25 0x00001100 0xFFFFFFF8 0x00038008 False   [9, 10, 11] [W]
   26 0x00001108 0xFFFFFFF8 0x00070000 False   [10, 11, 12] []
   27 0x00001110 0xFFFFFFF8 0x000E0000 False   [11, 12, 13] []
   28 0x00001118 0xFFFFFFF8 0x001C0000 False   [12, 13, 14] []
   29 0x00001120 0xFFFFFFF8 0x00380000 False   [13, 14, 15] []
   30 0x00001128 0xFFFFFFF8 0x00700000 False   [16, 14, 15] []
   31 0x00001130 0xFFFFFFF8 0x00E00000 False   [16, 17, 15] []
   32 0x00001138 0xFFFFFFF8 0x00C00008 False   [16, 17] [W]
   33 0x00001140 0xFFFFFFF8 0x00800008 False   [17] [W]
   34 0x000011B8 0xFFFFFFF8 0x00000108 False   [2] [W]
   35 0x000011C0 0xFFFFFFF8 0x00000228 False   [3] [W, S]
   36 0x000011C8 0xFFFFFFF8 0x00000528 False   [2, 4] [W, S]
   37 0x000011D0 0xFFFFFFF8 0x00000A28 False   [3, 5] [W, S]
   38 0x000011D8 0xFFFFFFF8 0x00001428 False   [4, 6] [W, S]
   39 0x000011E0 0xFFFFFFF8 0x00002828 False   [5, 7] [W, S]
   40 0x000011E8 0xFFFFFFF8 0x00005028 False   [8, 6] [W, S]
   41 0x000011F0 0xFFFFFFF8 0x0000A028 False   [9, 7] [W, S]
   42 0x000011F8 0xFFFFFFF8 0x00014028 False   [8, 10] [W, S]
   43 0x00001200 0xFFFFFFF8 0x00028028 False   [9, 11] [W, S]
   44 0x00001208 0xFFFFFFF8 0x00050028 False   [10, 12] [W, S]
   45 0x00001210 0xFFFFFFF8 0x000A0028 False   [11, 13] [W, S]
   46 0x00001218 0xFFFFFFF8 0x00140028 False   [12, 14] [W, S]
   47 0x00001220 0xFFFFFFF8 0x00280028 False   [13, 15] [W, S]
   48 0x00001228 0xFFFFFFF8 0x00500028 False   [16, 14] [W, S]
   49 0x00001230 0xFFFFFFF8 0x00A00028 False   [17, 15] [W, S]
   50 0x00001238 0xFFFFFFF8 0x00400028 False   [16] [W, S]
   51 0x00001240 0xFFFFFFF8 0x00800020 False   [17] [S]
   52 0x00001248 0xFFFFFFF8 0x00000020 False   [] [S]
   53 0x00001250 0xFFFFFFF8 0x00000020 False   [] [S]
   54 0x00001258 0xFFFFFFF8 0x00000020 False   [] [S]
   55 0x00001260 0xFFFFFFF8 0x00000020 False   [] [S]
   56 0x00001268 0xFFFFFFF8 0x00000020 False   [] [S]
   57 0x00001270 0xFFFFFFF8 0x00000020 False   [] [S]
   58 0x00001278 0xFFFFFFF8 0x00000020 False   [] [S]
   59 0x00001280 0xFFFFFFF8 0x00000020 False   [] [S]
   60 0x00001288 0xFFFFFFF8 0x00000020 False   [] [S]
   61 0x00001290 0xFFFFFFF8 0x00000020 False   [] [S]
   62 0x00001298 0xFFFFFFF8 0x00000020 False   [] [S]
   63 0x000012A0 0xFFFFFFF8 0x00000020 False   [] [S]
   64 0x000012A8 0xFFFFFFF8 0x00000020 False   [] [S]
   65 0x000012B0 0xFFFFFFF8 0x00000020 False   [] [S]
   66 0x000012B8 0xFFFFFFF8 0x00000120 False   [2] [S]
   67 0x000012C0 0xFFFFFFF8 0x00000320 False   [2, 3] [S]
   68 0x000012C8 0xFFFFFFF8 0x00000720 False   [2, 3, 4] [S]
   69 0x000012D0 0xFFFFFFF8 0x00000E20 False   [3, 4, 5] [S]
   70 0x000012D8 0xFFFFFFF8 0x00001C20 False   [4, 5, 6] [S]
   71 0x000012E0 0xFFFFFFF8 0x00003820 False   [5, 6, 7] [S]
   72 0x000012E8 0xFFFFFFF8 0x00007020 False   [8, 6, 7] [S]
   73 0x000012F0 0xFFFFFFF8 0x0000E020 False   [8, 9, 7] [S]
   74 0x000012F8 0xFFFFFFF8 0x0001C020 False   [8, 9, 10] [S]
   75 0x00001300 0xFFFFFFF8 0x00030001 False   [10, 11] [E]
   76 0x00001308 0xFFFFFFF8 0x00070020 False   [10, 11, 12] [S]
   77 0x00001310 0xFFFFFFF8 0x000E0020 False   [11, 12, 13] [S]
   78 0x00001318 0xFFFFFFF8 0x001C0020 False   [12, 13, 14] [S]
   79 0x00001320 0xFFFFFFF8 0x00380020 False   [13, 14, 15] [S]
   80 0x00001328 0xFFFFFFF8 0x00700020 False   [16, 14, 15] [S]
   81 0x00001330 0xFFFFFFF8 0x00E00020 False   [16, 17, 15] [S]
   82 0x00001338 0xFFFFFFF8 0x00C00020 False   [16, 17] [S]
   83 0x00001340 0xFFFFFFF8 0x00800020 False   [17] [S]
   84 0x00001348 0xFFFFFFF8 0x00000001 False   [] [E]
   85 0x00001350 0xFFFFFFF8 0x00000001 False   [] [E]
   86 0x00001358 0xFFFFFFF8 0x00000001 False   [] [E]
   87 0x00001360 0xFFFFFFF8 0x00000001 False   [] [E]
   88 0x00001368 0xFFFFFFF8 0x00000001 False   [] [E]
   89 0x00001370 0xFFFFFFF8 0x00000001 False   [] [E]
   90 0x00001378 0xFFFFFFF8 0x00000001 False   [] [E]
   91 0x00001380 0xFFFFFFF8 0x00000001 False   [] [E]
   92 0x00001388 0xFFFFFFF8 0x00000001 False   [] [E]
   93 0x00001390 0xFFFFFFF8 0x00000001 False   [] [E]
   94 0x00001398 0xFFFFFFF8 0x00000001 False   [] [E]
   95 0x000013A0 0xFFFFFFF8 0x00000001 False   [] [E]
   96 0x000013A8 0xFFFFFFF8 0x00000001 False   [] [E]
   97 0x000013B0 0xFFFFFFF8 0x00000001 False   [] [E]
   98 0x000013F8 0xFFFFFFF8 0x00010008 False   [10] [W]
   99 0x00001400 0xFFFFFFF8 0x00000008 False   [] [W]
  100 0x00001430 0xFFFFFFF8 0x00000008 False   [] [W]
  101 0x00001438 0xFFFFFFF8 0x00000008 False   [] [W]
  102 0x00001440 0xFFFFFFF8 0x00000008 False   [] [W]
  103 0x00001448 0xFFFFFFF8 0x00000008 False   [] [W]
  104 0x00001450 0xFFFFFFF8 0x00000008 False   [] [W]
  105 0x00001458 0xFFFFFFF8 0x00000008 False   [] [W]
  106 0x00001460 0xFFFFFFF8 0x00000008 False   [] [W]
  107 0x00001468 0xFFFFFFF8 0x00000008 False   [] [W]
  108 0x00001470 0xFFFFFFF8 0x00000008 False   [] [W]
  109 0x00001478 0xFFFFFFF8 0x00000008 False   [] [W]
  110 0x00001480 0xFFFFFFF8 0x00000008 False   [] [W]
  111 0x00001488 0xFFFFFFF8 0x00000008 False   [] [W]
  112 0x00001490 0xFFFFFFF8 0x00000008 False   [] [W]
  113 0x00001498 0xFFFFFFF8 0x00000008 False   [] [W]
  114 0x000014A0 0xFFFFFFF8 0x00000008 False   [] [W]
  115 0x000014A8 0xFFFFFFF8 0x00000008 False   [] [W]
  116 0x000014B0 0xFFFFFFF8 0x00000008 False   [] [W]
  117 0x000014B8 0xFFFFFFF8 0x00000008 False   [] [W]
  118 0x000014F8 0xFFFFFFF8 0x00000008 False   [] [W]
  119 0x00001538 0xFFFFFFF8 0x00000004 False   [] [N]
  120 0x00001540 0xFFFFFFF8 0x00000004 False   [] [N]
  121 0x00001548 0xFFFFFFF8 0x00000004 False   [] [N]
  122 0x00001550 0xFFFFFFF8 0x00000004 False   [] [N]
  123 0x00001558 0xFFFFFFF8 0x00000004 False   [] [N]
  124 0x00001560 0xFFFFFFF8 0x00000004 False   [] [N]
  125 0x00001568 0xFFFFFFF8 0x00000004 False   [] [N]
  126 0x00001570 0xFFFFFFF8 0x00000004 False   [] [N]
  127 0x00001578 0xFFFFFFF8 0x00000004 False   [] [N]
  128 0x00001580 0xFFFFFFF8 0x00000004 False   [] [N]
  129 0x00001588 0xFFFFFFF8 0x00000004 False   [] [N]
  130 0x00001590 0xFFFFFFF8 0x00000004 False   [] [N]
  131 0x00001598 0xFFFFFFF8 0x00000004 False   [] [N]
  132 0x000015A0 0xFFFFFFF8 0x00000004 False   [] [N]
  133 0x000015A8 0xFFFFFFF8 0x00000004 False   [] [N]
  134 0x000017B0 0xFFFFFFF8 0x00000004 False   [] [N]
  135 0x000017B8 0xFFFFFFF8 0x00000008 False   [] [W]
  136 0x000017C0 0xFFFFFFF8 0x00000008 False   [] [W]
  137 0x000017C8 0xFFFFFFF8 0x00000008 False   [] [W]
  138 0x000017D0 0xFFFFFFF8 0x00000008 False   [] [W]
  139 0x000017D8 0xFFFFFFF8 0x00000008 False   [] [W]
  140 0x000017E0 0xFFFFFFF8 0x00000008 False   [] [W]
  141 0x000017E8 0xFFFFFFF8 0x00000008 False   [] [W]
  142 0x000017F0 0xFFFFFFF8 0x00000008 False   [] [W]
  143 0x00001808 0xFFFFFFF8 0x00000008 False   [] [W]
  144 0x00001810 0xFFFFFFF8 0x00000008 False   [] [W]
  145 0x00001818 0xFFFFFFF8 0x00000008 False   [] [W]
  146 0x00001C18 0xFFFFFFF8 0x00000004 False   [] [N]
  147 0x00001C20 0xFFFFFFF8 0x00000004 False   [] [N]
  148 0x00001C28 0xFFFFFFF8 0x00000004 False   [] [N]
  149 0x00001C30 0xFFFFFFF8 0x00000008 False   [] [W]
  150 0x00001C38 0xFFFFFFF8 0x00000008 False   [] [W]
  151 0x00001C40 0xFFFFFFF8 0x00000008 False   [] [W]
  152 0x00001C48 0xFFFFFFF8 0x00000008 False   [] [W]
  153 0x00001C50 0xFFFFFFF8 0x00000008 False   [] [W]
  154 0x00001C58 0xFFFFFFF8 0x00000008 False   [] [W]
  155 0x00001C60 0xFFFFFFF8 0x00000008 False   [] [W]
  156 0x00001C68 0xFFFFFFF8 0x00000008 False   [] [W]
  157 0x00001C70 0xFFFFFFF8 0x00000008 False   [] [W]
  158 0x00001C78 0xFFFFFFF8 0x00000008 False   [] [W]
  159 0x00001C80 0xFFFFFFF8 0x00000008 False   [] [W]
  160 0x00001F00 0xFFFFFFF8 0x00000010 False   [] [SW]
0 Defaultable entries
