Router contains 88 entries
Index Key        Mask       Route      Default [Cores][Links]
----- ---------- ---------- ---------- ------- --------------
    0 0x00000100 0xFFFFFFF8 0x00000020 False   [] [S]
    1 0x00000108 0xFFFFFFF8 0x00000020 False   [] [S]
    2 0x00000110 0xFFFFFFF8 0x00000020 False   [] [S]
    3 0x00000118 0xFFFFFFF8 0x00000020 False   [] [S]
    4 0x00000120 0xFFFFFFF8 0x00000020 False   [] [S]
    5 0x00000128 0xFFFFFFF8 0x00000020 False   [] [S]
    6 0x00000130 0xFFFFFFF8 0x00000020 False   [] [S]
    7 0x00000138 0xFFFFFFF8 0x00000020 False   [] [S]
    8 0x00000140 0xFFFFFFF8 0x00000020 False   [] [S]
    9 0x00000148 0xFFFFFFF8 0x00000020 False   [] [S]
   10 0x00000150 0xFFFFFFF8 0x00000020 False   [] [S]
   11 0x00000158 0xFFFFFFF8 0x00000020 False   [] [S]
   12 0x00000160 0xFFFFFFF8 0x00000020 False   [] [S]
   13 0x00000168 0xFFFFFFF8 0x00000120 False   [2] [S]
   14 0x00000170 0xFFFFFFF8 0x00000320 False   [2, 3] [S]
   15 0x00000178 0xFFFFFFF8 0x00000700 False   [2, 3, 4] []
   16 0x00000180 0xFFFFFFF8 0x00000E00 False   [3, 4, 5] []
   17 0x00000188 0xFFFFFFF8 0x00001C00 False   [4, 5, 6] []
   18 0x00000190 0xFFFFFFF8 0x00003800 False   [5, 6, 7] []
   19 0x00000198 0xFFFFFFF8 0x00007000 False   [8, 6, 7] []
   20 0x000001A0 0xFFFFFFF8 0x0000E000 False   [8, 9, 7] []
   21 0x000001A8 0xFFFFFFF8 0x0001C000 False   [8, 9, 10] []
   22 0x000001B0 0xFFFFFFF8 0x00038000 False   [9, 10, 11] []
   23 0x000001B8 0xFFFFFFF8 0x00070000 False   [10, 11, 12] []
   24 0x000001C0 0xFFFFFFF8 0x000E0000 False   [11, 12, 13] []
   25 0x000001C8 0xFFFFFFF8 0x001C0000 False   [12, 13, 14] []
   26 0x000001D0 0xFFFFFFF8 0x00380000 False   [13, 14, 15] []
   27 0x000001D8 0xFFFFFFF8 0x00700000 False   [16, 14, 15] []
   28 0x000001E0 0xFFFFFFF8 0x00E00000 False   [16, 17, 15] []
   29 0x000001E8 0xFFFFFFF8 0x00C00020 False   [16, 17] [S]
   30 0x000001F0 0xFFFFFFF8 0x0080000C False   [17] [N, W]
   31 0x000001F8 0xFFFFFFF8 0x00000004 False   [] [N]
   32 0x00000268 0xFFFFFFF8 0x0000010C False   [2] [N, W]
   33 0x00000270 0xFFFFFFF8 0x0000022C False   [3] [N, W, S]
   34 0x00000278 0xFFFFFFF8 0x00000508 False   [2, 4] [W]
   35 0x00000280 0xFFFFFFF8 0x00000A08 False   [3, 5] [W]
   36 0x00000288 0xFFFFFFF8 0x00001408 False   [4, 6] [W]
   37 0x00000290 0xFFFFFFF8 0x00002808 False   [5, 7] [W]
   38 0x00000298 0xFFFFFFF8 0x00005008 False   [8, 6] [W]
   39 0x000002A0 0xFFFFFFF8 0x0000A008 False   [9, 7] [W]
   40 0x000002A8 0xFFFFFFF8 0x00014008 False   [8, 10] [W]
   41 0x000002B0 0xFFFFFFF8 0x00028008 False   [9, 11] [W]
   42 0x000002B8 0xFFFFFFF8 0x00050008 False   [10, 12] [W]
   43 0x000002C0 0xFFFFFFF8 0x000A0008 False   [11, 13] [W]
   44 0x000002C8 0xFFFFFFF8 0x00140008 False   [12, 14] [W]
   45 0x000002D0 0xFFFFFFF8 0x00280008 False   [13, 15] [W]
   46 0x000002D8 0xFFFFFFF8 0x00500008 False   [16, 14] [W]
   47 0x000002E0 0xFFFFFFF8 0x00A00008 False   [17, 15] [W]
   48 0x000002E8 0xFFFFFFF8 0x00400024 False   [16] [N, S]
   49 0x000002F0 0xFFFFFFF8 0x00800020 False   [17] [S]
   50 0x000002F8 0xFFFFFFF8 0x00000020 False   [] [S]
   51 0x00000300 0xFFFFFFF8 0x00000021 False   [] [E, S]
   52 0x00000308 0xFFFFFFF8 0x00000020 False   [] [S]
   53 0x00000310 0xFFFFFFF8 0x00000020 False   [] [S]
   54 0x00000318 0xFFFFFFF8 0x00000020 False   [] [S]
   55 0x00000320 0xFFFFFFF8 0x00000020 False   [] [S]
   56 0x00000328 0xFFFFFFF8 0x00000020 False   [] [S]
   57 0x00000330 0xFFFFFFF8 0x00000020 False   [] [S]
   58 0x00000338 0xFFFFFFF8 0x00000020 False   [] [S]
   59 0x00000340 0xFFFFFFF8 0x00000020 False   [] [S]
   60 0x00000348 0xFFFFFFF8 0x00000020 False   [] [S]
   61 0x00000350 0xFFFFFFF8 0x00000020 False   [] [S]
   62 0x00000358 0xFFFFFFF8 0x00000020 False   [] [S]
   63 0x00000360 0xFFFFFFF8 0x00000020 False   [] [S]
   64 0x00000368 0xFFFFFFF8 0x00000120 False   [2] [S]
   65 0x00000370 0xFFFFFFF8 0x00000320 False   [2, 3] [S]
   66 0x00000378 0xFFFFFFF8 0x00000701 False   [2, 3, 4] [E]
   67 0x00000380 0xFFFFFFF8 0x00000E01 False   [3, 4, 5] [E]
   68 0x00000388 0xFFFFFFF8 0x00001C01 False   [4, 5, 6] [E]
   69 0x00000390 0xFFFFFFF8 0x00003801 False   [5, 6, 7] [E]
   70 0x00000398 0xFFFFFFF8 0x00007001 False   [8, 6, 7] [E]
   71 0x000003A0 0xFFFFFFF8 0x0000E001 False   [8, 9, 7] [E]
   72 0x000003A8 0xFFFFFFF8 0x0001C001 False   [8, 9, 10] [E]
   73 0x000003B0 0xFFFFFFF8 0x00038001 False   [9, 10, 11] [E]
   74 0x000003B8 0xFFFFFFF8 0x00070001 False   [10, 11, 12] [E]
   75 0x000003C0 0xFFFFFFF8 0x000E0001 False   [11, 12, 13] [E]
   76 0x000003C8 0xFFFFFFF8 0x001C0001 False   [12, 13, 14] [E]
   77 0x000003D0 0xFFFFFFF8 0x00380001 False   [13, 14, 15] [E]
   78 0x000003D8 0xFFFFFFF8 0x00700001 False   [16, 14, 15] [E]
   79 0x000003E0 0xFFFFFFF8 0x00E00001 False   [16, 17, 15] [E]
   80 0x000003E8 0xFFFFFFF8 0x00C00001 False   [16, 17] [E]
   81 0x000003F0 0xFFFFFFF8 0x00800001 False   [17] [E]
   82 0x000003F8 0xFFFFFFF8 0x00000021 False   [] [E, S]
   83 0x000004F8 0xFFFFFFF8 0x00000004 False   [] [N]
   84 0x00001F70 0xFFFFFFF8 0x00000010 False   [] [SW]
   85 0x00001F78 0xFFFFFFF8 0x00000010 False   [] [SW]
   86 0x00001F80 0xFFFFFFF8 0x00000010 False   [] [SW]
   87 0x00001F88 0xFFFFFFF8 0x00000010 False   [] [SW]
0 Defaultable entries
