Router contains 68 entries
Index Key        Mask       Route      Default [Cores][Links]
----- ---------- ---------- ---------- ------- --------------
    0 0x00000068 0xFFFFFFF8 0x00000102 False   [2] [NE]
    1 0x00000070 0xFFFFFFF8 0x00000302 False   [2, 3] [NE]
    2 0x00000078 0xFFFFFFF8 0x00000702 False   [2, 3, 4] [NE]
    3 0x00000080 0xFFFFFFF8 0x00000E02 False   [3, 4, 5] [NE]
    4 0x00000088 0xFFFFFFF8 0x00001C02 False   [4, 5, 6] [NE]
    5 0x00000090 0xFFFFFFF8 0x00003802 False   [5, 6, 7] [NE]
    6 0x00000098 0xFFFFFFF8 0x00007002 False   [8, 6, 7] [NE]
    7 0x000000A0 0xFFFFFFF8 0x0000E002 False   [8, 9, 7] [NE]
    8 0x000000A8 0xFFFFFFF8 0x0001C002 False   [8, 9, 10] [NE]
    9 0x000000B0 0xFFFFFFF8 0x00038002 False   [9, 10, 11] [NE]
   10 0x000000B8 0xFFFFFFF8 0x00070002 False   [10, 11, 12] [NE]
   11 0x000000C0 0xFFFFFFF8 0x000E0002 False   [11, 12, 13] [NE]
   12 0x000000C8 0xFFFFFFF8 0x001C0002 False   [12, 13, 14] [NE]
   13 0x000000D0 0xFFFFFFF8 0x00380002 False   [13, 14, 15] [NE]
   14 0x000000D8 0xFFFFFFF8 0x00700002 False   [16, 14, 15] [NE]
   15 0x000000E0 0xFFFFFFF8 0x00E00002 False   [16, 17, 15] [NE]
   16 0x000000E8 0xFFFFFFF8 0x00C00002 False   [16, 17] [NE]
   17 0x000000F0 0xFFFFFFF8 0x00800000 False   [17] []
   18 0x00000168 0xFFFFFFF8 0x00000100 False   [2] []
   19 0x00000170 0xFFFFFFF8 0x00000221 False   [3] [E, S]
   20 0x00000178 0xFFFFFFF8 0x00000520 False   [2, 4] [S]
   21 0x00000180 0xFFFFFFF8 0x00000A01 False   [3, 5] [E]
   22 0x00000188 0xFFFFFFF8 0x00001401 False   [4, 6] [E]
   23 0x00000190 0xFFFFFFF8 0x00002801 False   [5, 7] [E]
   24 0x00000198 0xFFFFFFF8 0x00005001 False   [8, 6] [E]
   25 0x000001A0 0xFFFFFFF8 0x0000A001 False   [9, 7] [E]
   26 0x000001A8 0xFFFFFFF8 0x00014001 False   [8, 10] [E]
   27 0x000001B0 0xFFFFFFF8 0x00028001 False   [9, 11] [E]
   28 0x000001B8 0xFFFFFFF8 0x00050001 False   [10, 12] [E]
   29 0x000001C0 0xFFFFFFF8 0x000A0001 False   [11, 13] [E]
   30 0x000001C8 0xFFFFFFF8 0x00140001 False   [12, 14] [E]
   31 0x000001D0 0xFFFFFFF8 0x00280001 False   [13, 15] [E]
   32 0x000001D8 0xFFFFFFF8 0x00500001 False   [16, 14] [E]
   33 0x000001E0 0xFFFFFFF8 0x00A00001 False   [17, 15] [E]
   34 0x000001E8 0xFFFFFFF8 0x00400001 False   [16] [E]
   35 0x000001F0 0xFFFFFFF8 0x00800000 False   [17] []
   36 0x00000200 0xFFFFFFF8 0x00000004 False   [] [N]
   37 0x00000268 0xFFFFFFF8 0x00000100 False   [2] []
   38 0x00000270 0xFFFFFFF8 0x00000300 False   [2, 3] []
   39 0x00000278 0xFFFFFFF8 0x00000700 False   [2, 3, 4] []
   40 0x00000280 0xFFFFFFF8 0x00000E00 False   [3, 4, 5] []
   41 0x00000288 0xFFFFFFF8 0x00001C00 False   [4, 5, 6] []
   42 0x00000290 0xFFFFFFF8 0x00003800 False   [5, 6, 7] []
   43 0x00000298 0xFFFFFFF8 0x00007000 False   [8, 6, 7] []
   44 0x000002A0 0xFFFFFFF8 0x0000E000 False   [8, 9, 7] []
   45 0x000002A8 0xFFFFFFF8 0x0001C000 False   [8, 9, 10] []
   46 0x000002B0 0xFFFFFFF8 0x00038000 False   [9, 10, 11] []
   47 0x000002B8 0xFFFFFFF8 0x00070000 False   [10, 11, 12] []
   48 0x000002C0 0xFFFFFFF8 0x000E0000 False   [11, 12, 13] []
   49 0x000002C8 0xFFFFFFF8 0x001C0000 False   [12, 13, 14] []
   50 0x000002D0 0xFFFFFFF8 0x00380000 False   [13, 14, 15] []
   51 0x000002D8 0xFFFFFFF8 0x00700000 False   [16, 14, 15] []
   52 0x000002E0 0xFFFFFFF8 0x00E00000 False   [16, 17, 15] []
   53 0x000002E8 0xFFFFFFF8 0x00C00000 False   [16, 17] []
   54 0x000002F0 0xFFFFFFF8 0x00800000 False   [17] []
   55 0x00001F08 0xFFFFFFF8 0x00000020 False   [] [S]
   56 0x00001F10 0xFFFFFFF8 0x00000020 False   [] [S]
   57 0x00001F18 0xFFFFFFF8 0x00000020 False   [] [S]
   58 0x00001F20 0xFFFFFFF8 0x00000020 False   [] [S]
   59 0x00001F28 0xFFFFFFF8 0x00000020 False   [] [S]
   60 0x00001F30 0xFFFFFFF8 0x00000020 False   [] [S]
   61 0x00001F38 0xFFFFFFF8 0x00000020 False   [] [S]
   62 0x00001F40 0xFFFFFFF8 0x00000020 False   [] [S]
   63 0x00001F48 0xFFFFFFF8 0x00000020 False   [] [S]
   64 0x00001F50 0xFFFFFFF8 0x00000020 False   [] [S]
   65 0x00001F58 0xFFFFFFF8 0x00000020 False   [] [S]
   66 0x00001F60 0xFFFFFFF8 0x00000020 False   [] [S]
   67 0x00001F68 0xFFFFFFF8 0x00000020 False   [] [S]
0 Defaultable entries
