Router contains 56 entries
Index Key        Mask       Route      Default [Cores][Links]
----- ---------- ---------- ---------- ------- --------------
    0 0x00000200 0xFFFFFFF8 0x00000200 False   [3] []
    1 0x000002E8 0xFFFFFFF8 0x00000100 False   [2] []
    2 0x000002F0 0xFFFFFFF8 0x00000300 False   [2, 3] []
    3 0x000002F8 0xFFFFFFF8 0x00000300 False   [2, 3] []
    4 0x00000300 0xFFFFFFF8 0x00000E00 False   [3, 4, 5] []
    5 0x00000308 0xFFFFFFF8 0x00001C00 False   [4, 5, 6] []
    6 0x00000310 0xFFFFFFF8 0x00003800 False   [5, 6, 7] []
    7 0x00000318 0xFFFFFFF8 0x00007000 False   [8, 6, 7] []
    8 0x00000320 0xFFFFFFF8 0x0000E000 False   [8, 9, 7] []
    9 0x00000328 0xFFFFFFF8 0x0001C000 False   [8, 9, 10] []
   10 0x00000330 0xFFFFFFF8 0x00038000 False   [9, 10, 11] []
   11 0x00000338 0xFFFFFFF8 0x00070000 False   [10, 11, 12] []
   12 0x00000340 0xFFFFFFF8 0x000E0000 False   [11, 12, 13] []
   13 0x00000348 0xFFFFFFF8 0x001C0000 False   [12, 13, 14] []
   14 0x00000350 0xFFFFFFF8 0x00380000 False   [13, 14, 15] []
   15 0x00000358 0xFFFFFFF8 0x00700000 False   [16, 14, 15] []
   16 0x00000360 0xFFFFFFF8 0x00E00000 False   [16, 17, 15] []
   17 0x00000368 0xFFFFFFF8 0x00C00000 False   [16, 17] []
   18 0x00000370 0xFFFFFFF8 0x00800000 False   [17] []
   19 0x000003E8 0xFFFFFFF8 0x00000100 False   [2] []
   20 0x000003F0 0xFFFFFFF8 0x00000201 False   [3] [E]
   21 0x000003F8 0xFFFFFFF8 0x00000501 False   [2, 4] [E]
   22 0x00000400 0xFFFFFFF8 0x00000A01 False   [3, 5] [E]
   23 0x00000408 0xFFFFFFF8 0x00001401 False   [4, 6] [E]
   24 0x00000410 0xFFFFFFF8 0x00002801 False   [5, 7] [E]
   25 0x00000418 0xFFFFFFF8 0x00005001 False   [8, 6] [E]
   26 0x00000420 0xFFFFFFF8 0x0000A001 False   [9, 7] [E]
   27 0x00000428 0xFFFFFFF8 0x00014001 False   [8, 10] [E]
   28 0x00000430 0xFFFFFFF8 0x00028001 False   [9, 11] [E]
   29 0x00000438 0xFFFFFFF8 0x00050001 False   [10, 12] [E]
   30 0x00000440 0xFFFFFFF8 0x000A0001 False   [11, 13] [E]
   31 0x00000448 0xFFFFFFF8 0x00140001 False   [12, 14] [E]
   32 0x00000450 0xFFFFFFF8 0x00280001 False   [13, 15] [E]
   33 0x00000458 0xFFFFFFF8 0x00500001 False   [16, 14] [E]
   34 0x00000460 0xFFFFFFF8 0x00A00001 False   [17, 15] [E]
   35 0x00000468 0xFFFFFFF8 0x00400001 False   [16] [E]
   36 0x00000470 0xFFFFFFF8 0x00800000 False   [17] []
   37 0x000004E8 0xFFFFFFF8 0x00000100 False   [2] []
   38 0x000004F0 0xFFFFFFF8 0x00000300 False   [2, 3] []
   39 0x000004F8 0xFFFFFFF8 0x00000700 False   [2, 3, 4] []
   40 0x00000500 0xFFFFFFF8 0x00000C00 False   [4, 5] []
   41 0x00000508 0xFFFFFFF8 0x00001C00 False   [4, 5, 6] []
   42 0x00000510 0xFFFFFFF8 0x00003800 False   [5, 6, 7] []
   43 0x00000518 0xFFFFFFF8 0x00007000 False   [8, 6, 7] []
   44 0x00000520 0xFFFFFFF8 0x0000E000 False   [8, 9, 7] []
   45 0x00000528 0xFFFFFFF8 0x0001C000 False   [8, 9, 10] []
   46 0x00000530 0xFFFFFFF8 0x00038000 False   [9, 10, 11] []
   47 0x00000538 0xFFFFFFF8 0x00070000 False   [10, 11, 12] []
   48 0x00000540 0xFFFFFFF8 0x000E0000 False   [11, 12, 13] []
   49 0x00000548 0xFFFFFFF8 0x001C0000 False   [12, 13, 14] []
   50 0x00000550 0xFFFFFFF8 0x00380000 False   [13, 14, 15] []
   51 0x00000558 0xFFFFFFF8 0x00700000 False   [16, 14, 15] []
   52 0x00000560 0xFFFFFFF8 0x00E00000 False   [16, 17, 15] []
   53 0x00000568 0xFFFFFFF8 0x00C00000 False   [16, 17] []
   54 0x00000570 0xFFFFFFF8 0x00800000 False   [17] []
   55 0x000005F8 0xFFFFFFF8 0x00000400 False   [4] []
0 Defaultable entries
