Router contains 131 entries
Index Key        Mask       Route      Default [Cores][Links]
----- ---------- ---------- ---------- ------- --------------
    0 0x00000B00 0xFFFFFFF8 0x00000020 False   [] [S]
    1 0x00000B60 0xFFFFFFF8 0x00000020 False   [] [S]
    2 0x00000B68 0xFFFFFFF8 0x00000020 False   [] [S]
    3 0x00000B70 0xFFFFFFF8 0x00000020 False   [] [S]
    4 0x00000B78 0xFFFFFFF8 0x00000020 False   [] [S]
    5 0x00000B80 0xFFFFFFF8 0x00000020 False   [] [S]
    6 0x00000B88 0xFFFFFFF8 0x00000020 False   [] [S]
    7 0x00000B90 0xFFFFFFF8 0x00000020 False   [] [S]
    8 0x00000B98 0xFFFFFFF8 0x00000020 False   [] [S]
    9 0x00000BA0 0xFFFFFFF8 0x00000020 False   [] [S]
   10 0x00000BA8 0xFFFFFFF8 0x00000020 False   [] [S]
   11 0x00000BB0 0xFFFFFFF8 0x00000020 False   [] [S]
   12 0x00000BB8 0xFFFFFFF8 0x00000020 False   [] [S]
   13 0x00000BC0 0xFFFFFFF8 0x00000020 False   [] [S]
   14 0x00000BC8 0xFFFFFFF8 0x00000020 False   [] [S]
   15 0x00000BD0 0xFFFFFFF8 0x00000020 False   [] [S]
   16 0x00000C00 0xFFFFFFF8 0x0000000C False   [] [N, W]
   17 0x00000C48 0xFFFFFFF8 0x00000108 False   [2] [W]
   18 0x00000C50 0xFFFFFFF8 0x00000308 False   [2, 3] [W]
   19 0x00000C58 0xFFFFFFF8 0x00000708 False   [2, 3, 4] [W]
   20 0x00000C60 0xFFFFFFF8 0x00000E08 False   [3, 4, 5] [W]
   21 0x00000C68 0xFFFFFFF8 0x00001C08 False   [4, 5, 6] [W]
   22 0x00000C70 0xFFFFFFF8 0x00003808 False   [5, 6, 7] [W]
   23 0x00000C78 0xFFFFFFF8 0x00007008 False   [8, 6, 7] [W]
   24 0x00000C80 0xFFFFFFF8 0x0000E008 False   [8, 9, 7] [W]
   25 0x00000C88 0xFFFFFFF8 0x0001C008 False   [8, 9, 10] [W]
   26 0x00000C90 0xFFFFFFF8 0x00038008 False   [9, 10, 11] [W]
   27 0x00000C98 0xFFFFFFF8 0x00070008 False   [10, 11, 12] [W]
   28 0x00000CA0 0xFFFFFFF8 0x000E0008 False   [11, 12, 13] [W]
   29 0x00000CA8 0xFFFFFFF8 0x001C0008 False   [12, 13, 14] [W]
   30 0x00000CB0 0xFFFFFFF8 0x00380008 False   [13, 14, 15] [W]
   31 0x00000CB8 0xFFFFFFF8 0x00700008 False   [16, 14, 15] [W]
   32 0x00000CC0 0xFFFFFFF8 0x0060000C False   [16, 15] [N, W]
   33 0x00000CC8 0xFFFFFFF8 0x0040000C False   [16] [N, W]
   34 0x00000CD0 0xFFFFFFF8 0x0000000C False   [] [N, W]
   35 0x00000CD8 0xFFFFFFF8 0x0000000C False   [] [N, W]
   36 0x00000CE0 0xFFFFFFF8 0x00000004 False   [] [N]
   37 0x00000CE8 0xFFFFFFF8 0x00000004 False   [] [N]
   38 0x00000CF0 0xFFFFFFF8 0x00000004 False   [] [N]
   39 0x00000CF8 0xFFFFFFF8 0x0000000C False   [] [N, W]
   40 0x00000D00 0xFFFFFFF8 0x00000004 False   [] [N]
   41 0x00000D08 0xFFFFFFF8 0x00000004 False   [] [N]
   42 0x00000D10 0xFFFFFFF8 0x00000004 False   [] [N]
   43 0x00000D18 0xFFFFFFF8 0x00000004 False   [] [N]
   44 0x00000D20 0xFFFFFFF8 0x00000004 False   [] [N]
   45 0x00000D28 0xFFFFFFF8 0x00000004 False   [] [N]
   46 0x00000D30 0xFFFFFFF8 0x00000004 False   [] [N]
   47 0x00000D38 0xFFFFFFF8 0x00000004 False   [] [N]
   48 0x00000D40 0xFFFFFFF8 0x00000004 False   [] [N]
   49 0x00000D48 0xFFFFFFF8 0x00000104 False   [2] [N]
   50 0x00000D50 0xFFFFFFF8 0x00000228 False   [3] [W, S]
   51 0x00000D58 0xFFFFFFF8 0x00000528 False   [2, 4] [W, S]
   52 0x00000D60 0xFFFFFFF8 0x00000A28 False   [3, 5] [W, S]
   53 0x00000D68 0xFFFFFFF8 0x00001428 False   [4, 6] [W, S]
   54 0x00000D70 0xFFFFFFF8 0x00002828 False   [5, 7] [W, S]
   55 0x00000D78 0xFFFFFFF8 0x00005028 False   [8, 6] [W, S]
   56 0x00000D80 0xFFFFFFF8 0x0000A028 False   [9, 7] [W, S]
   57 0x00000D88 0xFFFFFFF8 0x00014028 False   [8, 10] [W, S]
   58 0x00000D90 0xFFFFFFF8 0x00028028 False   [9, 11] [W, S]
   59 0x00000D98 0xFFFFFFF8 0x00050028 False   [10, 12] [W, S]
   60 0x00000DA0 0xFFFFFFF8 0x000A0028 False   [11, 13] [W, S]
   61 0x00000DA8 0xFFFFFFF8 0x00140028 False   [12, 14] [W, S]
   62 0x00000DB0 0xFFFFFFF8 0x00280028 False   [13, 15] [W, S]
   63 0x00000DB8 0xFFFFFFF8 0x00500028 False   [16, 14] [W, S]
   64 0x00000DC0 0xFFFFFFF8 0x00200024 False   [15] [N, S]
   65 0x00000DC8 0xFFFFFFF8 0x00400020 False   [16] [S]
   66 0x00000DD0 0xFFFFFFF8 0x00000020 False   [] [S]
   67 0x00000DD8 0xFFFFFFF8 0x00000020 False   [] [S]
   68 0x00000DE0 0xFFFFFFF8 0x00000020 False   [] [S]
   69 0x00000DE8 0xFFFFFFF8 0x00000020 False   [] [S]
   70 0x00000DF0 0xFFFFFFF8 0x00000020 False   [] [S]
   71 0x00000DF8 0xFFFFFFF8 0x00000020 False   [] [S]
   72 0x00000E00 0xFFFFFFF8 0x00000020 False   [] [S]
   73 0x00000E08 0xFFFFFFF8 0x00000020 False   [] [S]
   74 0x00000E10 0xFFFFFFF8 0x00000020 False   [] [S]
   75 0x00000E18 0xFFFFFFF8 0x00000020 False   [] [S]
   76 0x00000E20 0xFFFFFFF8 0x00000020 False   [] [S]
   77 0x00000E28 0xFFFFFFF8 0x00000020 False   [] [S]
   78 0x00000E30 0xFFFFFFF8 0x00000020 False   [] [S]
   79 0x00000E38 0xFFFFFFF8 0x00000020 False   [] [S]
   80 0x00000E40 0xFFFFFFF8 0x00000020 False   [] [S]
   81 0x00000E48 0xFFFFFFF8 0x00000120 False   [2] [S]
   82 0x00000E50 0xFFFFFFF8 0x00000320 False   [2, 3] [S]
   83 0x00000E58 0xFFFFFFF8 0x00000700 False   [2, 3, 4] []
   84 0x00000E60 0xFFFFFFF8 0x00000E00 False   [3, 4, 5] []
   85 0x00000E68 0xFFFFFFF8 0x00001C00 False   [4, 5, 6] []
   86 0x00000E70 0xFFFFFFF8 0x00003800 False   [5, 6, 7] []
   87 0x00000E78 0xFFFFFFF8 0x00007000 False   [8, 6, 7] []
   88 0x00000E80 0xFFFFFFF8 0x0000E000 False   [8, 9, 7] []
   89 0x00000E88 0xFFFFFFF8 0x0001C000 False   [8, 9, 10] []
   90 0x00000E90 0xFFFFFFF8 0x00038000 False   [9, 10, 11] []
   91 0x00000E98 0xFFFFFFF8 0x00070000 False   [10, 11, 12] []
   92 0x00000EA0 0xFFFFFFF8 0x000E0000 False   [11, 12, 13] []
   93 0x00000EA8 0xFFFFFFF8 0x001C0000 False   [12, 13, 14] []
   94 0x00000EB0 0xFFFFFFF8 0x00380000 False   [13, 14, 15] []
   95 0x00000EB8 0xFFFFFFF8 0x00700020 False   [16, 14, 15] [S]
   96 0x00000EC0 0xFFFFFFF8 0x00600020 False   [16, 15] [S]
   97 0x00000EC8 0xFFFFFFF8 0x00400020 False   [16] [S]
   98 0x00000ED0 0xFFFFFFF8 0x00000020 False   [] [S]
   99 0x00000ED8 0xFFFFFFF8 0x00000020 False   [] [S]
  100 0x00000EE0 0xFFFFFFF8 0x00000020 False   [] [S]
  101 0x00000EE8 0xFFFFFFF8 0x00000020 False   [] [S]
  102 0x00000EF0 0xFFFFFFF8 0x00000020 False   [] [S]
  103 0x00000EF8 0xFFFFFFF8 0x00000020 False   [] [S]
  104 0x00000F08 0xFFFFFFF8 0x00000020 False   [] [S]
  105 0x00000F10 0xFFFFFFF8 0x00000020 False   [] [S]
  106 0x00000F18 0xFFFFFFF8 0x00000020 False   [] [S]
  107 0x00000F20 0xFFFFFFF8 0x00000020 False   [] [S]
  108 0x00000F28 0xFFFFFFF8 0x00000020 False   [] [S]
  109 0x00000F30 0xFFFFFFF8 0x00000020 False   [] [S]
  110 0x00000F38 0xFFFFFFF8 0x00000020 False   [] [S]
  111 0x00000F40 0xFFFFFFF8 0x00000020 False   [] [S]
  112 0x00000F48 0xFFFFFFF8 0x00000020 False   [] [S]
  113 0x00000FC0 0xFFFFFFF8 0x00000008 False   [] [W]
  114 0x00000FC8 0xFFFFFFF8 0x00000008 False   [] [W]
  115 0x00000FD0 0xFFFFFFF8 0x00000008 False   [] [W]
  116 0x00000FD8 0xFFFFFFF8 0x00000008 False   [] [W]
  117 0x00000FE0 0xFFFFFFF8 0x00000008 False   [] [W]
  118 0x00000FE8 0xFFFFFFF8 0x00000008 False   [] [W]
  119 0x00000FF0 0xFFFFFFF8 0x00000008 False   [] [W]
  120 0x00000FF8 0xFFFFFFF8 0x00000004 False   [] [N]
  121 0x00001008 0xFFFFFFF8 0x00000008 False   [] [W]
  122 0x00001010 0xFFFFFFF8 0x00000008 False   [] [W]
  123 0x00001018 0xFFFFFFF8 0x00000008 False   [] [W]
  124 0x00001020 0xFFFFFFF8 0x00000008 False   [] [W]
  125 0x00001028 0xFFFFFFF8 0x00000008 False   [] [W]
  126 0x00001030 0xFFFFFFF8 0x00000008 False   [] [W]
  127 0x00001F70 0xFFFFFFF8 0x00000010 False   [] [SW]
  128 0x00001F78 0xFFFFFFF8 0x00000010 False   [] [SW]
  129 0x00001F80 0xFFFFFFF8 0x00000010 False   [] [SW]
  130 0x00001F88 0xFFFFFFF8 0x00000010 False   [] [SW]
0 Defaultable entries
