Router contains 116 entries
Index Key        Mask       Route      Default [Cores][Links]
----- ---------- ---------- ---------- ------- --------------
    0 0x00000000 0xFFFFFFF8 0x00000006 False   [] [NE, N]
    1 0x00000008 0xFFFFFFF8 0x00000006 False   [] [NE, N]
    2 0x00000010 0xFFFFFFF8 0x00000004 False   [] [N]
    3 0x00000018 0xFFFFFFF8 0x00000004 False   [] [N]
    4 0x00000020 0xFFFFFFF8 0x00000004 False   [] [N]
    5 0x00000028 0xFFFFFFF8 0x00000004 False   [] [N]
    6 0x00000030 0xFFFFFFF8 0x00000004 False   [] [N]
    7 0x00000038 0xFFFFFFF8 0x00000004 False   [] [N]
    8 0x00000040 0xFFFFFFF8 0x00000004 False   [] [N]
    9 0x00000048 0xFFFFFFF8 0x00000004 False   [] [N]
   10 0x00000050 0xFFFFFFF8 0x00000004 False   [] [N]
   11 0x00000058 0xFFFFFFF8 0x00000004 False   [] [N]
   12 0x00000060 0xFFFFFFF8 0x00000004 False   [] [N]
   13 0x000000F8 0xFFFFFFF8 0x00000002 False   [] [NE]
   14 0x00001800 0xFFFFFFF8 0x00040000 False   [12] []
   15 0x000018A0 0xFFFFFFF8 0x00000100 False   [2] []
   16 0x000018A8 0xFFFFFFF8 0x00000300 False   [2, 3] []
   17 0x000018B0 0xFFFFFFF8 0x00000700 False   [2, 3, 4] []
   18 0x000018B8 0xFFFFFFF8 0x00000E00 False   [3, 4, 5] []
   19 0x000018C0 0xFFFFFFF8 0x00001C00 False   [4, 5, 6] []
   20 0x000018C8 0xFFFFFFF8 0x00003800 False   [5, 6, 7] []
   21 0x000018D0 0xFFFFFFF8 0x00007000 False   [8, 6, 7] []
   22 0x000018D8 0xFFFFFFF8 0x0000E000 False   [8, 9, 7] []
   23 0x000018E0 0xFFFFFFF8 0x0001C000 False   [8, 9, 10] []
   24 0x000018E8 0xFFFFFFF8 0x00038000 False   [9, 10, 11] []
   25 0x000018F0 0xFFFFFFF8 0x00070000 False   [10, 11, 12] []
   26 0x000018F8 0xFFFFFFF8 0x00060000 False   [11, 12] []
   27 0x00001900 0xFFFFFFF8 0x001C0008 False   [12, 13, 14] [W]
   28 0x00001908 0xFFFFFFF8 0x00380000 False   [13, 14, 15] []
   29 0x00001910 0xFFFFFFF8 0x00700000 False   [16, 14, 15] []
   30 0x00001918 0xFFFFFFF8 0x00E00000 False   [16, 17, 15] []
   31 0x00001920 0xFFFFFFF8 0x00C00008 False   [16, 17] [W]
   32 0x00001928 0xFFFFFFF8 0x00800008 False   [17] [W]
   33 0x000019A0 0xFFFFFFF8 0x00000108 False   [2] [W]
   34 0x000019A8 0xFFFFFFF8 0x00000228 False   [3] [W, S]
   35 0x000019B0 0xFFFFFFF8 0x00000528 False   [2, 4] [W, S]
   36 0x000019B8 0xFFFFFFF8 0x00000A28 False   [3, 5] [W, S]
   37 0x000019C0 0xFFFFFFF8 0x00001428 False   [4, 6] [W, S]
   38 0x000019C8 0xFFFFFFF8 0x00002828 False   [5, 7] [W, S]
   39 0x000019D0 0xFFFFFFF8 0x00005028 False   [8, 6] [W, S]
   40 0x000019D8 0xFFFFFFF8 0x0000A028 False   [9, 7] [W, S]
   41 0x000019E0 0xFFFFFFF8 0x00014028 False   [8, 10] [W, S]
   42 0x000019E8 0xFFFFFFF8 0x00028028 False   [9, 11] [W, S]
   43 0x000019F0 0xFFFFFFF8 0x00050028 False   [10, 12] [W, S]
   44 0x000019F8 0xFFFFFFF8 0x000A0028 False   [11, 13] [W, S]
   45 0x00001A00 0xFFFFFFF8 0x00140028 False   [12, 14] [W, S]
   46 0x00001A08 0xFFFFFFF8 0x00280028 False   [13, 15] [W, S]
   47 0x00001A10 0xFFFFFFF8 0x00500028 False   [16, 14] [W, S]
   48 0x00001A18 0xFFFFFFF8 0x00A00028 False   [17, 15] [W, S]
   49 0x00001A20 0xFFFFFFF8 0x00400028 False   [16] [W, S]
   50 0x00001A28 0xFFFFFFF8 0x00800020 False   [17] [S]
   51 0x00001A30 0xFFFFFFF8 0x00000020 False   [] [S]
   52 0x00001A38 0xFFFFFFF8 0x00000020 False   [] [S]
   53 0x00001A40 0xFFFFFFF8 0x00000020 False   [] [S]
   54 0x00001A48 0xFFFFFFF8 0x00000020 False   [] [S]
   55 0x00001A50 0xFFFFFFF8 0x00000020 False   [] [S]
   56 0x00001A58 0xFFFFFFF8 0x00000020 False   [] [S]
   57 0x00001A60 0xFFFFFFF8 0x00000020 False   [] [S]
   58 0x00001A68 0xFFFFFFF8 0x00000020 False   [] [S]
   59 0x00001A70 0xFFFFFFF8 0x00000020 False   [] [S]
   60 0x00001A78 0xFFFFFFF8 0x00000020 False   [] [S]
   61 0x00001A80 0xFFFFFFF8 0x00000020 False   [] [S]
   62 0x00001A88 0xFFFFFFF8 0x00000020 False   [] [S]
   63 0x00001A90 0xFFFFFFF8 0x00000020 False   [] [S]
   64 0x00001A98 0xFFFFFFF8 0x00000020 False   [] [S]
   65 0x00001AA0 0xFFFFFFF8 0x00000120 False   [2] [S]
   66 0x00001AA8 0xFFFFFFF8 0x00000320 False   [2, 3] [S]
   67 0x00001AB0 0xFFFFFFF8 0x00000700 False   [2, 3, 4] []
   68 0x00001AB8 0xFFFFFFF8 0x00000E00 False   [3, 4, 5] []
   69 0x00001AC0 0xFFFFFFF8 0x00001C00 False   [4, 5, 6] []
   70 0x00001AC8 0xFFFFFFF8 0x00003800 False   [5, 6, 7] []
   71 0x00001AD0 0xFFFFFFF8 0x00007000 False   [8, 6, 7] []
   72 0x00001AD8 0xFFFFFFF8 0x0000E000 False   [8, 9, 7] []
   73 0x00001AE0 0xFFFFFFF8 0x0001C000 False   [8, 9, 10] []
   74 0x00001AE8 0xFFFFFFF8 0x00038000 False   [9, 10, 11] []
   75 0x00001AF0 0xFFFFFFF8 0x00070000 False   [10, 11, 12] []
   76 0x00001AF8 0xFFFFFFF8 0x000E0020 False   [11, 12, 13] [S]
   77 0x00001B00 0xFFFFFFF8 0x00180020 False   [13, 14] [S]
   78 0x00001B08 0xFFFFFFF8 0x00380000 False   [13, 14, 15] []
   79 0x00001B10 0xFFFFFFF8 0x00700020 False   [16, 14, 15] [S]
   80 0x00001B18 0xFFFFFFF8 0x00E00020 False   [16, 17, 15] [S]
   81 0x00001B20 0xFFFFFFF8 0x00C00020 False   [16, 17] [S]
   82 0x00001B28 0xFFFFFFF8 0x00800020 False   [17] [S]
   83 0x00001BB0 0xFFFFFFF8 0x00000001 False   [] [E]
   84 0x00001BB8 0xFFFFFFF8 0x00000001 False   [] [E]
   85 0x00001BC0 0xFFFFFFF8 0x00000001 False   [] [E]
   86 0x00001BC8 0xFFFFFFF8 0x00000001 False   [] [E]
   87 0x00001BD0 0xFFFFFFF8 0x00000001 False   [] [E]
   88 0x00001BD8 0xFFFFFFF8 0x00000001 False   [] [E]
   89 0x00001BE0 0xFFFFFFF8 0x00000001 False   [] [E]
   90 0x00001BE8 0xFFFFFFF8 0x00000001 False   [] [E]
   91 0x00001BF0 0xFFFFFFF8 0x00000001 False   [] [E]
   92 0x00001BF8 0xFFFFFFF8 0x00080020 False   [13] [S]
   93 0x00001C00 0xFFFFFFF8 0x00000001 False   [] [E]
   94 0x00001C08 0xFFFFFFF8 0x00000001 False   [] [E]
   95 0x00001C10 0xFFFFFFF8 0x00000001 False   [] [E]
   96 0x00001D00 0xFFFFFFF8 0x00000008 False   [] [W]
   97 0x00001D08 0xFFFFFFF8 0x00000008 False   [] [W]
   98 0x00001D10 0xFFFFFFF8 0x00000008 False   [] [W]
   99 0x00001D18 0xFFFFFFF8 0x00000008 False   [] [W]
  100 0x00001DF8 0xFFFFFFF8 0x00000008 False   [] [W]
  101 0x00001E10 0xFFFFFFF8 0x00000004 False   [] [N]
  102 0x00001E18 0xFFFFFFF8 0x00000004 False   [] [N]
  103 0x00001E20 0xFFFFFFF8 0x00000004 False   [] [N]
  104 0x00001E28 0xFFFFFFF8 0x00000004 False   [] [N]
  105 0x00001E30 0xFFFFFFF8 0x00000004 False   [] [N]
  106 0x00001E38 0xFFFFFFF8 0x00000004 False   [] [N]
  107 0x00001E40 0xFFFFFFF8 0x00000004 False   [] [N]
  108 0x00001E48 0xFFFFFFF8 0x00000004 False   [] [N]
  109 0x00001E50 0xFFFFFFF8 0x00000004 False   [] [N]
  110 0x00001E58 0xFFFFFFF8 0x00000004 False   [] [N]
  111 0x00001E60 0xFFFFFFF8 0x00000004 False   [] [N]
  112 0x00001E68 0xFFFFFFF8 0x00000004 False   [] [N]
  113 0x00001E70 0xFFFFFFF8 0x00000004 False   [] [N]
  114 0x00001E78 0xFFFFFFF8 0x00000004 False   [] [N]
  115 0x00001F00 0xFFFFFFF8 0x00000010 False   [] [SW]
0 Defaultable entries
