Router contains 113 entries
Index Key        Mask       Route      Default [Cores][Links]
----- ---------- ---------- ---------- ------- --------------
    0 0x00000D00 0xFFFFFFF8 0x00004000 False   [8] []
    1 0x00000DC0 0xFFFFFFF8 0x00000100 False   [2] []
    2 0x00000DC8 0xFFFFFFF8 0x00000300 False   [2, 3] []
    3 0x00000DD0 0xFFFFFFF8 0x00000700 False   [2, 3, 4] []
    4 0x00000DD8 0xFFFFFFF8 0x00000E00 False   [3, 4, 5] []
    5 0x00000DE0 0xFFFFFFF8 0x00001C00 False   [4, 5, 6] []
    6 0x00000DE8 0xFFFFFFF8 0x00003800 False   [5, 6, 7] []
    7 0x00000DF0 0xFFFFFFF8 0x00007000 False   [8, 6, 7] []
    8 0x00000DF8 0xFFFFFFF8 0x00006000 False   [8, 7] []
    9 0x00000E00 0xFFFFFFF8 0x0001C000 False   [8, 9, 10] []
   10 0x00000E08 0xFFFFFFF8 0x00038000 False   [9, 10, 11] []
   11 0x00000E10 0xFFFFFFF8 0x00070000 False   [10, 11, 12] []
   12 0x00000E18 0xFFFFFFF8 0x000E0000 False   [11, 12, 13] []
   13 0x00000E20 0xFFFFFFF8 0x001C0000 False   [12, 13, 14] []
   14 0x00000E28 0xFFFFFFF8 0x00380000 False   [13, 14, 15] []
   15 0x00000E30 0xFFFFFFF8 0x00700000 False   [16, 14, 15] []
   16 0x00000E38 0xFFFFFFF8 0x00600008 False   [16, 15] [W]
   17 0x00000E40 0xFFFFFFF8 0x00400008 False   [16] [W]
   18 0x00000E48 0xFFFFFFF8 0x00000008 False   [] [W]
   19 0x00000E50 0xFFFFFFF8 0x00000008 False   [] [W]
   20 0x00000E58 0xFFFFFFF8 0x00000008 False   [] [W]
   21 0x00000E60 0xFFFFFFF8 0x00000008 False   [] [W]
   22 0x00000E68 0xFFFFFFF8 0x00000008 False   [] [W]
   23 0x00000E70 0xFFFFFFF8 0x00000008 False   [] [W]
   24 0x00000E78 0xFFFFFFF8 0x00000008 False   [] [W]
   25 0x00000E80 0xFFFFFFF8 0x00000008 False   [] [W]
   26 0x00000E88 0xFFFFFFF8 0x00000008 False   [] [W]
   27 0x00000E90 0xFFFFFFF8 0x00000008 False   [] [W]
   28 0x00000E98 0xFFFFFFF8 0x00000008 False   [] [W]
   29 0x00000EA0 0xFFFFFFF8 0x00000008 False   [] [W]
   30 0x00000EA8 0xFFFFFFF8 0x00000008 False   [] [W]
   31 0x00000EB0 0xFFFFFFF8 0x00000008 False   [] [W]
   32 0x00000EB8 0xFFFFFFF8 0x00000008 False   [] [W]
   33 0x00000EC0 0xFFFFFFF8 0x00000108 False   [2] [W]
   34 0x00000EC8 0xFFFFFFF8 0x00000201 False   [3] [E]
   35 0x00000ED0 0xFFFFFFF8 0x00000501 False   [2, 4] [E]
   36 0x00000ED8 0xFFFFFFF8 0x00000A01 False   [3, 5] [E]
   37 0x00000EE0 0xFFFFFFF8 0x00001401 False   [4, 6] [E]
   38 0x00000EE8 0xFFFFFFF8 0x00002801 False   [5, 7] [E]
   39 0x00000EF0 0xFFFFFFF8 0x00005001 False   [8, 6] [E]
   40 0x00000EF8 0xFFFFFFF8 0x0000A001 False   [9, 7] [E]
   41 0x00000F00 0xFFFFFFF8 0x00014001 False   [8, 10] [E]
   42 0x00000F08 0xFFFFFFF8 0x00028001 False   [9, 11] [E]
   43 0x00000F10 0xFFFFFFF8 0x00050001 False   [10, 12] [E]
   44 0x00000F18 0xFFFFFFF8 0x000A0001 False   [11, 13] [E]
   45 0x00000F20 0xFFFFFFF8 0x00140001 False   [12, 14] [E]
   46 0x00000F28 0xFFFFFFF8 0x00280001 False   [13, 15] [E]
   47 0x00000F30 0xFFFFFFF8 0x00500001 False   [16, 14] [E]
   48 0x00000F38 0xFFFFFFF8 0x00200009 False   [15] [E, W]
   49 0x00000F40 0xFFFFFFF8 0x00400001 False   [16] [E]
   50 0x00000F48 0xFFFFFFF8 0x00000001 False   [] [E]
   51 0x00000F50 0xFFFFFFF8 0x00000001 False   [] [E]
   52 0x00000F58 0xFFFFFFF8 0x00000001 False   [] [E]
   53 0x00000F60 0xFFFFFFF8 0x00000001 False   [] [E]
   54 0x00000F68 0xFFFFFFF8 0x00000001 False   [] [E]
   55 0x00000F70 0xFFFFFFF8 0x00000001 False   [] [E]
   56 0x00000F78 0xFFFFFFF8 0x00000001 False   [] [E]
   57 0x00000F80 0xFFFFFFF8 0x00000001 False   [] [E]
   58 0x00000F88 0xFFFFFFF8 0x00000001 False   [] [E]
   59 0x00000F90 0xFFFFFFF8 0x00000001 False   [] [E]
   60 0x00000F98 0xFFFFFFF8 0x00000001 False   [] [E]
   61 0x00000FA0 0xFFFFFFF8 0x00000001 False   [] [E]
   62 0x00000FA8 0xFFFFFFF8 0x00000001 False   [] [E]
   63 0x00000FB0 0xFFFFFFF8 0x00000001 False   [] [E]
   64 0x00000FB8 0xFFFFFFF8 0x00000001 False   [] [E]
   65 0x00000FC0 0xFFFFFFF8 0x00000108 False   [2] [W]
   66 0x00000FC8 0xFFFFFFF8 0x00000300 False   [2, 3] []
   67 0x00000FD0 0xFFFFFFF8 0x00000700 False   [2, 3, 4] []
   68 0x00000FD8 0xFFFFFFF8 0x00000E00 False   [3, 4, 5] []
   69 0x00000FE0 0xFFFFFFF8 0x00001C00 False   [4, 5, 6] []
   70 0x00000FE8 0xFFFFFFF8 0x00003800 False   [5, 6, 7] []
   71 0x00000FF0 0xFFFFFFF8 0x00007000 False   [8, 6, 7] []
   72 0x00000FF8 0xFFFFFFF8 0x0000E000 False   [8, 9, 7] []
   73 0x00001000 0xFFFFFFF8 0x00018000 False   [9, 10] []
   74 0x00001008 0xFFFFFFF8 0x00038000 False   [9, 10, 11] []
   75 0x00001010 0xFFFFFFF8 0x00070000 False   [10, 11, 12] []
   76 0x00001018 0xFFFFFFF8 0x000E0000 False   [11, 12, 13] []
   77 0x00001020 0xFFFFFFF8 0x001C0000 False   [12, 13, 14] []
   78 0x00001028 0xFFFFFFF8 0x00380000 False   [13, 14, 15] []
   79 0x00001030 0xFFFFFFF8 0x00700000 False   [16, 14, 15] []
   80 0x00001038 0xFFFFFFF8 0x00600008 False   [16, 15] [W]
   81 0x00001040 0xFFFFFFF8 0x00400008 False   [16] [W]
   82 0x00001048 0xFFFFFFF8 0x00000008 False   [] [W]
   83 0x00001050 0xFFFFFFF8 0x00000008 False   [] [W]
   84 0x00001058 0xFFFFFFF8 0x00000008 False   [] [W]
   85 0x00001060 0xFFFFFFF8 0x00000008 False   [] [W]
   86 0x00001068 0xFFFFFFF8 0x00000008 False   [] [W]
   87 0x00001070 0xFFFFFFF8 0x00000008 False   [] [W]
   88 0x00001078 0xFFFFFFF8 0x00000008 False   [] [W]
   89 0x00001080 0xFFFFFFF8 0x00000008 False   [] [W]
   90 0x00001088 0xFFFFFFF8 0x00000008 False   [] [W]
   91 0x00001090 0xFFFFFFF8 0x00000008 False   [] [W]
   92 0x00001098 0xFFFFFFF8 0x00000008 False   [] [W]
   93 0x000010A0 0xFFFFFFF8 0x00000008 False   [] [W]
   94 0x000010A8 0xFFFFFFF8 0x00000008 False   [] [W]
   95 0x000010B0 0xFFFFFFF8 0x00000008 False   [] [W]
   96 0x000010B8 0xFFFFFFF8 0x00000008 False   [] [W]
   97 0x000010C0 0xFFFFFFF8 0x00000008 False   [] [W]
   98 0x000010F8 0xFFFFFFF8 0x00008000 False   [9] []
   99 0x00001F90 0xFFFFFFF8 0x00000010 False   [] [SW]
  100 0x00001F98 0xFFFFFFF8 0x00000010 False   [] [SW]
  101 0x00001FA0 0xFFFFFFF8 0x00000010 False   [] [SW]
  102 0x00001FA8 0xFFFFFFF8 0x00000010 False   [] [SW]
  103 0x00001FB0 0xFFFFFFF8 0x00000010 False   [] [SW]
  104 0x00001FB8 0xFFFFFFF8 0x00000010 False   [] [SW]
  105 0x00001FC0 0xFFFFFFF8 0x00000010 False   [] [SW]
  106 0x00001FC8 0xFFFFFFF8 0x00000010 False   [] [SW]
  107 0x00001FD0 0xFFFFFFF8 0x00000010 False   [] [SW]
  108 0x00001FD8 0xFFFFFFF8 0x00000010 False   [] [SW]
  109 0x00001FE0 0xFFFFFFF8 0x00000010 False   [] [SW]
  110 0x00001FE8 0xFFFFFFF8 0x00000010 False   [] [SW]
  111 0x00001FF0 0xFFFFFFF8 0x00000010 False   [] [SW]
  112 0x00001FF8 0xFFFFFFF8 0x00000010 False   [] [SW]
0 Defaultable entries
