Router contains 56 entries
Index Key        Mask       Route      Default [Cores][Links]
----- ---------- ---------- ---------- ------- --------------
    0 0x00000E00 0xFFFFFFF8 0x00008000 False   [9] []
    1 0x00000EB8 0xFFFFFFF8 0x00000100 False   [2] []
    2 0x00000EC0 0xFFFFFFF8 0x00000300 False   [2, 3] []
    3 0x00000EC8 0xFFFFFFF8 0x00000700 False   [2, 3, 4] []
    4 0x00000ED0 0xFFFFFFF8 0x00000E00 False   [3, 4, 5] []
    5 0x00000ED8 0xFFFFFFF8 0x00001C00 False   [4, 5, 6] []
    6 0x00000EE0 0xFFFFFFF8 0x00003800 False   [5, 6, 7] []
    7 0x00000EE8 0xFFFFFFF8 0x00007000 False   [8, 6, 7] []
    8 0x00000EF0 0xFFFFFFF8 0x0000E000 False   [8, 9, 7] []
    9 0x00000EF8 0xFFFFFFF8 0x0000C000 False   [8, 9] []
   10 0x00000F00 0xFFFFFFF8 0x00038000 False   [9, 10, 11] []
   11 0x00000F08 0xFFFFFFF8 0x00070000 False   [10, 11, 12] []
   12 0x00000F10 0xFFFFFFF8 0x000E0000 False   [11, 12, 13] []
   13 0x00000F18 0xFFFFFFF8 0x001C0000 False   [12, 13, 14] []
   14 0x00000F20 0xFFFFFFF8 0x00380000 False   [13, 14, 15] []
   15 0x00000F28 0xFFFFFFF8 0x00700000 False   [16, 14, 15] []
   16 0x00000F30 0xFFFFFFF8 0x00E00000 False   [16, 17, 15] []
   17 0x00000F38 0xFFFFFFF8 0x00C00000 False   [16, 17] []
   18 0x00000F40 0xFFFFFFF8 0x00800000 False   [17] []
   19 0x00000FB8 0xFFFFFFF8 0x00000100 False   [2] []
   20 0x00000FC0 0xFFFFFFF8 0x00000204 False   [3] [N]
   21 0x00000FC8 0xFFFFFFF8 0x00000504 False   [2, 4] [N]
   22 0x00000FD0 0xFFFFFFF8 0x00000A04 False   [3, 5] [N]
   23 0x00000FD8 0xFFFFFFF8 0x00001404 False   [4, 6] [N]
   24 0x00000FE0 0xFFFFFFF8 0x00002804 False   [5, 7] [N]
   25 0x00000FE8 0xFFFFFFF8 0x00005004 False   [8, 6] [N]
   26 0x00000FF0 0xFFFFFFF8 0x0000A004 False   [9, 7] [N]
   27 0x00000FF8 0xFFFFFFF8 0x00014004 False   [8, 10] [N]
   28 0x00001000 0xFFFFFFF8 0x00028004 False   [9, 11] [N]
   29 0x00001008 0xFFFFFFF8 0x00050004 False   [10, 12] [N]
   30 0x00001010 0xFFFFFFF8 0x000A0004 False   [11, 13] [N]
   31 0x00001018 0xFFFFFFF8 0x00140004 False   [12, 14] [N]
   32 0x00001020 0xFFFFFFF8 0x00280004 False   [13, 15] [N]
   33 0x00001028 0xFFFFFFF8 0x00500004 False   [16, 14] [N]
   34 0x00001030 0xFFFFFFF8 0x00A00004 False   [17, 15] [N]
   35 0x00001038 0xFFFFFFF8 0x00400004 False   [16] [N]
   36 0x00001040 0xFFFFFFF8 0x00800000 False   [17] []
   37 0x000010B8 0xFFFFFFF8 0x00000100 False   [2] []
   38 0x000010C0 0xFFFFFFF8 0x00000300 False   [2, 3] []
   39 0x000010C8 0xFFFFFFF8 0x00000700 False   [2, 3, 4] []
   40 0x000010D0 0xFFFFFFF8 0x00000E00 False   [3, 4, 5] []
   41 0x000010D8 0xFFFFFFF8 0x00001C00 False   [4, 5, 6] []
   42 0x000010E0 0xFFFFFFF8 0x00003800 False   [5, 6, 7] []
   43 0x000010E8 0xFFFFFFF8 0x00007000 False   [8, 6, 7] []
   44 0x000010F0 0xFFFFFFF8 0x0000E000 False   [8, 9, 7] []
   45 0x000010F8 0xFFFFFFF8 0x0001C000 False   [8, 9, 10] []
   46 0x00001100 0xFFFFFFF8 0x00030000 False   [10, 11] []
   47 0x00001108 0xFFFFFFF8 0x00070000 False   [10, 11, 12] []
   48 0x00001110 0xFFFFFFF8 0x000E0000 False   [11, 12, 13] []
   49 0x00001118 0xFFFFFFF8 0x001C0000 False   [12, 13, 14] []
   50 0x00001120 0xFFFFFFF8 0x00380000 False   [13, 14, 15] []
   51 0x00001128 0xFFFFFFF8 0x00700000 False   [16, 14, 15] []
   52 0x00001130 0xFFFFFFF8 0x00E00000 False   [16, 17, 15] []
   53 0x00001138 0xFFFFFFF8 0x00C00000 False   [16, 17] []
   54 0x00001140 0xFFFFFFF8 0x00800000 False   [17] []
   55 0x000011F8 0xFFFFFFF8 0x00010000 False   [10] []
0 Defaultable entries
