Router contains 114 entries
Index Key        Mask       Route      Default [Cores][Links]
----- ---------- ---------- ---------- ------- --------------
    0 0x00000900 0xFFFFFFF8 0x00001000 False   [6] []
    1 0x000009D0 0xFFFFFFF8 0x00000100 False   [2] []
    2 0x000009D8 0xFFFFFFF8 0x00000300 False   [2, 3] []
    3 0x000009E0 0xFFFFFFF8 0x00000700 False   [2, 3, 4] []
    4 0x000009E8 0xFFFFFFF8 0x00000E00 False   [3, 4, 5] []
    5 0x000009F0 0xFFFFFFF8 0x00001C00 False   [4, 5, 6] []
    6 0x000009F8 0xFFFFFFF8 0x00001800 False   [5, 6] []
    7 0x00000A00 0xFFFFFFF8 0x00007000 False   [8, 6, 7] []
    8 0x00000A08 0xFFFFFFF8 0x0000E000 False   [8, 9, 7] []
    9 0x00000A10 0xFFFFFFF8 0x0001C000 False   [8, 9, 10] []
   10 0x00000A18 0xFFFFFFF8 0x00038000 False   [9, 10, 11] []
   11 0x00000A20 0xFFFFFFF8 0x00070000 False   [10, 11, 12] []
   12 0x00000A28 0xFFFFFFF8 0x000E0000 False   [11, 12, 13] []
   13 0x00000A30 0xFFFFFFF8 0x001C0000 False   [12, 13, 14] []
   14 0x00000A38 0xFFFFFFF8 0x00380000 False   [13, 14, 15] []
   15 0x00000A40 0xFFFFFFF8 0x00700000 False   [16, 14, 15] []
   16 0x00000A48 0xFFFFFFF8 0x00E00000 False   [16, 17, 15] []
   17 0x00000A50 0xFFFFFFF8 0x00C00008 False   [16, 17] [W]
   18 0x00000A58 0xFFFFFFF8 0x00800008 False   [17] [W]
   19 0x00000A60 0xFFFFFFF8 0x00000008 False   [] [W]
   20 0x00000A68 0xFFFFFFF8 0x00000008 False   [] [W]
   21 0x00000A70 0xFFFFFFF8 0x00000008 False   [] [W]
   22 0x00000A78 0xFFFFFFF8 0x00000008 False   [] [W]
   23 0x00000A80 0xFFFFFFF8 0x00000008 False   [] [W]
   24 0x00000A88 0xFFFFFFF8 0x00000008 False   [] [W]
   25 0x00000A90 0xFFFFFFF8 0x00000008 False   [] [W]
   26 0x00000A98 0xFFFFFFF8 0x00000008 False   [] [W]
   27 0x00000AA0 0xFFFFFFF8 0x00000008 False   [] [W]
   28 0x00000AA8 0xFFFFFFF8 0x00000008 False   [] [W]
   29 0x00000AB0 0xFFFFFFF8 0x00000008 False   [] [W]
   30 0x00000AB8 0xFFFFFFF8 0x00000008 False   [] [W]
   31 0x00000AC0 0xFFFFFFF8 0x00000008 False   [] [W]
   32 0x00000AC8 0xFFFFFFF8 0x00000008 False   [] [W]
   33 0x00000AD0 0xFFFFFFF8 0x00000108 False   [2] [W]
   34 0x00000AD8 0xFFFFFFF8 0x00000209 False   [3] [E, W]
   35 0x00000AE0 0xFFFFFFF8 0x00000501 False   [2, 4] [E]
   36 0x00000AE8 0xFFFFFFF8 0x00000A01 False   [3, 5] [E]
   37 0x00000AF0 0xFFFFFFF8 0x00001401 False   [4, 6] [E]
   38 0x00000AF8 0xFFFFFFF8 0x00002801 False   [5, 7] [E]
   39 0x00000B00 0xFFFFFFF8 0x00005001 False   [8, 6] [E]
   40 0x00000B08 0xFFFFFFF8 0x0000A001 False   [9, 7] [E]
   41 0x00000B10 0xFFFFFFF8 0x00014001 False   [8, 10] [E]
   42 0x00000B18 0xFFFFFFF8 0x00028001 False   [9, 11] [E]
   43 0x00000B20 0xFFFFFFF8 0x00050001 False   [10, 12] [E]
   44 0x00000B28 0xFFFFFFF8 0x000A0001 False   [11, 13] [E]
   45 0x00000B30 0xFFFFFFF8 0x00140001 False   [12, 14] [E]
   46 0x00000B38 0xFFFFFFF8 0x00280001 False   [13, 15] [E]
   47 0x00000B40 0xFFFFFFF8 0x00500001 False   [16, 14] [E]
   48 0x00000B48 0xFFFFFFF8 0x00A00001 False   [17, 15] [E]
   49 0x00000B50 0xFFFFFFF8 0x00400009 False   [16] [E, W]
   50 0x00000B58 0xFFFFFFF8 0x00800001 False   [17] [E]
   51 0x00000B60 0xFFFFFFF8 0x00000001 False   [] [E]
   52 0x00000B68 0xFFFFFFF8 0x00000001 False   [] [E]
   53 0x00000B70 0xFFFFFFF8 0x00000001 False   [] [E]
   54 0x00000B78 0xFFFFFFF8 0x00000001 False   [] [E]
   55 0x00000B80 0xFFFFFFF8 0x00000001 False   [] [E]
   56 0x00000B88 0xFFFFFFF8 0x00000001 False   [] [E]
   57 0x00000B90 0xFFFFFFF8 0x00000001 False   [] [E]
   58 0x00000B98 0xFFFFFFF8 0x00000001 False   [] [E]
   59 0x00000BA0 0xFFFFFFF8 0x00000001 False   [] [E]
   60 0x00000BA8 0xFFFFFFF8 0x00000001 False   [] [E]
   61 0x00000BB0 0xFFFFFFF8 0x00000001 False   [] [E]
   62 0x00000BB8 0xFFFFFFF8 0x00000001 False   [] [E]
   63 0x00000BC0 0xFFFFFFF8 0x00000001 False   [] [E]
   64 0x00000BC8 0xFFFFFFF8 0x00000001 False   [] [E]
   65 0x00000BD0 0xFFFFFFF8 0x00000101 False   [2] [E]
   66 0x00000BD8 0xFFFFFFF8 0x00000308 False   [2, 3] [W]
   67 0x00000BE0 0xFFFFFFF8 0x00000700 False   [2, 3, 4] []
   68 0x00000BE8 0xFFFFFFF8 0x00000E00 False   [3, 4, 5] []
   69 0x00000BF0 0xFFFFFFF8 0x00001C00 False   [4, 5, 6] []
   70 0x00000BF8 0xFFFFFFF8 0x00003800 False   [5, 6, 7] []
   71 0x00000C00 0xFFFFFFF8 0x00006000 False   [8, 7] []
   72 0x00000C08 0xFFFFFFF8 0x0000E000 False   [8, 9, 7] []
   73 0x00000C10 0xFFFFFFF8 0x0001C000 False   [8, 9, 10] []
   74 0x00000C18 0xFFFFFFF8 0x00038000 False   [9, 10, 11] []
   75 0x00000C20 0xFFFFFFF8 0x00070000 False   [10, 11, 12] []
   76 0x00000C28 0xFFFFFFF8 0x000E0000 False   [11, 12, 13] []
   77 0x00000C30 0xFFFFFFF8 0x001C0000 False   [12, 13, 14] []
   78 0x00000C38 0xFFFFFFF8 0x00380000 False   [13, 14, 15] []
   79 0x00000C40 0xFFFFFFF8 0x00700000 False   [16, 14, 15] []
   80 0x00000C48 0xFFFFFFF8 0x00E00000 False   [16, 17, 15] []
   81 0x00000C50 0xFFFFFFF8 0x00C00008 False   [16, 17] [W]
   82 0x00000C58 0xFFFFFFF8 0x00800008 False   [17] [W]
   83 0x00000C60 0xFFFFFFF8 0x00000008 False   [] [W]
   84 0x00000C68 0xFFFFFFF8 0x00000008 False   [] [W]
   85 0x00000C70 0xFFFFFFF8 0x00000008 False   [] [W]
   86 0x00000C78 0xFFFFFFF8 0x00000008 False   [] [W]
   87 0x00000C80 0xFFFFFFF8 0x00000008 False   [] [W]
   88 0x00000C88 0xFFFFFFF8 0x00000008 False   [] [W]
   89 0x00000C90 0xFFFFFFF8 0x00000008 False   [] [W]
   90 0x00000C98 0xFFFFFFF8 0x00000008 False   [] [W]
   91 0x00000CA0 0xFFFFFFF8 0x00000008 False   [] [W]
   92 0x00000CA8 0xFFFFFFF8 0x00000008 False   [] [W]
   93 0x00000CB0 0xFFFFFFF8 0x00000008 False   [] [W]
   94 0x00000CB8 0xFFFFFFF8 0x00000008 False   [] [W]
   95 0x00000CC0 0xFFFFFFF8 0x00000008 False   [] [W]
   96 0x00000CC8 0xFFFFFFF8 0x00000008 False   [] [W]
   97 0x00000CD0 0xFFFFFFF8 0x00000008 False   [] [W]
   98 0x00000CD8 0xFFFFFFF8 0x00000008 False   [] [W]
   99 0x00000CF8 0xFFFFFFF8 0x00002000 False   [7] []
  100 0x00001F90 0xFFFFFFF8 0x00000010 False   [] [SW]
  101 0x00001F98 0xFFFFFFF8 0x00000010 False   [] [SW]
  102 0x00001FA0 0xFFFFFFF8 0x00000010 False   [] [SW]
  103 0x00001FA8 0xFFFFFFF8 0x00000010 False   [] [SW]
  104 0x00001FB0 0xFFFFFFF8 0x00000010 False   [] [SW]
  105 0x00001FB8 0xFFFFFFF8 0x00000010 False   [] [SW]
  106 0x00001FC0 0xFFFFFFF8 0x00000010 False   [] [SW]
  107 0x00001FC8 0xFFFFFFF8 0x00000010 False   [] [SW]
  108 0x00001FD0 0xFFFFFFF8 0x00000010 False   [] [SW]
  109 0x00001FD8 0xFFFFFFF8 0x00000010 False   [] [SW]
  110 0x00001FE0 0xFFFFFFF8 0x00000010 False   [] [SW]
  111 0x00001FE8 0xFFFFFFF8 0x00000010 False   [] [SW]
  112 0x00001FF0 0xFFFFFFF8 0x00000010 False   [] [SW]
  113 0x00001FF8 0xFFFFFFF8 0x00000010 False   [] [SW]
0 Defaultable entries
