Router contains 103 entries
Index Key        Mask       Route      Default [Cores][Links]
----- ---------- ---------- ---------- ------- --------------
    0 0x00001900 0xFFFFFFF8 0x00040000 False   [12] []
    1 0x000019A0 0xFFFFFFF8 0x00000100 False   [2] []
    2 0x000019A8 0xFFFFFFF8 0x00000300 False   [2, 3] []
    3 0x000019B0 0xFFFFFFF8 0x00000700 False   [2, 3, 4] []
    4 0x000019B8 0xFFFFFFF8 0x00000E00 False   [3, 4, 5] []
    5 0x000019C0 0xFFFFFFF8 0x00001C00 False   [4, 5, 6] []
    6 0x000019C8 0xFFFFFFF8 0x00003800 False   [5, 6, 7] []
    7 0x000019D0 0xFFFFFFF8 0x00007000 False   [8, 6, 7] []
    8 0x000019D8 0xFFFFFFF8 0x0000E000 False   [8, 9, 7] []
    9 0x000019E0 0xFFFFFFF8 0x0001C000 False   [8, 9, 10] []
   10 0x000019E8 0xFFFFFFF8 0x00038000 False   [9, 10, 11] []
   11 0x000019F0 0xFFFFFFF8 0x00070000 False   [10, 11, 12] []
   12 0x000019F8 0xFFFFFFF8 0x00060000 False   [11, 12] []
   13 0x00001A00 0xFFFFFFF8 0x001C0008 False   [12, 13, 14] [W]
   14 0x00001A08 0xFFFFFFF8 0x00380000 False   [13, 14, 15] []
   15 0x00001A10 0xFFFFFFF8 0x00700000 False   [16, 14, 15] []
   16 0x00001A18 0xFFFFFFF8 0x00E00000 False   [16, 17, 15] []
   17 0x00001A20 0xFFFFFFF8 0x00C00008 False   [16, 17] [W]
   18 0x00001A28 0xFFFFFFF8 0x00800008 False   [17] [W]
   19 0x00001A30 0xFFFFFFF8 0x00000008 False   [] [W]
   20 0x00001A38 0xFFFFFFF8 0x00000008 False   [] [W]
   21 0x00001A40 0xFFFFFFF8 0x00000008 False   [] [W]
   22 0x00001A48 0xFFFFFFF8 0x00000008 False   [] [W]
   23 0x00001A50 0xFFFFFFF8 0x00000008 False   [] [W]
   24 0x00001A58 0xFFFFFFF8 0x00000008 False   [] [W]
   25 0x00001A60 0xFFFFFFF8 0x00000008 False   [] [W]
   26 0x00001A68 0xFFFFFFF8 0x00000008 False   [] [W]
   27 0x00001A70 0xFFFFFFF8 0x00000008 False   [] [W]
   28 0x00001A78 0xFFFFFFF8 0x00000008 False   [] [W]
   29 0x00001A80 0xFFFFFFF8 0x00000008 False   [] [W]
   30 0x00001A88 0xFFFFFFF8 0x00000008 False   [] [W]
   31 0x00001A90 0xFFFFFFF8 0x00000008 False   [] [W]
   32 0x00001A98 0xFFFFFFF8 0x00000008 False   [] [W]
   33 0x00001AA0 0xFFFFFFF8 0x00000108 False   [2] [W]
   34 0x00001AA8 0xFFFFFFF8 0x00000209 False   [3] [E, W]
   35 0x00001AB0 0xFFFFFFF8 0x00000509 False   [2, 4] [E, W]
   36 0x00001AB8 0xFFFFFFF8 0x00000A09 False   [3, 5] [E, W]
   37 0x00001AC0 0xFFFFFFF8 0x00001409 False   [4, 6] [E, W]
   38 0x00001AC8 0xFFFFFFF8 0x00002809 False   [5, 7] [E, W]
   39 0x00001AD0 0xFFFFFFF8 0x00005009 False   [8, 6] [E, W]
   40 0x00001AD8 0xFFFFFFF8 0x0000A009 False   [9, 7] [E, W]
   41 0x00001AE0 0xFFFFFFF8 0x00014009 False   [8, 10] [E, W]
   42 0x00001AE8 0xFFFFFFF8 0x00028009 False   [9, 11] [E, W]
   43 0x00001AF0 0xFFFFFFF8 0x00050009 False   [10, 12] [E, W]
   44 0x00001AF8 0xFFFFFFF8 0x000A0009 False   [11, 13] [E, W]
   45 0x00001B00 0xFFFFFFF8 0x00140009 False   [12, 14] [E, W]
   46 0x00001B08 0xFFFFFFF8 0x00280009 False   [13, 15] [E, W]
   47 0x00001B10 0xFFFFFFF8 0x00500009 False   [16, 14] [E, W]
   48 0x00001B18 0xFFFFFFF8 0x00A00009 False   [17, 15] [E, W]
   49 0x00001B20 0xFFFFFFF8 0x00400009 False   [16] [E, W]
   50 0x00001B28 0xFFFFFFF8 0x00800001 False   [17] [E]
   51 0x00001B30 0xFFFFFFF8 0x00000001 False   [] [E]
   52 0x00001B38 0xFFFFFFF8 0x00000001 False   [] [E]
   53 0x00001B40 0xFFFFFFF8 0x00000001 False   [] [E]
   54 0x00001B48 0xFFFFFFF8 0x00000001 False   [] [E]
   55 0x00001B50 0xFFFFFFF8 0x00000001 False   [] [E]
   56 0x00001B58 0xFFFFFFF8 0x00000001 False   [] [E]
   57 0x00001B60 0xFFFFFFF8 0x00000001 False   [] [E]
   58 0x00001B68 0xFFFFFFF8 0x00000001 False   [] [E]
   59 0x00001B70 0xFFFFFFF8 0x00000001 False   [] [E]
   60 0x00001B78 0xFFFFFFF8 0x00000001 False   [] [E]
   61 0x00001B80 0xFFFFFFF8 0x00000001 False   [] [E]
   62 0x00001B88 0xFFFFFFF8 0x00000001 False   [] [E]
   63 0x00001B90 0xFFFFFFF8 0x00000001 False   [] [E]
   64 0x00001B98 0xFFFFFFF8 0x00000001 False   [] [E]
   65 0x00001BA0 0xFFFFFFF8 0x00000101 False   [2] [E]
   66 0x00001BA8 0xFFFFFFF8 0x00000301 False   [2, 3] [E]
   67 0x00001BB0 0xFFFFFFF8 0x00000701 False   [2, 3, 4] [E]
   68 0x00001BB8 0xFFFFFFF8 0x00000E01 False   [3, 4, 5] [E]
   69 0x00001BC0 0xFFFFFFF8 0x00001C01 False   [4, 5, 6] [E]
   70 0x00001BC8 0xFFFFFFF8 0x00003801 False   [5, 6, 7] [E]
   71 0x00001BD0 0xFFFFFFF8 0x00007001 False   [8, 6, 7] [E]
   72 0x00001BD8 0xFFFFFFF8 0x0000E001 False   [8, 9, 7] [E]
   73 0x00001BE0 0xFFFFFFF8 0x0001C001 False   [8, 9, 10] [E]
   74 0x00001BE8 0xFFFFFFF8 0x00038001 False   [9, 10, 11] [E]
   75 0x00001BF0 0xFFFFFFF8 0x00070001 False   [10, 11, 12] [E]
   76 0x00001BF8 0xFFFFFFF8 0x000E0001 False   [11, 12, 13] [E]
   77 0x00001C00 0xFFFFFFF8 0x00180001 False   [13, 14] [E]
   78 0x00001C08 0xFFFFFFF8 0x00380001 False   [13, 14, 15] [E]
   79 0x00001C10 0xFFFFFFF8 0x00700001 False   [16, 14, 15] [E]
   80 0x00001C18 0xFFFFFFF8 0x00E00008 False   [16, 17, 15] [W]
   81 0x00001C20 0xFFFFFFF8 0x00C00008 False   [16, 17] [W]
   82 0x00001C28 0xFFFFFFF8 0x00800008 False   [17] [W]
   83 0x00001CF8 0xFFFFFFF8 0x00080008 False   [13] [W]
   84 0x00001D00 0xFFFFFFF8 0x00000008 False   [] [W]
   85 0x00001D08 0xFFFFFFF8 0x00000008 False   [] [W]
   86 0x00001D10 0xFFFFFFF8 0x00000008 False   [] [W]
   87 0x00001D18 0xFFFFFFF8 0x00000008 False   [] [W]
   88 0x00001DF8 0xFFFFFFF8 0x00000008 False   [] [W]
   89 0x00001F90 0xFFFFFFF8 0x00000010 False   [] [SW]
   90 0x00001F98 0xFFFFFFF8 0x00000010 False   [] [SW]
   91 0x00001FA0 0xFFFFFFF8 0x00000010 False   [] [SW]
   92 0x00001FA8 0xFFFFFFF8 0x00000010 False   [] [SW]
   93 0x00001FB0 0xFFFFFFF8 0x00000010 False   [] [SW]
   94 0x00001FB8 0xFFFFFFF8 0x00000010 False   [] [SW]
   95 0x00001FC0 0xFFFFFFF8 0x00000010 False   [] [SW]
   96 0x00001FC8 0xFFFFFFF8 0x00000010 False   [] [SW]
   97 0x00001FD0 0xFFFFFFF8 0x00000010 False   [] [SW]
   98 0x00001FD8 0xFFFFFFF8 0x00000010 False   [] [SW]
   99 0x00001FE0 0xFFFFFFF8 0x00000010 False   [] [SW]
  100 0x00001FE8 0xFFFFFFF8 0x00000010 False   [] [SW]
  101 0x00001FF0 0xFFFFFFF8 0x00000010 False   [] [SW]
  102 0x00001FF8 0xFFFFFFF8 0x00000010 False   [] [SW]
0 Defaultable entries
