Router contains 117 entries
Index Key        Mask       Route      Default [Cores][Links]
----- ---------- ---------- ---------- ------- --------------
    0 0x00001700 0xFFFFFFF8 0x00040020 False   [12] [S]
    1 0x00001738 0xFFFFFFF8 0x00000020 False   [] [S]
    2 0x00001740 0xFFFFFFF8 0x00000020 False   [] [S]
    3 0x00001748 0xFFFFFFF8 0x00000020 False   [] [S]
    4 0x00001750 0xFFFFFFF8 0x00000020 False   [] [S]
    5 0x00001758 0xFFFFFFF8 0x00000020 False   [] [S]
    6 0x00001760 0xFFFFFFF8 0x00000020 False   [] [S]
    7 0x00001768 0xFFFFFFF8 0x00000020 False   [] [S]
    8 0x00001770 0xFFFFFFF8 0x00000020 False   [] [S]
    9 0x00001778 0xFFFFFFF8 0x00000020 False   [] [S]
   10 0x00001780 0xFFFFFFF8 0x00000020 False   [] [S]
   11 0x00001788 0xFFFFFFF8 0x00000020 False   [] [S]
   12 0x00001790 0xFFFFFFF8 0x00000020 False   [] [S]
   13 0x00001798 0xFFFFFFF8 0x00000020 False   [] [S]
   14 0x000017A0 0xFFFFFFF8 0x00000120 False   [2] [S]
   15 0x000017A8 0xFFFFFFF8 0x00000320 False   [2, 3] [S]
   16 0x000017B0 0xFFFFFFF8 0x00000708 False   [2, 3, 4] [W]
   17 0x000017B8 0xFFFFFFF8 0x00000E08 False   [3, 4, 5] [W]
   18 0x000017C0 0xFFFFFFF8 0x00001C08 False   [4, 5, 6] [W]
   19 0x000017C8 0xFFFFFFF8 0x00003808 False   [5, 6, 7] [W]
   20 0x000017D0 0xFFFFFFF8 0x00007008 False   [8, 6, 7] [W]
   21 0x000017D8 0xFFFFFFF8 0x0000E008 False   [8, 9, 7] [W]
   22 0x000017E0 0xFFFFFFF8 0x0001C008 False   [8, 9, 10] [W]
   23 0x000017E8 0xFFFFFFF8 0x00038008 False   [9, 10, 11] [W]
   24 0x000017F0 0xFFFFFFF8 0x00070008 False   [10, 11, 12] [W]
   25 0x000017F8 0xFFFFFFF8 0x00060008 False   [11, 12] [W]
   26 0x00001800 0xFFFFFFF8 0x001C0004 False   [12, 13, 14] [N]
   27 0x00001808 0xFFFFFFF8 0x00380008 False   [13, 14, 15] [W]
   28 0x00001810 0xFFFFFFF8 0x00700008 False   [16, 14, 15] [W]
   29 0x00001818 0xFFFFFFF8 0x00E00008 False   [16, 17, 15] [W]
   30 0x00001820 0xFFFFFFF8 0x00C00004 False   [16, 17] [N]
   31 0x00001828 0xFFFFFFF8 0x00800004 False   [17] [N]
   32 0x00001830 0xFFFFFFF8 0x00000004 False   [] [N]
   33 0x00001838 0xFFFFFFF8 0x00000004 False   [] [N]
   34 0x00001840 0xFFFFFFF8 0x00000004 False   [] [N]
   35 0x00001848 0xFFFFFFF8 0x00000004 False   [] [N]
   36 0x00001850 0xFFFFFFF8 0x00000004 False   [] [N]
   37 0x00001858 0xFFFFFFF8 0x00000004 False   [] [N]
   38 0x00001860 0xFFFFFFF8 0x00000004 False   [] [N]
   39 0x00001868 0xFFFFFFF8 0x00000004 False   [] [N]
   40 0x00001870 0xFFFFFFF8 0x00000004 False   [] [N]
   41 0x00001878 0xFFFFFFF8 0x00000004 False   [] [N]
   42 0x00001880 0xFFFFFFF8 0x00000004 False   [] [N]
   43 0x00001888 0xFFFFFFF8 0x00000004 False   [] [N]
   44 0x00001890 0xFFFFFFF8 0x00000004 False   [] [N]
   45 0x00001898 0xFFFFFFF8 0x00000004 False   [] [N]
   46 0x000018A0 0xFFFFFFF8 0x00000104 False   [2] [N]
   47 0x000018A8 0xFFFFFFF8 0x00000224 False   [3] [N, S]
   48 0x000018B0 0xFFFFFFF8 0x00000524 False   [2, 4] [N, S]
   49 0x000018B8 0xFFFFFFF8 0x00000A24 False   [3, 5] [N, S]
   50 0x000018C0 0xFFFFFFF8 0x00001424 False   [4, 6] [N, S]
   51 0x000018C8 0xFFFFFFF8 0x00002824 False   [5, 7] [N, S]
   52 0x000018D0 0xFFFFFFF8 0x00005024 False   [8, 6] [N, S]
   53 0x000018D8 0xFFFFFFF8 0x0000A024 False   [9, 7] [N, S]
   54 0x000018E0 0xFFFFFFF8 0x00014024 False   [8, 10] [N, S]
   55 0x000018E8 0xFFFFFFF8 0x00028024 False   [9, 11] [N, S]
   56 0x000018F0 0xFFFFFFF8 0x00050024 False   [10, 12] [N, S]
   57 0x000018F8 0xFFFFFFF8 0x000A0024 False   [11, 13] [N, S]
   58 0x00001900 0xFFFFFFF8 0x00140024 False   [12, 14] [N, S]
   59 0x00001908 0xFFFFFFF8 0x00280024 False   [13, 15] [N, S]
   60 0x00001910 0xFFFFFFF8 0x00500024 False   [16, 14] [N, S]
   61 0x00001918 0xFFFFFFF8 0x00A00024 False   [17, 15] [N, S]
   62 0x00001920 0xFFFFFFF8 0x00400024 False   [16] [N, S]
   63 0x00001928 0xFFFFFFF8 0x00800020 False   [17] [S]
   64 0x00001930 0xFFFFFFF8 0x00000020 False   [] [S]
   65 0x00001938 0xFFFFFFF8 0x00000020 False   [] [S]
   66 0x00001940 0xFFFFFFF8 0x00000020 False   [] [S]
   67 0x00001948 0xFFFFFFF8 0x00000020 False   [] [S]
   68 0x00001950 0xFFFFFFF8 0x00000020 False   [] [S]
   69 0x00001958 0xFFFFFFF8 0x00000020 False   [] [S]
   70 0x00001960 0xFFFFFFF8 0x00000020 False   [] [S]
   71 0x00001968 0xFFFFFFF8 0x00000020 False   [] [S]
   72 0x00001970 0xFFFFFFF8 0x00000020 False   [] [S]
   73 0x00001978 0xFFFFFFF8 0x00000020 False   [] [S]
   74 0x00001980 0xFFFFFFF8 0x00000020 False   [] [S]
   75 0x00001988 0xFFFFFFF8 0x00000020 False   [] [S]
   76 0x00001990 0xFFFFFFF8 0x00000020 False   [] [S]
   77 0x00001998 0xFFFFFFF8 0x00000020 False   [] [S]
   78 0x000019A0 0xFFFFFFF8 0x00000120 False   [2] [S]
   79 0x000019A8 0xFFFFFFF8 0x00000320 False   [2, 3] [S]
   80 0x000019B0 0xFFFFFFF8 0x00000700 False   [2, 3, 4] []
   81 0x000019B8 0xFFFFFFF8 0x00000E00 False   [3, 4, 5] []
   82 0x000019C0 0xFFFFFFF8 0x00001C00 False   [4, 5, 6] []
   83 0x000019C8 0xFFFFFFF8 0x00003800 False   [5, 6, 7] []
   84 0x000019D0 0xFFFFFFF8 0x00007000 False   [8, 6, 7] []
   85 0x000019D8 0xFFFFFFF8 0x0000E000 False   [8, 9, 7] []
   86 0x000019E0 0xFFFFFFF8 0x0001C000 False   [8, 9, 10] []
   87 0x000019E8 0xFFFFFFF8 0x00038000 False   [9, 10, 11] []
   88 0x000019F0 0xFFFFFFF8 0x00070000 False   [10, 11, 12] []
   89 0x000019F8 0xFFFFFFF8 0x000E0020 False   [11, 12, 13] [S]
   90 0x00001A00 0xFFFFFFF8 0x00180000 False   [13, 14] []
   91 0x00001A08 0xFFFFFFF8 0x00380000 False   [13, 14, 15] []
   92 0x00001A10 0xFFFFFFF8 0x00700000 False   [16, 14, 15] []
   93 0x00001A18 0xFFFFFFF8 0x00E00000 False   [16, 17, 15] []
   94 0x00001A20 0xFFFFFFF8 0x00C00000 False   [16, 17] []
   95 0x00001A28 0xFFFFFFF8 0x00800000 False   [17] []
   96 0x00001AF8 0xFFFFFFF8 0x00080000 False   [13] []
   97 0x00001B00 0xFFFFFFF8 0x00000020 False   [] [S]
   98 0x00001B10 0xFFFFFFF8 0x00000020 False   [] [S]
   99 0x00001B18 0xFFFFFFF8 0x00000020 False   [] [S]
  100 0x00001B20 0xFFFFFFF8 0x00000020 False   [] [S]
  101 0x00001B28 0xFFFFFFF8 0x00000020 False   [] [S]
  102 0x00001BF8 0xFFFFFFF8 0x00000020 False   [] [S]
  103 0x00001C18 0xFFFFFFF8 0x00000008 False   [] [W]
  104 0x00001C20 0xFFFFFFF8 0x00000008 False   [] [W]
  105 0x00001C28 0xFFFFFFF8 0x00000008 False   [] [W]
  106 0x00001C30 0xFFFFFFF8 0x00000008 False   [] [W]
  107 0x00001C38 0xFFFFFFF8 0x00000008 False   [] [W]
  108 0x00001C40 0xFFFFFFF8 0x00000008 False   [] [W]
  109 0x00001C48 0xFFFFFFF8 0x00000008 False   [] [W]
  110 0x00001C50 0xFFFFFFF8 0x00000008 False   [] [W]
  111 0x00001C58 0xFFFFFFF8 0x00000008 False   [] [W]
  112 0x00001C60 0xFFFFFFF8 0x00000008 False   [] [W]
  113 0x00001C68 0xFFFFFFF8 0x00000008 False   [] [W]
  114 0x00001C70 0xFFFFFFF8 0x00000008 False   [] [W]
  115 0x00001C78 0xFFFFFFF8 0x00000008 False   [] [W]
  116 0x00001C80 0xFFFFFFF8 0x00000008 False   [] [W]
0 Defaultable entries
