Router contains 114 entries
Index Key        Mask       Route      Default [Cores][Links]
----- ---------- ---------- ---------- ------- --------------
    0 0x00000300 0xFFFFFFF8 0x00000200 False   [3] []
    1 0x00000378 0xFFFFFFF8 0x00000020 False   [] [S]
    2 0x00000380 0xFFFFFFF8 0x00000020 False   [] [S]
    3 0x00000388 0xFFFFFFF8 0x00000020 False   [] [S]
    4 0x00000390 0xFFFFFFF8 0x00000020 False   [] [S]
    5 0x00000398 0xFFFFFFF8 0x00000020 False   [] [S]
    6 0x000003A0 0xFFFFFFF8 0x00000020 False   [] [S]
    7 0x000003A8 0xFFFFFFF8 0x00000020 False   [] [S]
    8 0x000003B0 0xFFFFFFF8 0x00000020 False   [] [S]
    9 0x000003B8 0xFFFFFFF8 0x00000020 False   [] [S]
   10 0x000003C0 0xFFFFFFF8 0x00000020 False   [] [S]
   11 0x000003C8 0xFFFFFFF8 0x00000020 False   [] [S]
   12 0x000003D0 0xFFFFFFF8 0x00000020 False   [] [S]
   13 0x000003D8 0xFFFFFFF8 0x00000020 False   [] [S]
   14 0x000003E0 0xFFFFFFF8 0x00000020 False   [] [S]
   15 0x000003E8 0xFFFFFFF8 0x00000120 False   [2] [S]
   16 0x000003F0 0xFFFFFFF8 0x00000320 False   [2, 3] [S]
   17 0x000003F8 0xFFFFFFF8 0x00000300 False   [2, 3] []
   18 0x00000400 0xFFFFFFF8 0x00000E00 False   [3, 4, 5] []
   19 0x00000408 0xFFFFFFF8 0x00001C00 False   [4, 5, 6] []
   20 0x00000410 0xFFFFFFF8 0x00003800 False   [5, 6, 7] []
   21 0x00000418 0xFFFFFFF8 0x00007000 False   [8, 6, 7] []
   22 0x00000420 0xFFFFFFF8 0x0000E000 False   [8, 9, 7] []
   23 0x00000428 0xFFFFFFF8 0x0001C000 False   [8, 9, 10] []
   24 0x00000430 0xFFFFFFF8 0x00038000 False   [9, 10, 11] []
   25 0x00000438 0xFFFFFFF8 0x00070000 False   [10, 11, 12] []
   26 0x00000440 0xFFFFFFF8 0x000E0000 False   [11, 12, 13] []
   27 0x00000448 0xFFFFFFF8 0x001C0000 False   [12, 13, 14] []
   28 0x00000450 0xFFFFFFF8 0x00380000 False   [13, 14, 15] []
   29 0x00000458 0xFFFFFFF8 0x00700000 False   [16, 14, 15] []
   30 0x00000460 0xFFFFFFF8 0x00600000 False   [16, 15] []
   31 0x00000468 0xFFFFFFF8 0x00400020 False   [16] [S]
   32 0x00000470 0xFFFFFFF8 0x00000004 False   [] [N]
   33 0x00000478 0xFFFFFFF8 0x00000004 False   [] [N]
   34 0x00000480 0xFFFFFFF8 0x00000004 False   [] [N]
   35 0x00000488 0xFFFFFFF8 0x00000004 False   [] [N]
   36 0x00000490 0xFFFFFFF8 0x00000004 False   [] [N]
   37 0x00000498 0xFFFFFFF8 0x00000004 False   [] [N]
   38 0x000004A0 0xFFFFFFF8 0x00000004 False   [] [N]
   39 0x000004A8 0xFFFFFFF8 0x00000004 False   [] [N]
   40 0x000004B0 0xFFFFFFF8 0x00000004 False   [] [N]
   41 0x000004B8 0xFFFFFFF8 0x00000004 False   [] [N]
   42 0x000004C0 0xFFFFFFF8 0x00000004 False   [] [N]
   43 0x000004C8 0xFFFFFFF8 0x00000004 False   [] [N]
   44 0x000004D0 0xFFFFFFF8 0x00000004 False   [] [N]
   45 0x000004D8 0xFFFFFFF8 0x00000004 False   [] [N]
   46 0x000004E0 0xFFFFFFF8 0x00000004 False   [] [N]
   47 0x000004E8 0xFFFFFFF8 0x00000104 False   [2] [N]
   48 0x000004F0 0xFFFFFFF8 0x00000224 False   [3] [N, S]
   49 0x000004F8 0xFFFFFFF8 0x00000508 False   [2, 4] [W]
   50 0x00000500 0xFFFFFFF8 0x00000A04 False   [3, 5] [N]
   51 0x00000508 0xFFFFFFF8 0x00001404 False   [4, 6] [N]
   52 0x00000510 0xFFFFFFF8 0x00002804 False   [5, 7] [N]
   53 0x00000518 0xFFFFFFF8 0x00005004 False   [8, 6] [N]
   54 0x00000520 0xFFFFFFF8 0x0000A004 False   [9, 7] [N]
   55 0x00000528 0xFFFFFFF8 0x00014004 False   [8, 10] [N]
   56 0x00000530 0xFFFFFFF8 0x00028004 False   [9, 11] [N]
   57 0x00000538 0xFFFFFFF8 0x00050004 False   [10, 12] [N]
   58 0x00000540 0xFFFFFFF8 0x000A0004 False   [11, 13] [N]
   59 0x00000548 0xFFFFFFF8 0x00140004 False   [12, 14] [N]
   60 0x00000550 0xFFFFFFF8 0x00280004 False   [13, 15] [N]
   61 0x00000558 0xFFFFFFF8 0x00500004 False   [16, 14] [N]
   62 0x00000560 0xFFFFFFF8 0x00200004 False   [15] [N]
   63 0x00000568 0xFFFFFFF8 0x00400020 False   [16] [S]
   64 0x00000570 0xFFFFFFF8 0x00000020 False   [] [S]
   65 0x00000578 0xFFFFFFF8 0x00000020 False   [] [S]
   66 0x00000580 0xFFFFFFF8 0x00000020 False   [] [S]
   67 0x00000588 0xFFFFFFF8 0x00000020 False   [] [S]
   68 0x00000590 0xFFFFFFF8 0x00000020 False   [] [S]
   69 0x00000598 0xFFFFFFF8 0x00000020 False   [] [S]
   70 0x000005A0 0xFFFFFFF8 0x00000020 False   [] [S]
   71 0x000005A8 0xFFFFFFF8 0x00000020 False   [] [S]
   72 0x000005B0 0xFFFFFFF8 0x00000020 False   [] [S]
   73 0x000005B8 0xFFFFFFF8 0x00000020 False   [] [S]
   74 0x000005C0 0xFFFFFFF8 0x00000020 False   [] [S]
   75 0x000005C8 0xFFFFFFF8 0x00000020 False   [] [S]
   76 0x000005D0 0xFFFFFFF8 0x00000020 False   [] [S]
   77 0x000005D8 0xFFFFFFF8 0x00000020 False   [] [S]
   78 0x000005E0 0xFFFFFFF8 0x00000020 False   [] [S]
   79 0x000005E8 0xFFFFFFF8 0x00000120 False   [2] [S]
   80 0x000005F0 0xFFFFFFF8 0x00000320 False   [2, 3] [S]
   81 0x000005F8 0xFFFFFFF8 0x00000700 False   [2, 3, 4] []
   82 0x00000600 0xFFFFFFF8 0x00000C01 False   [4, 5] [E]
   83 0x00000608 0xFFFFFFF8 0x00001C00 False   [4, 5, 6] []
   84 0x00000610 0xFFFFFFF8 0x00003800 False   [5, 6, 7] []
   85 0x00000618 0xFFFFFFF8 0x00007000 False   [8, 6, 7] []
   86 0x00000620 0xFFFFFFF8 0x0000E000 False   [8, 9, 7] []
   87 0x00000628 0xFFFFFFF8 0x0001C000 False   [8, 9, 10] []
   88 0x00000630 0xFFFFFFF8 0x00038000 False   [9, 10, 11] []
   89 0x00000638 0xFFFFFFF8 0x00070000 False   [10, 11, 12] []
   90 0x00000640 0xFFFFFFF8 0x000E0000 False   [11, 12, 13] []
   91 0x00000648 0xFFFFFFF8 0x001C0000 False   [12, 13, 14] []
   92 0x00000650 0xFFFFFFF8 0x00380000 False   [13, 14, 15] []
   93 0x00000658 0xFFFFFFF8 0x00700000 False   [16, 14, 15] []
   94 0x00000660 0xFFFFFFF8 0x00600000 False   [16, 15] []
   95 0x00000668 0xFFFFFFF8 0x00400000 False   [16] []
   96 0x000006D0 0xFFFFFFF8 0x00000020 False   [] [S]
   97 0x000006D8 0xFFFFFFF8 0x00000020 False   [] [S]
   98 0x000006E0 0xFFFFFFF8 0x00000020 False   [] [S]
   99 0x000006E8 0xFFFFFFF8 0x00000020 False   [] [S]
  100 0x000006F0 0xFFFFFFF8 0x00000020 False   [] [S]
  101 0x000006F8 0xFFFFFFF8 0x00000401 False   [4] [E]
  102 0x00000708 0xFFFFFFF8 0x00000020 False   [] [S]
  103 0x00000710 0xFFFFFFF8 0x00000020 False   [] [S]
  104 0x00000718 0xFFFFFFF8 0x00000020 False   [] [S]
  105 0x00000720 0xFFFFFFF8 0x00000020 False   [] [S]
  106 0x00000728 0xFFFFFFF8 0x00000020 False   [] [S]
  107 0x00000730 0xFFFFFFF8 0x00000020 False   [] [S]
  108 0x00000738 0xFFFFFFF8 0x00000020 False   [] [S]
  109 0x00000740 0xFFFFFFF8 0x00000020 False   [] [S]
  110 0x00000748 0xFFFFFFF8 0x00000020 False   [] [S]
  111 0x00000750 0xFFFFFFF8 0x00000001 False   [] [E]
  112 0x00000758 0xFFFFFFF8 0x00000001 False   [] [E]
  113 0x00000760 0xFFFFFFF8 0x00000001 False   [] [E]
0 Defaultable entries
