Router contains 68 entries
Index Key        Mask       Route      Default [Cores][Links]
----- ---------- ---------- ---------- ------- --------------
    0 0x00000368 0xFFFFFFF8 0x00000100 False   [2] []
    1 0x00000370 0xFFFFFFF8 0x00000300 False   [2, 3] []
    2 0x00000378 0xFFFFFFF8 0x00000700 False   [2, 3, 4] []
    3 0x00000380 0xFFFFFFF8 0x00000E00 False   [3, 4, 5] []
    4 0x00000388 0xFFFFFFF8 0x00001C00 False   [4, 5, 6] []
    5 0x00000390 0xFFFFFFF8 0x00003800 False   [5, 6, 7] []
    6 0x00000398 0xFFFFFFF8 0x00007000 False   [8, 6, 7] []
    7 0x000003A0 0xFFFFFFF8 0x0000E000 False   [8, 9, 7] []
    8 0x000003A8 0xFFFFFFF8 0x0001C000 False   [8, 9, 10] []
    9 0x000003B0 0xFFFFFFF8 0x00038000 False   [9, 10, 11] []
   10 0x000003B8 0xFFFFFFF8 0x00070000 False   [10, 11, 12] []
   11 0x000003C0 0xFFFFFFF8 0x000E0000 False   [11, 12, 13] []
   12 0x000003C8 0xFFFFFFF8 0x001C0000 False   [12, 13, 14] []
   13 0x000003D0 0xFFFFFFF8 0x00380000 False   [13, 14, 15] []
   14 0x000003D8 0xFFFFFFF8 0x00700000 False   [16, 14, 15] []
   15 0x000003E0 0xFFFFFFF8 0x00E00000 False   [16, 17, 15] []
   16 0x000003E8 0xFFFFFFF8 0x00C00000 False   [16, 17] []
   17 0x000003F0 0xFFFFFFF8 0x00800000 False   [17] []
   18 0x00000468 0xFFFFFFF8 0x00000100 False   [2] []
   19 0x00000470 0xFFFFFFF8 0x00000204 False   [3] [N]
   20 0x00000478 0xFFFFFFF8 0x00000504 False   [2, 4] [N]
   21 0x00000480 0xFFFFFFF8 0x00000A04 False   [3, 5] [N]
   22 0x00000488 0xFFFFFFF8 0x00001404 False   [4, 6] [N]
   23 0x00000490 0xFFFFFFF8 0x00002804 False   [5, 7] [N]
   24 0x00000498 0xFFFFFFF8 0x00005004 False   [8, 6] [N]
   25 0x000004A0 0xFFFFFFF8 0x0000A004 False   [9, 7] [N]
   26 0x000004A8 0xFFFFFFF8 0x00014004 False   [8, 10] [N]
   27 0x000004B0 0xFFFFFFF8 0x00028004 False   [9, 11] [N]
   28 0x000004B8 0xFFFFFFF8 0x00050004 False   [10, 12] [N]
   29 0x000004C0 0xFFFFFFF8 0x000A0004 False   [11, 13] [N]
   30 0x000004C8 0xFFFFFFF8 0x00140004 False   [12, 14] [N]
   31 0x000004D0 0xFFFFFFF8 0x00280004 False   [13, 15] [N]
   32 0x000004D8 0xFFFFFFF8 0x00500004 False   [16, 14] [N]
   33 0x000004E0 0xFFFFFFF8 0x00A00004 False   [17, 15] [N]
   34 0x000004E8 0xFFFFFFF8 0x00400004 False   [16] [N]
   35 0x000004F0 0xFFFFFFF8 0x00800000 False   [17] []
   36 0x00000568 0xFFFFFFF8 0x00000100 False   [2] []
   37 0x00000570 0xFFFFFFF8 0x00000300 False   [2, 3] []
   38 0x00000578 0xFFFFFFF8 0x00000700 False   [2, 3, 4] []
   39 0x00000580 0xFFFFFFF8 0x00000E00 False   [3, 4, 5] []
   40 0x00000588 0xFFFFFFF8 0x00001C00 False   [4, 5, 6] []
   41 0x00000590 0xFFFFFFF8 0x00003800 False   [5, 6, 7] []
   42 0x00000598 0xFFFFFFF8 0x00007000 False   [8, 6, 7] []
   43 0x000005A0 0xFFFFFFF8 0x0000E000 False   [8, 9, 7] []
   44 0x000005A8 0xFFFFFFF8 0x0001C000 False   [8, 9, 10] []
   45 0x000005B0 0xFFFFFFF8 0x00038000 False   [9, 10, 11] []
   46 0x000005B8 0xFFFFFFF8 0x00070000 False   [10, 11, 12] []
   47 0x000005C0 0xFFFFFFF8 0x000E0000 False   [11, 12, 13] []
   48 0x000005C8 0xFFFFFFF8 0x001C0000 False   [12, 13, 14] []
   49 0x000005D0 0xFFFFFFF8 0x00380000 False   [13, 14, 15] []
   50 0x000005D8 0xFFFFFFF8 0x00700000 False   [16, 14, 15] []
   51 0x000005E0 0xFFFFFFF8 0x00E00000 False   [16, 17, 15] []
   52 0x000005E8 0xFFFFFFF8 0x00C00000 False   [16, 17] []
   53 0x000005F0 0xFFFFFFF8 0x00800000 False   [17] []
   54 0x000006D0 0xFFFFFFF8 0x00000001 False   [] [E]
   55 0x000006D8 0xFFFFFFF8 0x00000001 False   [] [E]
   56 0x000006E0 0xFFFFFFF8 0x00000001 False   [] [E]
   57 0x000006E8 0xFFFFFFF8 0x00000001 False   [] [E]
   58 0x000006F0 0xFFFFFFF8 0x00000001 False   [] [E]
   59 0x00000708 0xFFFFFFF8 0x00000001 False   [] [E]
   60 0x00000710 0xFFFFFFF8 0x00000001 False   [] [E]
   61 0x00000718 0xFFFFFFF8 0x00000001 False   [] [E]
   62 0x00000720 0xFFFFFFF8 0x00000001 False   [] [E]
   63 0x00000728 0xFFFFFFF8 0x00000001 False   [] [E]
   64 0x00000730 0xFFFFFFF8 0x00000001 False   [] [E]
   65 0x00000738 0xFFFFFFF8 0x00000001 False   [] [E]
   66 0x00000740 0xFFFFFFF8 0x00000001 False   [] [E]
   67 0x00000748 0xFFFFFFF8 0x00000001 False   [] [E]
0 Defaultable entries
