Router contains 54 entries
Index Key        Mask       Route      Default [Cores][Links]
----- ---------- ---------- ---------- ------- --------------
    0 0x00001230 0xFFFFFFF8 0x00000100 False   [2] []
    1 0x00001238 0xFFFFFFF8 0x00000300 False   [2, 3] []
    2 0x00001240 0xFFFFFFF8 0x00000700 False   [2, 3, 4] []
    3 0x00001248 0xFFFFFFF8 0x00000E00 False   [3, 4, 5] []
    4 0x00001250 0xFFFFFFF8 0x00001C00 False   [4, 5, 6] []
    5 0x00001258 0xFFFFFFF8 0x00003800 False   [5, 6, 7] []
    6 0x00001260 0xFFFFFFF8 0x00007000 False   [8, 6, 7] []
    7 0x00001268 0xFFFFFFF8 0x0000E000 False   [8, 9, 7] []
    8 0x00001270 0xFFFFFFF8 0x0001C000 False   [8, 9, 10] []
    9 0x00001278 0xFFFFFFF8 0x00038000 False   [9, 10, 11] []
   10 0x00001280 0xFFFFFFF8 0x00070000 False   [10, 11, 12] []
   11 0x00001288 0xFFFFFFF8 0x000E0000 False   [11, 12, 13] []
   12 0x00001290 0xFFFFFFF8 0x001C0000 False   [12, 13, 14] []
   13 0x00001298 0xFFFFFFF8 0x00380000 False   [13, 14, 15] []
   14 0x000012A0 0xFFFFFFF8 0x00700000 False   [16, 14, 15] []
   15 0x000012A8 0xFFFFFFF8 0x00E00000 False   [16, 17, 15] []
   16 0x000012B0 0xFFFFFFF8 0x00C00000 False   [16, 17] []
   17 0x000012B8 0xFFFFFFF8 0x00800000 False   [17] []
   18 0x00001330 0xFFFFFFF8 0x00000100 False   [2] []
   19 0x00001338 0xFFFFFFF8 0x00000201 False   [3] [E]
   20 0x00001340 0xFFFFFFF8 0x00000501 False   [2, 4] [E]
   21 0x00001348 0xFFFFFFF8 0x00000A01 False   [3, 5] [E]
   22 0x00001350 0xFFFFFFF8 0x00001401 False   [4, 6] [E]
   23 0x00001358 0xFFFFFFF8 0x00002801 False   [5, 7] [E]
   24 0x00001360 0xFFFFFFF8 0x00005001 False   [8, 6] [E]
   25 0x00001368 0xFFFFFFF8 0x0000A001 False   [9, 7] [E]
   26 0x00001370 0xFFFFFFF8 0x00014001 False   [8, 10] [E]
   27 0x00001378 0xFFFFFFF8 0x00028001 False   [9, 11] [E]
   28 0x00001380 0xFFFFFFF8 0x00050001 False   [10, 12] [E]
   29 0x00001388 0xFFFFFFF8 0x000A0001 False   [11, 13] [E]
   30 0x00001390 0xFFFFFFF8 0x00140001 False   [12, 14] [E]
   31 0x00001398 0xFFFFFFF8 0x00280001 False   [13, 15] [E]
   32 0x000013A0 0xFFFFFFF8 0x00500001 False   [16, 14] [E]
   33 0x000013A8 0xFFFFFFF8 0x00A00001 False   [17, 15] [E]
   34 0x000013B0 0xFFFFFFF8 0x00400001 False   [16] [E]
   35 0x000013B8 0xFFFFFFF8 0x00800000 False   [17] []
   36 0x00001430 0xFFFFFFF8 0x00000100 False   [2] []
   37 0x00001438 0xFFFFFFF8 0x00000300 False   [2, 3] []
   38 0x00001440 0xFFFFFFF8 0x00000700 False   [2, 3, 4] []
   39 0x00001448 0xFFFFFFF8 0x00000E00 False   [3, 4, 5] []
   40 0x00001450 0xFFFFFFF8 0x00001C00 False   [4, 5, 6] []
   41 0x00001458 0xFFFFFFF8 0x00003800 False   [5, 6, 7] []
   42 0x00001460 0xFFFFFFF8 0x00007000 False   [8, 6, 7] []
   43 0x00001468 0xFFFFFFF8 0x0000E000 False   [8, 9, 7] []
   44 0x00001470 0xFFFFFFF8 0x0001C000 False   [8, 9, 10] []
   45 0x00001478 0xFFFFFFF8 0x00038000 False   [9, 10, 11] []
   46 0x00001480 0xFFFFFFF8 0x00070000 False   [10, 11, 12] []
   47 0x00001488 0xFFFFFFF8 0x000E0000 False   [11, 12, 13] []
   48 0x00001490 0xFFFFFFF8 0x001C0000 False   [12, 13, 14] []
   49 0x00001498 0xFFFFFFF8 0x00380000 False   [13, 14, 15] []
   50 0x000014A0 0xFFFFFFF8 0x00700000 False   [16, 14, 15] []
   51 0x000014A8 0xFFFFFFF8 0x00E00000 False   [16, 17, 15] []
   52 0x000014B0 0xFFFFFFF8 0x00C00000 False   [16, 17] []
   53 0x000014B8 0xFFFFFFF8 0x00800000 False   [17] []
0 Defaultable entries
