Router contains 114 entries
Index Key        Mask       Route      Default [Cores][Links]
----- ---------- ---------- ---------- ------- --------------
    0 0x00000B00 0xFFFFFFF8 0x00002020 False   [7] [S]
    1 0x00000B60 0xFFFFFFF8 0x00000020 False   [] [S]
    2 0x00000B68 0xFFFFFFF8 0x00000020 False   [] [S]
    3 0x00000B70 0xFFFFFFF8 0x00000020 False   [] [S]
    4 0x00000B78 0xFFFFFFF8 0x00000020 False   [] [S]
    5 0x00000B80 0xFFFFFFF8 0x00000020 False   [] [S]
    6 0x00000B88 0xFFFFFFF8 0x00000020 False   [] [S]
    7 0x00000B90 0xFFFFFFF8 0x00000020 False   [] [S]
    8 0x00000B98 0xFFFFFFF8 0x00000020 False   [] [S]
    9 0x00000BA0 0xFFFFFFF8 0x00000020 False   [] [S]
   10 0x00000BA8 0xFFFFFFF8 0x00000020 False   [] [S]
   11 0x00000BB0 0xFFFFFFF8 0x00000020 False   [] [S]
   12 0x00000BB8 0xFFFFFFF8 0x00000020 False   [] [S]
   13 0x00000BC0 0xFFFFFFF8 0x00000020 False   [] [S]
   14 0x00000BC8 0xFFFFFFF8 0x00000120 False   [2] [S]
   15 0x00000BD0 0xFFFFFFF8 0x00000320 False   [2, 3] [S]
   16 0x00000BD8 0xFFFFFFF8 0x00000708 False   [2, 3, 4] [W]
   17 0x00000BE0 0xFFFFFFF8 0x00000E08 False   [3, 4, 5] [W]
   18 0x00000BE8 0xFFFFFFF8 0x00001C08 False   [4, 5, 6] [W]
   19 0x00000BF0 0xFFFFFFF8 0x00003808 False   [5, 6, 7] [W]
   20 0x00000BF8 0xFFFFFFF8 0x00003008 False   [6, 7] [W]
   21 0x00000C00 0xFFFFFFF8 0x0000E004 False   [8, 9, 7] [N]
   22 0x00000C08 0xFFFFFFF8 0x0001C008 False   [8, 9, 10] [W]
   23 0x00000C10 0xFFFFFFF8 0x00038008 False   [9, 10, 11] [W]
   24 0x00000C18 0xFFFFFFF8 0x00070008 False   [10, 11, 12] [W]
   25 0x00000C20 0xFFFFFFF8 0x000E0008 False   [11, 12, 13] [W]
   26 0x00000C28 0xFFFFFFF8 0x001C0008 False   [12, 13, 14] [W]
   27 0x00000C30 0xFFFFFFF8 0x00380008 False   [13, 14, 15] [W]
   28 0x00000C38 0xFFFFFFF8 0x00700008 False   [16, 14, 15] [W]
   29 0x00000C40 0xFFFFFFF8 0x00E00008 False   [16, 17, 15] [W]
   30 0x00000C48 0xFFFFFFF8 0x00C00004 False   [16, 17] [N]
   31 0x00000C50 0xFFFFFFF8 0x00800004 False   [17] [N]
   32 0x00000C58 0xFFFFFFF8 0x00000004 False   [] [N]
   33 0x00000C60 0xFFFFFFF8 0x00000004 False   [] [N]
   34 0x00000C68 0xFFFFFFF8 0x00000004 False   [] [N]
   35 0x00000C70 0xFFFFFFF8 0x00000004 False   [] [N]
   36 0x00000C78 0xFFFFFFF8 0x00000004 False   [] [N]
   37 0x00000C80 0xFFFFFFF8 0x00000004 False   [] [N]
   38 0x00000C88 0xFFFFFFF8 0x00000004 False   [] [N]
   39 0x00000C90 0xFFFFFFF8 0x00000004 False   [] [N]
   40 0x00000C98 0xFFFFFFF8 0x00000004 False   [] [N]
   41 0x00000CA0 0xFFFFFFF8 0x00000004 False   [] [N]
   42 0x00000CA8 0xFFFFFFF8 0x00000004 False   [] [N]
   43 0x00000CB0 0xFFFFFFF8 0x00000004 False   [] [N]
   44 0x00000CB8 0xFFFFFFF8 0x00000004 False   [] [N]
   45 0x00000CC0 0xFFFFFFF8 0x00000004 False   [] [N]
   46 0x00000CC8 0xFFFFFFF8 0x00000104 False   [2] [N]
   47 0x00000CD0 0xFFFFFFF8 0x00000224 False   [3] [N, S]
   48 0x00000CD8 0xFFFFFFF8 0x00000524 False   [2, 4] [N, S]
   49 0x00000CE0 0xFFFFFFF8 0x00000A24 False   [3, 5] [N, S]
   50 0x00000CE8 0xFFFFFFF8 0x00001424 False   [4, 6] [N, S]
   51 0x00000CF0 0xFFFFFFF8 0x00002824 False   [5, 7] [N, S]
   52 0x00000CF8 0xFFFFFFF8 0x00005024 False   [8, 6] [N, S]
   53 0x00000D00 0xFFFFFFF8 0x0000A024 False   [9, 7] [N, S]
   54 0x00000D08 0xFFFFFFF8 0x00014024 False   [8, 10] [N, S]
   55 0x00000D10 0xFFFFFFF8 0x00028024 False   [9, 11] [N, S]
   56 0x00000D18 0xFFFFFFF8 0x00050024 False   [10, 12] [N, S]
   57 0x00000D20 0xFFFFFFF8 0x000A0024 False   [11, 13] [N, S]
   58 0x00000D28 0xFFFFFFF8 0x00140024 False   [12, 14] [N, S]
   59 0x00000D30 0xFFFFFFF8 0x00280024 False   [13, 15] [N, S]
   60 0x00000D38 0xFFFFFFF8 0x00500024 False   [16, 14] [N, S]
   61 0x00000D40 0xFFFFFFF8 0x00A00024 False   [17, 15] [N, S]
   62 0x00000D48 0xFFFFFFF8 0x00400024 False   [16] [N, S]
   63 0x00000D50 0xFFFFFFF8 0x00800020 False   [17] [S]
   64 0x00000D58 0xFFFFFFF8 0x00000020 False   [] [S]
   65 0x00000D60 0xFFFFFFF8 0x00000020 False   [] [S]
   66 0x00000D68 0xFFFFFFF8 0x00000020 False   [] [S]
   67 0x00000D70 0xFFFFFFF8 0x00000020 False   [] [S]
   68 0x00000D78 0xFFFFFFF8 0x00000020 False   [] [S]
   69 0x00000D80 0xFFFFFFF8 0x00000020 False   [] [S]
   70 0x00000D88 0xFFFFFFF8 0x00000020 False   [] [S]
   71 0x00000D90 0xFFFFFFF8 0x00000020 False   [] [S]
   72 0x00000D98 0xFFFFFFF8 0x00000020 False   [] [S]
   73 0x00000DA0 0xFFFFFFF8 0x00000020 False   [] [S]
   74 0x00000DA8 0xFFFFFFF8 0x00000020 False   [] [S]
   75 0x00000DB0 0xFFFFFFF8 0x00000020 False   [] [S]
   76 0x00000DB8 0xFFFFFFF8 0x00000020 False   [] [S]
   77 0x00000DC0 0xFFFFFFF8 0x00000020 False   [] [S]
   78 0x00000DC8 0xFFFFFFF8 0x00000120 False   [2] [S]
   79 0x00000DD0 0xFFFFFFF8 0x00000320 False   [2, 3] [S]
   80 0x00000DD8 0xFFFFFFF8 0x00000700 False   [2, 3, 4] []
   81 0x00000DE0 0xFFFFFFF8 0x00000E00 False   [3, 4, 5] []
   82 0x00000DE8 0xFFFFFFF8 0x00001C00 False   [4, 5, 6] []
   83 0x00000DF0 0xFFFFFFF8 0x00003800 False   [5, 6, 7] []
   84 0x00000DF8 0xFFFFFFF8 0x00007020 False   [8, 6, 7] [S]
   85 0x00000E00 0xFFFFFFF8 0x0000C001 False   [8, 9] [E]
   86 0x00000E08 0xFFFFFFF8 0x0001C000 False   [8, 9, 10] []
   87 0x00000E10 0xFFFFFFF8 0x00038000 False   [9, 10, 11] []
   88 0x00000E18 0xFFFFFFF8 0x00070000 False   [10, 11, 12] []
   89 0x00000E20 0xFFFFFFF8 0x000E0000 False   [11, 12, 13] []
   90 0x00000E28 0xFFFFFFF8 0x001C0000 False   [12, 13, 14] []
   91 0x00000E30 0xFFFFFFF8 0x00380000 False   [13, 14, 15] []
   92 0x00000E38 0xFFFFFFF8 0x00700000 False   [16, 14, 15] []
   93 0x00000E40 0xFFFFFFF8 0x00E00000 False   [16, 17, 15] []
   94 0x00000E48 0xFFFFFFF8 0x00C00000 False   [16, 17] []
   95 0x00000E50 0xFFFFFFF8 0x00800000 False   [17] []
   96 0x00000EB8 0xFFFFFFF8 0x00000020 False   [] [S]
   97 0x00000EC0 0xFFFFFFF8 0x00000020 False   [] [S]
   98 0x00000EC8 0xFFFFFFF8 0x00000020 False   [] [S]
   99 0x00000ED0 0xFFFFFFF8 0x00000020 False   [] [S]
  100 0x00000ED8 0xFFFFFFF8 0x00000020 False   [] [S]
  101 0x00000EE0 0xFFFFFFF8 0x00000020 False   [] [S]
  102 0x00000EE8 0xFFFFFFF8 0x00000020 False   [] [S]
  103 0x00000EF0 0xFFFFFFF8 0x00000020 False   [] [S]
  104 0x00000EF8 0xFFFFFFF8 0x00004001 False   [8] [E]
  105 0x00000F08 0xFFFFFFF8 0x00000020 False   [] [S]
  106 0x00000F10 0xFFFFFFF8 0x00000020 False   [] [S]
  107 0x00000F18 0xFFFFFFF8 0x00000020 False   [] [S]
  108 0x00000F20 0xFFFFFFF8 0x00000020 False   [] [S]
  109 0x00000F28 0xFFFFFFF8 0x00000020 False   [] [S]
  110 0x00000F30 0xFFFFFFF8 0x00000020 False   [] [S]
  111 0x00000F38 0xFFFFFFF8 0x00000001 False   [] [E]
  112 0x00000F40 0xFFFFFFF8 0x00000001 False   [] [E]
  113 0x00000F48 0xFFFFFFF8 0x00000001 False   [] [E]
0 Defaultable entries
