Router contains 56 entries
Index Key        Mask       Route      Default [Cores][Links]
----- ---------- ---------- ---------- ------- --------------
    0 0x00001200 0xFFFFFFF8 0x00010000 False   [10] []
    1 0x000012B0 0xFFFFFFF8 0x00000100 False   [2] []
    2 0x000012B8 0xFFFFFFF8 0x00000300 False   [2, 3] []
    3 0x000012C0 0xFFFFFFF8 0x00000700 False   [2, 3, 4] []
    4 0x000012C8 0xFFFFFFF8 0x00000E00 False   [3, 4, 5] []
    5 0x000012D0 0xFFFFFFF8 0x00001C00 False   [4, 5, 6] []
    6 0x000012D8 0xFFFFFFF8 0x00003800 False   [5, 6, 7] []
    7 0x000012E0 0xFFFFFFF8 0x00007000 False   [8, 6, 7] []
    8 0x000012E8 0xFFFFFFF8 0x0000E000 False   [8, 9, 7] []
    9 0x000012F0 0xFFFFFFF8 0x0001C000 False   [8, 9, 10] []
   10 0x000012F8 0xFFFFFFF8 0x00018000 False   [9, 10] []
   11 0x00001300 0xFFFFFFF8 0x00070000 False   [10, 11, 12] []
   12 0x00001308 0xFFFFFFF8 0x000E0000 False   [11, 12, 13] []
   13 0x00001310 0xFFFFFFF8 0x001C0000 False   [12, 13, 14] []
   14 0x00001318 0xFFFFFFF8 0x00380000 False   [13, 14, 15] []
   15 0x00001320 0xFFFFFFF8 0x00700000 False   [16, 14, 15] []
   16 0x00001328 0xFFFFFFF8 0x00E00000 False   [16, 17, 15] []
   17 0x00001330 0xFFFFFFF8 0x00C00000 False   [16, 17] []
   18 0x00001338 0xFFFFFFF8 0x00800000 False   [17] []
   19 0x000013B0 0xFFFFFFF8 0x00000100 False   [2] []
   20 0x000013B8 0xFFFFFFF8 0x00000204 False   [3] [N]
   21 0x000013C0 0xFFFFFFF8 0x00000504 False   [2, 4] [N]
   22 0x000013C8 0xFFFFFFF8 0x00000A04 False   [3, 5] [N]
   23 0x000013D0 0xFFFFFFF8 0x00001404 False   [4, 6] [N]
   24 0x000013D8 0xFFFFFFF8 0x00002804 False   [5, 7] [N]
   25 0x000013E0 0xFFFFFFF8 0x00005004 False   [8, 6] [N]
   26 0x000013E8 0xFFFFFFF8 0x0000A004 False   [9, 7] [N]
   27 0x000013F0 0xFFFFFFF8 0x00014004 False   [8, 10] [N]
   28 0x000013F8 0xFFFFFFF8 0x00028004 False   [9, 11] [N]
   29 0x00001400 0xFFFFFFF8 0x00050004 False   [10, 12] [N]
   30 0x00001408 0xFFFFFFF8 0x000A0004 False   [11, 13] [N]
   31 0x00001410 0xFFFFFFF8 0x00140004 False   [12, 14] [N]
   32 0x00001418 0xFFFFFFF8 0x00280004 False   [13, 15] [N]
   33 0x00001420 0xFFFFFFF8 0x00500004 False   [16, 14] [N]
   34 0x00001428 0xFFFFFFF8 0x00A00004 False   [17, 15] [N]
   35 0x00001430 0xFFFFFFF8 0x00400004 False   [16] [N]
   36 0x00001438 0xFFFFFFF8 0x00800000 False   [17] []
   37 0x000014B0 0xFFFFFFF8 0x00000100 False   [2] []
   38 0x000014B8 0xFFFFFFF8 0x00000300 False   [2, 3] []
   39 0x000014C0 0xFFFFFFF8 0x00000700 False   [2, 3, 4] []
   40 0x000014C8 0xFFFFFFF8 0x00000E00 False   [3, 4, 5] []
   41 0x000014D0 0xFFFFFFF8 0x00001C00 False   [4, 5, 6] []
   42 0x000014D8 0xFFFFFFF8 0x00003800 False   [5, 6, 7] []
   43 0x000014E0 0xFFFFFFF8 0x00007000 False   [8, 6, 7] []
   44 0x000014E8 0xFFFFFFF8 0x0000E000 False   [8, 9, 7] []
   45 0x000014F0 0xFFFFFFF8 0x0001C000 False   [8, 9, 10] []
   46 0x000014F8 0xFFFFFFF8 0x00038000 False   [9, 10, 11] []
   47 0x00001500 0xFFFFFFF8 0x00060000 False   [11, 12] []
   48 0x00001508 0xFFFFFFF8 0x000E0000 False   [11, 12, 13] []
   49 0x00001510 0xFFFFFFF8 0x001C0000 False   [12, 13, 14] []
   50 0x00001518 0xFFFFFFF8 0x00380000 False   [13, 14, 15] []
   51 0x00001520 0xFFFFFFF8 0x00700000 False   [16, 14, 15] []
   52 0x00001528 0xFFFFFFF8 0x00E00000 False   [16, 17, 15] []
   53 0x00001530 0xFFFFFFF8 0x00C00000 False   [16, 17] []
   54 0x00001538 0xFFFFFFF8 0x00800000 False   [17] []
   55 0x000015F8 0xFFFFFFF8 0x00020000 False   [11] []
0 Defaultable entries
