Router contains 94 entries
Index Key        Mask       Route      Default [Cores][Links]
----- ---------- ---------- ---------- ------- --------------
    0 0x00001BB0 0xFFFFFFF8 0x00000020 False   [] [S]
    1 0x00001BB8 0xFFFFFFF8 0x00000020 False   [] [S]
    2 0x00001BC0 0xFFFFFFF8 0x00000020 False   [] [S]
    3 0x00001BC8 0xFFFFFFF8 0x00000020 False   [] [S]
    4 0x00001BD0 0xFFFFFFF8 0x00000020 False   [] [S]
    5 0x00001BD8 0xFFFFFFF8 0x00000020 False   [] [S]
    6 0x00001BE0 0xFFFFFFF8 0x00000020 False   [] [S]
    7 0x00001BE8 0xFFFFFFF8 0x00000020 False   [] [S]
    8 0x00001BF0 0xFFFFFFF8 0x00000020 False   [] [S]
    9 0x00001C00 0xFFFFFFF8 0x00200020 False   [15] [S]
   10 0x00001C08 0xFFFFFFF8 0x00000020 False   [] [S]
   11 0x00001C10 0xFFFFFFF8 0x00000020 False   [] [S]
   12 0x00001C88 0xFFFFFFF8 0x00000108 False   [2] [W]
   13 0x00001C90 0xFFFFFFF8 0x00000308 False   [2, 3] [W]
   14 0x00001C98 0xFFFFFFF8 0x00000708 False   [2, 3, 4] [W]
   15 0x00001CA0 0xFFFFFFF8 0x00000E08 False   [3, 4, 5] [W]
   16 0x00001CA8 0xFFFFFFF8 0x00001C08 False   [4, 5, 6] [W]
   17 0x00001CB0 0xFFFFFFF8 0x00003808 False   [5, 6, 7] [W]
   18 0x00001CB8 0xFFFFFFF8 0x00007008 False   [8, 6, 7] [W]
   19 0x00001CC0 0xFFFFFFF8 0x0000E008 False   [8, 9, 7] [W]
   20 0x00001CC8 0xFFFFFFF8 0x0001C008 False   [8, 9, 10] [W]
   21 0x00001CD0 0xFFFFFFF8 0x00038008 False   [9, 10, 11] [W]
   22 0x00001CD8 0xFFFFFFF8 0x00070008 False   [10, 11, 12] [W]
   23 0x00001CE0 0xFFFFFFF8 0x000E0008 False   [11, 12, 13] [W]
   24 0x00001CE8 0xFFFFFFF8 0x001C0008 False   [12, 13, 14] [W]
   25 0x00001CF0 0xFFFFFFF8 0x00380008 False   [13, 14, 15] [W]
   26 0x00001CF8 0xFFFFFFF8 0x00300008 False   [14, 15] [W]
   27 0x00001D00 0xFFFFFFF8 0x00600004 False   [16, 15] [N]
   28 0x00001D08 0xFFFFFFF8 0x00400004 False   [16] [N]
   29 0x00001D10 0xFFFFFFF8 0x00000004 False   [] [N]
   30 0x00001D18 0xFFFFFFF8 0x00000004 False   [] [N]
   31 0x00001D20 0xFFFFFFF8 0x00000004 False   [] [N]
   32 0x00001D28 0xFFFFFFF8 0x00000004 False   [] [N]
   33 0x00001D30 0xFFFFFFF8 0x00000004 False   [] [N]
   34 0x00001D38 0xFFFFFFF8 0x00000004 False   [] [N]
   35 0x00001D40 0xFFFFFFF8 0x00000004 False   [] [N]
   36 0x00001D48 0xFFFFFFF8 0x00000004 False   [] [N]
   37 0x00001D50 0xFFFFFFF8 0x00000004 False   [] [N]
   38 0x00001D58 0xFFFFFFF8 0x00000004 False   [] [N]
   39 0x00001D60 0xFFFFFFF8 0x00000004 False   [] [N]
   40 0x00001D68 0xFFFFFFF8 0x00000004 False   [] [N]
   41 0x00001D70 0xFFFFFFF8 0x00000004 False   [] [N]
   42 0x00001D78 0xFFFFFFF8 0x00000004 False   [] [N]
   43 0x00001D80 0xFFFFFFF8 0x00000004 False   [] [N]
   44 0x00001D88 0xFFFFFFF8 0x00000104 False   [2] [N]
   45 0x00001D90 0xFFFFFFF8 0x00000224 False   [3] [N, S]
   46 0x00001D98 0xFFFFFFF8 0x00000524 False   [2, 4] [N, S]
   47 0x00001DA0 0xFFFFFFF8 0x00000A24 False   [3, 5] [N, S]
   48 0x00001DA8 0xFFFFFFF8 0x00001424 False   [4, 6] [N, S]
   49 0x00001DB0 0xFFFFFFF8 0x00002824 False   [5, 7] [N, S]
   50 0x00001DB8 0xFFFFFFF8 0x00005024 False   [8, 6] [N, S]
   51 0x00001DC0 0xFFFFFFF8 0x0000A024 False   [9, 7] [N, S]
   52 0x00001DC8 0xFFFFFFF8 0x00014024 False   [8, 10] [N, S]
   53 0x00001DD0 0xFFFFFFF8 0x00028024 False   [9, 11] [N, S]
   54 0x00001DD8 0xFFFFFFF8 0x00050024 False   [10, 12] [N, S]
   55 0x00001DE0 0xFFFFFFF8 0x000A0024 False   [11, 13] [N, S]
   56 0x00001DE8 0xFFFFFFF8 0x00140024 False   [12, 14] [N, S]
   57 0x00001DF0 0xFFFFFFF8 0x00280024 False   [13, 15] [N, S]
   58 0x00001DF8 0xFFFFFFF8 0x00500024 False   [16, 14] [N, S]
   59 0x00001E00 0xFFFFFFF8 0x00200024 False   [15] [N, S]
   60 0x00001E08 0xFFFFFFF8 0x00400020 False   [16] [S]
   61 0x00001E10 0xFFFFFFF8 0x00000020 False   [] [S]
   62 0x00001E18 0xFFFFFFF8 0x00000020 False   [] [S]
   63 0x00001E20 0xFFFFFFF8 0x00000020 False   [] [S]
   64 0x00001E28 0xFFFFFFF8 0x00000020 False   [] [S]
   65 0x00001E30 0xFFFFFFF8 0x00000020 False   [] [S]
   66 0x00001E38 0xFFFFFFF8 0x00000020 False   [] [S]
   67 0x00001E40 0xFFFFFFF8 0x00000020 False   [] [S]
   68 0x00001E48 0xFFFFFFF8 0x00000020 False   [] [S]
   69 0x00001E50 0xFFFFFFF8 0x00000020 False   [] [S]
   70 0x00001E58 0xFFFFFFF8 0x00000020 False   [] [S]
   71 0x00001E60 0xFFFFFFF8 0x00000020 False   [] [S]
   72 0x00001E68 0xFFFFFFF8 0x00000020 False   [] [S]
   73 0x00001E70 0xFFFFFFF8 0x00000020 False   [] [S]
   74 0x00001E78 0xFFFFFFF8 0x00000020 False   [] [S]
   75 0x00001E80 0xFFFFFFF8 0x00000020 False   [] [S]
   76 0x00001E88 0xFFFFFFF8 0x00000120 False   [2] [S]
   77 0x00001E90 0xFFFFFFF8 0x00000320 False   [2, 3] [S]
   78 0x00001E98 0xFFFFFFF8 0x00000700 False   [2, 3, 4] []
   79 0x00001EA0 0xFFFFFFF8 0x00000E00 False   [3, 4, 5] []
   80 0x00001EA8 0xFFFFFFF8 0x00001C00 False   [4, 5, 6] []
   81 0x00001EB0 0xFFFFFFF8 0x00003800 False   [5, 6, 7] []
   82 0x00001EB8 0xFFFFFFF8 0x00007000 False   [8, 6, 7] []
   83 0x00001EC0 0xFFFFFFF8 0x0000E000 False   [8, 9, 7] []
   84 0x00001EC8 0xFFFFFFF8 0x0001C000 False   [8, 9, 10] []
   85 0x00001ED0 0xFFFFFFF8 0x00038000 False   [9, 10, 11] []
   86 0x00001ED8 0xFFFFFFF8 0x00070000 False   [10, 11, 12] []
   87 0x00001EE0 0xFFFFFFF8 0x000E0000 False   [11, 12, 13] []
   88 0x00001EE8 0xFFFFFFF8 0x001C0000 False   [12, 13, 14] []
   89 0x00001EF0 0xFFFFFFF8 0x00380000 False   [13, 14, 15] []
   90 0x00001EF8 0xFFFFFFF8 0x00700020 False   [16, 14, 15] [S]
   91 0x00001F00 0xFFFFFFF8 0x00400000 False   [16] []
   92 0x00001F08 0xFFFFFFF8 0x00400000 False   [16] []
   93 0x00001FF8 0xFFFFFFF8 0x00400000 False   [16] []
0 Defaultable entries
