Router contains 114 entries
Index Key        Mask       Route      Default [Cores][Links]
----- ---------- ---------- ---------- ------- --------------
    0 0x00001100 0xFFFFFFF8 0x00010000 False   [10] []
    1 0x000011B0 0xFFFFFFF8 0x00000100 False   [2] []
    2 0x000011B8 0xFFFFFFF8 0x00000300 False   [2, 3] []
    3 0x000011C0 0xFFFFFFF8 0x00000700 False   [2, 3, 4] []
    4 0x000011C8 0xFFFFFFF8 0x00000E00 False   [3, 4, 5] []
    5 0x000011D0 0xFFFFFFF8 0x00001C00 False   [4, 5, 6] []
    6 0x000011D8 0xFFFFFFF8 0x00003800 False   [5, 6, 7] []
    7 0x000011E0 0xFFFFFFF8 0x00007000 False   [8, 6, 7] []
    8 0x000011E8 0xFFFFFFF8 0x0000E000 False   [8, 9, 7] []
    9 0x000011F0 0xFFFFFFF8 0x0001C000 False   [8, 9, 10] []
   10 0x000011F8 0xFFFFFFF8 0x00018000 False   [9, 10] []
   11 0x00001200 0xFFFFFFF8 0x00070000 False   [10, 11, 12] []
   12 0x00001208 0xFFFFFFF8 0x000E0000 False   [11, 12, 13] []
   13 0x00001210 0xFFFFFFF8 0x001C0000 False   [12, 13, 14] []
   14 0x00001218 0xFFFFFFF8 0x00380000 False   [13, 14, 15] []
   15 0x00001220 0xFFFFFFF8 0x00700000 False   [16, 14, 15] []
   16 0x00001228 0xFFFFFFF8 0x00E00000 False   [16, 17, 15] []
   17 0x00001230 0xFFFFFFF8 0x00C00008 False   [16, 17] [W]
   18 0x00001238 0xFFFFFFF8 0x00800008 False   [17] [W]
   19 0x00001240 0xFFFFFFF8 0x00000008 False   [] [W]
   20 0x00001248 0xFFFFFFF8 0x00000008 False   [] [W]
   21 0x00001250 0xFFFFFFF8 0x00000008 False   [] [W]
   22 0x00001258 0xFFFFFFF8 0x00000008 False   [] [W]
   23 0x00001260 0xFFFFFFF8 0x00000008 False   [] [W]
   24 0x00001268 0xFFFFFFF8 0x00000008 False   [] [W]
   25 0x00001270 0xFFFFFFF8 0x00000008 False   [] [W]
   26 0x00001278 0xFFFFFFF8 0x00000008 False   [] [W]
   27 0x00001280 0xFFFFFFF8 0x00000008 False   [] [W]
   28 0x00001288 0xFFFFFFF8 0x00000008 False   [] [W]
   29 0x00001290 0xFFFFFFF8 0x00000008 False   [] [W]
   30 0x00001298 0xFFFFFFF8 0x00000008 False   [] [W]
   31 0x000012A0 0xFFFFFFF8 0x00000008 False   [] [W]
   32 0x000012A8 0xFFFFFFF8 0x00000008 False   [] [W]
   33 0x000012B0 0xFFFFFFF8 0x00000108 False   [2] [W]
   34 0x000012B8 0xFFFFFFF8 0x00000209 False   [3] [E, W]
   35 0x000012C0 0xFFFFFFF8 0x00000501 False   [2, 4] [E]
   36 0x000012C8 0xFFFFFFF8 0x00000A01 False   [3, 5] [E]
   37 0x000012D0 0xFFFFFFF8 0x00001401 False   [4, 6] [E]
   38 0x000012D8 0xFFFFFFF8 0x00002801 False   [5, 7] [E]
   39 0x000012E0 0xFFFFFFF8 0x00005001 False   [8, 6] [E]
   40 0x000012E8 0xFFFFFFF8 0x0000A001 False   [9, 7] [E]
   41 0x000012F0 0xFFFFFFF8 0x00014001 False   [8, 10] [E]
   42 0x000012F8 0xFFFFFFF8 0x00028001 False   [9, 11] [E]
   43 0x00001300 0xFFFFFFF8 0x00050001 False   [10, 12] [E]
   44 0x00001308 0xFFFFFFF8 0x000A0001 False   [11, 13] [E]
   45 0x00001310 0xFFFFFFF8 0x00140001 False   [12, 14] [E]
   46 0x00001318 0xFFFFFFF8 0x00280001 False   [13, 15] [E]
   47 0x00001320 0xFFFFFFF8 0x00500001 False   [16, 14] [E]
   48 0x00001328 0xFFFFFFF8 0x00A00001 False   [17, 15] [E]
   49 0x00001330 0xFFFFFFF8 0x00400009 False   [16] [E, W]
   50 0x00001338 0xFFFFFFF8 0x00800001 False   [17] [E]
   51 0x00001340 0xFFFFFFF8 0x00000001 False   [] [E]
   52 0x00001348 0xFFFFFFF8 0x00000001 False   [] [E]
   53 0x00001350 0xFFFFFFF8 0x00000001 False   [] [E]
   54 0x00001358 0xFFFFFFF8 0x00000001 False   [] [E]
   55 0x00001360 0xFFFFFFF8 0x00000001 False   [] [E]
   56 0x00001368 0xFFFFFFF8 0x00000001 False   [] [E]
   57 0x00001370 0xFFFFFFF8 0x00000001 False   [] [E]
   58 0x00001378 0xFFFFFFF8 0x00000001 False   [] [E]
   59 0x00001380 0xFFFFFFF8 0x00000001 False   [] [E]
   60 0x00001388 0xFFFFFFF8 0x00000001 False   [] [E]
   61 0x00001390 0xFFFFFFF8 0x00000001 False   [] [E]
   62 0x00001398 0xFFFFFFF8 0x00000001 False   [] [E]
   63 0x000013A0 0xFFFFFFF8 0x00000001 False   [] [E]
   64 0x000013A8 0xFFFFFFF8 0x00000001 False   [] [E]
   65 0x000013B0 0xFFFFFFF8 0x00000101 False   [2] [E]
   66 0x000013B8 0xFFFFFFF8 0x00000308 False   [2, 3] [W]
   67 0x000013C0 0xFFFFFFF8 0x00000700 False   [2, 3, 4] []
   68 0x000013C8 0xFFFFFFF8 0x00000E00 False   [3, 4, 5] []
   69 0x000013D0 0xFFFFFFF8 0x00001C00 False   [4, 5, 6] []
   70 0x000013D8 0xFFFFFFF8 0x00003800 False   [5, 6, 7] []
   71 0x000013E0 0xFFFFFFF8 0x00007000 False   [8, 6, 7] []
   72 0x000013E8 0xFFFFFFF8 0x0000E000 False   [8, 9, 7] []
   73 0x000013F0 0xFFFFFFF8 0x0001C000 False   [8, 9, 10] []
   74 0x000013F8 0xFFFFFFF8 0x00038000 False   [9, 10, 11] []
   75 0x00001400 0xFFFFFFF8 0x00060000 False   [11, 12] []
   76 0x00001408 0xFFFFFFF8 0x000E0000 False   [11, 12, 13] []
   77 0x00001410 0xFFFFFFF8 0x001C0000 False   [12, 13, 14] []
   78 0x00001418 0xFFFFFFF8 0x00380000 False   [13, 14, 15] []
   79 0x00001420 0xFFFFFFF8 0x00700000 False   [16, 14, 15] []
   80 0x00001428 0xFFFFFFF8 0x00E00000 False   [16, 17, 15] []
   81 0x00001430 0xFFFFFFF8 0x00C00008 False   [16, 17] [W]
   82 0x00001438 0xFFFFFFF8 0x00800008 False   [17] [W]
   83 0x00001440 0xFFFFFFF8 0x00000008 False   [] [W]
   84 0x00001448 0xFFFFFFF8 0x00000008 False   [] [W]
   85 0x00001450 0xFFFFFFF8 0x00000008 False   [] [W]
   86 0x00001458 0xFFFFFFF8 0x00000008 False   [] [W]
   87 0x00001460 0xFFFFFFF8 0x00000008 False   [] [W]
   88 0x00001468 0xFFFFFFF8 0x00000008 False   [] [W]
   89 0x00001470 0xFFFFFFF8 0x00000008 False   [] [W]
   90 0x00001478 0xFFFFFFF8 0x00000008 False   [] [W]
   91 0x00001480 0xFFFFFFF8 0x00000008 False   [] [W]
   92 0x00001488 0xFFFFFFF8 0x00000008 False   [] [W]
   93 0x00001490 0xFFFFFFF8 0x00000008 False   [] [W]
   94 0x00001498 0xFFFFFFF8 0x00000008 False   [] [W]
   95 0x000014A0 0xFFFFFFF8 0x00000008 False   [] [W]
   96 0x000014A8 0xFFFFFFF8 0x00000008 False   [] [W]
   97 0x000014B0 0xFFFFFFF8 0x00000008 False   [] [W]
   98 0x000014B8 0xFFFFFFF8 0x00000008 False   [] [W]
   99 0x000014F8 0xFFFFFFF8 0x00020000 False   [11] []
  100 0x00001F90 0xFFFFFFF8 0x00000010 False   [] [SW]
  101 0x00001F98 0xFFFFFFF8 0x00000010 False   [] [SW]
  102 0x00001FA0 0xFFFFFFF8 0x00000010 False   [] [SW]
  103 0x00001FA8 0xFFFFFFF8 0x00000010 False   [] [SW]
  104 0x00001FB0 0xFFFFFFF8 0x00000010 False   [] [SW]
  105 0x00001FB8 0xFFFFFFF8 0x00000010 False   [] [SW]
  106 0x00001FC0 0xFFFFFFF8 0x00000010 False   [] [SW]
  107 0x00001FC8 0xFFFFFFF8 0x00000010 False   [] [SW]
  108 0x00001FD0 0xFFFFFFF8 0x00000010 False   [] [SW]
  109 0x00001FD8 0xFFFFFFF8 0x00000010 False   [] [SW]
  110 0x00001FE0 0xFFFFFFF8 0x00000010 False   [] [SW]
  111 0x00001FE8 0xFFFFFFF8 0x00000010 False   [] [SW]
  112 0x00001FF0 0xFFFFFFF8 0x00000010 False   [] [SW]
  113 0x00001FF8 0xFFFFFFF8 0x00000010 False   [] [SW]
0 Defaultable entries
