Router contains 56 entries
Index Key        Mask       Route      Default [Cores][Links]
----- ---------- ---------- ---------- ------- --------------
    0 0x00000600 0xFFFFFFF8 0x00001000 False   [6] []
    1 0x000006D0 0xFFFFFFF8 0x00000100 False   [2] []
    2 0x000006D8 0xFFFFFFF8 0x00000300 False   [2, 3] []
    3 0x000006E0 0xFFFFFFF8 0x00000700 False   [2, 3, 4] []
    4 0x000006E8 0xFFFFFFF8 0x00000E00 False   [3, 4, 5] []
    5 0x000006F0 0xFFFFFFF8 0x00001C00 False   [4, 5, 6] []
    6 0x000006F8 0xFFFFFFF8 0x00001800 False   [5, 6] []
    7 0x00000700 0xFFFFFFF8 0x00007000 False   [8, 6, 7] []
    8 0x00000708 0xFFFFFFF8 0x0000E000 False   [8, 9, 7] []
    9 0x00000710 0xFFFFFFF8 0x0001C000 False   [8, 9, 10] []
   10 0x00000718 0xFFFFFFF8 0x00038000 False   [9, 10, 11] []
   11 0x00000720 0xFFFFFFF8 0x00070000 False   [10, 11, 12] []
   12 0x00000728 0xFFFFFFF8 0x000E0000 False   [11, 12, 13] []
   13 0x00000730 0xFFFFFFF8 0x001C0000 False   [12, 13, 14] []
   14 0x00000738 0xFFFFFFF8 0x00380000 False   [13, 14, 15] []
   15 0x00000740 0xFFFFFFF8 0x00700000 False   [16, 14, 15] []
   16 0x00000748 0xFFFFFFF8 0x00E00000 False   [16, 17, 15] []
   17 0x00000750 0xFFFFFFF8 0x00C00000 False   [16, 17] []
   18 0x00000758 0xFFFFFFF8 0x00800000 False   [17] []
   19 0x000007D0 0xFFFFFFF8 0x00000100 False   [2] []
   20 0x000007D8 0xFFFFFFF8 0x00000204 False   [3] [N]
   21 0x000007E0 0xFFFFFFF8 0x00000504 False   [2, 4] [N]
   22 0x000007E8 0xFFFFFFF8 0x00000A04 False   [3, 5] [N]
   23 0x000007F0 0xFFFFFFF8 0x00001404 False   [4, 6] [N]
   24 0x000007F8 0xFFFFFFF8 0x00002804 False   [5, 7] [N]
   25 0x00000800 0xFFFFFFF8 0x00005004 False   [8, 6] [N]
   26 0x00000808 0xFFFFFFF8 0x0000A004 False   [9, 7] [N]
   27 0x00000810 0xFFFFFFF8 0x00014004 False   [8, 10] [N]
   28 0x00000818 0xFFFFFFF8 0x00028004 False   [9, 11] [N]
   29 0x00000820 0xFFFFFFF8 0x00050004 False   [10, 12] [N]
   30 0x00000828 0xFFFFFFF8 0x000A0004 False   [11, 13] [N]
   31 0x00000830 0xFFFFFFF8 0x00140004 False   [12, 14] [N]
   32 0x00000838 0xFFFFFFF8 0x00280004 False   [13, 15] [N]
   33 0x00000840 0xFFFFFFF8 0x00500004 False   [16, 14] [N]
   34 0x00000848 0xFFFFFFF8 0x00A00004 False   [17, 15] [N]
   35 0x00000850 0xFFFFFFF8 0x00400004 False   [16] [N]
   36 0x00000858 0xFFFFFFF8 0x00800000 False   [17] []
   37 0x000008D0 0xFFFFFFF8 0x00000100 False   [2] []
   38 0x000008D8 0xFFFFFFF8 0x00000300 False   [2, 3] []
   39 0x000008E0 0xFFFFFFF8 0x00000700 False   [2, 3, 4] []
   40 0x000008E8 0xFFFFFFF8 0x00000E00 False   [3, 4, 5] []
   41 0x000008F0 0xFFFFFFF8 0x00001C00 False   [4, 5, 6] []
   42 0x000008F8 0xFFFFFFF8 0x00003800 False   [5, 6, 7] []
   43 0x00000900 0xFFFFFFF8 0x00006000 False   [8, 7] []
   44 0x00000908 0xFFFFFFF8 0x0000E000 False   [8, 9, 7] []
   45 0x00000910 0xFFFFFFF8 0x0001C000 False   [8, 9, 10] []
   46 0x00000918 0xFFFFFFF8 0x00038000 False   [9, 10, 11] []
   47 0x00000920 0xFFFFFFF8 0x00070000 False   [10, 11, 12] []
   48 0x00000928 0xFFFFFFF8 0x000E0000 False   [11, 12, 13] []
   49 0x00000930 0xFFFFFFF8 0x001C0000 False   [12, 13, 14] []
   50 0x00000938 0xFFFFFFF8 0x00380000 False   [13, 14, 15] []
   51 0x00000940 0xFFFFFFF8 0x00700000 False   [16, 14, 15] []
   52 0x00000948 0xFFFFFFF8 0x00E00000 False   [16, 17, 15] []
   53 0x00000950 0xFFFFFFF8 0x00C00000 False   [16, 17] []
   54 0x00000958 0xFFFFFFF8 0x00800000 False   [17] []
   55 0x000009F8 0xFFFFFFF8 0x00002000 False   [7] []
0 Defaultable entries
