Router contains 147 entries
Index Key        Mask       Route      Default [Cores][Links]
----- ---------- ---------- ---------- ------- --------------
    0 0x00000000 0xFFFFFFF8 0x00000002 False   [] [NE]
    1 0x00000008 0xFFFFFFF8 0x00000002 False   [] [NE]
    2 0x00000010 0xFFFFFFF8 0x00000002 False   [] [NE]
    3 0x00000018 0xFFFFFFF8 0x00000002 False   [] [NE]
    4 0x00000020 0xFFFFFFF8 0x00000002 False   [] [NE]
    5 0x00000028 0xFFFFFFF8 0x00000002 False   [] [NE]
    6 0x00000030 0xFFFFFFF8 0x00000002 False   [] [NE]
    7 0x00000038 0xFFFFFFF8 0x00000002 False   [] [NE]
    8 0x00000040 0xFFFFFFF8 0x00000002 False   [] [NE]
    9 0x00000048 0xFFFFFFF8 0x00000002 False   [] [NE]
   10 0x00000050 0xFFFFFFF8 0x00000002 False   [] [NE]
   11 0x00000058 0xFFFFFFF8 0x00000002 False   [] [NE]
   12 0x00000060 0xFFFFFFF8 0x00000002 False   [] [NE]
   13 0x000000F0 0xFFFFFFF8 0x00000002 False   [] [NE]
   14 0x000000F8 0xFFFFFFF8 0x00000002 False   [] [NE]
   15 0x00000C00 0xFFFFFFF8 0x00004000 False   [8] []
   16 0x00000CC0 0xFFFFFFF8 0x00000100 False   [2] []
   17 0x00000CC8 0xFFFFFFF8 0x00000300 False   [2, 3] []
   18 0x00000CD0 0xFFFFFFF8 0x00000700 False   [2, 3, 4] []
   19 0x00000CD8 0xFFFFFFF8 0x00000E00 False   [3, 4, 5] []
   20 0x00000CE0 0xFFFFFFF8 0x00001C00 False   [4, 5, 6] []
   21 0x00000CE8 0xFFFFFFF8 0x00003800 False   [5, 6, 7] []
   22 0x00000CF0 0xFFFFFFF8 0x00007000 False   [8, 6, 7] []
   23 0x00000CF8 0xFFFFFFF8 0x00006000 False   [8, 7] []
   24 0x00000D00 0xFFFFFFF8 0x0001C008 False   [8, 9, 10] [W]
   25 0x00000D08 0xFFFFFFF8 0x00038000 False   [9, 10, 11] []
   26 0x00000D10 0xFFFFFFF8 0x00070000 False   [10, 11, 12] []
   27 0x00000D18 0xFFFFFFF8 0x000E0000 False   [11, 12, 13] []
   28 0x00000D20 0xFFFFFFF8 0x001C0000 False   [12, 13, 14] []
   29 0x00000D28 0xFFFFFFF8 0x00380000 False   [13, 14, 15] []
   30 0x00000D30 0xFFFFFFF8 0x00700000 False   [16, 14, 15] []
   31 0x00000D38 0xFFFFFFF8 0x00E00000 False   [16, 17, 15] []
   32 0x00000D40 0xFFFFFFF8 0x00C00008 False   [16, 17] [W]
   33 0x00000D48 0xFFFFFFF8 0x00800008 False   [17] [W]
   34 0x00000DC0 0xFFFFFFF8 0x00000108 False   [2] [W]
   35 0x00000DC8 0xFFFFFFF8 0x00000228 False   [3] [W, S]
   36 0x00000DD0 0xFFFFFFF8 0x00000528 False   [2, 4] [W, S]
   37 0x00000DD8 0xFFFFFFF8 0x00000A28 False   [3, 5] [W, S]
   38 0x00000DE0 0xFFFFFFF8 0x00001428 False   [4, 6] [W, S]
   39 0x00000DE8 0xFFFFFFF8 0x00002828 False   [5, 7] [W, S]
   40 0x00000DF0 0xFFFFFFF8 0x00005028 False   [8, 6] [W, S]
   41 0x00000DF8 0xFFFFFFF8 0x0000A028 False   [9, 7] [W, S]
   42 0x00000E00 0xFFFFFFF8 0x00014028 False   [8, 10] [W, S]
   43 0x00000E08 0xFFFFFFF8 0x00028028 False   [9, 11] [W, S]
   44 0x00000E10 0xFFFFFFF8 0x00050028 False   [10, 12] [W, S]
   45 0x00000E18 0xFFFFFFF8 0x000A0028 False   [11, 13] [W, S]
   46 0x00000E20 0xFFFFFFF8 0x00140028 False   [12, 14] [W, S]
   47 0x00000E28 0xFFFFFFF8 0x00280028 False   [13, 15] [W, S]
   48 0x00000E30 0xFFFFFFF8 0x00500028 False   [16, 14] [W, S]
   49 0x00000E38 0xFFFFFFF8 0x00A00028 False   [17, 15] [W, S]
   50 0x00000E40 0xFFFFFFF8 0x00400028 False   [16] [W, S]
   51 0x00000E48 0xFFFFFFF8 0x00800020 False   [17] [S]
   52 0x00000E50 0xFFFFFFF8 0x00000020 False   [] [S]
   53 0x00000E58 0xFFFFFFF8 0x00000020 False   [] [S]
   54 0x00000E60 0xFFFFFFF8 0x00000020 False   [] [S]
   55 0x00000E68 0xFFFFFFF8 0x00000020 False   [] [S]
   56 0x00000E70 0xFFFFFFF8 0x00000020 False   [] [S]
   57 0x00000E78 0xFFFFFFF8 0x00000020 False   [] [S]
   58 0x00000E80 0xFFFFFFF8 0x00000020 False   [] [S]
   59 0x00000E88 0xFFFFFFF8 0x00000020 False   [] [S]
   60 0x00000E90 0xFFFFFFF8 0x00000020 False   [] [S]
   61 0x00000E98 0xFFFFFFF8 0x00000020 False   [] [S]
   62 0x00000EA0 0xFFFFFFF8 0x00000020 False   [] [S]
   63 0x00000EA8 0xFFFFFFF8 0x00000020 False   [] [S]
   64 0x00000EB0 0xFFFFFFF8 0x00000020 False   [] [S]
   65 0x00000EB8 0xFFFFFFF8 0x00000020 False   [] [S]
   66 0x00000EC0 0xFFFFFFF8 0x00000120 False   [2] [S]
   67 0x00000EC8 0xFFFFFFF8 0x00000320 False   [2, 3] [S]
   68 0x00000ED0 0xFFFFFFF8 0x00000720 False   [2, 3, 4] [S]
   69 0x00000ED8 0xFFFFFFF8 0x00000E20 False   [3, 4, 5] [S]
   70 0x00000EE0 0xFFFFFFF8 0x00001C20 False   [4, 5, 6] [S]
   71 0x00000EE8 0xFFFFFFF8 0x00003820 False   [5, 6, 7] [S]
   72 0x00000EF0 0xFFFFFFF8 0x00007020 False   [8, 6, 7] [S]
   73 0x00000EF8 0xFFFFFFF8 0x0000E020 False   [8, 9, 7] [S]
   74 0x00000F00 0xFFFFFFF8 0x00018001 False   [9, 10] [E]
   75 0x00000F08 0xFFFFFFF8 0x00038020 False   [9, 10, 11] [S]
   76 0x00000F10 0xFFFFFFF8 0x00070020 False   [10, 11, 12] [S]
   77 0x00000F18 0xFFFFFFF8 0x000E0020 False   [11, 12, 13] [S]
   78 0x00000F20 0xFFFFFFF8 0x001C0020 False   [12, 13, 14] [S]
   79 0x00000F28 0xFFFFFFF8 0x00380020 False   [13, 14, 15] [S]
   80 0x00000F30 0xFFFFFFF8 0x00700020 False   [16, 14, 15] [S]
   81 0x00000F38 0xFFFFFFF8 0x00E00020 False   [16, 17, 15] [S]
   82 0x00000F40 0xFFFFFFF8 0x00C00020 False   [16, 17] [S]
   83 0x00000F48 0xFFFFFFF8 0x00800020 False   [17] [S]
   84 0x00000F50 0xFFFFFFF8 0x00000001 False   [] [E]
   85 0x00000F58 0xFFFFFFF8 0x00000001 False   [] [E]
   86 0x00000F60 0xFFFFFFF8 0x00000001 False   [] [E]
   87 0x00000F68 0xFFFFFFF8 0x00000001 False   [] [E]
   88 0x00000F70 0xFFFFFFF8 0x00000001 False   [] [E]
   89 0x00000F78 0xFFFFFFF8 0x00000001 False   [] [E]
   90 0x00000F80 0xFFFFFFF8 0x00000001 False   [] [E]
   91 0x00000F88 0xFFFFFFF8 0x00000001 False   [] [E]
   92 0x00000F90 0xFFFFFFF8 0x00000001 False   [] [E]
   93 0x00000F98 0xFFFFFFF8 0x00000001 False   [] [E]
   94 0x00000FA0 0xFFFFFFF8 0x00000001 False   [] [E]
   95 0x00000FA8 0xFFFFFFF8 0x00000001 False   [] [E]
   96 0x00000FB0 0xFFFFFFF8 0x00000001 False   [] [E]
   97 0x00000FB8 0xFFFFFFF8 0x00000001 False   [] [E]
   98 0x00000FF8 0xFFFFFFF8 0x00008008 False   [9] [W]
   99 0x00001000 0xFFFFFFF8 0x00000008 False   [] [W]
  100 0x00001038 0xFFFFFFF8 0x00000008 False   [] [W]
  101 0x00001040 0xFFFFFFF8 0x00000008 False   [] [W]
  102 0x00001048 0xFFFFFFF8 0x00000008 False   [] [W]
  103 0x00001050 0xFFFFFFF8 0x00000008 False   [] [W]
  104 0x00001058 0xFFFFFFF8 0x00000008 False   [] [W]
  105 0x00001060 0xFFFFFFF8 0x00000008 False   [] [W]
  106 0x00001068 0xFFFFFFF8 0x00000008 False   [] [W]
  107 0x00001070 0xFFFFFFF8 0x00000008 False   [] [W]
  108 0x00001078 0xFFFFFFF8 0x00000008 False   [] [W]
  109 0x00001080 0xFFFFFFF8 0x00000008 False   [] [W]
  110 0x00001088 0xFFFFFFF8 0x00000008 False   [] [W]
  111 0x00001090 0xFFFFFFF8 0x00000008 False   [] [W]
  112 0x00001098 0xFFFFFFF8 0x00000008 False   [] [W]
  113 0x000010A0 0xFFFFFFF8 0x00000008 False   [] [W]
  114 0x000010A8 0xFFFFFFF8 0x00000008 False   [] [W]
  115 0x000010B0 0xFFFFFFF8 0x00000008 False   [] [W]
  116 0x000010B8 0xFFFFFFF8 0x00000008 False   [] [W]
  117 0x000010C0 0xFFFFFFF8 0x00000008 False   [] [W]
  118 0x000010F8 0xFFFFFFF8 0x00000008 False   [] [W]
  119 0x00001148 0xFFFFFFF8 0x00000004 False   [] [N]
  120 0x00001150 0xFFFFFFF8 0x00000004 False   [] [N]
  121 0x00001158 0xFFFFFFF8 0x00000004 False   [] [N]
  122 0x00001160 0xFFFFFFF8 0x00000004 False   [] [N]
  123 0x00001168 0xFFFFFFF8 0x00000004 False   [] [N]
  124 0x00001170 0xFFFFFFF8 0x00000004 False   [] [N]
  125 0x00001178 0xFFFFFFF8 0x00000004 False   [] [N]
  126 0x00001180 0xFFFFFFF8 0x00000004 False   [] [N]
  127 0x00001188 0xFFFFFFF8 0x00000004 False   [] [N]
  128 0x00001190 0xFFFFFFF8 0x00000004 False   [] [N]
  129 0x00001198 0xFFFFFFF8 0x00000004 False   [] [N]
  130 0x000011A0 0xFFFFFFF8 0x00000004 False   [] [N]
  131 0x000011A8 0xFFFFFFF8 0x00000004 False   [] [N]
  132 0x000011B0 0xFFFFFFF8 0x00000004 False   [] [N]
  133 0x000013B8 0xFFFFFFF8 0x00000004 False   [] [N]
  134 0x000013C0 0xFFFFFFF8 0x00000008 False   [] [W]
  135 0x000013C8 0xFFFFFFF8 0x00000008 False   [] [W]
  136 0x000013D0 0xFFFFFFF8 0x00000008 False   [] [W]
  137 0x000013D8 0xFFFFFFF8 0x00000008 False   [] [W]
  138 0x000013E0 0xFFFFFFF8 0x00000008 False   [] [W]
  139 0x000013E8 0xFFFFFFF8 0x00000008 False   [] [W]
  140 0x000013F0 0xFFFFFFF8 0x00000008 False   [] [W]
  141 0x00001408 0xFFFFFFF8 0x00000008 False   [] [W]
  142 0x00001410 0xFFFFFFF8 0x00000008 False   [] [W]
  143 0x00001418 0xFFFFFFF8 0x00000008 False   [] [W]
  144 0x00001420 0xFFFFFFF8 0x00000008 False   [] [W]
  145 0x00001428 0xFFFFFFF8 0x00000008 False   [] [W]
  146 0x00001F00 0xFFFFFFF8 0x00000010 False   [] [SW]
0 Defaultable entries
