Router contains 68 entries
Index Key        Mask       Route      Default [Cores][Links]
----- ---------- ---------- ---------- ------- --------------
    0 0x00000000 0xFFFFFFF8 0x00000001 False   [] [E]
    1 0x00000070 0xFFFFFFF8 0x00000100 False   [2] []
    2 0x00000078 0xFFFFFFF8 0x00000208 False   [3] [W]
    3 0x00000080 0xFFFFFFF8 0x00000508 False   [2, 4] [W]
    4 0x00000088 0xFFFFFFF8 0x00000A08 False   [3, 5] [W]
    5 0x00000090 0xFFFFFFF8 0x00001408 False   [4, 6] [W]
    6 0x00000098 0xFFFFFFF8 0x00002808 False   [5, 7] [W]
    7 0x000000A0 0xFFFFFFF8 0x00005008 False   [8, 6] [W]
    8 0x000000A8 0xFFFFFFF8 0x0000A008 False   [9, 7] [W]
    9 0x000000B0 0xFFFFFFF8 0x00014008 False   [8, 10] [W]
   10 0x000000B8 0xFFFFFFF8 0x00028008 False   [9, 11] [W]
   11 0x000000C0 0xFFFFFFF8 0x00050008 False   [10, 12] [W]
   12 0x000000C8 0xFFFFFFF8 0x000A0008 False   [11, 13] [W]
   13 0x000000D0 0xFFFFFFF8 0x00140008 False   [12, 14] [W]
   14 0x000000D8 0xFFFFFFF8 0x00280008 False   [13, 15] [W]
   15 0x000000E0 0xFFFFFFF8 0x00500008 False   [16, 14] [W]
   16 0x000000E8 0xFFFFFFF8 0x00A00009 False   [17, 15] [E, W]
   17 0x000000F0 0xFFFFFFF8 0x00400005 False   [16] [E, N]
   18 0x000000F8 0xFFFFFFF8 0x00800001 False   [17] [E]
   19 0x00000170 0xFFFFFFF8 0x00000100 False   [2] []
   20 0x00000178 0xFFFFFFF8 0x00000302 False   [2, 3] [NE]
   21 0x00000180 0xFFFFFFF8 0x00000700 False   [2, 3, 4] []
   22 0x00000188 0xFFFFFFF8 0x00000E00 False   [3, 4, 5] []
   23 0x00000190 0xFFFFFFF8 0x00001C00 False   [4, 5, 6] []
   24 0x00000198 0xFFFFFFF8 0x00003800 False   [5, 6, 7] []
   25 0x000001A0 0xFFFFFFF8 0x00007000 False   [8, 6, 7] []
   26 0x000001A8 0xFFFFFFF8 0x0000E000 False   [8, 9, 7] []
   27 0x000001B0 0xFFFFFFF8 0x0001C000 False   [8, 9, 10] []
   28 0x000001B8 0xFFFFFFF8 0x00038000 False   [9, 10, 11] []
   29 0x000001C0 0xFFFFFFF8 0x00070000 False   [10, 11, 12] []
   30 0x000001C8 0xFFFFFFF8 0x000E0000 False   [11, 12, 13] []
   31 0x000001D0 0xFFFFFFF8 0x001C0000 False   [12, 13, 14] []
   32 0x000001D8 0xFFFFFFF8 0x00380000 False   [13, 14, 15] []
   33 0x000001E0 0xFFFFFFF8 0x00700000 False   [16, 14, 15] []
   34 0x000001E8 0xFFFFFFF8 0x00E00000 False   [16, 17, 15] []
   35 0x000001F0 0xFFFFFFF8 0x00C00000 False   [16, 17] []
   36 0x000001F8 0xFFFFFFF8 0x0080000C False   [17] [N, W]
   37 0x00000200 0xFFFFFFF8 0x00000004 False   [] [N]
   38 0x00000208 0xFFFFFFF8 0x00000004 False   [] [N]
   39 0x00000210 0xFFFFFFF8 0x00000004 False   [] [N]
   40 0x00000218 0xFFFFFFF8 0x00000004 False   [] [N]
   41 0x00000220 0xFFFFFFF8 0x00000004 False   [] [N]
   42 0x00000228 0xFFFFFFF8 0x00000004 False   [] [N]
   43 0x00000230 0xFFFFFFF8 0x00000004 False   [] [N]
   44 0x00000238 0xFFFFFFF8 0x00000004 False   [] [N]
   45 0x00000240 0xFFFFFFF8 0x00000004 False   [] [N]
   46 0x00000248 0xFFFFFFF8 0x00000004 False   [] [N]
   47 0x00000250 0xFFFFFFF8 0x00000004 False   [] [N]
   48 0x00000258 0xFFFFFFF8 0x00000004 False   [] [N]
   49 0x00000260 0xFFFFFFF8 0x00000004 False   [] [N]
   50 0x00001F70 0xFFFFFFF8 0x00000108 False   [2] [W]
   51 0x00001F78 0xFFFFFFF8 0x00000308 False   [2, 3] [W]
   52 0x00001F80 0xFFFFFFF8 0x00000700 False   [2, 3, 4] []
   53 0x00001F88 0xFFFFFFF8 0x00000E00 False   [3, 4, 5] []
   54 0x00001F90 0xFFFFFFF8 0x00001C00 False   [4, 5, 6] []
   55 0x00001F98 0xFFFFFFF8 0x00003800 False   [5, 6, 7] []
   56 0x00001FA0 0xFFFFFFF8 0x00007000 False   [8, 6, 7] []
   57 0x00001FA8 0xFFFFFFF8 0x0000E000 False   [8, 9, 7] []
   58 0x00001FB0 0xFFFFFFF8 0x0001C000 False   [8, 9, 10] []
   59 0x00001FB8 0xFFFFFFF8 0x00038000 False   [9, 10, 11] []
   60 0x00001FC0 0xFFFFFFF8 0x00070000 False   [10, 11, 12] []
   61 0x00001FC8 0xFFFFFFF8 0x000E0000 False   [11, 12, 13] []
   62 0x00001FD0 0xFFFFFFF8 0x001C0000 False   [12, 13, 14] []
   63 0x00001FD8 0xFFFFFFF8 0x00380000 False   [13, 14, 15] []
   64 0x00001FE0 0xFFFFFFF8 0x00700000 False   [16, 14, 15] []
   65 0x00001FE8 0xFFFFFFF8 0x00E00000 False   [16, 17, 15] []
   66 0x00001FF0 0xFFFFFFF8 0x00C00000 False   [16, 17] []
   67 0x00001FF8 0xFFFFFFF8 0x00800000 False   [17] []
0 Defaultable entries
