Router contains 139 entries
Index Key        Mask       Route      Default [Cores][Links]
----- ---------- ---------- ---------- ------- --------------
    0 0x00001500 0xFFFFFFF8 0x00020000 False   [11] []
    1 0x000015A8 0xFFFFFFF8 0x00000100 False   [2] []
    2 0x000015B0 0xFFFFFFF8 0x00000300 False   [2, 3] []
    3 0x000015B8 0xFFFFFFF8 0x00000700 False   [2, 3, 4] []
    4 0x000015C0 0xFFFFFFF8 0x00000E00 False   [3, 4, 5] []
    5 0x000015C8 0xFFFFFFF8 0x00001C00 False   [4, 5, 6] []
    6 0x000015D0 0xFFFFFFF8 0x00003800 False   [5, 6, 7] []
    7 0x000015D8 0xFFFFFFF8 0x00007000 False   [8, 6, 7] []
    8 0x000015E0 0xFFFFFFF8 0x0000E000 False   [8, 9, 7] []
    9 0x000015E8 0xFFFFFFF8 0x0001C000 False   [8, 9, 10] []
   10 0x000015F0 0xFFFFFFF8 0x00038000 False   [9, 10, 11] []
   11 0x000015F8 0xFFFFFFF8 0x00030000 False   [10, 11] []
   12 0x00001600 0xFFFFFFF8 0x000E0000 False   [11, 12, 13] []
   13 0x00001608 0xFFFFFFF8 0x001C0000 False   [12, 13, 14] []
   14 0x00001610 0xFFFFFFF8 0x00380000 False   [13, 14, 15] []
   15 0x00001618 0xFFFFFFF8 0x00700000 False   [16, 14, 15] []
   16 0x00001620 0xFFFFFFF8 0x00E00000 False   [16, 17, 15] []
   17 0x00001628 0xFFFFFFF8 0x00C00008 False   [16, 17] [W]
   18 0x00001630 0xFFFFFFF8 0x00800008 False   [17] [W]
   19 0x00001638 0xFFFFFFF8 0x00000008 False   [] [W]
   20 0x00001640 0xFFFFFFF8 0x00000008 False   [] [W]
   21 0x00001648 0xFFFFFFF8 0x00000008 False   [] [W]
   22 0x00001650 0xFFFFFFF8 0x00000008 False   [] [W]
   23 0x00001658 0xFFFFFFF8 0x00000008 False   [] [W]
   24 0x00001660 0xFFFFFFF8 0x00000008 False   [] [W]
   25 0x00001668 0xFFFFFFF8 0x00000008 False   [] [W]
   26 0x00001670 0xFFFFFFF8 0x00000008 False   [] [W]
   27 0x00001678 0xFFFFFFF8 0x00000008 False   [] [W]
   28 0x00001680 0xFFFFFFF8 0x00000008 False   [] [W]
   29 0x00001688 0xFFFFFFF8 0x00000008 False   [] [W]
   30 0x00001690 0xFFFFFFF8 0x00000008 False   [] [W]
   31 0x00001698 0xFFFFFFF8 0x00000008 False   [] [W]
   32 0x000016A0 0xFFFFFFF8 0x00000008 False   [] [W]
   33 0x000016A8 0xFFFFFFF8 0x00000108 False   [2] [W]
   34 0x000016B0 0xFFFFFFF8 0x00000209 False   [3] [E, W]
   35 0x000016B8 0xFFFFFFF8 0x00000501 False   [2, 4] [E]
   36 0x000016C0 0xFFFFFFF8 0x00000A01 False   [3, 5] [E]
   37 0x000016C8 0xFFFFFFF8 0x00001401 False   [4, 6] [E]
   38 0x000016D0 0xFFFFFFF8 0x00002801 False   [5, 7] [E]
   39 0x000016D8 0xFFFFFFF8 0x00005001 False   [8, 6] [E]
   40 0x000016E0 0xFFFFFFF8 0x0000A001 False   [9, 7] [E]
   41 0x000016E8 0xFFFFFFF8 0x00014001 False   [8, 10] [E]
   42 0x000016F0 0xFFFFFFF8 0x00028001 False   [9, 11] [E]
   43 0x000016F8 0xFFFFFFF8 0x00050001 False   [10, 12] [E]
   44 0x00001700 0xFFFFFFF8 0x000A0001 False   [11, 13] [E]
   45 0x00001708 0xFFFFFFF8 0x00140001 False   [12, 14] [E]
   46 0x00001710 0xFFFFFFF8 0x00280001 False   [13, 15] [E]
   47 0x00001718 0xFFFFFFF8 0x00500001 False   [16, 14] [E]
   48 0x00001720 0xFFFFFFF8 0x00A00001 False   [17, 15] [E]
   49 0x00001728 0xFFFFFFF8 0x00400009 False   [16] [E, W]
   50 0x00001730 0xFFFFFFF8 0x00800001 False   [17] [E]
   51 0x00001738 0xFFFFFFF8 0x00000001 False   [] [E]
   52 0x00001740 0xFFFFFFF8 0x00000001 False   [] [E]
   53 0x00001748 0xFFFFFFF8 0x00000001 False   [] [E]
   54 0x00001750 0xFFFFFFF8 0x00000001 False   [] [E]
   55 0x00001758 0xFFFFFFF8 0x00000001 False   [] [E]
   56 0x00001760 0xFFFFFFF8 0x00000001 False   [] [E]
   57 0x00001768 0xFFFFFFF8 0x00000001 False   [] [E]
   58 0x00001770 0xFFFFFFF8 0x00000001 False   [] [E]
   59 0x00001778 0xFFFFFFF8 0x00000001 False   [] [E]
   60 0x00001780 0xFFFFFFF8 0x00000001 False   [] [E]
   61 0x00001788 0xFFFFFFF8 0x00000001 False   [] [E]
   62 0x00001790 0xFFFFFFF8 0x00000001 False   [] [E]
   63 0x00001798 0xFFFFFFF8 0x00000001 False   [] [E]
   64 0x000017A0 0xFFFFFFF8 0x00000001 False   [] [E]
   65 0x000017A8 0xFFFFFFF8 0x00000101 False   [2] [E]
   66 0x000017B0 0xFFFFFFF8 0x00000308 False   [2, 3] [W]
   67 0x000017B8 0xFFFFFFF8 0x00000700 False   [2, 3, 4] []
   68 0x000017C0 0xFFFFFFF8 0x00000E00 False   [3, 4, 5] []
   69 0x000017C8 0xFFFFFFF8 0x00001C00 False   [4, 5, 6] []
   70 0x000017D0 0xFFFFFFF8 0x00003800 False   [5, 6, 7] []
   71 0x000017D8 0xFFFFFFF8 0x00007000 False   [8, 6, 7] []
   72 0x000017E0 0xFFFFFFF8 0x0000E000 False   [8, 9, 7] []
   73 0x000017E8 0xFFFFFFF8 0x0001C000 False   [8, 9, 10] []
   74 0x000017F0 0xFFFFFFF8 0x00038000 False   [9, 10, 11] []
   75 0x000017F8 0xFFFFFFF8 0x00070000 False   [10, 11, 12] []
   76 0x00001800 0xFFFFFFF8 0x000C0000 False   [12, 13] []
   77 0x00001808 0xFFFFFFF8 0x001C0000 False   [12, 13, 14] []
   78 0x00001810 0xFFFFFFF8 0x00380000 False   [13, 14, 15] []
   79 0x00001818 0xFFFFFFF8 0x00700000 False   [16, 14, 15] []
   80 0x00001820 0xFFFFFFF8 0x00E00000 False   [16, 17, 15] []
   81 0x00001828 0xFFFFFFF8 0x00C00008 False   [16, 17] [W]
   82 0x00001830 0xFFFFFFF8 0x00800008 False   [17] [W]
   83 0x00001838 0xFFFFFFF8 0x00000008 False   [] [W]
   84 0x00001840 0xFFFFFFF8 0x00000008 False   [] [W]
   85 0x00001848 0xFFFFFFF8 0x00000008 False   [] [W]
   86 0x00001850 0xFFFFFFF8 0x00000008 False   [] [W]
   87 0x00001858 0xFFFFFFF8 0x00000008 False   [] [W]
   88 0x00001860 0xFFFFFFF8 0x00000008 False   [] [W]
   89 0x00001868 0xFFFFFFF8 0x00000008 False   [] [W]
   90 0x00001870 0xFFFFFFF8 0x00000008 False   [] [W]
   91 0x00001878 0xFFFFFFF8 0x00000008 False   [] [W]
   92 0x00001880 0xFFFFFFF8 0x00000008 False   [] [W]
   93 0x00001888 0xFFFFFFF8 0x00000008 False   [] [W]
   94 0x00001890 0xFFFFFFF8 0x00000008 False   [] [W]
   95 0x00001898 0xFFFFFFF8 0x00000008 False   [] [W]
   96 0x000018A0 0xFFFFFFF8 0x00000008 False   [] [W]
   97 0x000018A8 0xFFFFFFF8 0x00000008 False   [] [W]
   98 0x000018B0 0xFFFFFFF8 0x00000008 False   [] [W]
   99 0x000018F8 0xFFFFFFF8 0x00040000 False   [12] []
  100 0x00001C30 0xFFFFFFF8 0x00000004 False   [] [N]
  101 0x00001C38 0xFFFFFFF8 0x00000004 False   [] [N]
  102 0x00001C40 0xFFFFFFF8 0x00000004 False   [] [N]
  103 0x00001C48 0xFFFFFFF8 0x00000004 False   [] [N]
  104 0x00001C50 0xFFFFFFF8 0x00000004 False   [] [N]
  105 0x00001C58 0xFFFFFFF8 0x00000004 False   [] [N]
  106 0x00001C60 0xFFFFFFF8 0x00000004 False   [] [N]
  107 0x00001C68 0xFFFFFFF8 0x00000004 False   [] [N]
  108 0x00001C70 0xFFFFFFF8 0x00000004 False   [] [N]
  109 0x00001C78 0xFFFFFFF8 0x00000004 False   [] [N]
  110 0x00001C80 0xFFFFFFF8 0x00000004 False   [] [N]
  111 0x00001C88 0xFFFFFFF8 0x00000004 False   [] [N]
  112 0x00001C90 0xFFFFFFF8 0x00000004 False   [] [N]
  113 0x00001C98 0xFFFFFFF8 0x00000004 False   [] [N]
  114 0x00001CA0 0xFFFFFFF8 0x00000004 False   [] [N]
  115 0x00001CA8 0xFFFFFFF8 0x00000008 False   [] [W]
  116 0x00001CB0 0xFFFFFFF8 0x00000008 False   [] [W]
  117 0x00001CB8 0xFFFFFFF8 0x00000008 False   [] [W]
  118 0x00001CC0 0xFFFFFFF8 0x00000008 False   [] [W]
  119 0x00001CC8 0xFFFFFFF8 0x00000008 False   [] [W]
  120 0x00001CD0 0xFFFFFFF8 0x00000008 False   [] [W]
  121 0x00001CD8 0xFFFFFFF8 0x00000008 False   [] [W]
  122 0x00001CE0 0xFFFFFFF8 0x00000008 False   [] [W]
  123 0x00001CE8 0xFFFFFFF8 0x00000008 False   [] [W]
  124 0x00001CF0 0xFFFFFFF8 0x00000008 False   [] [W]
  125 0x00001F90 0xFFFFFFF8 0x00000010 False   [] [SW]
  126 0x00001F98 0xFFFFFFF8 0x00000010 False   [] [SW]
  127 0x00001FA0 0xFFFFFFF8 0x00000010 False   [] [SW]
  128 0x00001FA8 0xFFFFFFF8 0x00000010 False   [] [SW]
  129 0x00001FB0 0xFFFFFFF8 0x00000010 False   [] [SW]
  130 0x00001FB8 0xFFFFFFF8 0x00000010 False   [] [SW]
  131 0x00001FC0 0xFFFFFFF8 0x00000010 False   [] [SW]
  132 0x00001FC8 0xFFFFFFF8 0x00000010 False   [] [SW]
  133 0x00001FD0 0xFFFFFFF8 0x00000010 False   [] [SW]
  134 0x00001FD8 0xFFFFFFF8 0x00000010 False   [] [SW]
  135 0x00001FE0 0xFFFFFFF8 0x00000010 False   [] [SW]
  136 0x00001FE8 0xFFFFFFF8 0x00000010 False   [] [SW]
  137 0x00001FF0 0xFFFFFFF8 0x00000010 False   [] [SW]
  138 0x00001FF8 0xFFFFFFF8 0x00000010 False   [] [SW]
0 Defaultable entries
