Router contains 113 entries
Index Key        Mask       Route      Default [Cores][Links]
----- ---------- ---------- ---------- ------- --------------
    0 0x00000700 0xFFFFFFF8 0x00001020 False   [6] [S]
    1 0x00000768 0xFFFFFFF8 0x00000020 False   [] [S]
    2 0x00000770 0xFFFFFFF8 0x00000020 False   [] [S]
    3 0x00000778 0xFFFFFFF8 0x00000020 False   [] [S]
    4 0x00000780 0xFFFFFFF8 0x00000020 False   [] [S]
    5 0x00000788 0xFFFFFFF8 0x00000020 False   [] [S]
    6 0x00000790 0xFFFFFFF8 0x00000020 False   [] [S]
    7 0x00000798 0xFFFFFFF8 0x00000020 False   [] [S]
    8 0x000007A0 0xFFFFFFF8 0x00000020 False   [] [S]
    9 0x000007A8 0xFFFFFFF8 0x00000020 False   [] [S]
   10 0x000007B0 0xFFFFFFF8 0x00000020 False   [] [S]
   11 0x000007B8 0xFFFFFFF8 0x00000020 False   [] [S]
   12 0x000007C0 0xFFFFFFF8 0x00000020 False   [] [S]
   13 0x000007C8 0xFFFFFFF8 0x00000020 False   [] [S]
   14 0x000007D0 0xFFFFFFF8 0x00000120 False   [2] [S]
   15 0x000007D8 0xFFFFFFF8 0x00000308 False   [2, 3] [W]
   16 0x000007E0 0xFFFFFFF8 0x00000708 False   [2, 3, 4] [W]
   17 0x000007E8 0xFFFFFFF8 0x00000E08 False   [3, 4, 5] [W]
   18 0x000007F0 0xFFFFFFF8 0x00001C08 False   [4, 5, 6] [W]
   19 0x000007F8 0xFFFFFFF8 0x00001808 False   [5, 6] [W]
   20 0x00000800 0xFFFFFFF8 0x00007004 False   [8, 6, 7] [N]
   21 0x00000808 0xFFFFFFF8 0x0000E008 False   [8, 9, 7] [W]
   22 0x00000810 0xFFFFFFF8 0x0001C008 False   [8, 9, 10] [W]
   23 0x00000818 0xFFFFFFF8 0x00038008 False   [9, 10, 11] [W]
   24 0x00000820 0xFFFFFFF8 0x00070008 False   [10, 11, 12] [W]
   25 0x00000828 0xFFFFFFF8 0x000E0008 False   [11, 12, 13] [W]
   26 0x00000830 0xFFFFFFF8 0x001C0008 False   [12, 13, 14] [W]
   27 0x00000838 0xFFFFFFF8 0x00380008 False   [13, 14, 15] [W]
   28 0x00000840 0xFFFFFFF8 0x00700008 False   [16, 14, 15] [W]
   29 0x00000848 0xFFFFFFF8 0x00E00008 False   [16, 17, 15] [W]
   30 0x00000850 0xFFFFFFF8 0x00C00004 False   [16, 17] [N]
   31 0x00000858 0xFFFFFFF8 0x00800004 False   [17] [N]
   32 0x00000860 0xFFFFFFF8 0x00000004 False   [] [N]
   33 0x00000868 0xFFFFFFF8 0x00000004 False   [] [N]
   34 0x00000870 0xFFFFFFF8 0x00000004 False   [] [N]
   35 0x00000878 0xFFFFFFF8 0x00000004 False   [] [N]
   36 0x00000880 0xFFFFFFF8 0x00000004 False   [] [N]
   37 0x00000888 0xFFFFFFF8 0x00000004 False   [] [N]
   38 0x00000890 0xFFFFFFF8 0x00000004 False   [] [N]
   39 0x00000898 0xFFFFFFF8 0x00000004 False   [] [N]
   40 0x000008A0 0xFFFFFFF8 0x00000004 False   [] [N]
   41 0x000008A8 0xFFFFFFF8 0x00000004 False   [] [N]
   42 0x000008B0 0xFFFFFFF8 0x00000004 False   [] [N]
   43 0x000008B8 0xFFFFFFF8 0x00000004 False   [] [N]
   44 0x000008C0 0xFFFFFFF8 0x00000004 False   [] [N]
   45 0x000008C8 0xFFFFFFF8 0x00000004 False   [] [N]
   46 0x000008D0 0xFFFFFFF8 0x00000104 False   [2] [N]
   47 0x000008D8 0xFFFFFFF8 0x00000224 False   [3] [N, S]
   48 0x000008E0 0xFFFFFFF8 0x00000524 False   [2, 4] [N, S]
   49 0x000008E8 0xFFFFFFF8 0x00000A24 False   [3, 5] [N, S]
   50 0x000008F0 0xFFFFFFF8 0x00001424 False   [4, 6] [N, S]
   51 0x000008F8 0xFFFFFFF8 0x00002824 False   [5, 7] [N, S]
   52 0x00000900 0xFFFFFFF8 0x00005024 False   [8, 6] [N, S]
   53 0x00000908 0xFFFFFFF8 0x0000A024 False   [9, 7] [N, S]
   54 0x00000910 0xFFFFFFF8 0x00014024 False   [8, 10] [N, S]
   55 0x00000918 0xFFFFFFF8 0x00028024 False   [9, 11] [N, S]
   56 0x00000920 0xFFFFFFF8 0x00050024 False   [10, 12] [N, S]
   57 0x00000928 0xFFFFFFF8 0x000A0024 False   [11, 13] [N, S]
   58 0x00000930 0xFFFFFFF8 0x00140024 False   [12, 14] [N, S]
   59 0x00000938 0xFFFFFFF8 0x00280024 False   [13, 15] [N, S]
   60 0x00000940 0xFFFFFFF8 0x00500024 False   [16, 14] [N, S]
   61 0x00000948 0xFFFFFFF8 0x00A00024 False   [17, 15] [N, S]
   62 0x00000950 0xFFFFFFF8 0x00400024 False   [16] [N, S]
   63 0x00000958 0xFFFFFFF8 0x00800020 False   [17] [S]
   64 0x00000960 0xFFFFFFF8 0x00000020 False   [] [S]
   65 0x00000968 0xFFFFFFF8 0x00000020 False   [] [S]
   66 0x00000970 0xFFFFFFF8 0x00000020 False   [] [S]
   67 0x00000978 0xFFFFFFF8 0x00000020 False   [] [S]
   68 0x00000980 0xFFFFFFF8 0x00000020 False   [] [S]
   69 0x00000988 0xFFFFFFF8 0x00000020 False   [] [S]
   70 0x00000990 0xFFFFFFF8 0x00000020 False   [] [S]
   71 0x00000998 0xFFFFFFF8 0x00000020 False   [] [S]
   72 0x000009A0 0xFFFFFFF8 0x00000020 False   [] [S]
   73 0x000009A8 0xFFFFFFF8 0x00000020 False   [] [S]
   74 0x000009B0 0xFFFFFFF8 0x00000020 False   [] [S]
   75 0x000009B8 0xFFFFFFF8 0x00000020 False   [] [S]
   76 0x000009C0 0xFFFFFFF8 0x00000020 False   [] [S]
   77 0x000009C8 0xFFFFFFF8 0x00000020 False   [] [S]
   78 0x000009D0 0xFFFFFFF8 0x00000120 False   [2] [S]
   79 0x000009D8 0xFFFFFFF8 0x00000320 False   [2, 3] [S]
   80 0x000009E0 0xFFFFFFF8 0x00000700 False   [2, 3, 4] []
   81 0x000009E8 0xFFFFFFF8 0x00000E00 False   [3, 4, 5] []
   82 0x000009F0 0xFFFFFFF8 0x00001C00 False   [4, 5, 6] []
   83 0x000009F8 0xFFFFFFF8 0x00003820 False   [5, 6, 7] [S]
   84 0x00000A00 0xFFFFFFF8 0x00006001 False   [8, 7] [E]
   85 0x00000A08 0xFFFFFFF8 0x0000E000 False   [8, 9, 7] []
   86 0x00000A10 0xFFFFFFF8 0x0001C000 False   [8, 9, 10] []
   87 0x00000A18 0xFFFFFFF8 0x00038000 False   [9, 10, 11] []
   88 0x00000A20 0xFFFFFFF8 0x00070000 False   [10, 11, 12] []
   89 0x00000A28 0xFFFFFFF8 0x000E0000 False   [11, 12, 13] []
   90 0x00000A30 0xFFFFFFF8 0x001C0000 False   [12, 13, 14] []
   91 0x00000A38 0xFFFFFFF8 0x00380000 False   [13, 14, 15] []
   92 0x00000A40 0xFFFFFFF8 0x00700000 False   [16, 14, 15] []
   93 0x00000A48 0xFFFFFFF8 0x00E00000 False   [16, 17, 15] []
   94 0x00000A50 0xFFFFFFF8 0x00C00000 False   [16, 17] []
   95 0x00000A58 0xFFFFFFF8 0x00800000 False   [17] []
   96 0x00000AD0 0xFFFFFFF8 0x00000020 False   [] [S]
   97 0x00000AD8 0xFFFFFFF8 0x00000020 False   [] [S]
   98 0x00000AE0 0xFFFFFFF8 0x00000020 False   [] [S]
   99 0x00000AE8 0xFFFFFFF8 0x00000020 False   [] [S]
  100 0x00000AF0 0xFFFFFFF8 0x00000020 False   [] [S]
  101 0x00000AF8 0xFFFFFFF8 0x00002001 False   [7] [E]
  102 0x00000B08 0xFFFFFFF8 0x00000020 False   [] [S]
  103 0x00000B10 0xFFFFFFF8 0x00000020 False   [] [S]
  104 0x00000B18 0xFFFFFFF8 0x00000020 False   [] [S]
  105 0x00000B20 0xFFFFFFF8 0x00000020 False   [] [S]
  106 0x00000B28 0xFFFFFFF8 0x00000020 False   [] [S]
  107 0x00000B30 0xFFFFFFF8 0x00000020 False   [] [S]
  108 0x00000B38 0xFFFFFFF8 0x00000020 False   [] [S]
  109 0x00000B40 0xFFFFFFF8 0x00000020 False   [] [S]
  110 0x00000B48 0xFFFFFFF8 0x00000020 False   [] [S]
  111 0x00000B50 0xFFFFFFF8 0x00000001 False   [] [E]
  112 0x00000B58 0xFFFFFFF8 0x00000001 False   [] [E]
0 Defaultable entries
