Router contains 129 entries
Index Key        Mask       Route      Default [Cores][Links]
----- ---------- ---------- ---------- ------- --------------
    0 0x00001300 0xFFFFFFF8 0x00010020 False   [10] [S]
    1 0x00001348 0xFFFFFFF8 0x00000020 False   [] [S]
    2 0x00001350 0xFFFFFFF8 0x00000020 False   [] [S]
    3 0x00001358 0xFFFFFFF8 0x00000020 False   [] [S]
    4 0x00001360 0xFFFFFFF8 0x00000020 False   [] [S]
    5 0x00001368 0xFFFFFFF8 0x00000020 False   [] [S]
    6 0x00001370 0xFFFFFFF8 0x00000020 False   [] [S]
    7 0x00001378 0xFFFFFFF8 0x00000020 False   [] [S]
    8 0x00001380 0xFFFFFFF8 0x00000020 False   [] [S]
    9 0x00001388 0xFFFFFFF8 0x00000020 False   [] [S]
   10 0x00001390 0xFFFFFFF8 0x00000020 False   [] [S]
   11 0x00001398 0xFFFFFFF8 0x00000020 False   [] [S]
   12 0x000013A0 0xFFFFFFF8 0x00000020 False   [] [S]
   13 0x000013A8 0xFFFFFFF8 0x00000020 False   [] [S]
   14 0x000013B0 0xFFFFFFF8 0x00000120 False   [2] [S]
   15 0x000013B8 0xFFFFFFF8 0x00000308 False   [2, 3] [W]
   16 0x000013C0 0xFFFFFFF8 0x00000708 False   [2, 3, 4] [W]
   17 0x000013C8 0xFFFFFFF8 0x00000E08 False   [3, 4, 5] [W]
   18 0x000013D0 0xFFFFFFF8 0x00001C08 False   [4, 5, 6] [W]
   19 0x000013D8 0xFFFFFFF8 0x00003808 False   [5, 6, 7] [W]
   20 0x000013E0 0xFFFFFFF8 0x00007008 False   [8, 6, 7] [W]
   21 0x000013E8 0xFFFFFFF8 0x0000E008 False   [8, 9, 7] [W]
   22 0x000013F0 0xFFFFFFF8 0x0001C008 False   [8, 9, 10] [W]
   23 0x000013F8 0xFFFFFFF8 0x00018008 False   [9, 10] [W]
   24 0x00001400 0xFFFFFFF8 0x00070004 False   [10, 11, 12] [N]
   25 0x00001408 0xFFFFFFF8 0x000E0008 False   [11, 12, 13] [W]
   26 0x00001410 0xFFFFFFF8 0x001C0008 False   [12, 13, 14] [W]
   27 0x00001418 0xFFFFFFF8 0x00380008 False   [13, 14, 15] [W]
   28 0x00001420 0xFFFFFFF8 0x00700008 False   [16, 14, 15] [W]
   29 0x00001428 0xFFFFFFF8 0x00E00008 False   [16, 17, 15] [W]
   30 0x00001430 0xFFFFFFF8 0x00C00004 False   [16, 17] [N]
   31 0x00001438 0xFFFFFFF8 0x00800004 False   [17] [N]
   32 0x00001440 0xFFFFFFF8 0x00000004 False   [] [N]
   33 0x00001448 0xFFFFFFF8 0x00000004 False   [] [N]
   34 0x00001450 0xFFFFFFF8 0x00000004 False   [] [N]
   35 0x00001458 0xFFFFFFF8 0x00000004 False   [] [N]
   36 0x00001460 0xFFFFFFF8 0x00000004 False   [] [N]
   37 0x00001468 0xFFFFFFF8 0x00000004 False   [] [N]
   38 0x00001470 0xFFFFFFF8 0x00000004 False   [] [N]
   39 0x00001478 0xFFFFFFF8 0x00000004 False   [] [N]
   40 0x00001480 0xFFFFFFF8 0x00000004 False   [] [N]
   41 0x00001488 0xFFFFFFF8 0x00000004 False   [] [N]
   42 0x00001490 0xFFFFFFF8 0x00000004 False   [] [N]
   43 0x00001498 0xFFFFFFF8 0x00000004 False   [] [N]
   44 0x000014A0 0xFFFFFFF8 0x00000004 False   [] [N]
   45 0x000014A8 0xFFFFFFF8 0x00000004 False   [] [N]
   46 0x000014B0 0xFFFFFFF8 0x00000104 False   [2] [N]
   47 0x000014B8 0xFFFFFFF8 0x00000224 False   [3] [N, S]
   48 0x000014C0 0xFFFFFFF8 0x00000524 False   [2, 4] [N, S]
   49 0x000014C8 0xFFFFFFF8 0x00000A24 False   [3, 5] [N, S]
   50 0x000014D0 0xFFFFFFF8 0x00001424 False   [4, 6] [N, S]
   51 0x000014D8 0xFFFFFFF8 0x00002824 False   [5, 7] [N, S]
   52 0x000014E0 0xFFFFFFF8 0x00005024 False   [8, 6] [N, S]
   53 0x000014E8 0xFFFFFFF8 0x0000A024 False   [9, 7] [N, S]
   54 0x000014F0 0xFFFFFFF8 0x00014024 False   [8, 10] [N, S]
   55 0x000014F8 0xFFFFFFF8 0x00028024 False   [9, 11] [N, S]
   56 0x00001500 0xFFFFFFF8 0x00050024 False   [10, 12] [N, S]
   57 0x00001508 0xFFFFFFF8 0x000A0024 False   [11, 13] [N, S]
   58 0x00001510 0xFFFFFFF8 0x00140024 False   [12, 14] [N, S]
   59 0x00001518 0xFFFFFFF8 0x00280024 False   [13, 15] [N, S]
   60 0x00001520 0xFFFFFFF8 0x00500024 False   [16, 14] [N, S]
   61 0x00001528 0xFFFFFFF8 0x00A00024 False   [17, 15] [N, S]
   62 0x00001530 0xFFFFFFF8 0x00400024 False   [16] [N, S]
   63 0x00001538 0xFFFFFFF8 0x00800020 False   [17] [S]
   64 0x00001540 0xFFFFFFF8 0x00000020 False   [] [S]
   65 0x00001548 0xFFFFFFF8 0x00000020 False   [] [S]
   66 0x00001550 0xFFFFFFF8 0x00000020 False   [] [S]
   67 0x00001558 0xFFFFFFF8 0x00000020 False   [] [S]
   68 0x00001560 0xFFFFFFF8 0x00000020 False   [] [S]
   69 0x00001568 0xFFFFFFF8 0x00000020 False   [] [S]
   70 0x00001570 0xFFFFFFF8 0x00000020 False   [] [S]
   71 0x00001578 0xFFFFFFF8 0x00000020 False   [] [S]
   72 0x00001580 0xFFFFFFF8 0x00000020 False   [] [S]
   73 0x00001588 0xFFFFFFF8 0x00000020 False   [] [S]
   74 0x00001590 0xFFFFFFF8 0x00000020 False   [] [S]
   75 0x00001598 0xFFFFFFF8 0x00000020 False   [] [S]
   76 0x000015A0 0xFFFFFFF8 0x00000020 False   [] [S]
   77 0x000015A8 0xFFFFFFF8 0x00000020 False   [] [S]
   78 0x000015B0 0xFFFFFFF8 0x00000120 False   [2] [S]
   79 0x000015B8 0xFFFFFFF8 0x00000320 False   [2, 3] [S]
   80 0x000015C0 0xFFFFFFF8 0x00000700 False   [2, 3, 4] []
   81 0x000015C8 0xFFFFFFF8 0x00000E00 False   [3, 4, 5] []
   82 0x000015D0 0xFFFFFFF8 0x00001C00 False   [4, 5, 6] []
   83 0x000015D8 0xFFFFFFF8 0x00003800 False   [5, 6, 7] []
   84 0x000015E0 0xFFFFFFF8 0x00007000 False   [8, 6, 7] []
   85 0x000015E8 0xFFFFFFF8 0x0000E000 False   [8, 9, 7] []
   86 0x000015F0 0xFFFFFFF8 0x0001C000 False   [8, 9, 10] []
   87 0x000015F8 0xFFFFFFF8 0x00038020 False   [9, 10, 11] [S]
   88 0x00001600 0xFFFFFFF8 0x00060001 False   [11, 12] [E]
   89 0x00001608 0xFFFFFFF8 0x000E0000 False   [11, 12, 13] []
   90 0x00001610 0xFFFFFFF8 0x001C0000 False   [12, 13, 14] []
   91 0x00001618 0xFFFFFFF8 0x00380000 False   [13, 14, 15] []
   92 0x00001620 0xFFFFFFF8 0x00700000 False   [16, 14, 15] []
   93 0x00001628 0xFFFFFFF8 0x00E00000 False   [16, 17, 15] []
   94 0x00001630 0xFFFFFFF8 0x00C00000 False   [16, 17] []
   95 0x00001638 0xFFFFFFF8 0x00800000 False   [17] []
   96 0x000016A8 0xFFFFFFF8 0x00000020 False   [] [S]
   97 0x000016B0 0xFFFFFFF8 0x00000020 False   [] [S]
   98 0x000016B8 0xFFFFFFF8 0x00000020 False   [] [S]
   99 0x000016C0 0xFFFFFFF8 0x00000020 False   [] [S]
  100 0x000016C8 0xFFFFFFF8 0x00000020 False   [] [S]
  101 0x000016D0 0xFFFFFFF8 0x00000020 False   [] [S]
  102 0x000016D8 0xFFFFFFF8 0x00000020 False   [] [S]
  103 0x000016E0 0xFFFFFFF8 0x00000020 False   [] [S]
  104 0x000016E8 0xFFFFFFF8 0x00000020 False   [] [S]
  105 0x000016F0 0xFFFFFFF8 0x00000020 False   [] [S]
  106 0x000016F8 0xFFFFFFF8 0x00020001 False   [11] [E]
  107 0x00001708 0xFFFFFFF8 0x00000020 False   [] [S]
  108 0x00001710 0xFFFFFFF8 0x00000020 False   [] [S]
  109 0x00001718 0xFFFFFFF8 0x00000020 False   [] [S]
  110 0x00001720 0xFFFFFFF8 0x00000001 False   [] [E]
  111 0x00001728 0xFFFFFFF8 0x00000001 False   [] [E]
  112 0x00001730 0xFFFFFFF8 0x00000001 False   [] [E]
  113 0x00001B30 0xFFFFFFF8 0x00000020 False   [] [S]
  114 0x00001B38 0xFFFFFFF8 0x00000020 False   [] [S]
  115 0x00001B40 0xFFFFFFF8 0x00000020 False   [] [S]
  116 0x00001B48 0xFFFFFFF8 0x00000020 False   [] [S]
  117 0x00001B50 0xFFFFFFF8 0x00000020 False   [] [S]
  118 0x00001B58 0xFFFFFFF8 0x00000020 False   [] [S]
  119 0x00001B60 0xFFFFFFF8 0x00000020 False   [] [S]
  120 0x00001B68 0xFFFFFFF8 0x00000020 False   [] [S]
  121 0x00001B70 0xFFFFFFF8 0x00000020 False   [] [S]
  122 0x00001B78 0xFFFFFFF8 0x00000020 False   [] [S]
  123 0x00001B80 0xFFFFFFF8 0x00000020 False   [] [S]
  124 0x00001B88 0xFFFFFFF8 0x00000020 False   [] [S]
  125 0x00001B90 0xFFFFFFF8 0x00000001 False   [] [E]
  126 0x00001B98 0xFFFFFFF8 0x00000001 False   [] [E]
  127 0x00001BA0 0xFFFFFFF8 0x00000001 False   [] [E]
  128 0x00001BA8 0xFFFFFFF8 0x00000001 False   [] [E]
0 Defaultable entries
