Router contains 40 entries
Index Key        Mask       Route      Default [Cores][Links]
----- ---------- ---------- ---------- ------- --------------
    0 0x00000190 0xFFFFFFF8 0x00008000 False   [9] []
    1 0x00000198 0xFFFFFFF8 0x00000100 False   [2] []
    2 0x000001A0 0xFFFFFFF8 0x00000300 False   [2, 3] []
    3 0x000001A8 0xFFFFFFF8 0x00000700 False   [2, 3, 4] []
    4 0x000001B0 0xFFFFFFF8 0x00000E00 False   [3, 4, 5] []
    5 0x000001B8 0xFFFFFFF8 0x00001C00 False   [4, 5, 6] []
    6 0x000001C0 0xFFFFFFF8 0x00003800 False   [5, 6, 7] []
    7 0x000001C8 0xFFFFFFF8 0x00007000 False   [8, 6, 7] []
    8 0x000001D0 0xFFFFFFF8 0x0000E000 False   [8, 9, 7] []
    9 0x000001D8 0xFFFFFFF8 0x0000C000 False   [8, 9] []
   10 0x000001E0 0xFFFFFFF8 0x00038000 False   [9, 10, 11] []
   11 0x000001E8 0xFFFFFFF8 0x00070100 False   [11, 2, 10, 12] []
   12 0x000001F0 0xFFFFFFF8 0x000E0208 False   [11, 3, 12, 13] [W]
   13 0x000001F8 0xFFFFFFF8 0x001C0508 False   [2, 4, 12, 13, 14] [W]
   14 0x00000200 0xFFFFFFF8 0x00380A08 False   [3, 5, 13, 14, 15] [W]
   15 0x00000208 0xFFFFFFF8 0x00701408 False   [4, 6, 14, 15, 16] [W]
   16 0x00000210 0xFFFFFFF8 0x00E02808 False   [5, 7, 15, 16, 17] [W]
   17 0x00000218 0xFFFFFFF8 0x00C05004 False   [8, 16, 6, 17] [N]
   18 0x00000220 0xFFFFFFF8 0x0080A004 False   [9, 17, 7] [N]
   19 0x00000228 0xFFFFFFF8 0x00014004 False   [8, 10] [N]
   20 0x00000230 0xFFFFFFF8 0x00028004 False   [9, 11] [N]
   21 0x00000238 0xFFFFFFF8 0x00050104 False   [2, 10, 12] [N]
   22 0x00000240 0xFFFFFFF8 0x000A0304 False   [11, 2, 3, 13] [N]
   23 0x00000248 0xFFFFFFF8 0x00140704 False   [2, 3, 4, 12, 14] [N]
   24 0x00000250 0xFFFFFFF8 0x00280E04 False   [3, 4, 5, 13, 15] [N]
   25 0x00000258 0xFFFFFFF8 0x00501C04 False   [4, 5, 6, 14, 16] [N]
   26 0x00000260 0xFFFFFFF8 0x00A03804 False   [5, 6, 7, 15, 17] [N]
   27 0x00000268 0xFFFFFFF8 0x00407004 False   [8, 16, 6, 7] [N]
   28 0x00000270 0xFFFFFFF8 0x0080E000 False   [8, 9, 17, 7] []
   29 0x00000278 0xFFFFFFF8 0x0001C000 False   [8, 9, 10] []
   30 0x00000280 0xFFFFFFF8 0x00030000 False   [10, 11] []
   31 0x00000288 0xFFFFFFF8 0x00070000 False   [10, 11, 12] []
   32 0x00000290 0xFFFFFFF8 0x000E0000 False   [11, 12, 13] []
   33 0x00000298 0xFFFFFFF8 0x001C0000 False   [12, 13, 14] []
   34 0x000002A0 0xFFFFFFF8 0x00380000 False   [13, 14, 15] []
   35 0x000002A8 0xFFFFFFF8 0x00700000 False   [16, 14, 15] []
   36 0x000002B0 0xFFFFFFF8 0x00E00000 False   [16, 17, 15] []
   37 0x000002B8 0xFFFFFFF8 0x00C00000 False   [16, 17] []
   38 0x000002C0 0xFFFFFFF8 0x00800000 False   [17] []
   39 0x000002C8 0xFFFFFFF8 0x00010000 False   [10] []
0 Defaultable entries
