Router contains 82 entries
Index Key        Mask       Route      Default [Cores][Links]
----- ---------- ---------- ---------- ------- --------------
    0 0x00000000 0xFFFFFFF8 0x00000108 False   [2] [W]
    1 0x00000008 0xFFFFFFF8 0x00000300 False   [2, 3] []
    2 0x00000010 0xFFFFFFF8 0x00000700 False   [2, 3, 4] []
    3 0x00000018 0xFFFFFFF8 0x00000E00 False   [3, 4, 5] []
    4 0x00000020 0xFFFFFFF8 0x00001C00 False   [4, 5, 6] []
    5 0x00000028 0xFFFFFFF8 0x00003800 False   [5, 6, 7] []
    6 0x00000030 0xFFFFFFF8 0x00007000 False   [8, 6, 7] []
    7 0x00000038 0xFFFFFFF8 0x0000E000 False   [8, 9, 7] []
    8 0x00000040 0xFFFFFFF8 0x0001C000 False   [8, 9, 10] []
    9 0x00000048 0xFFFFFFF8 0x00038000 False   [9, 10, 11] []
   10 0x00000050 0xFFFFFFF8 0x00070000 False   [10, 11, 12] []
   11 0x00000058 0xFFFFFFF8 0x000E0000 False   [11, 12, 13] []
   12 0x00000060 0xFFFFFFF8 0x001C0000 False   [12, 13, 14] []
   13 0x00000068 0xFFFFFFF8 0x00380000 False   [13, 14, 15] []
   14 0x00000070 0xFFFFFFF8 0x00700000 False   [16, 14, 15] []
   15 0x00000078 0xFFFFFFF8 0x00E00000 False   [16, 17, 15] []
   16 0x00000080 0xFFFFFFF8 0x00C00000 False   [16, 17] []
   17 0x00000088 0xFFFFFFF8 0x00800000 False   [17] []
   18 0x00001E00 0xFFFFFFF8 0x00000108 False   [2] [W]
   19 0x00001E08 0xFFFFFFF8 0x00000300 False   [2, 3] []
   20 0x00001E10 0xFFFFFFF8 0x00000700 False   [2, 3, 4] []
   21 0x00001E18 0xFFFFFFF8 0x00000E00 False   [3, 4, 5] []
   22 0x00001E20 0xFFFFFFF8 0x00001C00 False   [4, 5, 6] []
   23 0x00001E28 0xFFFFFFF8 0x00003800 False   [5, 6, 7] []
   24 0x00001E30 0xFFFFFFF8 0x00007000 False   [8, 6, 7] []
   25 0x00001E38 0xFFFFFFF8 0x0000E000 False   [8, 9, 7] []
   26 0x00001E40 0xFFFFFFF8 0x0001C000 False   [8, 9, 10] []
   27 0x00001E48 0xFFFFFFF8 0x00038000 False   [9, 10, 11] []
   28 0x00001E50 0xFFFFFFF8 0x00070000 False   [10, 11, 12] []
   29 0x00001E58 0xFFFFFFF8 0x000E0000 False   [11, 12, 13] []
   30 0x00001E60 0xFFFFFFF8 0x001C0000 False   [12, 13, 14] []
   31 0x00001E68 0xFFFFFFF8 0x00380000 False   [13, 14, 15] []
   32 0x00001E70 0xFFFFFFF8 0x00700000 False   [16, 14, 15] []
   33 0x00001E78 0xFFFFFFF8 0x00E00000 False   [16, 17, 15] []
   34 0x00001E80 0xFFFFFFF8 0x00C00008 False   [16, 17] [W]
   35 0x00001E88 0xFFFFFFF8 0x00800008 False   [17] [W]
   36 0x00001E90 0xFFFFFFF8 0x00000008 False   [] [W]
   37 0x00001E98 0xFFFFFFF8 0x00000008 False   [] [W]
   38 0x00001EA0 0xFFFFFFF8 0x00000008 False   [] [W]
   39 0x00001EA8 0xFFFFFFF8 0x00000008 False   [] [W]
   40 0x00001EB0 0xFFFFFFF8 0x00000008 False   [] [W]
   41 0x00001EB8 0xFFFFFFF8 0x00000008 False   [] [W]
   42 0x00001EC0 0xFFFFFFF8 0x00000008 False   [] [W]
   43 0x00001EC8 0xFFFFFFF8 0x00000008 False   [] [W]
   44 0x00001ED0 0xFFFFFFF8 0x00000008 False   [] [W]
   45 0x00001ED8 0xFFFFFFF8 0x00000008 False   [] [W]
   46 0x00001EE0 0xFFFFFFF8 0x00000008 False   [] [W]
   47 0x00001EE8 0xFFFFFFF8 0x00000008 False   [] [W]
   48 0x00001EF0 0xFFFFFFF8 0x00000008 False   [] [W]
   49 0x00001EF8 0xFFFFFFF8 0x00000008 False   [] [W]
   50 0x00001F00 0xFFFFFFF8 0x00000108 False   [2] [W]
   51 0x00001F08 0xFFFFFFF8 0x00000211 False   [3] [E, SW]
   52 0x00001F10 0xFFFFFFF8 0x00000511 False   [2, 4] [E, SW]
   53 0x00001F18 0xFFFFFFF8 0x00000A11 False   [3, 5] [E, SW]
   54 0x00001F20 0xFFFFFFF8 0x00001411 False   [4, 6] [E, SW]
   55 0x00001F28 0xFFFFFFF8 0x00002811 False   [5, 7] [E, SW]
   56 0x00001F30 0xFFFFFFF8 0x00005011 False   [8, 6] [E, SW]
   57 0x00001F38 0xFFFFFFF8 0x0000A011 False   [9, 7] [E, SW]
   58 0x00001F40 0xFFFFFFF8 0x00014011 False   [8, 10] [E, SW]
   59 0x00001F48 0xFFFFFFF8 0x00028011 False   [9, 11] [E, SW]
   60 0x00001F50 0xFFFFFFF8 0x00050011 False   [10, 12] [E, SW]
   61 0x00001F58 0xFFFFFFF8 0x000A0011 False   [11, 13] [E, SW]
   62 0x00001F60 0xFFFFFFF8 0x00140011 False   [12, 14] [E, SW]
   63 0x00001F68 0xFFFFFFF8 0x00280011 False   [13, 15] [E, SW]
   64 0x00001F70 0xFFFFFFF8 0x00500001 False   [16, 14] [E]
   65 0x00001F78 0xFFFFFFF8 0x00A00001 False   [17, 15] [E]
   66 0x00001F80 0xFFFFFFF8 0x00400009 False   [16] [E, W]
   67 0x00001F88 0xFFFFFFF8 0x00800001 False   [17] [E]
   68 0x00001F90 0xFFFFFFF8 0x00000001 False   [] [E]
   69 0x00001F98 0xFFFFFFF8 0x00000001 False   [] [E]
   70 0x00001FA0 0xFFFFFFF8 0x00000001 False   [] [E]
   71 0x00001FA8 0xFFFFFFF8 0x00000001 False   [] [E]
   72 0x00001FB0 0xFFFFFFF8 0x00000001 False   [] [E]
   73 0x00001FB8 0xFFFFFFF8 0x00000001 False   [] [E]
   74 0x00001FC0 0xFFFFFFF8 0x00000001 False   [] [E]
   75 0x00001FC8 0xFFFFFFF8 0x00000001 False   [] [E]
   76 0x00001FD0 0xFFFFFFF8 0x00000001 False   [] [E]
   77 0x00001FD8 0xFFFFFFF8 0x00000001 False   [] [E]
   78 0x00001FE0 0xFFFFFFF8 0x00000001 False   [] [E]
   79 0x00001FE8 0xFFFFFFF8 0x00000001 False   [] [E]
   80 0x00001FF0 0xFFFFFFF8 0x00000001 False   [] [E]
   81 0x00001FF8 0xFFFFFFF8 0x00000001 False   [] [E]
0 Defaultable entries
