Router contains 133 entries
Index Key        Mask       Route      Default [Cores][Links]
----- ---------- ---------- ---------- ------- --------------
    0 0x00000068 0xFFFFFFF8 0x00000002 False   [] [NE]
    1 0x00000070 0xFFFFFFF8 0x00000002 False   [] [NE]
    2 0x00000078 0xFFFFFFF8 0x00000002 False   [] [NE]
    3 0x00000080 0xFFFFFFF8 0x00000006 False   [] [NE, N]
    4 0x00000088 0xFFFFFFF8 0x00000006 False   [] [NE, N]
    5 0x00000090 0xFFFFFFF8 0x00000004 False   [] [N]
    6 0x00000098 0xFFFFFFF8 0x00000004 False   [] [N]
    7 0x000000A0 0xFFFFFFF8 0x00000004 False   [] [N]
    8 0x000000A8 0xFFFFFFF8 0x00000004 False   [] [N]
    9 0x000000B0 0xFFFFFFF8 0x00000004 False   [] [N]
   10 0x000000B8 0xFFFFFFF8 0x00000004 False   [] [N]
   11 0x000000C0 0xFFFFFFF8 0x00000004 False   [] [N]
   12 0x000000C8 0xFFFFFFF8 0x00000004 False   [] [N]
   13 0x000000D0 0xFFFFFFF8 0x00000004 False   [] [N]
   14 0x000000D8 0xFFFFFFF8 0x00000004 False   [] [N]
   15 0x000000E0 0xFFFFFFF8 0x00000004 False   [] [N]
   16 0x000000E8 0xFFFFFFF8 0x00000004 False   [] [N]
   17 0x000000F0 0xFFFFFFF8 0x00000004 False   [] [N]
   18 0x000000F8 0xFFFFFFF8 0x00000004 False   [] [N]
   19 0x00001900 0xFFFFFFF8 0x00000008 False   [] [W]
   20 0x00001920 0xFFFFFFF8 0x00000100 False   [2] []
   21 0x00001928 0xFFFFFFF8 0x00000300 False   [2, 3] []
   22 0x00001930 0xFFFFFFF8 0x00000700 False   [2, 3, 4] []
   23 0x00001938 0xFFFFFFF8 0x00000E00 False   [3, 4, 5] []
   24 0x00001940 0xFFFFFFF8 0x00001C00 False   [4, 5, 6] []
   25 0x00001948 0xFFFFFFF8 0x00003800 False   [5, 6, 7] []
   26 0x00001950 0xFFFFFFF8 0x00007000 False   [8, 6, 7] []
   27 0x00001958 0xFFFFFFF8 0x0000E000 False   [8, 9, 7] []
   28 0x00001960 0xFFFFFFF8 0x0001C000 False   [8, 9, 10] []
   29 0x00001968 0xFFFFFFF8 0x00038000 False   [9, 10, 11] []
   30 0x00001970 0xFFFFFFF8 0x00070000 False   [10, 11, 12] []
   31 0x00001978 0xFFFFFFF8 0x000E0000 False   [11, 12, 13] []
   32 0x00001980 0xFFFFFFF8 0x001C0000 False   [12, 13, 14] []
   33 0x00001988 0xFFFFFFF8 0x00380000 False   [13, 14, 15] []
   34 0x00001990 0xFFFFFFF8 0x00700000 False   [16, 14, 15] []
   35 0x00001998 0xFFFFFFF8 0x00E00000 False   [16, 17, 15] []
   36 0x000019A0 0xFFFFFFF8 0x00C00008 False   [16, 17] [W]
   37 0x000019A8 0xFFFFFFF8 0x00800008 False   [17] [W]
   38 0x000019B0 0xFFFFFFF8 0x00000008 False   [] [W]
   39 0x000019B8 0xFFFFFFF8 0x00000008 False   [] [W]
   40 0x000019C0 0xFFFFFFF8 0x00000008 False   [] [W]
   41 0x000019C8 0xFFFFFFF8 0x00000008 False   [] [W]
   42 0x000019D0 0xFFFFFFF8 0x00000008 False   [] [W]
   43 0x000019D8 0xFFFFFFF8 0x00000008 False   [] [W]
   44 0x000019E0 0xFFFFFFF8 0x00000008 False   [] [W]
   45 0x000019E8 0xFFFFFFF8 0x00000008 False   [] [W]
   46 0x000019F0 0xFFFFFFF8 0x00000008 False   [] [W]
   47 0x000019F8 0xFFFFFFF8 0x00000008 False   [] [W]
   48 0x00001A00 0xFFFFFFF8 0x00000008 False   [] [W]
   49 0x00001A08 0xFFFFFFF8 0x00000008 False   [] [W]
   50 0x00001A10 0xFFFFFFF8 0x00000008 False   [] [W]
   51 0x00001A18 0xFFFFFFF8 0x00000008 False   [] [W]
   52 0x00001A20 0xFFFFFFF8 0x00000108 False   [2] [W]
   53 0x00001A28 0xFFFFFFF8 0x00000209 False   [3] [E, W]
   54 0x00001A30 0xFFFFFFF8 0x00000509 False   [2, 4] [E, W]
   55 0x00001A38 0xFFFFFFF8 0x00000A09 False   [3, 5] [E, W]
   56 0x00001A40 0xFFFFFFF8 0x00001409 False   [4, 6] [E, W]
   57 0x00001A48 0xFFFFFFF8 0x00002809 False   [5, 7] [E, W]
   58 0x00001A50 0xFFFFFFF8 0x00005009 False   [8, 6] [E, W]
   59 0x00001A58 0xFFFFFFF8 0x0000A009 False   [9, 7] [E, W]
   60 0x00001A60 0xFFFFFFF8 0x00014009 False   [8, 10] [E, W]
   61 0x00001A68 0xFFFFFFF8 0x00028009 False   [9, 11] [E, W]
   62 0x00001A70 0xFFFFFFF8 0x00050009 False   [10, 12] [E, W]
   63 0x00001A78 0xFFFFFFF8 0x000A0009 False   [11, 13] [E, W]
   64 0x00001A80 0xFFFFFFF8 0x00140009 False   [12, 14] [E, W]
   65 0x00001A88 0xFFFFFFF8 0x00280009 False   [13, 15] [E, W]
   66 0x00001A90 0xFFFFFFF8 0x00500009 False   [16, 14] [E, W]
   67 0x00001A98 0xFFFFFFF8 0x00A00009 False   [17, 15] [E, W]
   68 0x00001AA0 0xFFFFFFF8 0x00400009 False   [16] [E, W]
   69 0x00001AA8 0xFFFFFFF8 0x00800001 False   [17] [E]
   70 0x00001AB0 0xFFFFFFF8 0x00000001 False   [] [E]
   71 0x00001AB8 0xFFFFFFF8 0x00000001 False   [] [E]
   72 0x00001AC0 0xFFFFFFF8 0x00000001 False   [] [E]
   73 0x00001AC8 0xFFFFFFF8 0x00000001 False   [] [E]
   74 0x00001AD0 0xFFFFFFF8 0x00000001 False   [] [E]
   75 0x00001AD8 0xFFFFFFF8 0x00000001 False   [] [E]
   76 0x00001AE0 0xFFFFFFF8 0x00000001 False   [] [E]
   77 0x00001AE8 0xFFFFFFF8 0x00000001 False   [] [E]
   78 0x00001AF0 0xFFFFFFF8 0x00000001 False   [] [E]
   79 0x00001AF8 0xFFFFFFF8 0x00000001 False   [] [E]
   80 0x00001B00 0xFFFFFFF8 0x00000001 False   [] [E]
   81 0x00001B08 0xFFFFFFF8 0x00000001 False   [] [E]
   82 0x00001B10 0xFFFFFFF8 0x00000001 False   [] [E]
   83 0x00001B18 0xFFFFFFF8 0x00000001 False   [] [E]
   84 0x00001B20 0xFFFFFFF8 0x00000101 False   [2] [E]
   85 0x00001B28 0xFFFFFFF8 0x00000301 False   [2, 3] [E]
   86 0x00001B30 0xFFFFFFF8 0x00000720 False   [2, 3, 4] [S]
   87 0x00001B38 0xFFFFFFF8 0x00000E20 False   [3, 4, 5] [S]
   88 0x00001B40 0xFFFFFFF8 0x00001C20 False   [4, 5, 6] [S]
   89 0x00001B48 0xFFFFFFF8 0x00003820 False   [5, 6, 7] [S]
   90 0x00001B50 0xFFFFFFF8 0x00007020 False   [8, 6, 7] [S]
   91 0x00001B58 0xFFFFFFF8 0x0000E020 False   [8, 9, 7] [S]
   92 0x00001B60 0xFFFFFFF8 0x0001C020 False   [8, 9, 10] [S]
   93 0x00001B68 0xFFFFFFF8 0x00038020 False   [9, 10, 11] [S]
   94 0x00001B70 0xFFFFFFF8 0x00070020 False   [10, 11, 12] [S]
   95 0x00001B78 0xFFFFFFF8 0x000E0020 False   [11, 12, 13] [S]
   96 0x00001B80 0xFFFFFFF8 0x001C0020 False   [12, 13, 14] [S]
   97 0x00001B88 0xFFFFFFF8 0x00380020 False   [13, 14, 15] [S]
   98 0x00001B90 0xFFFFFFF8 0x00700020 False   [16, 14, 15] [S]
   99 0x00001B98 0xFFFFFFF8 0x00E00020 False   [16, 17, 15] [S]
  100 0x00001BA0 0xFFFFFFF8 0x00C00020 False   [16, 17] [S]
  101 0x00001BA8 0xFFFFFFF8 0x00800020 False   [17] [S]
  102 0x00001BB0 0xFFFFFFF8 0x00000001 False   [] [E]
  103 0x00001BB8 0xFFFFFFF8 0x00000001 False   [] [E]
  104 0x00001BC0 0xFFFFFFF8 0x00000001 False   [] [E]
  105 0x00001BC8 0xFFFFFFF8 0x00000001 False   [] [E]
  106 0x00001BD0 0xFFFFFFF8 0x00000001 False   [] [E]
  107 0x00001BD8 0xFFFFFFF8 0x00000001 False   [] [E]
  108 0x00001BE0 0xFFFFFFF8 0x00000001 False   [] [E]
  109 0x00001BE8 0xFFFFFFF8 0x00000001 False   [] [E]
  110 0x00001BF0 0xFFFFFFF8 0x00000001 False   [] [E]
  111 0x00001BF8 0xFFFFFFF8 0x00000001 False   [] [E]
  112 0x00001C00 0xFFFFFFF8 0x00000001 False   [] [E]
  113 0x00001C08 0xFFFFFFF8 0x00000001 False   [] [E]
  114 0x00001C10 0xFFFFFFF8 0x00000001 False   [] [E]
  115 0x00001D00 0xFFFFFFF8 0x00000008 False   [] [W]
  116 0x00001D08 0xFFFFFFF8 0x00000008 False   [] [W]
  117 0x00001D10 0xFFFFFFF8 0x00000008 False   [] [W]
  118 0x00001D18 0xFFFFFFF8 0x00000008 False   [] [W]
  119 0x00001DF8 0xFFFFFFF8 0x00000008 False   [] [W]
  120 0x00001F08 0xFFFFFFF8 0x00000010 False   [] [SW]
  121 0x00001F10 0xFFFFFFF8 0x00000010 False   [] [SW]
  122 0x00001F18 0xFFFFFFF8 0x00000010 False   [] [SW]
  123 0x00001F20 0xFFFFFFF8 0x00000010 False   [] [SW]
  124 0x00001F28 0xFFFFFFF8 0x00000010 False   [] [SW]
  125 0x00001F30 0xFFFFFFF8 0x00000010 False   [] [SW]
  126 0x00001F38 0xFFFFFFF8 0x00000010 False   [] [SW]
  127 0x00001F40 0xFFFFFFF8 0x00000010 False   [] [SW]
  128 0x00001F48 0xFFFFFFF8 0x00000010 False   [] [SW]
  129 0x00001F50 0xFFFFFFF8 0x00000010 False   [] [SW]
  130 0x00001F58 0xFFFFFFF8 0x00000010 False   [] [SW]
  131 0x00001F60 0xFFFFFFF8 0x00000010 False   [] [SW]
  132 0x00001F68 0xFFFFFFF8 0x00000010 False   [] [SW]
0 Defaultable entries
