Router contains 100 entries
Index Key        Mask       Route      Default [Cores][Links]
----- ---------- ---------- ---------- ------- --------------
    0 0x00000E00 0xFFFFFFF8 0x00000020 False   [] [S]
    1 0x00000EF8 0xFFFFFFF8 0x00000020 False   [] [S]
    2 0x00000F00 0xFFFFFFF8 0x00000020 False   [] [S]
    3 0x00000F38 0xFFFFFFF8 0x00000120 False   [2] [S]
    4 0x00000F40 0xFFFFFFF8 0x00000320 False   [2, 3] [S]
    5 0x00000F48 0xFFFFFFF8 0x00000700 False   [2, 3, 4] []
    6 0x00000F50 0xFFFFFFF8 0x00000E00 False   [3, 4, 5] []
    7 0x00000F58 0xFFFFFFF8 0x00001C00 False   [4, 5, 6] []
    8 0x00000F60 0xFFFFFFF8 0x00003800 False   [5, 6, 7] []
    9 0x00000F68 0xFFFFFFF8 0x00007000 False   [8, 6, 7] []
   10 0x00000F70 0xFFFFFFF8 0x0000E000 False   [8, 9, 7] []
   11 0x00000F78 0xFFFFFFF8 0x0001C000 False   [8, 9, 10] []
   12 0x00000F80 0xFFFFFFF8 0x00038000 False   [9, 10, 11] []
   13 0x00000F88 0xFFFFFFF8 0x00070000 False   [10, 11, 12] []
   14 0x00000F90 0xFFFFFFF8 0x000E0000 False   [11, 12, 13] []
   15 0x00000F98 0xFFFFFFF8 0x001C0000 False   [12, 13, 14] []
   16 0x00000FA0 0xFFFFFFF8 0x00380000 False   [13, 14, 15] []
   17 0x00000FA8 0xFFFFFFF8 0x00700000 False   [16, 14, 15] []
   18 0x00000FB0 0xFFFFFFF8 0x00E00000 False   [16, 17, 15] []
   19 0x00000FB8 0xFFFFFFF8 0x00C00020 False   [16, 17] [S]
   20 0x00000FC0 0xFFFFFFF8 0x00800004 False   [17] [N]
   21 0x00000FC8 0xFFFFFFF8 0x00000004 False   [] [N]
   22 0x00000FD0 0xFFFFFFF8 0x00000004 False   [] [N]
   23 0x00000FD8 0xFFFFFFF8 0x00000004 False   [] [N]
   24 0x00000FE0 0xFFFFFFF8 0x00000004 False   [] [N]
   25 0x00000FE8 0xFFFFFFF8 0x00000004 False   [] [N]
   26 0x00000FF0 0xFFFFFFF8 0x00000004 False   [] [N]
   27 0x00000FF8 0xFFFFFFF8 0x00000004 False   [] [N]
   28 0x00001000 0xFFFFFFF8 0x00000004 False   [] [N]
   29 0x00001008 0xFFFFFFF8 0x00000004 False   [] [N]
   30 0x00001010 0xFFFFFFF8 0x00000004 False   [] [N]
   31 0x00001018 0xFFFFFFF8 0x00000004 False   [] [N]
   32 0x00001020 0xFFFFFFF8 0x00000004 False   [] [N]
   33 0x00001028 0xFFFFFFF8 0x00000004 False   [] [N]
   34 0x00001030 0xFFFFFFF8 0x00000004 False   [] [N]
   35 0x00001038 0xFFFFFFF8 0x00000104 False   [2] [N]
   36 0x00001040 0xFFFFFFF8 0x00000224 False   [3] [N, S]
   37 0x00001048 0xFFFFFFF8 0x00000504 False   [2, 4] [N]
   38 0x00001050 0xFFFFFFF8 0x00000A04 False   [3, 5] [N]
   39 0x00001058 0xFFFFFFF8 0x00001404 False   [4, 6] [N]
   40 0x00001060 0xFFFFFFF8 0x00002804 False   [5, 7] [N]
   41 0x00001068 0xFFFFFFF8 0x00005004 False   [8, 6] [N]
   42 0x00001070 0xFFFFFFF8 0x0000A004 False   [9, 7] [N]
   43 0x00001078 0xFFFFFFF8 0x00014004 False   [8, 10] [N]
   44 0x00001080 0xFFFFFFF8 0x00028004 False   [9, 11] [N]
   45 0x00001088 0xFFFFFFF8 0x00050004 False   [10, 12] [N]
   46 0x00001090 0xFFFFFFF8 0x000A0004 False   [11, 13] [N]
   47 0x00001098 0xFFFFFFF8 0x00140004 False   [12, 14] [N]
   48 0x000010A0 0xFFFFFFF8 0x00280004 False   [13, 15] [N]
   49 0x000010A8 0xFFFFFFF8 0x00500004 False   [16, 14] [N]
   50 0x000010B0 0xFFFFFFF8 0x00A00004 False   [17, 15] [N]
   51 0x000010B8 0xFFFFFFF8 0x00400024 False   [16] [N, S]
   52 0x000010C0 0xFFFFFFF8 0x00800020 False   [17] [S]
   53 0x000010C8 0xFFFFFFF8 0x00000020 False   [] [S]
   54 0x000010D0 0xFFFFFFF8 0x00000020 False   [] [S]
   55 0x000010D8 0xFFFFFFF8 0x00000020 False   [] [S]
   56 0x000010E0 0xFFFFFFF8 0x00000020 False   [] [S]
   57 0x000010E8 0xFFFFFFF8 0x00000020 False   [] [S]
   58 0x000010F0 0xFFFFFFF8 0x00000020 False   [] [S]
   59 0x000010F8 0xFFFFFFF8 0x00000020 False   [] [S]
   60 0x00001100 0xFFFFFFF8 0x00000020 False   [] [S]
   61 0x00001108 0xFFFFFFF8 0x00000020 False   [] [S]
   62 0x00001110 0xFFFFFFF8 0x00000020 False   [] [S]
   63 0x00001118 0xFFFFFFF8 0x00000020 False   [] [S]
   64 0x00001120 0xFFFFFFF8 0x00000020 False   [] [S]
   65 0x00001128 0xFFFFFFF8 0x00000020 False   [] [S]
   66 0x00001130 0xFFFFFFF8 0x00000020 False   [] [S]
   67 0x00001138 0xFFFFFFF8 0x00000120 False   [2] [S]
   68 0x00001140 0xFFFFFFF8 0x00000320 False   [2, 3] [S]
   69 0x00001148 0xFFFFFFF8 0x00000700 False   [2, 3, 4] []
   70 0x00001150 0xFFFFFFF8 0x00000E00 False   [3, 4, 5] []
   71 0x00001158 0xFFFFFFF8 0x00001C00 False   [4, 5, 6] []
   72 0x00001160 0xFFFFFFF8 0x00003800 False   [5, 6, 7] []
   73 0x00001168 0xFFFFFFF8 0x00007000 False   [8, 6, 7] []
   74 0x00001170 0xFFFFFFF8 0x0000E000 False   [8, 9, 7] []
   75 0x00001178 0xFFFFFFF8 0x0001C000 False   [8, 9, 10] []
   76 0x00001180 0xFFFFFFF8 0x00038000 False   [9, 10, 11] []
   77 0x00001188 0xFFFFFFF8 0x00070000 False   [10, 11, 12] []
   78 0x00001190 0xFFFFFFF8 0x000E0000 False   [11, 12, 13] []
   79 0x00001198 0xFFFFFFF8 0x001C0000 False   [12, 13, 14] []
   80 0x000011A0 0xFFFFFFF8 0x00380000 False   [13, 14, 15] []
   81 0x000011A8 0xFFFFFFF8 0x00700000 False   [16, 14, 15] []
   82 0x000011B0 0xFFFFFFF8 0x00E00000 False   [16, 17, 15] []
   83 0x000011B8 0xFFFFFFF8 0x00C00000 False   [16, 17] []
   84 0x000011C0 0xFFFFFFF8 0x00800000 False   [17] []
   85 0x000011F8 0xFFFFFFF8 0x00000020 False   [] [S]
   86 0x000012B0 0xFFFFFFF8 0x00000001 False   [] [E]
   87 0x000012B8 0xFFFFFFF8 0x00000001 False   [] [E]
   88 0x000012C0 0xFFFFFFF8 0x00000001 False   [] [E]
   89 0x000012C8 0xFFFFFFF8 0x00000001 False   [] [E]
   90 0x000012D0 0xFFFFFFF8 0x00000001 False   [] [E]
   91 0x000012D8 0xFFFFFFF8 0x00000001 False   [] [E]
   92 0x000012E0 0xFFFFFFF8 0x00000001 False   [] [E]
   93 0x000012E8 0xFFFFFFF8 0x00000001 False   [] [E]
   94 0x000012F0 0xFFFFFFF8 0x00000001 False   [] [E]
   95 0x00001308 0xFFFFFFF8 0x00000001 False   [] [E]
   96 0x00001310 0xFFFFFFF8 0x00000001 False   [] [E]
   97 0x00001318 0xFFFFFFF8 0x00000001 False   [] [E]
   98 0x00001320 0xFFFFFFF8 0x00000001 False   [] [E]
   99 0x00001328 0xFFFFFFF8 0x00000001 False   [] [E]
0 Defaultable entries
