Router contains 83 entries
Index Key        Mask       Route      Default [Cores][Links]
----- ---------- ---------- ---------- ------- --------------
    0 0x00001B00 0xFFFFFFF8 0x00100000 False   [14] []
    1 0x00001B90 0xFFFFFFF8 0x00000120 False   [2] [S]
    2 0x00001B98 0xFFFFFFF8 0x00000320 False   [2, 3] [S]
    3 0x00001BA0 0xFFFFFFF8 0x00000700 False   [2, 3, 4] []
    4 0x00001BA8 0xFFFFFFF8 0x00000E00 False   [3, 4, 5] []
    5 0x00001BB0 0xFFFFFFF8 0x00001C00 False   [4, 5, 6] []
    6 0x00001BB8 0xFFFFFFF8 0x00003800 False   [5, 6, 7] []
    7 0x00001BC0 0xFFFFFFF8 0x00007000 False   [8, 6, 7] []
    8 0x00001BC8 0xFFFFFFF8 0x0000E000 False   [8, 9, 7] []
    9 0x00001BD0 0xFFFFFFF8 0x0001C000 False   [8, 9, 10] []
   10 0x00001BD8 0xFFFFFFF8 0x00038000 False   [9, 10, 11] []
   11 0x00001BE0 0xFFFFFFF8 0x00070000 False   [10, 11, 12] []
   12 0x00001BE8 0xFFFFFFF8 0x000E0000 False   [11, 12, 13] []
   13 0x00001BF0 0xFFFFFFF8 0x001C0000 False   [12, 13, 14] []
   14 0x00001BF8 0xFFFFFFF8 0x00180000 False   [13, 14] []
   15 0x00001C00 0xFFFFFFF8 0x00700000 False   [16, 14, 15] []
   16 0x00001C08 0xFFFFFFF8 0x00600000 False   [16, 15] []
   17 0x00001C10 0xFFFFFFF8 0x00400020 False   [16] [S]
   18 0x00001C18 0xFFFFFFF8 0x00000004 False   [] [N]
   19 0x00001C20 0xFFFFFFF8 0x00000004 False   [] [N]
   20 0x00001C28 0xFFFFFFF8 0x00000004 False   [] [N]
   21 0x00001C30 0xFFFFFFF8 0x00000004 False   [] [N]
   22 0x00001C38 0xFFFFFFF8 0x00000004 False   [] [N]
   23 0x00001C40 0xFFFFFFF8 0x00000004 False   [] [N]
   24 0x00001C48 0xFFFFFFF8 0x00000004 False   [] [N]
   25 0x00001C50 0xFFFFFFF8 0x00000004 False   [] [N]
   26 0x00001C58 0xFFFFFFF8 0x00000004 False   [] [N]
   27 0x00001C60 0xFFFFFFF8 0x00000004 False   [] [N]
   28 0x00001C68 0xFFFFFFF8 0x00000004 False   [] [N]
   29 0x00001C70 0xFFFFFFF8 0x00000004 False   [] [N]
   30 0x00001C78 0xFFFFFFF8 0x00000004 False   [] [N]
   31 0x00001C80 0xFFFFFFF8 0x00000004 False   [] [N]
   32 0x00001C88 0xFFFFFFF8 0x00000004 False   [] [N]
   33 0x00001C90 0xFFFFFFF8 0x00000104 False   [2] [N]
   34 0x00001C98 0xFFFFFFF8 0x00000224 False   [3] [N, S]
   35 0x00001CA0 0xFFFFFFF8 0x00000504 False   [2, 4] [N]
   36 0x00001CA8 0xFFFFFFF8 0x00000A04 False   [3, 5] [N]
   37 0x00001CB0 0xFFFFFFF8 0x00001404 False   [4, 6] [N]
   38 0x00001CB8 0xFFFFFFF8 0x00002804 False   [5, 7] [N]
   39 0x00001CC0 0xFFFFFFF8 0x00005004 False   [8, 6] [N]
   40 0x00001CC8 0xFFFFFFF8 0x0000A004 False   [9, 7] [N]
   41 0x00001CD0 0xFFFFFFF8 0x00014004 False   [8, 10] [N]
   42 0x00001CD8 0xFFFFFFF8 0x00028004 False   [9, 11] [N]
   43 0x00001CE0 0xFFFFFFF8 0x00050004 False   [10, 12] [N]
   44 0x00001CE8 0xFFFFFFF8 0x000A0004 False   [11, 13] [N]
   45 0x00001CF0 0xFFFFFFF8 0x00140004 False   [12, 14] [N]
   46 0x00001CF8 0xFFFFFFF8 0x00280004 False   [13, 15] [N]
   47 0x00001D00 0xFFFFFFF8 0x00500004 False   [16, 14] [N]
   48 0x00001D08 0xFFFFFFF8 0x00200004 False   [15] [N]
   49 0x00001D10 0xFFFFFFF8 0x00400020 False   [16] [S]
   50 0x00001D18 0xFFFFFFF8 0x00000020 False   [] [S]
   51 0x00001D20 0xFFFFFFF8 0x00000020 False   [] [S]
   52 0x00001D28 0xFFFFFFF8 0x00000020 False   [] [S]
   53 0x00001D30 0xFFFFFFF8 0x00000020 False   [] [S]
   54 0x00001D38 0xFFFFFFF8 0x00000020 False   [] [S]
   55 0x00001D40 0xFFFFFFF8 0x00000020 False   [] [S]
   56 0x00001D48 0xFFFFFFF8 0x00000020 False   [] [S]
   57 0x00001D50 0xFFFFFFF8 0x00000020 False   [] [S]
   58 0x00001D58 0xFFFFFFF8 0x00000020 False   [] [S]
   59 0x00001D60 0xFFFFFFF8 0x00000020 False   [] [S]
   60 0x00001D68 0xFFFFFFF8 0x00000020 False   [] [S]
   61 0x00001D70 0xFFFFFFF8 0x00000020 False   [] [S]
   62 0x00001D78 0xFFFFFFF8 0x00000020 False   [] [S]
   63 0x00001D80 0xFFFFFFF8 0x00000020 False   [] [S]
   64 0x00001D88 0xFFFFFFF8 0x00000020 False   [] [S]
   65 0x00001D90 0xFFFFFFF8 0x00000120 False   [2] [S]
   66 0x00001D98 0xFFFFFFF8 0x00000320 False   [2, 3] [S]
   67 0x00001DA0 0xFFFFFFF8 0x00000700 False   [2, 3, 4] []
   68 0x00001DA8 0xFFFFFFF8 0x00000E00 False   [3, 4, 5] []
   69 0x00001DB0 0xFFFFFFF8 0x00001C00 False   [4, 5, 6] []
   70 0x00001DB8 0xFFFFFFF8 0x00003800 False   [5, 6, 7] []
   71 0x00001DC0 0xFFFFFFF8 0x00007000 False   [8, 6, 7] []
   72 0x00001DC8 0xFFFFFFF8 0x0000E000 False   [8, 9, 7] []
   73 0x00001DD0 0xFFFFFFF8 0x0001C000 False   [8, 9, 10] []
   74 0x00001DD8 0xFFFFFFF8 0x00038000 False   [9, 10, 11] []
   75 0x00001DE0 0xFFFFFFF8 0x00070000 False   [10, 11, 12] []
   76 0x00001DE8 0xFFFFFFF8 0x000E0000 False   [11, 12, 13] []
   77 0x00001DF0 0xFFFFFFF8 0x001C0000 False   [12, 13, 14] []
   78 0x00001DF8 0xFFFFFFF8 0x00380000 False   [13, 14, 15] []
   79 0x00001E00 0xFFFFFFF8 0x00600000 False   [16, 15] []
   80 0x00001E08 0xFFFFFFF8 0x00600000 False   [16, 15] []
   81 0x00001E10 0xFFFFFFF8 0x00400000 False   [16] []
   82 0x00001EF8 0xFFFFFFF8 0x00200000 False   [15] []
0 Defaultable entries
