Router contains 53 entries
Index Key        Mask       Route      Default [Cores][Links]
----- ---------- ---------- ---------- ------- --------------
    0 0x00001A00 0xFFFFFFF8 0x00100000 False   [14] []
    1 0x00001A98 0xFFFFFFF8 0x00000200 False   [3] []
    2 0x00001AA0 0xFFFFFFF8 0x00000600 False   [3, 4] []
    3 0x00001AA8 0xFFFFFFF8 0x00000E00 False   [3, 4, 5] []
    4 0x00001AB0 0xFFFFFFF8 0x00001C00 False   [4, 5, 6] []
    5 0x00001AB8 0xFFFFFFF8 0x00003800 False   [5, 6, 7] []
    6 0x00001AC0 0xFFFFFFF8 0x00007000 False   [8, 6, 7] []
    7 0x00001AC8 0xFFFFFFF8 0x0000E000 False   [8, 9, 7] []
    8 0x00001AD0 0xFFFFFFF8 0x0001C000 False   [8, 9, 10] []
    9 0x00001AD8 0xFFFFFFF8 0x00038000 False   [9, 10, 11] []
   10 0x00001AE0 0xFFFFFFF8 0x00070000 False   [10, 11, 12] []
   11 0x00001AE8 0xFFFFFFF8 0x000E0000 False   [11, 12, 13] []
   12 0x00001AF0 0xFFFFFFF8 0x001C0000 False   [12, 13, 14] []
   13 0x00001AF8 0xFFFFFFF8 0x00180000 False   [13, 14] []
   14 0x00001B00 0xFFFFFFF8 0x00700000 False   [16, 14, 15] []
   15 0x00001B08 0xFFFFFFF8 0x00E00000 False   [16, 17, 15] []
   16 0x00001B10 0xFFFFFFF8 0x00C00000 False   [16, 17] []
   17 0x00001B18 0xFFFFFFF8 0x00800000 False   [17] []
   18 0x00001B98 0xFFFFFFF8 0x00000200 False   [3] []
   19 0x00001BA0 0xFFFFFFF8 0x00000401 False   [4] [E]
   20 0x00001BA8 0xFFFFFFF8 0x00000A01 False   [3, 5] [E]
   21 0x00001BB0 0xFFFFFFF8 0x00001401 False   [4, 6] [E]
   22 0x00001BB8 0xFFFFFFF8 0x00002801 False   [5, 7] [E]
   23 0x00001BC0 0xFFFFFFF8 0x00005001 False   [8, 6] [E]
   24 0x00001BC8 0xFFFFFFF8 0x0000A001 False   [9, 7] [E]
   25 0x00001BD0 0xFFFFFFF8 0x00014001 False   [8, 10] [E]
   26 0x00001BD8 0xFFFFFFF8 0x00028001 False   [9, 11] [E]
   27 0x00001BE0 0xFFFFFFF8 0x00050001 False   [10, 12] [E]
   28 0x00001BE8 0xFFFFFFF8 0x000A0001 False   [11, 13] [E]
   29 0x00001BF0 0xFFFFFFF8 0x00140001 False   [12, 14] [E]
   30 0x00001BF8 0xFFFFFFF8 0x00280001 False   [13, 15] [E]
   31 0x00001C00 0xFFFFFFF8 0x00500001 False   [16, 14] [E]
   32 0x00001C08 0xFFFFFFF8 0x00A00001 False   [17, 15] [E]
   33 0x00001C10 0xFFFFFFF8 0x00400001 False   [16] [E]
   34 0x00001C18 0xFFFFFFF8 0x00800000 False   [17] []
   35 0x00001C98 0xFFFFFFF8 0x00000200 False   [3] []
   36 0x00001CA0 0xFFFFFFF8 0x00000600 False   [3, 4] []
   37 0x00001CA8 0xFFFFFFF8 0x00000E00 False   [3, 4, 5] []
   38 0x00001CB0 0xFFFFFFF8 0x00001C00 False   [4, 5, 6] []
   39 0x00001CB8 0xFFFFFFF8 0x00003800 False   [5, 6, 7] []
   40 0x00001CC0 0xFFFFFFF8 0x00007000 False   [8, 6, 7] []
   41 0x00001CC8 0xFFFFFFF8 0x0000E000 False   [8, 9, 7] []
   42 0x00001CD0 0xFFFFFFF8 0x0001C000 False   [8, 9, 10] []
   43 0x00001CD8 0xFFFFFFF8 0x00038000 False   [9, 10, 11] []
   44 0x00001CE0 0xFFFFFFF8 0x00070000 False   [10, 11, 12] []
   45 0x00001CE8 0xFFFFFFF8 0x000E0000 False   [11, 12, 13] []
   46 0x00001CF0 0xFFFFFFF8 0x001C0000 False   [12, 13, 14] []
   47 0x00001CF8 0xFFFFFFF8 0x00380000 False   [13, 14, 15] []
   48 0x00001D00 0xFFFFFFF8 0x00600000 False   [16, 15] []
   49 0x00001D08 0xFFFFFFF8 0x00E00000 False   [16, 17, 15] []
   50 0x00001D10 0xFFFFFFF8 0x00C00000 False   [16, 17] []
   51 0x00001D18 0xFFFFFFF8 0x00800000 False   [17] []
   52 0x00001DF8 0xFFFFFFF8 0x00200000 False   [15] []
0 Defaultable entries
