Router contains 56 entries
Index Key        Mask       Route      Default [Cores][Links]
----- ---------- ---------- ---------- ------- --------------
    0 0x00000000 0xFFFFFFF8 0x00000200 False   [3] []
    1 0x000000E8 0xFFFFFFF8 0x00000100 False   [2] []
    2 0x000000F0 0xFFFFFFF8 0x00000300 False   [2, 3] []
    3 0x000000F8 0xFFFFFFF8 0x00000300 False   [2, 3] []
    4 0x00000100 0xFFFFFFF8 0x00000E00 False   [3, 4, 5] []
    5 0x00000108 0xFFFFFFF8 0x00001C00 False   [4, 5, 6] []
    6 0x00000110 0xFFFFFFF8 0x00003800 False   [5, 6, 7] []
    7 0x00000118 0xFFFFFFF8 0x00007000 False   [8, 6, 7] []
    8 0x00000120 0xFFFFFFF8 0x0000E000 False   [8, 9, 7] []
    9 0x00000128 0xFFFFFFF8 0x0001C000 False   [8, 9, 10] []
   10 0x00000130 0xFFFFFFF8 0x00038000 False   [9, 10, 11] []
   11 0x00000138 0xFFFFFFF8 0x00070000 False   [10, 11, 12] []
   12 0x00000140 0xFFFFFFF8 0x000E0000 False   [11, 12, 13] []
   13 0x00000148 0xFFFFFFF8 0x001C0000 False   [12, 13, 14] []
   14 0x00000150 0xFFFFFFF8 0x00380000 False   [13, 14, 15] []
   15 0x00000158 0xFFFFFFF8 0x00700000 False   [16, 14, 15] []
   16 0x00000160 0xFFFFFFF8 0x00E00000 False   [16, 17, 15] []
   17 0x00000168 0xFFFFFFF8 0x00C00000 False   [16, 17] []
   18 0x00000170 0xFFFFFFF8 0x00800000 False   [17] []
   19 0x000001E8 0xFFFFFFF8 0x00000100 False   [2] []
   20 0x000001F0 0xFFFFFFF8 0x0000020C False   [3] [N, W]
   21 0x000001F8 0xFFFFFFF8 0x0000050C False   [2, 4] [N, W]
   22 0x00000200 0xFFFFFFF8 0x00000A08 False   [3, 5] [W]
   23 0x00000208 0xFFFFFFF8 0x00001408 False   [4, 6] [W]
   24 0x00000210 0xFFFFFFF8 0x00002808 False   [5, 7] [W]
   25 0x00000218 0xFFFFFFF8 0x00005008 False   [8, 6] [W]
   26 0x00000220 0xFFFFFFF8 0x0000A008 False   [9, 7] [W]
   27 0x00000228 0xFFFFFFF8 0x00014008 False   [8, 10] [W]
   28 0x00000230 0xFFFFFFF8 0x00028008 False   [9, 11] [W]
   29 0x00000238 0xFFFFFFF8 0x00050008 False   [10, 12] [W]
   30 0x00000240 0xFFFFFFF8 0x000A0008 False   [11, 13] [W]
   31 0x00000248 0xFFFFFFF8 0x00140008 False   [12, 14] [W]
   32 0x00000250 0xFFFFFFF8 0x00280008 False   [13, 15] [W]
   33 0x00000258 0xFFFFFFF8 0x00500008 False   [16, 14] [W]
   34 0x00000260 0xFFFFFFF8 0x00A00008 False   [17, 15] [W]
   35 0x00000268 0xFFFFFFF8 0x00400004 False   [16] [N]
   36 0x00000270 0xFFFFFFF8 0x00800000 False   [17] []
   37 0x000002E8 0xFFFFFFF8 0x00000100 False   [2] []
   38 0x000002F0 0xFFFFFFF8 0x00000300 False   [2, 3] []
   39 0x000002F8 0xFFFFFFF8 0x00000700 False   [2, 3, 4] []
   40 0x00000300 0xFFFFFFF8 0x00000C00 False   [4, 5] []
   41 0x00000308 0xFFFFFFF8 0x00001C00 False   [4, 5, 6] []
   42 0x00000310 0xFFFFFFF8 0x00003800 False   [5, 6, 7] []
   43 0x00000318 0xFFFFFFF8 0x00007000 False   [8, 6, 7] []
   44 0x00000320 0xFFFFFFF8 0x0000E000 False   [8, 9, 7] []
   45 0x00000328 0xFFFFFFF8 0x0001C000 False   [8, 9, 10] []
   46 0x00000330 0xFFFFFFF8 0x00038000 False   [9, 10, 11] []
   47 0x00000338 0xFFFFFFF8 0x00070000 False   [10, 11, 12] []
   48 0x00000340 0xFFFFFFF8 0x000E0000 False   [11, 12, 13] []
   49 0x00000348 0xFFFFFFF8 0x001C0000 False   [12, 13, 14] []
   50 0x00000350 0xFFFFFFF8 0x00380000 False   [13, 14, 15] []
   51 0x00000358 0xFFFFFFF8 0x00700000 False   [16, 14, 15] []
   52 0x00000360 0xFFFFFFF8 0x00E00000 False   [16, 17, 15] []
   53 0x00000368 0xFFFFFFF8 0x00C00001 False   [16, 17] [E]
   54 0x00000370 0xFFFFFFF8 0x00800001 False   [17] [E]
   55 0x000003F8 0xFFFFFFF8 0x00000400 False   [4] []
0 Defaultable entries
