Router contains 150 entries
Index Key        Mask       Route      Default [Cores][Links]
----- ---------- ---------- ---------- ------- --------------
    0 0x00000068 0xFFFFFFF8 0x00000002 False   [] [NE]
    1 0x00000070 0xFFFFFFF8 0x00000002 False   [] [NE]
    2 0x00000078 0xFFFFFFF8 0x00000002 False   [] [NE]
    3 0x00000080 0xFFFFFFF8 0x00000002 False   [] [NE]
    4 0x00000088 0xFFFFFFF8 0x00000002 False   [] [NE]
    5 0x00000090 0xFFFFFFF8 0x00000002 False   [] [NE]
    6 0x00000098 0xFFFFFFF8 0x00000002 False   [] [NE]
    7 0x000000A0 0xFFFFFFF8 0x00000002 False   [] [NE]
    8 0x000000A8 0xFFFFFFF8 0x00000002 False   [] [NE]
    9 0x000000B0 0xFFFFFFF8 0x00000002 False   [] [NE]
   10 0x000000B8 0xFFFFFFF8 0x00000002 False   [] [NE]
   11 0x000000C0 0xFFFFFFF8 0x00000002 False   [] [NE]
   12 0x000000C8 0xFFFFFFF8 0x00000002 False   [] [NE]
   13 0x000000D0 0xFFFFFFF8 0x00000002 False   [] [NE]
   14 0x000000D8 0xFFFFFFF8 0x00000002 False   [] [NE]
   15 0x000000E0 0xFFFFFFF8 0x00000002 False   [] [NE]
   16 0x000000E8 0xFFFFFFF8 0x00000002 False   [] [NE]
   17 0x00000268 0xFFFFFFF8 0x00000100 False   [2] []
   18 0x00000270 0xFFFFFFF8 0x00000300 False   [2, 3] []
   19 0x00000278 0xFFFFFFF8 0x00000700 False   [2, 3, 4] []
   20 0x00000280 0xFFFFFFF8 0x00000E00 False   [3, 4, 5] []
   21 0x00000288 0xFFFFFFF8 0x00001C00 False   [4, 5, 6] []
   22 0x00000290 0xFFFFFFF8 0x00003800 False   [5, 6, 7] []
   23 0x00000298 0xFFFFFFF8 0x00007000 False   [8, 6, 7] []
   24 0x000002A0 0xFFFFFFF8 0x0000E000 False   [8, 9, 7] []
   25 0x000002A8 0xFFFFFFF8 0x0001C000 False   [8, 9, 10] []
   26 0x000002B0 0xFFFFFFF8 0x00038000 False   [9, 10, 11] []
   27 0x000002B8 0xFFFFFFF8 0x00070000 False   [10, 11, 12] []
   28 0x000002C0 0xFFFFFFF8 0x000E0000 False   [11, 12, 13] []
   29 0x000002C8 0xFFFFFFF8 0x001C0000 False   [12, 13, 14] []
   30 0x000002D0 0xFFFFFFF8 0x00380000 False   [13, 14, 15] []
   31 0x000002D8 0xFFFFFFF8 0x00700000 False   [16, 14, 15] []
   32 0x000002E0 0xFFFFFFF8 0x00E00000 False   [16, 17, 15] []
   33 0x000002E8 0xFFFFFFF8 0x00C00018 False   [16, 17] [W, SW]
   34 0x000002F0 0xFFFFFFF8 0x00800018 False   [17] [W, SW]
   35 0x000002F8 0xFFFFFFF8 0x00000008 False   [] [W]
   36 0x00000300 0xFFFFFFF8 0x00000008 False   [] [W]
   37 0x00000308 0xFFFFFFF8 0x00000008 False   [] [W]
   38 0x00000310 0xFFFFFFF8 0x00000008 False   [] [W]
   39 0x00000318 0xFFFFFFF8 0x00000008 False   [] [W]
   40 0x00000320 0xFFFFFFF8 0x00000008 False   [] [W]
   41 0x00000328 0xFFFFFFF8 0x00000008 False   [] [W]
   42 0x00000330 0xFFFFFFF8 0x00000008 False   [] [W]
   43 0x00000338 0xFFFFFFF8 0x00000008 False   [] [W]
   44 0x00000340 0xFFFFFFF8 0x00000008 False   [] [W]
   45 0x00000348 0xFFFFFFF8 0x00000008 False   [] [W]
   46 0x00000350 0xFFFFFFF8 0x00000008 False   [] [W]
   47 0x00000358 0xFFFFFFF8 0x00000008 False   [] [W]
   48 0x00000360 0xFFFFFFF8 0x00000008 False   [] [W]
   49 0x00000368 0xFFFFFFF8 0x00000108 False   [2] [W]
   50 0x00000370 0xFFFFFFF8 0x00000209 False   [3] [E, W]
   51 0x00000378 0xFFFFFFF8 0x00000501 False   [2, 4] [E]
   52 0x00000380 0xFFFFFFF8 0x00000A01 False   [3, 5] [E]
   53 0x00000388 0xFFFFFFF8 0x00001401 False   [4, 6] [E]
   54 0x00000390 0xFFFFFFF8 0x00002801 False   [5, 7] [E]
   55 0x00000398 0xFFFFFFF8 0x00005001 False   [8, 6] [E]
   56 0x000003A0 0xFFFFFFF8 0x0000A001 False   [9, 7] [E]
   57 0x000003A8 0xFFFFFFF8 0x00014001 False   [8, 10] [E]
   58 0x000003B0 0xFFFFFFF8 0x00028001 False   [9, 11] [E]
   59 0x000003B8 0xFFFFFFF8 0x00050001 False   [10, 12] [E]
   60 0x000003C0 0xFFFFFFF8 0x000A0001 False   [11, 13] [E]
   61 0x000003C8 0xFFFFFFF8 0x00140001 False   [12, 14] [E]
   62 0x000003D0 0xFFFFFFF8 0x00280001 False   [13, 15] [E]
   63 0x000003D8 0xFFFFFFF8 0x00500001 False   [16, 14] [E]
   64 0x000003E0 0xFFFFFFF8 0x00A00001 False   [17, 15] [E]
   65 0x000003E8 0xFFFFFFF8 0x00400009 False   [16] [E, W]
   66 0x000003F0 0xFFFFFFF8 0x00800001 False   [17] [E]
   67 0x000003F8 0xFFFFFFF8 0x00000001 False   [] [E]
   68 0x00000400 0xFFFFFFF8 0x00000001 False   [] [E]
   69 0x00000408 0xFFFFFFF8 0x00000001 False   [] [E]
   70 0x00000410 0xFFFFFFF8 0x00000001 False   [] [E]
   71 0x00000418 0xFFFFFFF8 0x00000001 False   [] [E]
   72 0x00000420 0xFFFFFFF8 0x00000001 False   [] [E]
   73 0x00000428 0xFFFFFFF8 0x00000001 False   [] [E]
   74 0x00000430 0xFFFFFFF8 0x00000001 False   [] [E]
   75 0x00000438 0xFFFFFFF8 0x00000001 False   [] [E]
   76 0x00000440 0xFFFFFFF8 0x00000001 False   [] [E]
   77 0x00000448 0xFFFFFFF8 0x00000001 False   [] [E]
   78 0x00000450 0xFFFFFFF8 0x00000001 False   [] [E]
   79 0x00000458 0xFFFFFFF8 0x00000001 False   [] [E]
   80 0x00000460 0xFFFFFFF8 0x00000001 False   [] [E]
   81 0x00000468 0xFFFFFFF8 0x00000101 False   [2] [E]
   82 0x00000470 0xFFFFFFF8 0x00000308 False   [2, 3] [W]
   83 0x00000478 0xFFFFFFF8 0x00000700 False   [2, 3, 4] []
   84 0x00000480 0xFFFFFFF8 0x00000E00 False   [3, 4, 5] []
   85 0x00000488 0xFFFFFFF8 0x00001C00 False   [4, 5, 6] []
   86 0x00000490 0xFFFFFFF8 0x00003800 False   [5, 6, 7] []
   87 0x00000498 0xFFFFFFF8 0x00007000 False   [8, 6, 7] []
   88 0x000004A0 0xFFFFFFF8 0x0000E000 False   [8, 9, 7] []
   89 0x000004A8 0xFFFFFFF8 0x0001C000 False   [8, 9, 10] []
   90 0x000004B0 0xFFFFFFF8 0x00038000 False   [9, 10, 11] []
   91 0x000004B8 0xFFFFFFF8 0x00070000 False   [10, 11, 12] []
   92 0x000004C0 0xFFFFFFF8 0x000E0000 False   [11, 12, 13] []
   93 0x000004C8 0xFFFFFFF8 0x001C0000 False   [12, 13, 14] []
   94 0x000004D0 0xFFFFFFF8 0x00380000 False   [13, 14, 15] []
   95 0x000004D8 0xFFFFFFF8 0x00700000 False   [16, 14, 15] []
   96 0x000004E0 0xFFFFFFF8 0x00E00000 False   [16, 17, 15] []
   97 0x000004E8 0xFFFFFFF8 0x00C00008 False   [16, 17] [W]
   98 0x000004F0 0xFFFFFFF8 0x00800008 False   [17] [W]
   99 0x000004F8 0xFFFFFFF8 0x00000008 False   [] [W]
  100 0x00000508 0xFFFFFFF8 0x00000008 False   [] [W]
  101 0x00000510 0xFFFFFFF8 0x00000008 False   [] [W]
  102 0x00000518 0xFFFFFFF8 0x00000008 False   [] [W]
  103 0x00000520 0xFFFFFFF8 0x00000008 False   [] [W]
  104 0x00000528 0xFFFFFFF8 0x00000008 False   [] [W]
  105 0x00000530 0xFFFFFFF8 0x00000008 False   [] [W]
  106 0x00000538 0xFFFFFFF8 0x00000008 False   [] [W]
  107 0x00000540 0xFFFFFFF8 0x00000008 False   [] [W]
  108 0x00000548 0xFFFFFFF8 0x00000008 False   [] [W]
  109 0x00000550 0xFFFFFFF8 0x00000008 False   [] [W]
  110 0x00000568 0xFFFFFFF8 0x00000008 False   [] [W]
  111 0x00000570 0xFFFFFFF8 0x00000008 False   [] [W]
  112 0x000007E8 0xFFFFFFF8 0x00000004 False   [] [N]
  113 0x000007F0 0xFFFFFFF8 0x00000004 False   [] [N]
  114 0x00000808 0xFFFFFFF8 0x00000004 False   [] [N]
  115 0x00000810 0xFFFFFFF8 0x00000004 False   [] [N]
  116 0x00000818 0xFFFFFFF8 0x00000004 False   [] [N]
  117 0x00000820 0xFFFFFFF8 0x00000004 False   [] [N]
  118 0x00000828 0xFFFFFFF8 0x00000004 False   [] [N]
  119 0x00000830 0xFFFFFFF8 0x00000004 False   [] [N]
  120 0x00000838 0xFFFFFFF8 0x00000004 False   [] [N]
  121 0x00000840 0xFFFFFFF8 0x00000004 False   [] [N]
  122 0x00000848 0xFFFFFFF8 0x00000004 False   [] [N]
  123 0x00001F08 0xFFFFFFF8 0x00000010 False   [] [SW]
  124 0x00001F10 0xFFFFFFF8 0x00000010 False   [] [SW]
  125 0x00001F18 0xFFFFFFF8 0x00000010 False   [] [SW]
  126 0x00001F20 0xFFFFFFF8 0x00000010 False   [] [SW]
  127 0x00001F28 0xFFFFFFF8 0x00000010 False   [] [SW]
  128 0x00001F30 0xFFFFFFF8 0x00000010 False   [] [SW]
  129 0x00001F38 0xFFFFFFF8 0x00000010 False   [] [SW]
  130 0x00001F40 0xFFFFFFF8 0x00000010 False   [] [SW]
  131 0x00001F48 0xFFFFFFF8 0x00000010 False   [] [SW]
  132 0x00001F50 0xFFFFFFF8 0x00000010 False   [] [SW]
  133 0x00001F58 0xFFFFFFF8 0x00000010 False   [] [SW]
  134 0x00001F60 0xFFFFFFF8 0x00000010 False   [] [SW]
  135 0x00001F68 0xFFFFFFF8 0x00000010 False   [] [SW]
  136 0x00001F90 0xFFFFFFF8 0x00000020 False   [] [S]
  137 0x00001F98 0xFFFFFFF8 0x00000020 False   [] [S]
  138 0x00001FA0 0xFFFFFFF8 0x00000020 False   [] [S]
  139 0x00001FA8 0xFFFFFFF8 0x00000020 False   [] [S]
  140 0x00001FB0 0xFFFFFFF8 0x00000020 False   [] [S]
  141 0x00001FB8 0xFFFFFFF8 0x00000020 False   [] [S]
  142 0x00001FC0 0xFFFFFFF8 0x00000020 False   [] [S]
  143 0x00001FC8 0xFFFFFFF8 0x00000020 False   [] [S]
  144 0x00001FD0 0xFFFFFFF8 0x00000020 False   [] [S]
  145 0x00001FD8 0xFFFFFFF8 0x00000020 False   [] [S]
  146 0x00001FE0 0xFFFFFFF8 0x00000020 False   [] [S]
  147 0x00001FE8 0xFFFFFFF8 0x00000020 False   [] [S]
  148 0x00001FF0 0xFFFFFFF8 0x00000020 False   [] [S]
  149 0x00001FF8 0xFFFFFFF8 0x00000020 False   [] [S]
0 Defaultable entries
