Router contains 153 entries
Index Key        Mask       Route      Default [Cores][Links]
----- ---------- ---------- ---------- ------- --------------
    0 0x00000068 0xFFFFFFF8 0x00000002 False   [] [NE]
    1 0x00000070 0xFFFFFFF8 0x00000002 False   [] [NE]
    2 0x00000078 0xFFFFFFF8 0x00000002 False   [] [NE]
    3 0x00000080 0xFFFFFFF8 0x00000002 False   [] [NE]
    4 0x00000088 0xFFFFFFF8 0x00000002 False   [] [NE]
    5 0x00000090 0xFFFFFFF8 0x00000002 False   [] [NE]
    6 0x00000098 0xFFFFFFF8 0x00000002 False   [] [NE]
    7 0x000000A0 0xFFFFFFF8 0x00000002 False   [] [NE]
    8 0x000000A8 0xFFFFFFF8 0x00000002 False   [] [NE]
    9 0x000000B0 0xFFFFFFF8 0x00000002 False   [] [NE]
   10 0x000000B8 0xFFFFFFF8 0x00000002 False   [] [NE]
   11 0x000000C0 0xFFFFFFF8 0x00000002 False   [] [NE]
   12 0x000000C8 0xFFFFFFF8 0x00000002 False   [] [NE]
   13 0x000000D0 0xFFFFFFF8 0x00000002 False   [] [NE]
   14 0x000000D8 0xFFFFFFF8 0x00000002 False   [] [NE]
   15 0x000000E0 0xFFFFFFF8 0x00000002 False   [] [NE]
   16 0x000000E8 0xFFFFFFF8 0x00000002 False   [] [NE]
   17 0x00001500 0xFFFFFFF8 0x00000008 False   [] [W]
   18 0x00001528 0xFFFFFFF8 0x00000100 False   [2] []
   19 0x00001530 0xFFFFFFF8 0x00000300 False   [2, 3] []
   20 0x00001538 0xFFFFFFF8 0x00000700 False   [2, 3, 4] []
   21 0x00001540 0xFFFFFFF8 0x00000E00 False   [3, 4, 5] []
   22 0x00001548 0xFFFFFFF8 0x00001C00 False   [4, 5, 6] []
   23 0x00001550 0xFFFFFFF8 0x00003800 False   [5, 6, 7] []
   24 0x00001558 0xFFFFFFF8 0x00007000 False   [8, 6, 7] []
   25 0x00001560 0xFFFFFFF8 0x0000E000 False   [8, 9, 7] []
   26 0x00001568 0xFFFFFFF8 0x0001C000 False   [8, 9, 10] []
   27 0x00001570 0xFFFFFFF8 0x00038000 False   [9, 10, 11] []
   28 0x00001578 0xFFFFFFF8 0x00070000 False   [10, 11, 12] []
   29 0x00001580 0xFFFFFFF8 0x000E0000 False   [11, 12, 13] []
   30 0x00001588 0xFFFFFFF8 0x001C0000 False   [12, 13, 14] []
   31 0x00001590 0xFFFFFFF8 0x00380000 False   [13, 14, 15] []
   32 0x00001598 0xFFFFFFF8 0x00700000 False   [16, 14, 15] []
   33 0x000015A0 0xFFFFFFF8 0x00E00000 False   [16, 17, 15] []
   34 0x000015A8 0xFFFFFFF8 0x00C00008 False   [16, 17] [W]
   35 0x000015B0 0xFFFFFFF8 0x00800008 False   [17] [W]
   36 0x000015B8 0xFFFFFFF8 0x00000008 False   [] [W]
   37 0x000015C0 0xFFFFFFF8 0x00000008 False   [] [W]
   38 0x000015C8 0xFFFFFFF8 0x00000008 False   [] [W]
   39 0x000015D0 0xFFFFFFF8 0x00000008 False   [] [W]
   40 0x000015D8 0xFFFFFFF8 0x00000008 False   [] [W]
   41 0x000015E0 0xFFFFFFF8 0x00000008 False   [] [W]
   42 0x000015E8 0xFFFFFFF8 0x00000008 False   [] [W]
   43 0x000015F0 0xFFFFFFF8 0x00000008 False   [] [W]
   44 0x000015F8 0xFFFFFFF8 0x00000008 False   [] [W]
   45 0x00001600 0xFFFFFFF8 0x00000008 False   [] [W]
   46 0x00001608 0xFFFFFFF8 0x00000008 False   [] [W]
   47 0x00001610 0xFFFFFFF8 0x00000008 False   [] [W]
   48 0x00001618 0xFFFFFFF8 0x00000008 False   [] [W]
   49 0x00001620 0xFFFFFFF8 0x00000008 False   [] [W]
   50 0x00001628 0xFFFFFFF8 0x00000108 False   [2] [W]
   51 0x00001630 0xFFFFFFF8 0x00000209 False   [3] [E, W]
   52 0x00001638 0xFFFFFFF8 0x00000509 False   [2, 4] [E, W]
   53 0x00001640 0xFFFFFFF8 0x00000A09 False   [3, 5] [E, W]
   54 0x00001648 0xFFFFFFF8 0x00001409 False   [4, 6] [E, W]
   55 0x00001650 0xFFFFFFF8 0x00002809 False   [5, 7] [E, W]
   56 0x00001658 0xFFFFFFF8 0x00005009 False   [8, 6] [E, W]
   57 0x00001660 0xFFFFFFF8 0x0000A009 False   [9, 7] [E, W]
   58 0x00001668 0xFFFFFFF8 0x00014009 False   [8, 10] [E, W]
   59 0x00001670 0xFFFFFFF8 0x00028009 False   [9, 11] [E, W]
   60 0x00001678 0xFFFFFFF8 0x00050009 False   [10, 12] [E, W]
   61 0x00001680 0xFFFFFFF8 0x000A0009 False   [11, 13] [E, W]
   62 0x00001688 0xFFFFFFF8 0x00140009 False   [12, 14] [E, W]
   63 0x00001690 0xFFFFFFF8 0x00280009 False   [13, 15] [E, W]
   64 0x00001698 0xFFFFFFF8 0x00500009 False   [16, 14] [E, W]
   65 0x000016A0 0xFFFFFFF8 0x00A00009 False   [17, 15] [E, W]
   66 0x000016A8 0xFFFFFFF8 0x00400009 False   [16] [E, W]
   67 0x000016B0 0xFFFFFFF8 0x00800001 False   [17] [E]
   68 0x000016B8 0xFFFFFFF8 0x00000001 False   [] [E]
   69 0x000016C0 0xFFFFFFF8 0x00000001 False   [] [E]
   70 0x000016C8 0xFFFFFFF8 0x00000001 False   [] [E]
   71 0x000016D0 0xFFFFFFF8 0x00000001 False   [] [E]
   72 0x000016D8 0xFFFFFFF8 0x00000001 False   [] [E]
   73 0x000016E0 0xFFFFFFF8 0x00000001 False   [] [E]
   74 0x000016E8 0xFFFFFFF8 0x00000001 False   [] [E]
   75 0x000016F0 0xFFFFFFF8 0x00000001 False   [] [E]
   76 0x000016F8 0xFFFFFFF8 0x00000001 False   [] [E]
   77 0x00001700 0xFFFFFFF8 0x00000001 False   [] [E]
   78 0x00001708 0xFFFFFFF8 0x00000001 False   [] [E]
   79 0x00001710 0xFFFFFFF8 0x00000001 False   [] [E]
   80 0x00001718 0xFFFFFFF8 0x00000001 False   [] [E]
   81 0x00001720 0xFFFFFFF8 0x00000001 False   [] [E]
   82 0x00001728 0xFFFFFFF8 0x00000101 False   [2] [E]
   83 0x00001730 0xFFFFFFF8 0x00000301 False   [2, 3] [E]
   84 0x00001738 0xFFFFFFF8 0x00000701 False   [2, 3, 4] [E]
   85 0x00001740 0xFFFFFFF8 0x00000E01 False   [3, 4, 5] [E]
   86 0x00001748 0xFFFFFFF8 0x00001C01 False   [4, 5, 6] [E]
   87 0x00001750 0xFFFFFFF8 0x00003801 False   [5, 6, 7] [E]
   88 0x00001758 0xFFFFFFF8 0x00007001 False   [8, 6, 7] [E]
   89 0x00001760 0xFFFFFFF8 0x0000E001 False   [8, 9, 7] [E]
   90 0x00001768 0xFFFFFFF8 0x0001C001 False   [8, 9, 10] [E]
   91 0x00001770 0xFFFFFFF8 0x00038001 False   [9, 10, 11] [E]
   92 0x00001778 0xFFFFFFF8 0x00070001 False   [10, 11, 12] [E]
   93 0x00001780 0xFFFFFFF8 0x000E0001 False   [11, 12, 13] [E]
   94 0x00001788 0xFFFFFFF8 0x001C0001 False   [12, 13, 14] [E]
   95 0x00001790 0xFFFFFFF8 0x00380001 False   [13, 14, 15] [E]
   96 0x00001798 0xFFFFFFF8 0x00700001 False   [16, 14, 15] [E]
   97 0x000017A0 0xFFFFFFF8 0x00E00001 False   [16, 17, 15] [E]
   98 0x000017A8 0xFFFFFFF8 0x00C00001 False   [16, 17] [E]
   99 0x000017B0 0xFFFFFFF8 0x00800008 False   [17] [W]
  100 0x000017F8 0xFFFFFFF8 0x00000008 False   [] [W]
  101 0x00001800 0xFFFFFFF8 0x00000008 False   [] [W]
  102 0x00001820 0xFFFFFFF8 0x00000008 False   [] [W]
  103 0x00001828 0xFFFFFFF8 0x00000008 False   [] [W]
  104 0x00001830 0xFFFFFFF8 0x00000008 False   [] [W]
  105 0x00001838 0xFFFFFFF8 0x00000008 False   [] [W]
  106 0x00001840 0xFFFFFFF8 0x00000008 False   [] [W]
  107 0x00001848 0xFFFFFFF8 0x00000008 False   [] [W]
  108 0x00001850 0xFFFFFFF8 0x00000008 False   [] [W]
  109 0x00001858 0xFFFFFFF8 0x00000008 False   [] [W]
  110 0x00001860 0xFFFFFFF8 0x00000008 False   [] [W]
  111 0x00001868 0xFFFFFFF8 0x00000008 False   [] [W]
  112 0x00001870 0xFFFFFFF8 0x00000008 False   [] [W]
  113 0x00001878 0xFFFFFFF8 0x00000008 False   [] [W]
  114 0x00001880 0xFFFFFFF8 0x00000008 False   [] [W]
  115 0x00001888 0xFFFFFFF8 0x00000008 False   [] [W]
  116 0x00001890 0xFFFFFFF8 0x00000008 False   [] [W]
  117 0x00001898 0xFFFFFFF8 0x00000008 False   [] [W]
  118 0x000018A0 0xFFFFFFF8 0x00000008 False   [] [W]
  119 0x000018A8 0xFFFFFFF8 0x00000008 False   [] [W]
  120 0x000018B0 0xFFFFFFF8 0x00000008 False   [] [W]
  121 0x000018F8 0xFFFFFFF8 0x00000008 False   [] [W]
  122 0x00001C18 0xFFFFFFF8 0x00000004 False   [] [N]
  123 0x00001C20 0xFFFFFFF8 0x00000004 False   [] [N]
  124 0x00001C28 0xFFFFFFF8 0x00000004 False   [] [N]
  125 0x00001C88 0xFFFFFFF8 0x00000008 False   [] [W]
  126 0x00001C90 0xFFFFFFF8 0x00000008 False   [] [W]
  127 0x00001C98 0xFFFFFFF8 0x00000008 False   [] [W]
  128 0x00001CA0 0xFFFFFFF8 0x00000008 False   [] [W]
  129 0x00001CA8 0xFFFFFFF8 0x00000008 False   [] [W]
  130 0x00001CB0 0xFFFFFFF8 0x00000008 False   [] [W]
  131 0x00001CB8 0xFFFFFFF8 0x00000008 False   [] [W]
  132 0x00001CC0 0xFFFFFFF8 0x00000008 False   [] [W]
  133 0x00001CC8 0xFFFFFFF8 0x00000008 False   [] [W]
  134 0x00001CD0 0xFFFFFFF8 0x00000008 False   [] [W]
  135 0x00001CD8 0xFFFFFFF8 0x00000008 False   [] [W]
  136 0x00001CE0 0xFFFFFFF8 0x00000008 False   [] [W]
  137 0x00001CE8 0xFFFFFFF8 0x00000008 False   [] [W]
  138 0x00001CF0 0xFFFFFFF8 0x00000008 False   [] [W]
  139 0x00001CF8 0xFFFFFFF8 0x00000004 False   [] [N]
  140 0x00001F08 0xFFFFFFF8 0x00000010 False   [] [SW]
  141 0x00001F10 0xFFFFFFF8 0x00000010 False   [] [SW]
  142 0x00001F18 0xFFFFFFF8 0x00000010 False   [] [SW]
  143 0x00001F20 0xFFFFFFF8 0x00000010 False   [] [SW]
  144 0x00001F28 0xFFFFFFF8 0x00000010 False   [] [SW]
  145 0x00001F30 0xFFFFFFF8 0x00000010 False   [] [SW]
  146 0x00001F38 0xFFFFFFF8 0x00000010 False   [] [SW]
  147 0x00001F40 0xFFFFFFF8 0x00000010 False   [] [SW]
  148 0x00001F48 0xFFFFFFF8 0x00000010 False   [] [SW]
  149 0x00001F50 0xFFFFFFF8 0x00000010 False   [] [SW]
  150 0x00001F58 0xFFFFFFF8 0x00000010 False   [] [SW]
  151 0x00001F60 0xFFFFFFF8 0x00000010 False   [] [SW]
  152 0x00001F68 0xFFFFFFF8 0x00000010 False   [] [SW]
0 Defaultable entries
