Router contains 130 entries
Index Key        Mask       Route      Default [Cores][Links]
----- ---------- ---------- ---------- ------- --------------
    0 0x00000700 0xFFFFFFF8 0x00000020 False   [] [S]
    1 0x00000768 0xFFFFFFF8 0x00000020 False   [] [S]
    2 0x00000770 0xFFFFFFF8 0x00000020 False   [] [S]
    3 0x00000778 0xFFFFFFF8 0x00000020 False   [] [S]
    4 0x00000780 0xFFFFFFF8 0x00000020 False   [] [S]
    5 0x00000788 0xFFFFFFF8 0x00000020 False   [] [S]
    6 0x00000790 0xFFFFFFF8 0x00000020 False   [] [S]
    7 0x00000798 0xFFFFFFF8 0x00000020 False   [] [S]
    8 0x000007A0 0xFFFFFFF8 0x00000020 False   [] [S]
    9 0x000007A8 0xFFFFFFF8 0x00000020 False   [] [S]
   10 0x000007B0 0xFFFFFFF8 0x00000020 False   [] [S]
   11 0x000007B8 0xFFFFFFF8 0x00000020 False   [] [S]
   12 0x000007C0 0xFFFFFFF8 0x00000020 False   [] [S]
   13 0x000007C8 0xFFFFFFF8 0x00000020 False   [] [S]
   14 0x000007D0 0xFFFFFFF8 0x00000020 False   [] [S]
   15 0x00000800 0xFFFFFFF8 0x0000000C False   [] [N, W]
   16 0x00000850 0xFFFFFFF8 0x00000108 False   [2] [W]
   17 0x00000858 0xFFFFFFF8 0x00000308 False   [2, 3] [W]
   18 0x00000860 0xFFFFFFF8 0x00000708 False   [2, 3, 4] [W]
   19 0x00000868 0xFFFFFFF8 0x00000E08 False   [3, 4, 5] [W]
   20 0x00000870 0xFFFFFFF8 0x00001C08 False   [4, 5, 6] [W]
   21 0x00000878 0xFFFFFFF8 0x00003808 False   [5, 6, 7] [W]
   22 0x00000880 0xFFFFFFF8 0x00007008 False   [8, 6, 7] [W]
   23 0x00000888 0xFFFFFFF8 0x0000E008 False   [8, 9, 7] [W]
   24 0x00000890 0xFFFFFFF8 0x0001C008 False   [8, 9, 10] [W]
   25 0x00000898 0xFFFFFFF8 0x00038008 False   [9, 10, 11] [W]
   26 0x000008A0 0xFFFFFFF8 0x00070008 False   [10, 11, 12] [W]
   27 0x000008A8 0xFFFFFFF8 0x000E0008 False   [11, 12, 13] [W]
   28 0x000008B0 0xFFFFFFF8 0x001C0008 False   [12, 13, 14] [W]
   29 0x000008B8 0xFFFFFFF8 0x00380008 False   [13, 14, 15] [W]
   30 0x000008C0 0xFFFFFFF8 0x00700008 False   [16, 14, 15] [W]
   31 0x000008C8 0xFFFFFFF8 0x00E00008 False   [16, 17, 15] [W]
   32 0x000008D0 0xFFFFFFF8 0x00C0000C False   [16, 17] [N, W]
   33 0x000008D8 0xFFFFFFF8 0x0080000C False   [17] [N, W]
   34 0x000008E0 0xFFFFFFF8 0x00000004 False   [] [N]
   35 0x000008E8 0xFFFFFFF8 0x00000004 False   [] [N]
   36 0x000008F0 0xFFFFFFF8 0x00000004 False   [] [N]
   37 0x000008F8 0xFFFFFFF8 0x0000000C False   [] [N, W]
   38 0x00000900 0xFFFFFFF8 0x00000004 False   [] [N]
   39 0x00000908 0xFFFFFFF8 0x00000004 False   [] [N]
   40 0x00000910 0xFFFFFFF8 0x00000004 False   [] [N]
   41 0x00000918 0xFFFFFFF8 0x00000004 False   [] [N]
   42 0x00000920 0xFFFFFFF8 0x00000004 False   [] [N]
   43 0x00000928 0xFFFFFFF8 0x00000004 False   [] [N]
   44 0x00000930 0xFFFFFFF8 0x00000004 False   [] [N]
   45 0x00000938 0xFFFFFFF8 0x00000004 False   [] [N]
   46 0x00000940 0xFFFFFFF8 0x00000004 False   [] [N]
   47 0x00000948 0xFFFFFFF8 0x00000004 False   [] [N]
   48 0x00000950 0xFFFFFFF8 0x00000104 False   [2] [N]
   49 0x00000958 0xFFFFFFF8 0x00000224 False   [3] [N, S]
   50 0x00000960 0xFFFFFFF8 0x00000528 False   [2, 4] [W, S]
   51 0x00000968 0xFFFFFFF8 0x00000A28 False   [3, 5] [W, S]
   52 0x00000970 0xFFFFFFF8 0x00001428 False   [4, 6] [W, S]
   53 0x00000978 0xFFFFFFF8 0x00002828 False   [5, 7] [W, S]
   54 0x00000980 0xFFFFFFF8 0x00005028 False   [8, 6] [W, S]
   55 0x00000988 0xFFFFFFF8 0x0000A028 False   [9, 7] [W, S]
   56 0x00000990 0xFFFFFFF8 0x00014028 False   [8, 10] [W, S]
   57 0x00000998 0xFFFFFFF8 0x00028028 False   [9, 11] [W, S]
   58 0x000009A0 0xFFFFFFF8 0x00050028 False   [10, 12] [W, S]
   59 0x000009A8 0xFFFFFFF8 0x000A0028 False   [11, 13] [W, S]
   60 0x000009B0 0xFFFFFFF8 0x00140028 False   [12, 14] [W, S]
   61 0x000009B8 0xFFFFFFF8 0x00280028 False   [13, 15] [W, S]
   62 0x000009C0 0xFFFFFFF8 0x00500028 False   [16, 14] [W, S]
   63 0x000009C8 0xFFFFFFF8 0x00A00028 False   [17, 15] [W, S]
   64 0x000009D0 0xFFFFFFF8 0x00400024 False   [16] [N, S]
   65 0x000009D8 0xFFFFFFF8 0x00800020 False   [17] [S]
   66 0x000009E0 0xFFFFFFF8 0x00000020 False   [] [S]
   67 0x000009E8 0xFFFFFFF8 0x00000020 False   [] [S]
   68 0x000009F0 0xFFFFFFF8 0x00000020 False   [] [S]
   69 0x000009F8 0xFFFFFFF8 0x00000020 False   [] [S]
   70 0x00000A00 0xFFFFFFF8 0x00000020 False   [] [S]
   71 0x00000A08 0xFFFFFFF8 0x00000020 False   [] [S]
   72 0x00000A10 0xFFFFFFF8 0x00000020 False   [] [S]
   73 0x00000A18 0xFFFFFFF8 0x00000020 False   [] [S]
   74 0x00000A20 0xFFFFFFF8 0x00000020 False   [] [S]
   75 0x00000A28 0xFFFFFFF8 0x00000020 False   [] [S]
   76 0x00000A30 0xFFFFFFF8 0x00000020 False   [] [S]
   77 0x00000A38 0xFFFFFFF8 0x00000020 False   [] [S]
   78 0x00000A40 0xFFFFFFF8 0x00000020 False   [] [S]
   79 0x00000A48 0xFFFFFFF8 0x00000020 False   [] [S]
   80 0x00000A50 0xFFFFFFF8 0x00000120 False   [2] [S]
   81 0x00000A58 0xFFFFFFF8 0x00000320 False   [2, 3] [S]
   82 0x00000A60 0xFFFFFFF8 0x00000700 False   [2, 3, 4] []
   83 0x00000A68 0xFFFFFFF8 0x00000E00 False   [3, 4, 5] []
   84 0x00000A70 0xFFFFFFF8 0x00001C00 False   [4, 5, 6] []
   85 0x00000A78 0xFFFFFFF8 0x00003800 False   [5, 6, 7] []
   86 0x00000A80 0xFFFFFFF8 0x00007000 False   [8, 6, 7] []
   87 0x00000A88 0xFFFFFFF8 0x0000E000 False   [8, 9, 7] []
   88 0x00000A90 0xFFFFFFF8 0x0001C000 False   [8, 9, 10] []
   89 0x00000A98 0xFFFFFFF8 0x00038000 False   [9, 10, 11] []
   90 0x00000AA0 0xFFFFFFF8 0x00070000 False   [10, 11, 12] []
   91 0x00000AA8 0xFFFFFFF8 0x000E0000 False   [11, 12, 13] []
   92 0x00000AB0 0xFFFFFFF8 0x001C0000 False   [12, 13, 14] []
   93 0x00000AB8 0xFFFFFFF8 0x00380000 False   [13, 14, 15] []
   94 0x00000AC0 0xFFFFFFF8 0x00700000 False   [16, 14, 15] []
   95 0x00000AC8 0xFFFFFFF8 0x00E00000 False   [16, 17, 15] []
   96 0x00000AD0 0xFFFFFFF8 0x00C00020 False   [16, 17] [S]
   97 0x00000AD8 0xFFFFFFF8 0x00800020 False   [17] [S]
   98 0x00000AE0 0xFFFFFFF8 0x00000020 False   [] [S]
   99 0x00000AE8 0xFFFFFFF8 0x00000020 False   [] [S]
  100 0x00000AF0 0xFFFFFFF8 0x00000020 False   [] [S]
  101 0x00000AF8 0xFFFFFFF8 0x00000020 False   [] [S]
  102 0x00000B08 0xFFFFFFF8 0x00000020 False   [] [S]
  103 0x00000B10 0xFFFFFFF8 0x00000020 False   [] [S]
  104 0x00000B18 0xFFFFFFF8 0x00000020 False   [] [S]
  105 0x00000B20 0xFFFFFFF8 0x00000020 False   [] [S]
  106 0x00000B28 0xFFFFFFF8 0x00000020 False   [] [S]
  107 0x00000B30 0xFFFFFFF8 0x00000020 False   [] [S]
  108 0x00000B38 0xFFFFFFF8 0x00000020 False   [] [S]
  109 0x00000B40 0xFFFFFFF8 0x00000020 False   [] [S]
  110 0x00000B48 0xFFFFFFF8 0x00000020 False   [] [S]
  111 0x00000B50 0xFFFFFFF8 0x00000020 False   [] [S]
  112 0x00000B58 0xFFFFFFF8 0x00000020 False   [] [S]
  113 0x00000BD8 0xFFFFFFF8 0x00000008 False   [] [W]
  114 0x00000BE0 0xFFFFFFF8 0x00000008 False   [] [W]
  115 0x00000BE8 0xFFFFFFF8 0x00000008 False   [] [W]
  116 0x00000BF0 0xFFFFFFF8 0x00000008 False   [] [W]
  117 0x00000BF8 0xFFFFFFF8 0x00000004 False   [] [N]
  118 0x00000C08 0xFFFFFFF8 0x00000008 False   [] [W]
  119 0x00000C10 0xFFFFFFF8 0x00000008 False   [] [W]
  120 0x00000C18 0xFFFFFFF8 0x00000008 False   [] [W]
  121 0x00000C20 0xFFFFFFF8 0x00000008 False   [] [W]
  122 0x00000C28 0xFFFFFFF8 0x00000008 False   [] [W]
  123 0x00000C30 0xFFFFFFF8 0x00000008 False   [] [W]
  124 0x00000C38 0xFFFFFFF8 0x00000008 False   [] [W]
  125 0x00000C40 0xFFFFFFF8 0x00000008 False   [] [W]
  126 0x00001F70 0xFFFFFFF8 0x00000010 False   [] [SW]
  127 0x00001F78 0xFFFFFFF8 0x00000010 False   [] [SW]
  128 0x00001F80 0xFFFFFFF8 0x00000010 False   [] [SW]
  129 0x00001F88 0xFFFFFFF8 0x00000010 False   [] [SW]
0 Defaultable entries
