Router contains 114 entries
Index Key        Mask       Route      Default [Cores][Links]
----- ---------- ---------- ---------- ------- --------------
    0 0x00000F00 0xFFFFFFF8 0x00008020 False   [9] [S]
    1 0x00000F50 0xFFFFFFF8 0x00000020 False   [] [S]
    2 0x00000F58 0xFFFFFFF8 0x00000020 False   [] [S]
    3 0x00000F60 0xFFFFFFF8 0x00000020 False   [] [S]
    4 0x00000F68 0xFFFFFFF8 0x00000020 False   [] [S]
    5 0x00000F70 0xFFFFFFF8 0x00000020 False   [] [S]
    6 0x00000F78 0xFFFFFFF8 0x00000020 False   [] [S]
    7 0x00000F80 0xFFFFFFF8 0x00000020 False   [] [S]
    8 0x00000F88 0xFFFFFFF8 0x00000020 False   [] [S]
    9 0x00000F90 0xFFFFFFF8 0x00000020 False   [] [S]
   10 0x00000F98 0xFFFFFFF8 0x00000020 False   [] [S]
   11 0x00000FA0 0xFFFFFFF8 0x00000020 False   [] [S]
   12 0x00000FA8 0xFFFFFFF8 0x00000020 False   [] [S]
   13 0x00000FB0 0xFFFFFFF8 0x00000020 False   [] [S]
   14 0x00000FB8 0xFFFFFFF8 0x00000120 False   [2] [S]
   15 0x00000FC0 0xFFFFFFF8 0x00000308 False   [2, 3] [W]
   16 0x00000FC8 0xFFFFFFF8 0x00000708 False   [2, 3, 4] [W]
   17 0x00000FD0 0xFFFFFFF8 0x00000E08 False   [3, 4, 5] [W]
   18 0x00000FD8 0xFFFFFFF8 0x00001C08 False   [4, 5, 6] [W]
   19 0x00000FE0 0xFFFFFFF8 0x00003808 False   [5, 6, 7] [W]
   20 0x00000FE8 0xFFFFFFF8 0x00007008 False   [8, 6, 7] [W]
   21 0x00000FF0 0xFFFFFFF8 0x0000E008 False   [8, 9, 7] [W]
   22 0x00000FF8 0xFFFFFFF8 0x0000C008 False   [8, 9] [W]
   23 0x00001000 0xFFFFFFF8 0x00038004 False   [9, 10, 11] [N]
   24 0x00001008 0xFFFFFFF8 0x00070008 False   [10, 11, 12] [W]
   25 0x00001010 0xFFFFFFF8 0x000E0008 False   [11, 12, 13] [W]
   26 0x00001018 0xFFFFFFF8 0x001C0008 False   [12, 13, 14] [W]
   27 0x00001020 0xFFFFFFF8 0x00380008 False   [13, 14, 15] [W]
   28 0x00001028 0xFFFFFFF8 0x00700008 False   [16, 14, 15] [W]
   29 0x00001030 0xFFFFFFF8 0x00E00008 False   [16, 17, 15] [W]
   30 0x00001038 0xFFFFFFF8 0x00C00004 False   [16, 17] [N]
   31 0x00001040 0xFFFFFFF8 0x00800004 False   [17] [N]
   32 0x00001048 0xFFFFFFF8 0x00000004 False   [] [N]
   33 0x00001050 0xFFFFFFF8 0x00000004 False   [] [N]
   34 0x00001058 0xFFFFFFF8 0x00000004 False   [] [N]
   35 0x00001060 0xFFFFFFF8 0x00000004 False   [] [N]
   36 0x00001068 0xFFFFFFF8 0x00000004 False   [] [N]
   37 0x00001070 0xFFFFFFF8 0x00000004 False   [] [N]
   38 0x00001078 0xFFFFFFF8 0x00000004 False   [] [N]
   39 0x00001080 0xFFFFFFF8 0x00000004 False   [] [N]
   40 0x00001088 0xFFFFFFF8 0x00000004 False   [] [N]
   41 0x00001090 0xFFFFFFF8 0x00000004 False   [] [N]
   42 0x00001098 0xFFFFFFF8 0x00000004 False   [] [N]
   43 0x000010A0 0xFFFFFFF8 0x00000004 False   [] [N]
   44 0x000010A8 0xFFFFFFF8 0x00000004 False   [] [N]
   45 0x000010B0 0xFFFFFFF8 0x00000004 False   [] [N]
   46 0x000010B8 0xFFFFFFF8 0x00000104 False   [2] [N]
   47 0x000010C0 0xFFFFFFF8 0x00000224 False   [3] [N, S]
   48 0x000010C8 0xFFFFFFF8 0x00000524 False   [2, 4] [N, S]
   49 0x000010D0 0xFFFFFFF8 0x00000A24 False   [3, 5] [N, S]
   50 0x000010D8 0xFFFFFFF8 0x00001424 False   [4, 6] [N, S]
   51 0x000010E0 0xFFFFFFF8 0x00002824 False   [5, 7] [N, S]
   52 0x000010E8 0xFFFFFFF8 0x00005024 False   [8, 6] [N, S]
   53 0x000010F0 0xFFFFFFF8 0x0000A024 False   [9, 7] [N, S]
   54 0x000010F8 0xFFFFFFF8 0x00014024 False   [8, 10] [N, S]
   55 0x00001100 0xFFFFFFF8 0x00028024 False   [9, 11] [N, S]
   56 0x00001108 0xFFFFFFF8 0x00050024 False   [10, 12] [N, S]
   57 0x00001110 0xFFFFFFF8 0x000A0024 False   [11, 13] [N, S]
   58 0x00001118 0xFFFFFFF8 0x00140024 False   [12, 14] [N, S]
   59 0x00001120 0xFFFFFFF8 0x00280024 False   [13, 15] [N, S]
   60 0x00001128 0xFFFFFFF8 0x00500024 False   [16, 14] [N, S]
   61 0x00001130 0xFFFFFFF8 0x00A00024 False   [17, 15] [N, S]
   62 0x00001138 0xFFFFFFF8 0x00400024 False   [16] [N, S]
   63 0x00001140 0xFFFFFFF8 0x00800020 False   [17] [S]
   64 0x00001148 0xFFFFFFF8 0x00000020 False   [] [S]
   65 0x00001150 0xFFFFFFF8 0x00000020 False   [] [S]
   66 0x00001158 0xFFFFFFF8 0x00000020 False   [] [S]
   67 0x00001160 0xFFFFFFF8 0x00000020 False   [] [S]
   68 0x00001168 0xFFFFFFF8 0x00000020 False   [] [S]
   69 0x00001170 0xFFFFFFF8 0x00000020 False   [] [S]
   70 0x00001178 0xFFFFFFF8 0x00000020 False   [] [S]
   71 0x00001180 0xFFFFFFF8 0x00000020 False   [] [S]
   72 0x00001188 0xFFFFFFF8 0x00000020 False   [] [S]
   73 0x00001190 0xFFFFFFF8 0x00000020 False   [] [S]
   74 0x00001198 0xFFFFFFF8 0x00000020 False   [] [S]
   75 0x000011A0 0xFFFFFFF8 0x00000020 False   [] [S]
   76 0x000011A8 0xFFFFFFF8 0x00000020 False   [] [S]
   77 0x000011B0 0xFFFFFFF8 0x00000020 False   [] [S]
   78 0x000011B8 0xFFFFFFF8 0x00000120 False   [2] [S]
   79 0x000011C0 0xFFFFFFF8 0x00000320 False   [2, 3] [S]
   80 0x000011C8 0xFFFFFFF8 0x00000700 False   [2, 3, 4] []
   81 0x000011D0 0xFFFFFFF8 0x00000E00 False   [3, 4, 5] []
   82 0x000011D8 0xFFFFFFF8 0x00001C00 False   [4, 5, 6] []
   83 0x000011E0 0xFFFFFFF8 0x00003800 False   [5, 6, 7] []
   84 0x000011E8 0xFFFFFFF8 0x00007000 False   [8, 6, 7] []
   85 0x000011F0 0xFFFFFFF8 0x0000E000 False   [8, 9, 7] []
   86 0x000011F8 0xFFFFFFF8 0x0001C020 False   [8, 9, 10] [S]
   87 0x00001200 0xFFFFFFF8 0x00030001 False   [10, 11] [E]
   88 0x00001208 0xFFFFFFF8 0x00070000 False   [10, 11, 12] []
   89 0x00001210 0xFFFFFFF8 0x000E0000 False   [11, 12, 13] []
   90 0x00001218 0xFFFFFFF8 0x001C0000 False   [12, 13, 14] []
   91 0x00001220 0xFFFFFFF8 0x00380000 False   [13, 14, 15] []
   92 0x00001228 0xFFFFFFF8 0x00700000 False   [16, 14, 15] []
   93 0x00001230 0xFFFFFFF8 0x00E00000 False   [16, 17, 15] []
   94 0x00001238 0xFFFFFFF8 0x00C00000 False   [16, 17] []
   95 0x00001240 0xFFFFFFF8 0x00800000 False   [17] []
   96 0x000012B0 0xFFFFFFF8 0x00000020 False   [] [S]
   97 0x000012B8 0xFFFFFFF8 0x00000020 False   [] [S]
   98 0x000012C0 0xFFFFFFF8 0x00000020 False   [] [S]
   99 0x000012C8 0xFFFFFFF8 0x00000020 False   [] [S]
  100 0x000012D0 0xFFFFFFF8 0x00000020 False   [] [S]
  101 0x000012D8 0xFFFFFFF8 0x00000020 False   [] [S]
  102 0x000012E0 0xFFFFFFF8 0x00000020 False   [] [S]
  103 0x000012E8 0xFFFFFFF8 0x00000020 False   [] [S]
  104 0x000012F0 0xFFFFFFF8 0x00000020 False   [] [S]
  105 0x000012F8 0xFFFFFFF8 0x00010001 False   [10] [E]
  106 0x00001308 0xFFFFFFF8 0x00000020 False   [] [S]
  107 0x00001310 0xFFFFFFF8 0x00000020 False   [] [S]
  108 0x00001318 0xFFFFFFF8 0x00000020 False   [] [S]
  109 0x00001320 0xFFFFFFF8 0x00000020 False   [] [S]
  110 0x00001328 0xFFFFFFF8 0x00000020 False   [] [S]
  111 0x00001330 0xFFFFFFF8 0x00000001 False   [] [E]
  112 0x00001338 0xFFFFFFF8 0x00000001 False   [] [E]
  113 0x00001340 0xFFFFFFF8 0x00000001 False   [] [E]
0 Defaultable entries
