Router contains 65 entries
Index Key        Mask       Route      Default [Cores][Links]
----- ---------- ---------- ---------- ------- --------------
    0 0x00000000 0xFFFFFFF8 0x00000403 False   [4] [E, NE]
    1 0x00000008 0xFFFFFFF8 0x00000A02 False   [3, 5] [NE]
    2 0x00000010 0xFFFFFFF8 0x00001402 False   [4, 6] [NE]
    3 0x00000018 0xFFFFFFF8 0x00002802 False   [5, 7] [NE]
    4 0x00000020 0xFFFFFFF8 0x00005002 False   [8, 6] [NE]
    5 0x00000028 0xFFFFFFF8 0x0000A002 False   [9, 7] [NE]
    6 0x00000030 0xFFFFFFF8 0x00014002 False   [8, 10] [NE]
    7 0x00000038 0xFFFFFFF8 0x00028002 False   [9, 11] [NE]
    8 0x00000040 0xFFFFFFF8 0x00050002 False   [10, 12] [NE]
    9 0x00000048 0xFFFFFFF8 0x000A0002 False   [11, 13] [NE]
   10 0x00000050 0xFFFFFFF8 0x00140002 False   [12, 14] [NE]
   11 0x00000058 0xFFFFFFF8 0x00280002 False   [13, 15] [NE]
   12 0x00000060 0xFFFFFFF8 0x00500002 False   [16, 14] [NE]
   13 0x00000068 0xFFFFFFF8 0x00A00006 False   [17, 15] [NE, N]
   14 0x00000070 0xFFFFFFF8 0x00400007 False   [16] [E, NE, N]
   15 0x00000078 0xFFFFFFF8 0x00800004 False   [17] [N]
   16 0x00000080 0xFFFFFFF8 0x00000004 False   [] [N]
   17 0x00000088 0xFFFFFFF8 0x00000004 False   [] [N]
   18 0x00000090 0xFFFFFFF8 0x00000004 False   [] [N]
   19 0x00000098 0xFFFFFFF8 0x00000004 False   [] [N]
   20 0x000000A0 0xFFFFFFF8 0x00000004 False   [] [N]
   21 0x000000A8 0xFFFFFFF8 0x00000004 False   [] [N]
   22 0x000000B0 0xFFFFFFF8 0x00000004 False   [] [N]
   23 0x000000B8 0xFFFFFFF8 0x00000004 False   [] [N]
   24 0x000000C0 0xFFFFFFF8 0x00000004 False   [] [N]
   25 0x000000C8 0xFFFFFFF8 0x00000004 False   [] [N]
   26 0x000000D0 0xFFFFFFF8 0x00000004 False   [] [N]
   27 0x000000D8 0xFFFFFFF8 0x00000004 False   [] [N]
   28 0x000000E0 0xFFFFFFF8 0x00000004 False   [] [N]
   29 0x000000E8 0xFFFFFFF8 0x00000004 False   [] [N]
   30 0x000000F8 0xFFFFFFF8 0x00000200 False   [3] []
   31 0x00000100 0xFFFFFFF8 0x00000600 False   [3, 4] []
   32 0x00000108 0xFFFFFFF8 0x00000E00 False   [3, 4, 5] []
   33 0x00000110 0xFFFFFFF8 0x00001C00 False   [4, 5, 6] []
   34 0x00000118 0xFFFFFFF8 0x00003800 False   [5, 6, 7] []
   35 0x00000120 0xFFFFFFF8 0x00007000 False   [8, 6, 7] []
   36 0x00000128 0xFFFFFFF8 0x0000E000 False   [8, 9, 7] []
   37 0x00000130 0xFFFFFFF8 0x0001C000 False   [8, 9, 10] []
   38 0x00000138 0xFFFFFFF8 0x00038000 False   [9, 10, 11] []
   39 0x00000140 0xFFFFFFF8 0x00070000 False   [10, 11, 12] []
   40 0x00000148 0xFFFFFFF8 0x000E0000 False   [11, 12, 13] []
   41 0x00000150 0xFFFFFFF8 0x001C0000 False   [12, 13, 14] []
   42 0x00000158 0xFFFFFFF8 0x00380000 False   [13, 14, 15] []
   43 0x00000160 0xFFFFFFF8 0x00700000 False   [16, 14, 15] []
   44 0x00000168 0xFFFFFFF8 0x00E00000 False   [16, 17, 15] []
   45 0x00000170 0xFFFFFFF8 0x00C00001 False   [16, 17] [E]
   46 0x00000178 0xFFFFFFF8 0x00800001 False   [17] [E]
   47 0x000001F8 0xFFFFFFF8 0x00000200 False   [3] []
   48 0x00001F00 0xFFFFFFF8 0x00000600 False   [3, 4] []
   49 0x00001F08 0xFFFFFFF8 0x00000E00 False   [3, 4, 5] []
   50 0x00001F10 0xFFFFFFF8 0x00001C00 False   [4, 5, 6] []
   51 0x00001F18 0xFFFFFFF8 0x00003800 False   [5, 6, 7] []
   52 0x00001F20 0xFFFFFFF8 0x00007000 False   [8, 6, 7] []
   53 0x00001F28 0xFFFFFFF8 0x0000E000 False   [8, 9, 7] []
   54 0x00001F30 0xFFFFFFF8 0x0001C000 False   [8, 9, 10] []
   55 0x00001F38 0xFFFFFFF8 0x00038000 False   [9, 10, 11] []
   56 0x00001F40 0xFFFFFFF8 0x00070000 False   [10, 11, 12] []
   57 0x00001F48 0xFFFFFFF8 0x000E0000 False   [11, 12, 13] []
   58 0x00001F50 0xFFFFFFF8 0x001C0000 False   [12, 13, 14] []
   59 0x00001F58 0xFFFFFFF8 0x00380000 False   [13, 14, 15] []
   60 0x00001F60 0xFFFFFFF8 0x00700000 False   [16, 14, 15] []
   61 0x00001F68 0xFFFFFFF8 0x00E00000 False   [16, 17, 15] []
   62 0x00001F70 0xFFFFFFF8 0x00C00000 False   [16, 17] []
   63 0x00001F78 0xFFFFFFF8 0x00800000 False   [17] []
   64 0x00001FF8 0xFFFFFFF8 0x00000200 False   [3] []
0 Defaultable entries
