Router contains 111 entries
Index Key        Mask       Route      Default [Cores][Links]
----- ---------- ---------- ---------- ------- --------------
    0 0x00001200 0xFFFFFFF8 0x00000020 False   [] [S]
    1 0x000012F8 0xFFFFFFF8 0x00000020 False   [] [S]
    2 0x00001300 0xFFFFFFF8 0x00000020 False   [] [S]
    3 0x00001330 0xFFFFFFF8 0x00000120 False   [2] [S]
    4 0x00001338 0xFFFFFFF8 0x00000320 False   [2, 3] [S]
    5 0x00001340 0xFFFFFFF8 0x00000700 False   [2, 3, 4] []
    6 0x00001348 0xFFFFFFF8 0x00000E00 False   [3, 4, 5] []
    7 0x00001350 0xFFFFFFF8 0x00001C00 False   [4, 5, 6] []
    8 0x00001358 0xFFFFFFF8 0x00003800 False   [5, 6, 7] []
    9 0x00001360 0xFFFFFFF8 0x00007000 False   [8, 6, 7] []
   10 0x00001368 0xFFFFFFF8 0x0000E000 False   [8, 9, 7] []
   11 0x00001370 0xFFFFFFF8 0x0001C000 False   [8, 9, 10] []
   12 0x00001378 0xFFFFFFF8 0x00038000 False   [9, 10, 11] []
   13 0x00001380 0xFFFFFFF8 0x00070000 False   [10, 11, 12] []
   14 0x00001388 0xFFFFFFF8 0x000E0000 False   [11, 12, 13] []
   15 0x00001390 0xFFFFFFF8 0x001C0000 False   [12, 13, 14] []
   16 0x00001398 0xFFFFFFF8 0x00380000 False   [13, 14, 15] []
   17 0x000013A0 0xFFFFFFF8 0x00700000 False   [16, 14, 15] []
   18 0x000013A8 0xFFFFFFF8 0x00E00000 False   [16, 17, 15] []
   19 0x000013B0 0xFFFFFFF8 0x00C00020 False   [16, 17] [S]
   20 0x000013B8 0xFFFFFFF8 0x00800004 False   [17] [N]
   21 0x000013C0 0xFFFFFFF8 0x00000004 False   [] [N]
   22 0x000013C8 0xFFFFFFF8 0x00000004 False   [] [N]
   23 0x000013D0 0xFFFFFFF8 0x00000004 False   [] [N]
   24 0x000013D8 0xFFFFFFF8 0x00000004 False   [] [N]
   25 0x000013E0 0xFFFFFFF8 0x00000004 False   [] [N]
   26 0x000013E8 0xFFFFFFF8 0x00000004 False   [] [N]
   27 0x000013F0 0xFFFFFFF8 0x00000004 False   [] [N]
   28 0x000013F8 0xFFFFFFF8 0x00000004 False   [] [N]
   29 0x00001400 0xFFFFFFF8 0x00000004 False   [] [N]
   30 0x00001408 0xFFFFFFF8 0x00000004 False   [] [N]
   31 0x00001410 0xFFFFFFF8 0x00000004 False   [] [N]
   32 0x00001418 0xFFFFFFF8 0x00000004 False   [] [N]
   33 0x00001420 0xFFFFFFF8 0x00000004 False   [] [N]
   34 0x00001428 0xFFFFFFF8 0x00000004 False   [] [N]
   35 0x00001430 0xFFFFFFF8 0x00000104 False   [2] [N]
   36 0x00001438 0xFFFFFFF8 0x00000224 False   [3] [N, S]
   37 0x00001440 0xFFFFFFF8 0x00000504 False   [2, 4] [N]
   38 0x00001448 0xFFFFFFF8 0x00000A04 False   [3, 5] [N]
   39 0x00001450 0xFFFFFFF8 0x00001404 False   [4, 6] [N]
   40 0x00001458 0xFFFFFFF8 0x00002804 False   [5, 7] [N]
   41 0x00001460 0xFFFFFFF8 0x00005004 False   [8, 6] [N]
   42 0x00001468 0xFFFFFFF8 0x0000A004 False   [9, 7] [N]
   43 0x00001470 0xFFFFFFF8 0x00014004 False   [8, 10] [N]
   44 0x00001478 0xFFFFFFF8 0x00028004 False   [9, 11] [N]
   45 0x00001480 0xFFFFFFF8 0x00050004 False   [10, 12] [N]
   46 0x00001488 0xFFFFFFF8 0x000A0004 False   [11, 13] [N]
   47 0x00001490 0xFFFFFFF8 0x00140004 False   [12, 14] [N]
   48 0x00001498 0xFFFFFFF8 0x00280004 False   [13, 15] [N]
   49 0x000014A0 0xFFFFFFF8 0x00500004 False   [16, 14] [N]
   50 0x000014A8 0xFFFFFFF8 0x00A00004 False   [17, 15] [N]
   51 0x000014B0 0xFFFFFFF8 0x00400024 False   [16] [N, S]
   52 0x000014B8 0xFFFFFFF8 0x00800020 False   [17] [S]
   53 0x000014C0 0xFFFFFFF8 0x00000020 False   [] [S]
   54 0x000014C8 0xFFFFFFF8 0x00000020 False   [] [S]
   55 0x000014D0 0xFFFFFFF8 0x00000020 False   [] [S]
   56 0x000014D8 0xFFFFFFF8 0x00000020 False   [] [S]
   57 0x000014E0 0xFFFFFFF8 0x00000020 False   [] [S]
   58 0x000014E8 0xFFFFFFF8 0x00000020 False   [] [S]
   59 0x000014F0 0xFFFFFFF8 0x00000020 False   [] [S]
   60 0x000014F8 0xFFFFFFF8 0x00000020 False   [] [S]
   61 0x00001500 0xFFFFFFF8 0x00000020 False   [] [S]
   62 0x00001508 0xFFFFFFF8 0x00000020 False   [] [S]
   63 0x00001510 0xFFFFFFF8 0x00000020 False   [] [S]
   64 0x00001518 0xFFFFFFF8 0x00000020 False   [] [S]
   65 0x00001520 0xFFFFFFF8 0x00000020 False   [] [S]
   66 0x00001528 0xFFFFFFF8 0x00000020 False   [] [S]
   67 0x00001530 0xFFFFFFF8 0x00000120 False   [2] [S]
   68 0x00001538 0xFFFFFFF8 0x00000320 False   [2, 3] [S]
   69 0x00001540 0xFFFFFFF8 0x00000700 False   [2, 3, 4] []
   70 0x00001548 0xFFFFFFF8 0x00000E00 False   [3, 4, 5] []
   71 0x00001550 0xFFFFFFF8 0x00001C00 False   [4, 5, 6] []
   72 0x00001558 0xFFFFFFF8 0x00003800 False   [5, 6, 7] []
   73 0x00001560 0xFFFFFFF8 0x00007000 False   [8, 6, 7] []
   74 0x00001568 0xFFFFFFF8 0x0000E000 False   [8, 9, 7] []
   75 0x00001570 0xFFFFFFF8 0x0001C000 False   [8, 9, 10] []
   76 0x00001578 0xFFFFFFF8 0x00038000 False   [9, 10, 11] []
   77 0x00001580 0xFFFFFFF8 0x00070000 False   [10, 11, 12] []
   78 0x00001588 0xFFFFFFF8 0x000E0000 False   [11, 12, 13] []
   79 0x00001590 0xFFFFFFF8 0x001C0000 False   [12, 13, 14] []
   80 0x00001598 0xFFFFFFF8 0x00380000 False   [13, 14, 15] []
   81 0x000015A0 0xFFFFFFF8 0x00700000 False   [16, 14, 15] []
   82 0x000015A8 0xFFFFFFF8 0x00E00000 False   [16, 17, 15] []
   83 0x000015B0 0xFFFFFFF8 0x00C00000 False   [16, 17] []
   84 0x000015B8 0xFFFFFFF8 0x00800000 False   [17] []
   85 0x000015F8 0xFFFFFFF8 0x00000020 False   [] [S]
   86 0x000016A8 0xFFFFFFF8 0x00000001 False   [] [E]
   87 0x000016B0 0xFFFFFFF8 0x00000001 False   [] [E]
   88 0x000016B8 0xFFFFFFF8 0x00000001 False   [] [E]
   89 0x000016C0 0xFFFFFFF8 0x00000001 False   [] [E]
   90 0x000016C8 0xFFFFFFF8 0x00000001 False   [] [E]
   91 0x000016D0 0xFFFFFFF8 0x00000001 False   [] [E]
   92 0x000016D8 0xFFFFFFF8 0x00000001 False   [] [E]
   93 0x000016E0 0xFFFFFFF8 0x00000001 False   [] [E]
   94 0x000016E8 0xFFFFFFF8 0x00000001 False   [] [E]
   95 0x000016F0 0xFFFFFFF8 0x00000001 False   [] [E]
   96 0x00001708 0xFFFFFFF8 0x00000001 False   [] [E]
   97 0x00001710 0xFFFFFFF8 0x00000001 False   [] [E]
   98 0x00001718 0xFFFFFFF8 0x00000001 False   [] [E]
   99 0x00001B30 0xFFFFFFF8 0x00000001 False   [] [E]
  100 0x00001B38 0xFFFFFFF8 0x00000001 False   [] [E]
  101 0x00001B40 0xFFFFFFF8 0x00000001 False   [] [E]
  102 0x00001B48 0xFFFFFFF8 0x00000001 False   [] [E]
  103 0x00001B50 0xFFFFFFF8 0x00000001 False   [] [E]
  104 0x00001B58 0xFFFFFFF8 0x00000001 False   [] [E]
  105 0x00001B60 0xFFFFFFF8 0x00000001 False   [] [E]
  106 0x00001B68 0xFFFFFFF8 0x00000001 False   [] [E]
  107 0x00001B70 0xFFFFFFF8 0x00000001 False   [] [E]
  108 0x00001B78 0xFFFFFFF8 0x00000001 False   [] [E]
  109 0x00001B80 0xFFFFFFF8 0x00000001 False   [] [E]
  110 0x00001B88 0xFFFFFFF8 0x00000001 False   [] [E]
0 Defaultable entries
