Router contains 155 entries
Index Key        Mask       Route      Default [Cores][Links]
----- ---------- ---------- ---------- ------- --------------
    0 0x00000068 0xFFFFFFF8 0x00000002 False   [] [NE]
    1 0x00000070 0xFFFFFFF8 0x00000002 False   [] [NE]
    2 0x00000078 0xFFFFFFF8 0x00000002 False   [] [NE]
    3 0x00000080 0xFFFFFFF8 0x00000002 False   [] [NE]
    4 0x00000088 0xFFFFFFF8 0x00000002 False   [] [NE]
    5 0x00000090 0xFFFFFFF8 0x00000002 False   [] [NE]
    6 0x00000098 0xFFFFFFF8 0x00000002 False   [] [NE]
    7 0x000000A0 0xFFFFFFF8 0x00000002 False   [] [NE]
    8 0x000000A8 0xFFFFFFF8 0x00000002 False   [] [NE]
    9 0x000000B0 0xFFFFFFF8 0x00000002 False   [] [NE]
   10 0x000000B8 0xFFFFFFF8 0x00000002 False   [] [NE]
   11 0x000000C0 0xFFFFFFF8 0x00000002 False   [] [NE]
   12 0x000000C8 0xFFFFFFF8 0x00000002 False   [] [NE]
   13 0x000000D0 0xFFFFFFF8 0x00000002 False   [] [NE]
   14 0x000000D8 0xFFFFFFF8 0x00000002 False   [] [NE]
   15 0x000000E0 0xFFFFFFF8 0x00000002 False   [] [NE]
   16 0x000000E8 0xFFFFFFF8 0x00000002 False   [] [NE]
   17 0x00001100 0xFFFFFFF8 0x00000008 False   [] [W]
   18 0x00001138 0xFFFFFFF8 0x00000100 False   [2] []
   19 0x00001140 0xFFFFFFF8 0x00000300 False   [2, 3] []
   20 0x00001148 0xFFFFFFF8 0x00000700 False   [2, 3, 4] []
   21 0x00001150 0xFFFFFFF8 0x00000E00 False   [3, 4, 5] []
   22 0x00001158 0xFFFFFFF8 0x00001C00 False   [4, 5, 6] []
   23 0x00001160 0xFFFFFFF8 0x00003800 False   [5, 6, 7] []
   24 0x00001168 0xFFFFFFF8 0x00007000 False   [8, 6, 7] []
   25 0x00001170 0xFFFFFFF8 0x0000E000 False   [8, 9, 7] []
   26 0x00001178 0xFFFFFFF8 0x0001C000 False   [8, 9, 10] []
   27 0x00001180 0xFFFFFFF8 0x00038000 False   [9, 10, 11] []
   28 0x00001188 0xFFFFFFF8 0x00070000 False   [10, 11, 12] []
   29 0x00001190 0xFFFFFFF8 0x000E0000 False   [11, 12, 13] []
   30 0x00001198 0xFFFFFFF8 0x001C0000 False   [12, 13, 14] []
   31 0x000011A0 0xFFFFFFF8 0x00380000 False   [13, 14, 15] []
   32 0x000011A8 0xFFFFFFF8 0x00700000 False   [16, 14, 15] []
   33 0x000011B0 0xFFFFFFF8 0x00600008 False   [16, 15] [W]
   34 0x000011B8 0xFFFFFFF8 0x00400008 False   [16] [W]
   35 0x000011C0 0xFFFFFFF8 0x00000008 False   [] [W]
   36 0x000011C8 0xFFFFFFF8 0x00000008 False   [] [W]
   37 0x000011D0 0xFFFFFFF8 0x00000008 False   [] [W]
   38 0x000011D8 0xFFFFFFF8 0x00000008 False   [] [W]
   39 0x000011E0 0xFFFFFFF8 0x00000008 False   [] [W]
   40 0x000011E8 0xFFFFFFF8 0x00000008 False   [] [W]
   41 0x000011F0 0xFFFFFFF8 0x00000008 False   [] [W]
   42 0x000011F8 0xFFFFFFF8 0x00000008 False   [] [W]
   43 0x00001200 0xFFFFFFF8 0x00000008 False   [] [W]
   44 0x00001208 0xFFFFFFF8 0x00000008 False   [] [W]
   45 0x00001210 0xFFFFFFF8 0x00000008 False   [] [W]
   46 0x00001218 0xFFFFFFF8 0x00000008 False   [] [W]
   47 0x00001220 0xFFFFFFF8 0x00000008 False   [] [W]
   48 0x00001228 0xFFFFFFF8 0x00000008 False   [] [W]
   49 0x00001230 0xFFFFFFF8 0x00000008 False   [] [W]
   50 0x00001238 0xFFFFFFF8 0x00000108 False   [2] [W]
   51 0x00001240 0xFFFFFFF8 0x00000209 False   [3] [E, W]
   52 0x00001248 0xFFFFFFF8 0x00000509 False   [2, 4] [E, W]
   53 0x00001250 0xFFFFFFF8 0x00000A09 False   [3, 5] [E, W]
   54 0x00001258 0xFFFFFFF8 0x00001409 False   [4, 6] [E, W]
   55 0x00001260 0xFFFFFFF8 0x00002809 False   [5, 7] [E, W]
   56 0x00001268 0xFFFFFFF8 0x00005009 False   [8, 6] [E, W]
   57 0x00001270 0xFFFFFFF8 0x0000A009 False   [9, 7] [E, W]
   58 0x00001278 0xFFFFFFF8 0x00014009 False   [8, 10] [E, W]
   59 0x00001280 0xFFFFFFF8 0x00028009 False   [9, 11] [E, W]
   60 0x00001288 0xFFFFFFF8 0x00050009 False   [10, 12] [E, W]
   61 0x00001290 0xFFFFFFF8 0x000A0009 False   [11, 13] [E, W]
   62 0x00001298 0xFFFFFFF8 0x00140009 False   [12, 14] [E, W]
   63 0x000012A0 0xFFFFFFF8 0x00280009 False   [13, 15] [E, W]
   64 0x000012A8 0xFFFFFFF8 0x00500009 False   [16, 14] [E, W]
   65 0x000012B0 0xFFFFFFF8 0x00200009 False   [15] [E, W]
   66 0x000012B8 0xFFFFFFF8 0x00400001 False   [16] [E]
   67 0x000012C0 0xFFFFFFF8 0x00000001 False   [] [E]
   68 0x000012C8 0xFFFFFFF8 0x00000001 False   [] [E]
   69 0x000012D0 0xFFFFFFF8 0x00000001 False   [] [E]
   70 0x000012D8 0xFFFFFFF8 0x00000001 False   [] [E]
   71 0x000012E0 0xFFFFFFF8 0x00000001 False   [] [E]
   72 0x000012E8 0xFFFFFFF8 0x00000001 False   [] [E]
   73 0x000012F0 0xFFFFFFF8 0x00000001 False   [] [E]
   74 0x000012F8 0xFFFFFFF8 0x00000001 False   [] [E]
   75 0x00001300 0xFFFFFFF8 0x00000001 False   [] [E]
   76 0x00001308 0xFFFFFFF8 0x00000001 False   [] [E]
   77 0x00001310 0xFFFFFFF8 0x00000001 False   [] [E]
   78 0x00001318 0xFFFFFFF8 0x00000001 False   [] [E]
   79 0x00001320 0xFFFFFFF8 0x00000001 False   [] [E]
   80 0x00001328 0xFFFFFFF8 0x00000001 False   [] [E]
   81 0x00001330 0xFFFFFFF8 0x00000001 False   [] [E]
   82 0x00001338 0xFFFFFFF8 0x00000101 False   [2] [E]
   83 0x00001340 0xFFFFFFF8 0x00000301 False   [2, 3] [E]
   84 0x00001348 0xFFFFFFF8 0x00000701 False   [2, 3, 4] [E]
   85 0x00001350 0xFFFFFFF8 0x00000E01 False   [3, 4, 5] [E]
   86 0x00001358 0xFFFFFFF8 0x00001C01 False   [4, 5, 6] [E]
   87 0x00001360 0xFFFFFFF8 0x00003801 False   [5, 6, 7] [E]
   88 0x00001368 0xFFFFFFF8 0x00007001 False   [8, 6, 7] [E]
   89 0x00001370 0xFFFFFFF8 0x0000E001 False   [8, 9, 7] [E]
   90 0x00001378 0xFFFFFFF8 0x0001C001 False   [8, 9, 10] [E]
   91 0x00001380 0xFFFFFFF8 0x00038001 False   [9, 10, 11] [E]
   92 0x00001388 0xFFFFFFF8 0x00070001 False   [10, 11, 12] [E]
   93 0x00001390 0xFFFFFFF8 0x000E0001 False   [11, 12, 13] [E]
   94 0x00001398 0xFFFFFFF8 0x001C0001 False   [12, 13, 14] [E]
   95 0x000013A0 0xFFFFFFF8 0x00380001 False   [13, 14, 15] [E]
   96 0x000013A8 0xFFFFFFF8 0x00700001 False   [16, 14, 15] [E]
   97 0x000013B0 0xFFFFFFF8 0x00600001 False   [16, 15] [E]
   98 0x000013B8 0xFFFFFFF8 0x00400008 False   [16] [W]
   99 0x000013F8 0xFFFFFFF8 0x00000008 False   [] [W]
  100 0x00001400 0xFFFFFFF8 0x00000008 False   [] [W]
  101 0x00001430 0xFFFFFFF8 0x00000008 False   [] [W]
  102 0x00001438 0xFFFFFFF8 0x00000008 False   [] [W]
  103 0x00001440 0xFFFFFFF8 0x00000008 False   [] [W]
  104 0x00001448 0xFFFFFFF8 0x00000008 False   [] [W]
  105 0x00001450 0xFFFFFFF8 0x00000008 False   [] [W]
  106 0x00001458 0xFFFFFFF8 0x00000008 False   [] [W]
  107 0x00001460 0xFFFFFFF8 0x00000008 False   [] [W]
  108 0x00001468 0xFFFFFFF8 0x00000008 False   [] [W]
  109 0x00001470 0xFFFFFFF8 0x00000008 False   [] [W]
  110 0x00001478 0xFFFFFFF8 0x00000008 False   [] [W]
  111 0x00001480 0xFFFFFFF8 0x00000008 False   [] [W]
  112 0x00001488 0xFFFFFFF8 0x00000008 False   [] [W]
  113 0x00001490 0xFFFFFFF8 0x00000008 False   [] [W]
  114 0x00001498 0xFFFFFFF8 0x00000008 False   [] [W]
  115 0x000014A0 0xFFFFFFF8 0x00000008 False   [] [W]
  116 0x000014A8 0xFFFFFFF8 0x00000008 False   [] [W]
  117 0x000014B0 0xFFFFFFF8 0x00000008 False   [] [W]
  118 0x000014B8 0xFFFFFFF8 0x00000008 False   [] [W]
  119 0x000014F8 0xFFFFFFF8 0x00000008 False   [] [W]
  120 0x000017B8 0xFFFFFFF8 0x00000004 False   [] [N]
  121 0x000017C0 0xFFFFFFF8 0x00000004 False   [] [N]
  122 0x000017C8 0xFFFFFFF8 0x00000004 False   [] [N]
  123 0x000017D0 0xFFFFFFF8 0x00000004 False   [] [N]
  124 0x000017D8 0xFFFFFFF8 0x00000004 False   [] [N]
  125 0x000017E0 0xFFFFFFF8 0x00000004 False   [] [N]
  126 0x000017E8 0xFFFFFFF8 0x00000004 False   [] [N]
  127 0x000017F0 0xFFFFFFF8 0x00000004 False   [] [N]
  128 0x00001808 0xFFFFFFF8 0x00000004 False   [] [N]
  129 0x00001810 0xFFFFFFF8 0x00000004 False   [] [N]
  130 0x00001818 0xFFFFFFF8 0x00000004 False   [] [N]
  131 0x00001C30 0xFFFFFFF8 0x00000004 False   [] [N]
  132 0x00001C38 0xFFFFFFF8 0x00000004 False   [] [N]
  133 0x00001C40 0xFFFFFFF8 0x00000004 False   [] [N]
  134 0x00001C48 0xFFFFFFF8 0x00000004 False   [] [N]
  135 0x00001C50 0xFFFFFFF8 0x00000004 False   [] [N]
  136 0x00001C58 0xFFFFFFF8 0x00000004 False   [] [N]
  137 0x00001C60 0xFFFFFFF8 0x00000004 False   [] [N]
  138 0x00001C68 0xFFFFFFF8 0x00000004 False   [] [N]
  139 0x00001C70 0xFFFFFFF8 0x00000004 False   [] [N]
  140 0x00001C78 0xFFFFFFF8 0x00000004 False   [] [N]
  141 0x00001C80 0xFFFFFFF8 0x00000004 False   [] [N]
  142 0x00001F08 0xFFFFFFF8 0x00000010 False   [] [SW]
  143 0x00001F10 0xFFFFFFF8 0x00000010 False   [] [SW]
  144 0x00001F18 0xFFFFFFF8 0x00000010 False   [] [SW]
  145 0x00001F20 0xFFFFFFF8 0x00000010 False   [] [SW]
  146 0x00001F28 0xFFFFFFF8 0x00000010 False   [] [SW]
  147 0x00001F30 0xFFFFFFF8 0x00000010 False   [] [SW]
  148 0x00001F38 0xFFFFFFF8 0x00000010 False   [] [SW]
  149 0x00001F40 0xFFFFFFF8 0x00000010 False   [] [SW]
  150 0x00001F48 0xFFFFFFF8 0x00000010 False   [] [SW]
  151 0x00001F50 0xFFFFFFF8 0x00000010 False   [] [SW]
  152 0x00001F58 0xFFFFFFF8 0x00000010 False   [] [SW]
  153 0x00001F60 0xFFFFFFF8 0x00000010 False   [] [SW]
  154 0x00001F68 0xFFFFFFF8 0x00000010 False   [] [SW]
0 Defaultable entries
