Router contains 100 entries
Index Key        Mask       Route      Default [Cores][Links]
----- ---------- ---------- ---------- ------- --------------
    0 0x00000600 0xFFFFFFF8 0x00000020 False   [] [S]
    1 0x000006F8 0xFFFFFFF8 0x00000020 False   [] [S]
    2 0x00000700 0xFFFFFFF8 0x00000020 False   [] [S]
    3 0x00000750 0xFFFFFFF8 0x00000120 False   [2] [S]
    4 0x00000758 0xFFFFFFF8 0x00000320 False   [2, 3] [S]
    5 0x00000760 0xFFFFFFF8 0x00000700 False   [2, 3, 4] []
    6 0x00000768 0xFFFFFFF8 0x00000E00 False   [3, 4, 5] []
    7 0x00000770 0xFFFFFFF8 0x00001C00 False   [4, 5, 6] []
    8 0x00000778 0xFFFFFFF8 0x00003800 False   [5, 6, 7] []
    9 0x00000780 0xFFFFFFF8 0x00007000 False   [8, 6, 7] []
   10 0x00000788 0xFFFFFFF8 0x0000E000 False   [8, 9, 7] []
   11 0x00000790 0xFFFFFFF8 0x0001C000 False   [8, 9, 10] []
   12 0x00000798 0xFFFFFFF8 0x00038000 False   [9, 10, 11] []
   13 0x000007A0 0xFFFFFFF8 0x00070000 False   [10, 11, 12] []
   14 0x000007A8 0xFFFFFFF8 0x000E0000 False   [11, 12, 13] []
   15 0x000007B0 0xFFFFFFF8 0x001C0000 False   [12, 13, 14] []
   16 0x000007B8 0xFFFFFFF8 0x00380000 False   [13, 14, 15] []
   17 0x000007C0 0xFFFFFFF8 0x00700000 False   [16, 14, 15] []
   18 0x000007C8 0xFFFFFFF8 0x00E00000 False   [16, 17, 15] []
   19 0x000007D0 0xFFFFFFF8 0x00C00020 False   [16, 17] [S]
   20 0x000007D8 0xFFFFFFF8 0x00800004 False   [17] [N]
   21 0x000007E0 0xFFFFFFF8 0x00000004 False   [] [N]
   22 0x000007E8 0xFFFFFFF8 0x00000004 False   [] [N]
   23 0x000007F0 0xFFFFFFF8 0x00000004 False   [] [N]
   24 0x000007F8 0xFFFFFFF8 0x00000004 False   [] [N]
   25 0x00000800 0xFFFFFFF8 0x00000004 False   [] [N]
   26 0x00000808 0xFFFFFFF8 0x00000004 False   [] [N]
   27 0x00000810 0xFFFFFFF8 0x00000004 False   [] [N]
   28 0x00000818 0xFFFFFFF8 0x00000004 False   [] [N]
   29 0x00000820 0xFFFFFFF8 0x00000004 False   [] [N]
   30 0x00000828 0xFFFFFFF8 0x00000004 False   [] [N]
   31 0x00000830 0xFFFFFFF8 0x00000004 False   [] [N]
   32 0x00000838 0xFFFFFFF8 0x00000004 False   [] [N]
   33 0x00000840 0xFFFFFFF8 0x00000004 False   [] [N]
   34 0x00000848 0xFFFFFFF8 0x00000004 False   [] [N]
   35 0x00000850 0xFFFFFFF8 0x00000104 False   [2] [N]
   36 0x00000858 0xFFFFFFF8 0x00000224 False   [3] [N, S]
   37 0x00000860 0xFFFFFFF8 0x00000504 False   [2, 4] [N]
   38 0x00000868 0xFFFFFFF8 0x00000A04 False   [3, 5] [N]
   39 0x00000870 0xFFFFFFF8 0x00001404 False   [4, 6] [N]
   40 0x00000878 0xFFFFFFF8 0x00002804 False   [5, 7] [N]
   41 0x00000880 0xFFFFFFF8 0x00005004 False   [8, 6] [N]
   42 0x00000888 0xFFFFFFF8 0x0000A004 False   [9, 7] [N]
   43 0x00000890 0xFFFFFFF8 0x00014004 False   [8, 10] [N]
   44 0x00000898 0xFFFFFFF8 0x00028004 False   [9, 11] [N]
   45 0x000008A0 0xFFFFFFF8 0x00050004 False   [10, 12] [N]
   46 0x000008A8 0xFFFFFFF8 0x000A0004 False   [11, 13] [N]
   47 0x000008B0 0xFFFFFFF8 0x00140004 False   [12, 14] [N]
   48 0x000008B8 0xFFFFFFF8 0x00280004 False   [13, 15] [N]
   49 0x000008C0 0xFFFFFFF8 0x00500004 False   [16, 14] [N]
   50 0x000008C8 0xFFFFFFF8 0x00A00004 False   [17, 15] [N]
   51 0x000008D0 0xFFFFFFF8 0x00400024 False   [16] [N, S]
   52 0x000008D8 0xFFFFFFF8 0x00800020 False   [17] [S]
   53 0x000008E0 0xFFFFFFF8 0x00000020 False   [] [S]
   54 0x000008E8 0xFFFFFFF8 0x00000020 False   [] [S]
   55 0x000008F0 0xFFFFFFF8 0x00000020 False   [] [S]
   56 0x000008F8 0xFFFFFFF8 0x00000020 False   [] [S]
   57 0x00000900 0xFFFFFFF8 0x00000020 False   [] [S]
   58 0x00000908 0xFFFFFFF8 0x00000020 False   [] [S]
   59 0x00000910 0xFFFFFFF8 0x00000020 False   [] [S]
   60 0x00000918 0xFFFFFFF8 0x00000020 False   [] [S]
   61 0x00000920 0xFFFFFFF8 0x00000020 False   [] [S]
   62 0x00000928 0xFFFFFFF8 0x00000020 False   [] [S]
   63 0x00000930 0xFFFFFFF8 0x00000020 False   [] [S]
   64 0x00000938 0xFFFFFFF8 0x00000020 False   [] [S]
   65 0x00000940 0xFFFFFFF8 0x00000020 False   [] [S]
   66 0x00000948 0xFFFFFFF8 0x00000020 False   [] [S]
   67 0x00000950 0xFFFFFFF8 0x00000120 False   [2] [S]
   68 0x00000958 0xFFFFFFF8 0x00000320 False   [2, 3] [S]
   69 0x00000960 0xFFFFFFF8 0x00000700 False   [2, 3, 4] []
   70 0x00000968 0xFFFFFFF8 0x00000E00 False   [3, 4, 5] []
   71 0x00000970 0xFFFFFFF8 0x00001C00 False   [4, 5, 6] []
   72 0x00000978 0xFFFFFFF8 0x00003800 False   [5, 6, 7] []
   73 0x00000980 0xFFFFFFF8 0x00007000 False   [8, 6, 7] []
   74 0x00000988 0xFFFFFFF8 0x0000E000 False   [8, 9, 7] []
   75 0x00000990 0xFFFFFFF8 0x0001C000 False   [8, 9, 10] []
   76 0x00000998 0xFFFFFFF8 0x00038000 False   [9, 10, 11] []
   77 0x000009A0 0xFFFFFFF8 0x00070000 False   [10, 11, 12] []
   78 0x000009A8 0xFFFFFFF8 0x000E0000 False   [11, 12, 13] []
   79 0x000009B0 0xFFFFFFF8 0x001C0000 False   [12, 13, 14] []
   80 0x000009B8 0xFFFFFFF8 0x00380000 False   [13, 14, 15] []
   81 0x000009C0 0xFFFFFFF8 0x00700000 False   [16, 14, 15] []
   82 0x000009C8 0xFFFFFFF8 0x00E00000 False   [16, 17, 15] []
   83 0x000009D0 0xFFFFFFF8 0x00C00000 False   [16, 17] []
   84 0x000009D8 0xFFFFFFF8 0x00800000 False   [17] []
   85 0x000009F8 0xFFFFFFF8 0x00000020 False   [] [S]
   86 0x00000AD0 0xFFFFFFF8 0x00000001 False   [] [E]
   87 0x00000AD8 0xFFFFFFF8 0x00000001 False   [] [E]
   88 0x00000AE0 0xFFFFFFF8 0x00000001 False   [] [E]
   89 0x00000AE8 0xFFFFFFF8 0x00000001 False   [] [E]
   90 0x00000AF0 0xFFFFFFF8 0x00000001 False   [] [E]
   91 0x00000B08 0xFFFFFFF8 0x00000001 False   [] [E]
   92 0x00000B10 0xFFFFFFF8 0x00000001 False   [] [E]
   93 0x00000B18 0xFFFFFFF8 0x00000001 False   [] [E]
   94 0x00000B20 0xFFFFFFF8 0x00000001 False   [] [E]
   95 0x00000B28 0xFFFFFFF8 0x00000001 False   [] [E]
   96 0x00000B30 0xFFFFFFF8 0x00000001 False   [] [E]
   97 0x00000B38 0xFFFFFFF8 0x00000001 False   [] [E]
   98 0x00000B40 0xFFFFFFF8 0x00000001 False   [] [E]
   99 0x00000B48 0xFFFFFFF8 0x00000001 False   [] [E]
0 Defaultable entries
