Router contains 146 entries
Index Key        Mask       Route      Default [Cores][Links]
----- ---------- ---------- ---------- ------- --------------
    0 0x00000068 0xFFFFFFF8 0x00000002 False   [] [NE]
    1 0x00000070 0xFFFFFFF8 0x00000002 False   [] [NE]
    2 0x00000078 0xFFFFFFF8 0x00000002 False   [] [NE]
    3 0x00000080 0xFFFFFFF8 0x00000002 False   [] [NE]
    4 0x00000088 0xFFFFFFF8 0x00000002 False   [] [NE]
    5 0x00000090 0xFFFFFFF8 0x00000002 False   [] [NE]
    6 0x00000098 0xFFFFFFF8 0x00000002 False   [] [NE]
    7 0x000000A0 0xFFFFFFF8 0x00000002 False   [] [NE]
    8 0x000000A8 0xFFFFFFF8 0x00000002 False   [] [NE]
    9 0x000000B0 0xFFFFFFF8 0x00000002 False   [] [NE]
   10 0x000000B8 0xFFFFFFF8 0x00000002 False   [] [NE]
   11 0x000000C0 0xFFFFFFF8 0x00000002 False   [] [NE]
   12 0x000000C8 0xFFFFFFF8 0x00000002 False   [] [NE]
   13 0x000000D0 0xFFFFFFF8 0x00000002 False   [] [NE]
   14 0x000000D8 0xFFFFFFF8 0x00000002 False   [] [NE]
   15 0x000000E0 0xFFFFFFF8 0x00000002 False   [] [NE]
   16 0x000000E8 0xFFFFFFF8 0x00000002 False   [] [NE]
   17 0x00000D00 0xFFFFFFF8 0x00000008 False   [] [W]
   18 0x00000D40 0xFFFFFFF8 0x00000100 False   [2] []
   19 0x00000D48 0xFFFFFFF8 0x00000300 False   [2, 3] []
   20 0x00000D50 0xFFFFFFF8 0x00000700 False   [2, 3, 4] []
   21 0x00000D58 0xFFFFFFF8 0x00000E00 False   [3, 4, 5] []
   22 0x00000D60 0xFFFFFFF8 0x00001C00 False   [4, 5, 6] []
   23 0x00000D68 0xFFFFFFF8 0x00003800 False   [5, 6, 7] []
   24 0x00000D70 0xFFFFFFF8 0x00007000 False   [8, 6, 7] []
   25 0x00000D78 0xFFFFFFF8 0x0000E000 False   [8, 9, 7] []
   26 0x00000D80 0xFFFFFFF8 0x0001C000 False   [8, 9, 10] []
   27 0x00000D88 0xFFFFFFF8 0x00038000 False   [9, 10, 11] []
   28 0x00000D90 0xFFFFFFF8 0x00070000 False   [10, 11, 12] []
   29 0x00000D98 0xFFFFFFF8 0x000E0000 False   [11, 12, 13] []
   30 0x00000DA0 0xFFFFFFF8 0x001C0000 False   [12, 13, 14] []
   31 0x00000DA8 0xFFFFFFF8 0x00380000 False   [13, 14, 15] []
   32 0x00000DB0 0xFFFFFFF8 0x00700000 False   [16, 14, 15] []
   33 0x00000DB8 0xFFFFFFF8 0x00E00000 False   [16, 17, 15] []
   34 0x00000DC0 0xFFFFFFF8 0x00C00008 False   [16, 17] [W]
   35 0x00000DC8 0xFFFFFFF8 0x00800008 False   [17] [W]
   36 0x00000DD0 0xFFFFFFF8 0x00000008 False   [] [W]
   37 0x00000DD8 0xFFFFFFF8 0x00000008 False   [] [W]
   38 0x00000DE0 0xFFFFFFF8 0x00000008 False   [] [W]
   39 0x00000DE8 0xFFFFFFF8 0x00000008 False   [] [W]
   40 0x00000DF0 0xFFFFFFF8 0x00000008 False   [] [W]
   41 0x00000DF8 0xFFFFFFF8 0x00000008 False   [] [W]
   42 0x00000E00 0xFFFFFFF8 0x00000008 False   [] [W]
   43 0x00000E08 0xFFFFFFF8 0x00000008 False   [] [W]
   44 0x00000E10 0xFFFFFFF8 0x00000008 False   [] [W]
   45 0x00000E18 0xFFFFFFF8 0x00000008 False   [] [W]
   46 0x00000E20 0xFFFFFFF8 0x00000008 False   [] [W]
   47 0x00000E28 0xFFFFFFF8 0x00000008 False   [] [W]
   48 0x00000E30 0xFFFFFFF8 0x00000008 False   [] [W]
   49 0x00000E38 0xFFFFFFF8 0x00000008 False   [] [W]
   50 0x00000E40 0xFFFFFFF8 0x00000108 False   [2] [W]
   51 0x00000E48 0xFFFFFFF8 0x00000209 False   [3] [E, W]
   52 0x00000E50 0xFFFFFFF8 0x00000509 False   [2, 4] [E, W]
   53 0x00000E58 0xFFFFFFF8 0x00000A09 False   [3, 5] [E, W]
   54 0x00000E60 0xFFFFFFF8 0x00001409 False   [4, 6] [E, W]
   55 0x00000E68 0xFFFFFFF8 0x00002809 False   [5, 7] [E, W]
   56 0x00000E70 0xFFFFFFF8 0x00005009 False   [8, 6] [E, W]
   57 0x00000E78 0xFFFFFFF8 0x0000A009 False   [9, 7] [E, W]
   58 0x00000E80 0xFFFFFFF8 0x00014009 False   [8, 10] [E, W]
   59 0x00000E88 0xFFFFFFF8 0x00028009 False   [9, 11] [E, W]
   60 0x00000E90 0xFFFFFFF8 0x00050009 False   [10, 12] [E, W]
   61 0x00000E98 0xFFFFFFF8 0x000A0009 False   [11, 13] [E, W]
   62 0x00000EA0 0xFFFFFFF8 0x00140009 False   [12, 14] [E, W]
   63 0x00000EA8 0xFFFFFFF8 0x00280009 False   [13, 15] [E, W]
   64 0x00000EB0 0xFFFFFFF8 0x00500009 False   [16, 14] [E, W]
   65 0x00000EB8 0xFFFFFFF8 0x00A00009 False   [17, 15] [E, W]
   66 0x00000EC0 0xFFFFFFF8 0x00400009 False   [16] [E, W]
   67 0x00000EC8 0xFFFFFFF8 0x00800001 False   [17] [E]
   68 0x00000ED0 0xFFFFFFF8 0x00000001 False   [] [E]
   69 0x00000ED8 0xFFFFFFF8 0x00000001 False   [] [E]
   70 0x00000EE0 0xFFFFFFF8 0x00000001 False   [] [E]
   71 0x00000EE8 0xFFFFFFF8 0x00000001 False   [] [E]
   72 0x00000EF0 0xFFFFFFF8 0x00000001 False   [] [E]
   73 0x00000EF8 0xFFFFFFF8 0x00000001 False   [] [E]
   74 0x00000F00 0xFFFFFFF8 0x00000001 False   [] [E]
   75 0x00000F08 0xFFFFFFF8 0x00000001 False   [] [E]
   76 0x00000F10 0xFFFFFFF8 0x00000001 False   [] [E]
   77 0x00000F18 0xFFFFFFF8 0x00000001 False   [] [E]
   78 0x00000F20 0xFFFFFFF8 0x00000001 False   [] [E]
   79 0x00000F28 0xFFFFFFF8 0x00000001 False   [] [E]
   80 0x00000F30 0xFFFFFFF8 0x00000001 False   [] [E]
   81 0x00000F38 0xFFFFFFF8 0x00000001 False   [] [E]
   82 0x00000F40 0xFFFFFFF8 0x00000101 False   [2] [E]
   83 0x00000F48 0xFFFFFFF8 0x00000301 False   [2, 3] [E]
   84 0x00000F50 0xFFFFFFF8 0x00000701 False   [2, 3, 4] [E]
   85 0x00000F58 0xFFFFFFF8 0x00000E01 False   [3, 4, 5] [E]
   86 0x00000F60 0xFFFFFFF8 0x00001C01 False   [4, 5, 6] [E]
   87 0x00000F68 0xFFFFFFF8 0x00003801 False   [5, 6, 7] [E]
   88 0x00000F70 0xFFFFFFF8 0x00007001 False   [8, 6, 7] [E]
   89 0x00000F78 0xFFFFFFF8 0x0000E001 False   [8, 9, 7] [E]
   90 0x00000F80 0xFFFFFFF8 0x0001C001 False   [8, 9, 10] [E]
   91 0x00000F88 0xFFFFFFF8 0x00038001 False   [9, 10, 11] [E]
   92 0x00000F90 0xFFFFFFF8 0x00070001 False   [10, 11, 12] [E]
   93 0x00000F98 0xFFFFFFF8 0x000E0001 False   [11, 12, 13] [E]
   94 0x00000FA0 0xFFFFFFF8 0x001C0001 False   [12, 13, 14] [E]
   95 0x00000FA8 0xFFFFFFF8 0x00380001 False   [13, 14, 15] [E]
   96 0x00000FB0 0xFFFFFFF8 0x00700001 False   [16, 14, 15] [E]
   97 0x00000FB8 0xFFFFFFF8 0x00E00001 False   [16, 17, 15] [E]
   98 0x00000FC0 0xFFFFFFF8 0x00C00008 False   [16, 17] [W]
   99 0x00000FC8 0xFFFFFFF8 0x00800008 False   [17] [W]
  100 0x00000FF8 0xFFFFFFF8 0x00000008 False   [] [W]
  101 0x00001000 0xFFFFFFF8 0x00000008 False   [] [W]
  102 0x00001038 0xFFFFFFF8 0x00000008 False   [] [W]
  103 0x00001040 0xFFFFFFF8 0x00000008 False   [] [W]
  104 0x00001048 0xFFFFFFF8 0x00000008 False   [] [W]
  105 0x00001050 0xFFFFFFF8 0x00000008 False   [] [W]
  106 0x00001058 0xFFFFFFF8 0x00000008 False   [] [W]
  107 0x00001060 0xFFFFFFF8 0x00000008 False   [] [W]
  108 0x00001068 0xFFFFFFF8 0x00000008 False   [] [W]
  109 0x00001070 0xFFFFFFF8 0x00000008 False   [] [W]
  110 0x00001078 0xFFFFFFF8 0x00000008 False   [] [W]
  111 0x00001080 0xFFFFFFF8 0x00000008 False   [] [W]
  112 0x00001088 0xFFFFFFF8 0x00000008 False   [] [W]
  113 0x00001090 0xFFFFFFF8 0x00000008 False   [] [W]
  114 0x00001098 0xFFFFFFF8 0x00000008 False   [] [W]
  115 0x000010A0 0xFFFFFFF8 0x00000008 False   [] [W]
  116 0x000010A8 0xFFFFFFF8 0x00000008 False   [] [W]
  117 0x000010B0 0xFFFFFFF8 0x00000008 False   [] [W]
  118 0x000010B8 0xFFFFFFF8 0x00000008 False   [] [W]
  119 0x000010C0 0xFFFFFFF8 0x00000008 False   [] [W]
  120 0x000010F8 0xFFFFFFF8 0x00000008 False   [] [W]
  121 0x000013C0 0xFFFFFFF8 0x00000004 False   [] [N]
  122 0x000013C8 0xFFFFFFF8 0x00000004 False   [] [N]
  123 0x000013D0 0xFFFFFFF8 0x00000004 False   [] [N]
  124 0x000013D8 0xFFFFFFF8 0x00000004 False   [] [N]
  125 0x000013E0 0xFFFFFFF8 0x00000004 False   [] [N]
  126 0x000013E8 0xFFFFFFF8 0x00000004 False   [] [N]
  127 0x000013F0 0xFFFFFFF8 0x00000004 False   [] [N]
  128 0x00001408 0xFFFFFFF8 0x00000004 False   [] [N]
  129 0x00001410 0xFFFFFFF8 0x00000004 False   [] [N]
  130 0x00001418 0xFFFFFFF8 0x00000004 False   [] [N]
  131 0x00001420 0xFFFFFFF8 0x00000004 False   [] [N]
  132 0x00001428 0xFFFFFFF8 0x00000004 False   [] [N]
  133 0x00001F08 0xFFFFFFF8 0x00000010 False   [] [SW]
  134 0x00001F10 0xFFFFFFF8 0x00000010 False   [] [SW]
  135 0x00001F18 0xFFFFFFF8 0x00000010 False   [] [SW]
  136 0x00001F20 0xFFFFFFF8 0x00000010 False   [] [SW]
  137 0x00001F28 0xFFFFFFF8 0x00000010 False   [] [SW]
  138 0x00001F30 0xFFFFFFF8 0x00000010 False   [] [SW]
  139 0x00001F38 0xFFFFFFF8 0x00000010 False   [] [SW]
  140 0x00001F40 0xFFFFFFF8 0x00000010 False   [] [SW]
  141 0x00001F48 0xFFFFFFF8 0x00000010 False   [] [SW]
  142 0x00001F50 0xFFFFFFF8 0x00000010 False   [] [SW]
  143 0x00001F58 0xFFFFFFF8 0x00000010 False   [] [SW]
  144 0x00001F60 0xFFFFFFF8 0x00000010 False   [] [SW]
  145 0x00001F68 0xFFFFFFF8 0x00000010 False   [] [SW]
0 Defaultable entries
