Router contains 145 entries
Index Key        Mask       Route      Default [Cores][Links]
----- ---------- ---------- ---------- ------- --------------
    0 0x00000068 0xFFFFFFF8 0x00000002 False   [] [NE]
    1 0x00000070 0xFFFFFFF8 0x00000002 False   [] [NE]
    2 0x00000078 0xFFFFFFF8 0x00000002 False   [] [NE]
    3 0x00000080 0xFFFFFFF8 0x00000002 False   [] [NE]
    4 0x00000088 0xFFFFFFF8 0x00000002 False   [] [NE]
    5 0x00000090 0xFFFFFFF8 0x00000002 False   [] [NE]
    6 0x00000098 0xFFFFFFF8 0x00000002 False   [] [NE]
    7 0x000000A0 0xFFFFFFF8 0x00000002 False   [] [NE]
    8 0x000000A8 0xFFFFFFF8 0x00000002 False   [] [NE]
    9 0x000000B0 0xFFFFFFF8 0x00000002 False   [] [NE]
   10 0x000000B8 0xFFFFFFF8 0x00000002 False   [] [NE]
   11 0x000000C0 0xFFFFFFF8 0x00000002 False   [] [NE]
   12 0x000000C8 0xFFFFFFF8 0x00000002 False   [] [NE]
   13 0x000000D0 0xFFFFFFF8 0x00000002 False   [] [NE]
   14 0x000000D8 0xFFFFFFF8 0x00000002 False   [] [NE]
   15 0x000000E0 0xFFFFFFF8 0x00000002 False   [] [NE]
   16 0x000000E8 0xFFFFFFF8 0x00000002 False   [] [NE]
   17 0x00000500 0xFFFFFFF8 0x00000008 False   [] [W]
   18 0x00000558 0xFFFFFFF8 0x00000108 False   [2] [W]
   19 0x00000560 0xFFFFFFF8 0x00000308 False   [2, 3] [W]
   20 0x00000568 0xFFFFFFF8 0x00000700 False   [2, 3, 4] []
   21 0x00000570 0xFFFFFFF8 0x00000E00 False   [3, 4, 5] []
   22 0x00000578 0xFFFFFFF8 0x00001C00 False   [4, 5, 6] []
   23 0x00000580 0xFFFFFFF8 0x00003800 False   [5, 6, 7] []
   24 0x00000588 0xFFFFFFF8 0x00007000 False   [8, 6, 7] []
   25 0x00000590 0xFFFFFFF8 0x0000E000 False   [8, 9, 7] []
   26 0x00000598 0xFFFFFFF8 0x0001C000 False   [8, 9, 10] []
   27 0x000005A0 0xFFFFFFF8 0x00038000 False   [9, 10, 11] []
   28 0x000005A8 0xFFFFFFF8 0x00070000 False   [10, 11, 12] []
   29 0x000005B0 0xFFFFFFF8 0x000E0000 False   [11, 12, 13] []
   30 0x000005B8 0xFFFFFFF8 0x001C0000 False   [12, 13, 14] []
   31 0x000005C0 0xFFFFFFF8 0x00380000 False   [13, 14, 15] []
   32 0x000005C8 0xFFFFFFF8 0x00700000 False   [16, 14, 15] []
   33 0x000005D0 0xFFFFFFF8 0x00E00000 False   [16, 17, 15] []
   34 0x000005D8 0xFFFFFFF8 0x00C00008 False   [16, 17] [W]
   35 0x000005E0 0xFFFFFFF8 0x00800008 False   [17] [W]
   36 0x000005E8 0xFFFFFFF8 0x00000008 False   [] [W]
   37 0x000005F0 0xFFFFFFF8 0x00000008 False   [] [W]
   38 0x000005F8 0xFFFFFFF8 0x00000008 False   [] [W]
   39 0x00000600 0xFFFFFFF8 0x00000008 False   [] [W]
   40 0x00000608 0xFFFFFFF8 0x00000008 False   [] [W]
   41 0x00000610 0xFFFFFFF8 0x00000008 False   [] [W]
   42 0x00000618 0xFFFFFFF8 0x00000008 False   [] [W]
   43 0x00000620 0xFFFFFFF8 0x00000008 False   [] [W]
   44 0x00000628 0xFFFFFFF8 0x00000008 False   [] [W]
   45 0x00000630 0xFFFFFFF8 0x00000008 False   [] [W]
   46 0x00000638 0xFFFFFFF8 0x00000008 False   [] [W]
   47 0x00000640 0xFFFFFFF8 0x00000008 False   [] [W]
   48 0x00000648 0xFFFFFFF8 0x00000008 False   [] [W]
   49 0x00000650 0xFFFFFFF8 0x00000008 False   [] [W]
   50 0x00000658 0xFFFFFFF8 0x00000108 False   [2] [W]
   51 0x00000660 0xFFFFFFF8 0x00000209 False   [3] [E, W]
   52 0x00000668 0xFFFFFFF8 0x00000509 False   [2, 4] [E, W]
   53 0x00000670 0xFFFFFFF8 0x00000A09 False   [3, 5] [E, W]
   54 0x00000678 0xFFFFFFF8 0x00001409 False   [4, 6] [E, W]
   55 0x00000680 0xFFFFFFF8 0x00002809 False   [5, 7] [E, W]
   56 0x00000688 0xFFFFFFF8 0x00005009 False   [8, 6] [E, W]
   57 0x00000690 0xFFFFFFF8 0x0000A009 False   [9, 7] [E, W]
   58 0x00000698 0xFFFFFFF8 0x00014009 False   [8, 10] [E, W]
   59 0x000006A0 0xFFFFFFF8 0x00028009 False   [9, 11] [E, W]
   60 0x000006A8 0xFFFFFFF8 0x00050009 False   [10, 12] [E, W]
   61 0x000006B0 0xFFFFFFF8 0x000A0009 False   [11, 13] [E, W]
   62 0x000006B8 0xFFFFFFF8 0x00140009 False   [12, 14] [E, W]
   63 0x000006C0 0xFFFFFFF8 0x00280009 False   [13, 15] [E, W]
   64 0x000006C8 0xFFFFFFF8 0x00500009 False   [16, 14] [E, W]
   65 0x000006D0 0xFFFFFFF8 0x00A00009 False   [17, 15] [E, W]
   66 0x000006D8 0xFFFFFFF8 0x00400009 False   [16] [E, W]
   67 0x000006E0 0xFFFFFFF8 0x00800001 False   [17] [E]
   68 0x000006E8 0xFFFFFFF8 0x00000001 False   [] [E]
   69 0x000006F0 0xFFFFFFF8 0x00000001 False   [] [E]
   70 0x000006F8 0xFFFFFFF8 0x00000001 False   [] [E]
   71 0x00000700 0xFFFFFFF8 0x00000001 False   [] [E]
   72 0x00000708 0xFFFFFFF8 0x00000001 False   [] [E]
   73 0x00000710 0xFFFFFFF8 0x00000001 False   [] [E]
   74 0x00000718 0xFFFFFFF8 0x00000001 False   [] [E]
   75 0x00000720 0xFFFFFFF8 0x00000001 False   [] [E]
   76 0x00000728 0xFFFFFFF8 0x00000001 False   [] [E]
   77 0x00000730 0xFFFFFFF8 0x00000001 False   [] [E]
   78 0x00000738 0xFFFFFFF8 0x00000001 False   [] [E]
   79 0x00000740 0xFFFFFFF8 0x00000001 False   [] [E]
   80 0x00000748 0xFFFFFFF8 0x00000001 False   [] [E]
   81 0x00000750 0xFFFFFFF8 0x00000001 False   [] [E]
   82 0x00000758 0xFFFFFFF8 0x00000101 False   [2] [E]
   83 0x00000760 0xFFFFFFF8 0x00000301 False   [2, 3] [E]
   84 0x00000768 0xFFFFFFF8 0x00000701 False   [2, 3, 4] [E]
   85 0x00000770 0xFFFFFFF8 0x00000E01 False   [3, 4, 5] [E]
   86 0x00000778 0xFFFFFFF8 0x00001C01 False   [4, 5, 6] [E]
   87 0x00000780 0xFFFFFFF8 0x00003801 False   [5, 6, 7] [E]
   88 0x00000788 0xFFFFFFF8 0x00007001 False   [8, 6, 7] [E]
   89 0x00000790 0xFFFFFFF8 0x0000E001 False   [8, 9, 7] [E]
   90 0x00000798 0xFFFFFFF8 0x0001C001 False   [8, 9, 10] [E]
   91 0x000007A0 0xFFFFFFF8 0x00038001 False   [9, 10, 11] [E]
   92 0x000007A8 0xFFFFFFF8 0x00070001 False   [10, 11, 12] [E]
   93 0x000007B0 0xFFFFFFF8 0x000E0001 False   [11, 12, 13] [E]
   94 0x000007B8 0xFFFFFFF8 0x001C0001 False   [12, 13, 14] [E]
   95 0x000007C0 0xFFFFFFF8 0x00380001 False   [13, 14, 15] [E]
   96 0x000007C8 0xFFFFFFF8 0x00700001 False   [16, 14, 15] [E]
   97 0x000007D0 0xFFFFFFF8 0x00E00001 False   [16, 17, 15] [E]
   98 0x000007D8 0xFFFFFFF8 0x00C00008 False   [16, 17] [W]
   99 0x000007E0 0xFFFFFFF8 0x00800008 False   [17] [W]
  100 0x000007F8 0xFFFFFFF8 0x00000008 False   [] [W]
  101 0x00000800 0xFFFFFFF8 0x00000008 False   [] [W]
  102 0x00000850 0xFFFFFFF8 0x00000008 False   [] [W]
  103 0x00000858 0xFFFFFFF8 0x00000008 False   [] [W]
  104 0x00000860 0xFFFFFFF8 0x00000008 False   [] [W]
  105 0x00000868 0xFFFFFFF8 0x00000008 False   [] [W]
  106 0x00000870 0xFFFFFFF8 0x00000008 False   [] [W]
  107 0x00000878 0xFFFFFFF8 0x00000008 False   [] [W]
  108 0x00000880 0xFFFFFFF8 0x00000008 False   [] [W]
  109 0x00000888 0xFFFFFFF8 0x00000008 False   [] [W]
  110 0x00000890 0xFFFFFFF8 0x00000008 False   [] [W]
  111 0x00000898 0xFFFFFFF8 0x00000008 False   [] [W]
  112 0x000008A0 0xFFFFFFF8 0x00000008 False   [] [W]
  113 0x000008A8 0xFFFFFFF8 0x00000008 False   [] [W]
  114 0x000008B0 0xFFFFFFF8 0x00000008 False   [] [W]
  115 0x000008B8 0xFFFFFFF8 0x00000008 False   [] [W]
  116 0x000008C0 0xFFFFFFF8 0x00000008 False   [] [W]
  117 0x000008C8 0xFFFFFFF8 0x00000008 False   [] [W]
  118 0x000008D0 0xFFFFFFF8 0x00000008 False   [] [W]
  119 0x000008D8 0xFFFFFFF8 0x00000008 False   [] [W]
  120 0x000008F8 0xFFFFFFF8 0x00000008 False   [] [W]
  121 0x00000BE0 0xFFFFFFF8 0x00000004 False   [] [N]
  122 0x00000BE8 0xFFFFFFF8 0x00000004 False   [] [N]
  123 0x00000BF0 0xFFFFFFF8 0x00000004 False   [] [N]
  124 0x00000C08 0xFFFFFFF8 0x00000004 False   [] [N]
  125 0x00000C10 0xFFFFFFF8 0x00000004 False   [] [N]
  126 0x00000C18 0xFFFFFFF8 0x00000004 False   [] [N]
  127 0x00000C20 0xFFFFFFF8 0x00000004 False   [] [N]
  128 0x00000C28 0xFFFFFFF8 0x00000004 False   [] [N]
  129 0x00000C30 0xFFFFFFF8 0x00000004 False   [] [N]
  130 0x00000C38 0xFFFFFFF8 0x00000004 False   [] [N]
  131 0x00000C40 0xFFFFFFF8 0x00000004 False   [] [N]
  132 0x00001F08 0xFFFFFFF8 0x00000010 False   [] [SW]
  133 0x00001F10 0xFFFFFFF8 0x00000010 False   [] [SW]
  134 0x00001F18 0xFFFFFFF8 0x00000010 False   [] [SW]
  135 0x00001F20 0xFFFFFFF8 0x00000010 False   [] [SW]
  136 0x00001F28 0xFFFFFFF8 0x00000010 False   [] [SW]
  137 0x00001F30 0xFFFFFFF8 0x00000010 False   [] [SW]
  138 0x00001F38 0xFFFFFFF8 0x00000010 False   [] [SW]
  139 0x00001F40 0xFFFFFFF8 0x00000010 False   [] [SW]
  140 0x00001F48 0xFFFFFFF8 0x00000010 False   [] [SW]
  141 0x00001F50 0xFFFFFFF8 0x00000010 False   [] [SW]
  142 0x00001F58 0xFFFFFFF8 0x00000010 False   [] [SW]
  143 0x00001F60 0xFFFFFFF8 0x00000010 False   [] [SW]
  144 0x00001F68 0xFFFFFFF8 0x00000010 False   [] [SW]
0 Defaultable entries
