Router contains 54 entries
Index Key        Mask       Route      Default [Cores][Links]
----- ---------- ---------- ---------- ------- --------------
    0 0x00000E38 0xFFFFFFF8 0x00000100 False   [2] []
    1 0x00000E40 0xFFFFFFF8 0x00000300 False   [2, 3] []
    2 0x00000E48 0xFFFFFFF8 0x00000700 False   [2, 3, 4] []
    3 0x00000E50 0xFFFFFFF8 0x00000E00 False   [3, 4, 5] []
    4 0x00000E58 0xFFFFFFF8 0x00001C00 False   [4, 5, 6] []
    5 0x00000E60 0xFFFFFFF8 0x00003800 False   [5, 6, 7] []
    6 0x00000E68 0xFFFFFFF8 0x00007000 False   [8, 6, 7] []
    7 0x00000E70 0xFFFFFFF8 0x0000E000 False   [8, 9, 7] []
    8 0x00000E78 0xFFFFFFF8 0x0001C000 False   [8, 9, 10] []
    9 0x00000E80 0xFFFFFFF8 0x00038000 False   [9, 10, 11] []
   10 0x00000E88 0xFFFFFFF8 0x00070000 False   [10, 11, 12] []
   11 0x00000E90 0xFFFFFFF8 0x000E0000 False   [11, 12, 13] []
   12 0x00000E98 0xFFFFFFF8 0x001C0000 False   [12, 13, 14] []
   13 0x00000EA0 0xFFFFFFF8 0x00380000 False   [13, 14, 15] []
   14 0x00000EA8 0xFFFFFFF8 0x00700000 False   [16, 14, 15] []
   15 0x00000EB0 0xFFFFFFF8 0x00E00000 False   [16, 17, 15] []
   16 0x00000EB8 0xFFFFFFF8 0x00C00000 False   [16, 17] []
   17 0x00000EC0 0xFFFFFFF8 0x00800000 False   [17] []
   18 0x00000F38 0xFFFFFFF8 0x00000100 False   [2] []
   19 0x00000F40 0xFFFFFFF8 0x00000201 False   [3] [E]
   20 0x00000F48 0xFFFFFFF8 0x00000501 False   [2, 4] [E]
   21 0x00000F50 0xFFFFFFF8 0x00000A01 False   [3, 5] [E]
   22 0x00000F58 0xFFFFFFF8 0x00001401 False   [4, 6] [E]
   23 0x00000F60 0xFFFFFFF8 0x00002801 False   [5, 7] [E]
   24 0x00000F68 0xFFFFFFF8 0x00005001 False   [8, 6] [E]
   25 0x00000F70 0xFFFFFFF8 0x0000A001 False   [9, 7] [E]
   26 0x00000F78 0xFFFFFFF8 0x00014001 False   [8, 10] [E]
   27 0x00000F80 0xFFFFFFF8 0x00028001 False   [9, 11] [E]
   28 0x00000F88 0xFFFFFFF8 0x00050001 False   [10, 12] [E]
   29 0x00000F90 0xFFFFFFF8 0x000A0001 False   [11, 13] [E]
   30 0x00000F98 0xFFFFFFF8 0x00140001 False   [12, 14] [E]
   31 0x00000FA0 0xFFFFFFF8 0x00280001 False   [13, 15] [E]
   32 0x00000FA8 0xFFFFFFF8 0x00500001 False   [16, 14] [E]
   33 0x00000FB0 0xFFFFFFF8 0x00A00001 False   [17, 15] [E]
   34 0x00000FB8 0xFFFFFFF8 0x00400001 False   [16] [E]
   35 0x00000FC0 0xFFFFFFF8 0x00800000 False   [17] []
   36 0x00001038 0xFFFFFFF8 0x00000100 False   [2] []
   37 0x00001040 0xFFFFFFF8 0x00000300 False   [2, 3] []
   38 0x00001048 0xFFFFFFF8 0x00000700 False   [2, 3, 4] []
   39 0x00001050 0xFFFFFFF8 0x00000E00 False   [3, 4, 5] []
   40 0x00001058 0xFFFFFFF8 0x00001C00 False   [4, 5, 6] []
   41 0x00001060 0xFFFFFFF8 0x00003800 False   [5, 6, 7] []
   42 0x00001068 0xFFFFFFF8 0x00007000 False   [8, 6, 7] []
   43 0x00001070 0xFFFFFFF8 0x0000E000 False   [8, 9, 7] []
   44 0x00001078 0xFFFFFFF8 0x0001C000 False   [8, 9, 10] []
   45 0x00001080 0xFFFFFFF8 0x00038000 False   [9, 10, 11] []
   46 0x00001088 0xFFFFFFF8 0x00070000 False   [10, 11, 12] []
   47 0x00001090 0xFFFFFFF8 0x000E0000 False   [11, 12, 13] []
   48 0x00001098 0xFFFFFFF8 0x001C0000 False   [12, 13, 14] []
   49 0x000010A0 0xFFFFFFF8 0x00380000 False   [13, 14, 15] []
   50 0x000010A8 0xFFFFFFF8 0x00700000 False   [16, 14, 15] []
   51 0x000010B0 0xFFFFFFF8 0x00E00000 False   [16, 17, 15] []
   52 0x000010B8 0xFFFFFFF8 0x00C00000 False   [16, 17] []
   53 0x000010C0 0xFFFFFFF8 0x00800000 False   [17] []
0 Defaultable entries
