Router contains 140 entries
Index Key        Mask       Route      Default [Cores][Links]
----- ---------- ---------- ---------- ------- --------------
    0 0x00000000 0xFFFFFFF8 0x00000002 False   [] [NE]
    1 0x00000008 0xFFFFFFF8 0x00000002 False   [] [NE]
    2 0x00000010 0xFFFFFFF8 0x00000002 False   [] [NE]
    3 0x00000018 0xFFFFFFF8 0x00000002 False   [] [NE]
    4 0x00000020 0xFFFFFFF8 0x00000002 False   [] [NE]
    5 0x00000028 0xFFFFFFF8 0x00000002 False   [] [NE]
    6 0x00000030 0xFFFFFFF8 0x00000002 False   [] [NE]
    7 0x00000038 0xFFFFFFF8 0x00000002 False   [] [NE]
    8 0x00000040 0xFFFFFFF8 0x00000002 False   [] [NE]
    9 0x00000048 0xFFFFFFF8 0x00000002 False   [] [NE]
   10 0x00000050 0xFFFFFFF8 0x00000002 False   [] [NE]
   11 0x00000058 0xFFFFFFF8 0x00000002 False   [] [NE]
   12 0x00000060 0xFFFFFFF8 0x00000002 False   [] [NE]
   13 0x000000F0 0xFFFFFFF8 0x00000002 False   [] [NE]
   14 0x000000F8 0xFFFFFFF8 0x00000002 False   [] [NE]
   15 0x00000100 0xFFFFFFF8 0x00000200 False   [3] []
   16 0x000001E8 0xFFFFFFF8 0x00000100 False   [2] []
   17 0x000001F0 0xFFFFFFF8 0x00000300 False   [2, 3] []
   18 0x000001F8 0xFFFFFFF8 0x00000300 False   [2, 3] []
   19 0x00000200 0xFFFFFFF8 0x00000E00 False   [3, 4, 5] []
   20 0x00000208 0xFFFFFFF8 0x00001C00 False   [4, 5, 6] []
   21 0x00000210 0xFFFFFFF8 0x00003800 False   [5, 6, 7] []
   22 0x00000218 0xFFFFFFF8 0x00007000 False   [8, 6, 7] []
   23 0x00000220 0xFFFFFFF8 0x0000E000 False   [8, 9, 7] []
   24 0x00000228 0xFFFFFFF8 0x0001C000 False   [8, 9, 10] []
   25 0x00000230 0xFFFFFFF8 0x00038000 False   [9, 10, 11] []
   26 0x00000238 0xFFFFFFF8 0x00070000 False   [10, 11, 12] []
   27 0x00000240 0xFFFFFFF8 0x000E0000 False   [11, 12, 13] []
   28 0x00000248 0xFFFFFFF8 0x001C0000 False   [12, 13, 14] []
   29 0x00000250 0xFFFFFFF8 0x00380000 False   [13, 14, 15] []
   30 0x00000258 0xFFFFFFF8 0x00700000 False   [16, 14, 15] []
   31 0x00000260 0xFFFFFFF8 0x00E00000 False   [16, 17, 15] []
   32 0x00000268 0xFFFFFFF8 0x00C00008 False   [16, 17] [W]
   33 0x00000270 0xFFFFFFF8 0x00800008 False   [17] [W]
   34 0x000002E8 0xFFFFFFF8 0x00000108 False   [2] [W]
   35 0x000002F0 0xFFFFFFF8 0x00000228 False   [3] [W, S]
   36 0x000002F8 0xFFFFFFF8 0x00000538 False   [2, 4] [W, SW, S]
   37 0x00000300 0xFFFFFFF8 0x00000A28 False   [3, 5] [W, S]
   38 0x00000308 0xFFFFFFF8 0x00001428 False   [4, 6] [W, S]
   39 0x00000310 0xFFFFFFF8 0x00002828 False   [5, 7] [W, S]
   40 0x00000318 0xFFFFFFF8 0x00005028 False   [8, 6] [W, S]
   41 0x00000320 0xFFFFFFF8 0x0000A028 False   [9, 7] [W, S]
   42 0x00000328 0xFFFFFFF8 0x00014028 False   [8, 10] [W, S]
   43 0x00000330 0xFFFFFFF8 0x00028028 False   [9, 11] [W, S]
   44 0x00000338 0xFFFFFFF8 0x00050028 False   [10, 12] [W, S]
   45 0x00000340 0xFFFFFFF8 0x000A0028 False   [11, 13] [W, S]
   46 0x00000348 0xFFFFFFF8 0x00140028 False   [12, 14] [W, S]
   47 0x00000350 0xFFFFFFF8 0x00280028 False   [13, 15] [W, S]
   48 0x00000358 0xFFFFFFF8 0x00500028 False   [16, 14] [W, S]
   49 0x00000360 0xFFFFFFF8 0x00A00028 False   [17, 15] [W, S]
   50 0x00000368 0xFFFFFFF8 0x00400028 False   [16] [W, S]
   51 0x00000370 0xFFFFFFF8 0x00800020 False   [17] [S]
   52 0x00000378 0xFFFFFFF8 0x00000020 False   [] [S]
   53 0x00000380 0xFFFFFFF8 0x00000020 False   [] [S]
   54 0x00000388 0xFFFFFFF8 0x00000020 False   [] [S]
   55 0x00000390 0xFFFFFFF8 0x00000020 False   [] [S]
   56 0x00000398 0xFFFFFFF8 0x00000020 False   [] [S]
   57 0x000003A0 0xFFFFFFF8 0x00000020 False   [] [S]
   58 0x000003A8 0xFFFFFFF8 0x00000020 False   [] [S]
   59 0x000003B0 0xFFFFFFF8 0x00000020 False   [] [S]
   60 0x000003B8 0xFFFFFFF8 0x00000020 False   [] [S]
   61 0x000003C0 0xFFFFFFF8 0x00000020 False   [] [S]
   62 0x000003C8 0xFFFFFFF8 0x00000020 False   [] [S]
   63 0x000003D0 0xFFFFFFF8 0x00000020 False   [] [S]
   64 0x000003D8 0xFFFFFFF8 0x00000020 False   [] [S]
   65 0x000003E0 0xFFFFFFF8 0x00000020 False   [] [S]
   66 0x000003E8 0xFFFFFFF8 0x00000120 False   [2] [S]
   67 0x000003F0 0xFFFFFFF8 0x00000320 False   [2, 3] [S]
   68 0x000003F8 0xFFFFFFF8 0x00000720 False   [2, 3, 4] [S]
   69 0x00000400 0xFFFFFFF8 0x00000C03 False   [4, 5] [E, NE]
   70 0x00000408 0xFFFFFFF8 0x00001C01 False   [4, 5, 6] [E]
   71 0x00000410 0xFFFFFFF8 0x00003801 False   [5, 6, 7] [E]
   72 0x00000418 0xFFFFFFF8 0x00007001 False   [8, 6, 7] [E]
   73 0x00000420 0xFFFFFFF8 0x0000E001 False   [8, 9, 7] [E]
   74 0x00000428 0xFFFFFFF8 0x0001C001 False   [8, 9, 10] [E]
   75 0x00000430 0xFFFFFFF8 0x00038001 False   [9, 10, 11] [E]
   76 0x00000438 0xFFFFFFF8 0x00070001 False   [10, 11, 12] [E]
   77 0x00000440 0xFFFFFFF8 0x000E0001 False   [11, 12, 13] [E]
   78 0x00000448 0xFFFFFFF8 0x001C0001 False   [12, 13, 14] [E]
   79 0x00000450 0xFFFFFFF8 0x00380001 False   [13, 14, 15] [E]
   80 0x00000458 0xFFFFFFF8 0x00700001 False   [16, 14, 15] [E]
   81 0x00000460 0xFFFFFFF8 0x00E00001 False   [16, 17, 15] [E]
   82 0x00000468 0xFFFFFFF8 0x00C00001 False   [16, 17] [E]
   83 0x00000470 0xFFFFFFF8 0x00800008 False   [17] [W]
   84 0x00000478 0xFFFFFFF8 0x00000008 False   [] [W]
   85 0x00000480 0xFFFFFFF8 0x00000008 False   [] [W]
   86 0x00000488 0xFFFFFFF8 0x00000008 False   [] [W]
   87 0x00000490 0xFFFFFFF8 0x00000008 False   [] [W]
   88 0x00000498 0xFFFFFFF8 0x00000008 False   [] [W]
   89 0x000004A0 0xFFFFFFF8 0x00000008 False   [] [W]
   90 0x000004A8 0xFFFFFFF8 0x00000008 False   [] [W]
   91 0x000004B0 0xFFFFFFF8 0x00000008 False   [] [W]
   92 0x000004B8 0xFFFFFFF8 0x00000008 False   [] [W]
   93 0x000004C0 0xFFFFFFF8 0x00000008 False   [] [W]
   94 0x000004C8 0xFFFFFFF8 0x00000008 False   [] [W]
   95 0x000004D0 0xFFFFFFF8 0x00000008 False   [] [W]
   96 0x000004D8 0xFFFFFFF8 0x00000008 False   [] [W]
   97 0x000004E0 0xFFFFFFF8 0x00000008 False   [] [W]
   98 0x000004E8 0xFFFFFFF8 0x00000008 False   [] [W]
   99 0x000004F0 0xFFFFFFF8 0x00000008 False   [] [W]
  100 0x000004F8 0xFFFFFFF8 0x0000040A False   [4] [NE, W]
  101 0x00000508 0xFFFFFFF8 0x00000008 False   [] [W]
  102 0x00000510 0xFFFFFFF8 0x00000008 False   [] [W]
  103 0x00000518 0xFFFFFFF8 0x00000008 False   [] [W]
  104 0x00000520 0xFFFFFFF8 0x00000008 False   [] [W]
  105 0x00000528 0xFFFFFFF8 0x00000008 False   [] [W]
  106 0x00000530 0xFFFFFFF8 0x00000008 False   [] [W]
  107 0x00000538 0xFFFFFFF8 0x00000008 False   [] [W]
  108 0x00000540 0xFFFFFFF8 0x00000008 False   [] [W]
  109 0x00000548 0xFFFFFFF8 0x00000008 False   [] [W]
  110 0x00000550 0xFFFFFFF8 0x00000008 False   [] [W]
  111 0x00000568 0xFFFFFFF8 0x0000000C False   [] [N, W]
  112 0x00000570 0xFFFFFFF8 0x0000000C False   [] [N, W]
  113 0x00000578 0xFFFFFFF8 0x00000004 False   [] [N]
  114 0x00000580 0xFFFFFFF8 0x00000004 False   [] [N]
  115 0x00000588 0xFFFFFFF8 0x00000004 False   [] [N]
  116 0x00000590 0xFFFFFFF8 0x00000004 False   [] [N]
  117 0x00000598 0xFFFFFFF8 0x00000004 False   [] [N]
  118 0x000005A0 0xFFFFFFF8 0x00000004 False   [] [N]
  119 0x000005A8 0xFFFFFFF8 0x00000004 False   [] [N]
  120 0x000005B0 0xFFFFFFF8 0x00000004 False   [] [N]
  121 0x000005B8 0xFFFFFFF8 0x00000004 False   [] [N]
  122 0x000005C0 0xFFFFFFF8 0x00000004 False   [] [N]
  123 0x000005C8 0xFFFFFFF8 0x00000004 False   [] [N]
  124 0x000005D0 0xFFFFFFF8 0x00000004 False   [] [N]
  125 0x000005D8 0xFFFFFFF8 0x00000004 False   [] [N]
  126 0x000007D8 0xFFFFFFF8 0x00000004 False   [] [N]
  127 0x000007E0 0xFFFFFFF8 0x00000004 False   [] [N]
  128 0x000007E8 0xFFFFFFF8 0x00000008 False   [] [W]
  129 0x000007F0 0xFFFFFFF8 0x00000008 False   [] [W]
  130 0x00000808 0xFFFFFFF8 0x00000008 False   [] [W]
  131 0x00000810 0xFFFFFFF8 0x00000008 False   [] [W]
  132 0x00000818 0xFFFFFFF8 0x00000008 False   [] [W]
  133 0x00000820 0xFFFFFFF8 0x00000008 False   [] [W]
  134 0x00000828 0xFFFFFFF8 0x00000008 False   [] [W]
  135 0x00000830 0xFFFFFFF8 0x00000008 False   [] [W]
  136 0x00000838 0xFFFFFFF8 0x00000008 False   [] [W]
  137 0x00000840 0xFFFFFFF8 0x00000008 False   [] [W]
  138 0x00000848 0xFFFFFFF8 0x00000008 False   [] [W]
  139 0x00001F00 0xFFFFFFF8 0x00000010 False   [] [SW]
0 Defaultable entries
