Router contains 69 entries
Index Key        Mask       Route      Default [Cores][Links]
----- ---------- ---------- ---------- ------- --------------
    0 0x00001600 0xFFFFFFF8 0x00040000 False   [12] []
    1 0x000016A8 0xFFFFFFF8 0x00000200 False   [3] []
    2 0x000016B0 0xFFFFFFF8 0x00000600 False   [3, 4] []
    3 0x000016B8 0xFFFFFFF8 0x00000E00 False   [3, 4, 5] []
    4 0x000016C0 0xFFFFFFF8 0x00001C00 False   [4, 5, 6] []
    5 0x000016C8 0xFFFFFFF8 0x00003800 False   [5, 6, 7] []
    6 0x000016D0 0xFFFFFFF8 0x00007000 False   [8, 6, 7] []
    7 0x000016D8 0xFFFFFFF8 0x0000E000 False   [8, 9, 7] []
    8 0x000016E0 0xFFFFFFF8 0x0001C000 False   [8, 9, 10] []
    9 0x000016E8 0xFFFFFFF8 0x00038000 False   [9, 10, 11] []
   10 0x000016F0 0xFFFFFFF8 0x00070000 False   [10, 11, 12] []
   11 0x000016F8 0xFFFFFFF8 0x00060000 False   [11, 12] []
   12 0x00001700 0xFFFFFFF8 0x001C0000 False   [12, 13, 14] []
   13 0x00001708 0xFFFFFFF8 0x00380000 False   [13, 14, 15] []
   14 0x00001710 0xFFFFFFF8 0x00700000 False   [16, 14, 15] []
   15 0x00001718 0xFFFFFFF8 0x00E00000 False   [16, 17, 15] []
   16 0x00001720 0xFFFFFFF8 0x00C00000 False   [16, 17] []
   17 0x00001728 0xFFFFFFF8 0x00800000 False   [17] []
   18 0x000017A8 0xFFFFFFF8 0x00000200 False   [3] []
   19 0x000017B0 0xFFFFFFF8 0x00000404 False   [4] [N]
   20 0x000017B8 0xFFFFFFF8 0x00000A04 False   [3, 5] [N]
   21 0x000017C0 0xFFFFFFF8 0x00001404 False   [4, 6] [N]
   22 0x000017C8 0xFFFFFFF8 0x00002804 False   [5, 7] [N]
   23 0x000017D0 0xFFFFFFF8 0x00005004 False   [8, 6] [N]
   24 0x000017D8 0xFFFFFFF8 0x0000A004 False   [9, 7] [N]
   25 0x000017E0 0xFFFFFFF8 0x00014004 False   [8, 10] [N]
   26 0x000017E8 0xFFFFFFF8 0x00028004 False   [9, 11] [N]
   27 0x000017F0 0xFFFFFFF8 0x00050004 False   [10, 12] [N]
   28 0x000017F8 0xFFFFFFF8 0x000A0004 False   [11, 13] [N]
   29 0x00001800 0xFFFFFFF8 0x00140004 False   [12, 14] [N]
   30 0x00001808 0xFFFFFFF8 0x00280004 False   [13, 15] [N]
   31 0x00001810 0xFFFFFFF8 0x00500004 False   [16, 14] [N]
   32 0x00001818 0xFFFFFFF8 0x00A00004 False   [17, 15] [N]
   33 0x00001820 0xFFFFFFF8 0x00400004 False   [16] [N]
   34 0x00001828 0xFFFFFFF8 0x00800000 False   [17] []
   35 0x000018A8 0xFFFFFFF8 0x00000200 False   [3] []
   36 0x000018B0 0xFFFFFFF8 0x00000600 False   [3, 4] []
   37 0x000018B8 0xFFFFFFF8 0x00000E00 False   [3, 4, 5] []
   38 0x000018C0 0xFFFFFFF8 0x00001C00 False   [4, 5, 6] []
   39 0x000018C8 0xFFFFFFF8 0x00003800 False   [5, 6, 7] []
   40 0x000018D0 0xFFFFFFF8 0x00007000 False   [8, 6, 7] []
   41 0x000018D8 0xFFFFFFF8 0x0000E000 False   [8, 9, 7] []
   42 0x000018E0 0xFFFFFFF8 0x0001C000 False   [8, 9, 10] []
   43 0x000018E8 0xFFFFFFF8 0x00038000 False   [9, 10, 11] []
   44 0x000018F0 0xFFFFFFF8 0x00070000 False   [10, 11, 12] []
   45 0x000018F8 0xFFFFFFF8 0x000E0000 False   [11, 12, 13] []
   46 0x00001900 0xFFFFFFF8 0x00180000 False   [13, 14] []
   47 0x00001908 0xFFFFFFF8 0x00380000 False   [13, 14, 15] []
   48 0x00001910 0xFFFFFFF8 0x00700000 False   [16, 14, 15] []
   49 0x00001918 0xFFFFFFF8 0x00E00000 False   [16, 17, 15] []
   50 0x00001920 0xFFFFFFF8 0x00C00000 False   [16, 17] []
   51 0x00001928 0xFFFFFFF8 0x00800000 False   [17] []
   52 0x000019F8 0xFFFFFFF8 0x00080000 False   [13] []
   53 0x00001B10 0xFFFFFFF8 0x00000001 False   [] [E]
   54 0x00001B18 0xFFFFFFF8 0x00000001 False   [] [E]
   55 0x00001B20 0xFFFFFFF8 0x00000001 False   [] [E]
   56 0x00001B28 0xFFFFFFF8 0x00000001 False   [] [E]
   57 0x00001B30 0xFFFFFFF8 0x00000001 False   [] [E]
   58 0x00001B38 0xFFFFFFF8 0x00000001 False   [] [E]
   59 0x00001B40 0xFFFFFFF8 0x00000001 False   [] [E]
   60 0x00001B48 0xFFFFFFF8 0x00000001 False   [] [E]
   61 0x00001B50 0xFFFFFFF8 0x00000001 False   [] [E]
   62 0x00001B58 0xFFFFFFF8 0x00000001 False   [] [E]
   63 0x00001B60 0xFFFFFFF8 0x00000001 False   [] [E]
   64 0x00001B68 0xFFFFFFF8 0x00000001 False   [] [E]
   65 0x00001B70 0xFFFFFFF8 0x00000001 False   [] [E]
   66 0x00001B78 0xFFFFFFF8 0x00000001 False   [] [E]
   67 0x00001B80 0xFFFFFFF8 0x00000001 False   [] [E]
   68 0x00001B88 0xFFFFFFF8 0x00000001 False   [] [E]
0 Defaultable entries
