Router contains 56 entries
Index Key        Mask       Route      Default [Cores][Links]
----- ---------- ---------- ---------- ------- --------------
    0 0x00000A00 0xFFFFFFF8 0x00001000 False   [6] []
    1 0x00000AD0 0xFFFFFFF8 0x00000100 False   [2] []
    2 0x00000AD8 0xFFFFFFF8 0x00000300 False   [2, 3] []
    3 0x00000AE0 0xFFFFFFF8 0x00000700 False   [2, 3, 4] []
    4 0x00000AE8 0xFFFFFFF8 0x00000E00 False   [3, 4, 5] []
    5 0x00000AF0 0xFFFFFFF8 0x00001C00 False   [4, 5, 6] []
    6 0x00000AF8 0xFFFFFFF8 0x00001800 False   [5, 6] []
    7 0x00000B00 0xFFFFFFF8 0x00007000 False   [8, 6, 7] []
    8 0x00000B08 0xFFFFFFF8 0x0000E000 False   [8, 9, 7] []
    9 0x00000B10 0xFFFFFFF8 0x0001C000 False   [8, 9, 10] []
   10 0x00000B18 0xFFFFFFF8 0x00038000 False   [9, 10, 11] []
   11 0x00000B20 0xFFFFFFF8 0x00070000 False   [10, 11, 12] []
   12 0x00000B28 0xFFFFFFF8 0x000E0000 False   [11, 12, 13] []
   13 0x00000B30 0xFFFFFFF8 0x001C0000 False   [12, 13, 14] []
   14 0x00000B38 0xFFFFFFF8 0x00380000 False   [13, 14, 15] []
   15 0x00000B40 0xFFFFFFF8 0x00700000 False   [16, 14, 15] []
   16 0x00000B48 0xFFFFFFF8 0x00E00000 False   [16, 17, 15] []
   17 0x00000B50 0xFFFFFFF8 0x00C00000 False   [16, 17] []
   18 0x00000B58 0xFFFFFFF8 0x00800000 False   [17] []
   19 0x00000BD0 0xFFFFFFF8 0x00000100 False   [2] []
   20 0x00000BD8 0xFFFFFFF8 0x00000204 False   [3] [N]
   21 0x00000BE0 0xFFFFFFF8 0x00000504 False   [2, 4] [N]
   22 0x00000BE8 0xFFFFFFF8 0x00000A04 False   [3, 5] [N]
   23 0x00000BF0 0xFFFFFFF8 0x00001404 False   [4, 6] [N]
   24 0x00000BF8 0xFFFFFFF8 0x00002804 False   [5, 7] [N]
   25 0x00000C00 0xFFFFFFF8 0x00005004 False   [8, 6] [N]
   26 0x00000C08 0xFFFFFFF8 0x0000A004 False   [9, 7] [N]
   27 0x00000C10 0xFFFFFFF8 0x00014004 False   [8, 10] [N]
   28 0x00000C18 0xFFFFFFF8 0x00028004 False   [9, 11] [N]
   29 0x00000C20 0xFFFFFFF8 0x00050004 False   [10, 12] [N]
   30 0x00000C28 0xFFFFFFF8 0x000A0004 False   [11, 13] [N]
   31 0x00000C30 0xFFFFFFF8 0x00140004 False   [12, 14] [N]
   32 0x00000C38 0xFFFFFFF8 0x00280004 False   [13, 15] [N]
   33 0x00000C40 0xFFFFFFF8 0x00500004 False   [16, 14] [N]
   34 0x00000C48 0xFFFFFFF8 0x00A00004 False   [17, 15] [N]
   35 0x00000C50 0xFFFFFFF8 0x00400004 False   [16] [N]
   36 0x00000C58 0xFFFFFFF8 0x00800000 False   [17] []
   37 0x00000CD0 0xFFFFFFF8 0x00000100 False   [2] []
   38 0x00000CD8 0xFFFFFFF8 0x00000300 False   [2, 3] []
   39 0x00000CE0 0xFFFFFFF8 0x00000700 False   [2, 3, 4] []
   40 0x00000CE8 0xFFFFFFF8 0x00000E00 False   [3, 4, 5] []
   41 0x00000CF0 0xFFFFFFF8 0x00001C00 False   [4, 5, 6] []
   42 0x00000CF8 0xFFFFFFF8 0x00003800 False   [5, 6, 7] []
   43 0x00000D00 0xFFFFFFF8 0x00006000 False   [8, 7] []
   44 0x00000D08 0xFFFFFFF8 0x0000E000 False   [8, 9, 7] []
   45 0x00000D10 0xFFFFFFF8 0x0001C000 False   [8, 9, 10] []
   46 0x00000D18 0xFFFFFFF8 0x00038000 False   [9, 10, 11] []
   47 0x00000D20 0xFFFFFFF8 0x00070000 False   [10, 11, 12] []
   48 0x00000D28 0xFFFFFFF8 0x000E0000 False   [11, 12, 13] []
   49 0x00000D30 0xFFFFFFF8 0x001C0000 False   [12, 13, 14] []
   50 0x00000D38 0xFFFFFFF8 0x00380000 False   [13, 14, 15] []
   51 0x00000D40 0xFFFFFFF8 0x00700000 False   [16, 14, 15] []
   52 0x00000D48 0xFFFFFFF8 0x00E00000 False   [16, 17, 15] []
   53 0x00000D50 0xFFFFFFF8 0x00C00000 False   [16, 17] []
   54 0x00000D58 0xFFFFFFF8 0x00800000 False   [17] []
   55 0x00000DF8 0xFFFFFFF8 0x00002000 False   [7] []
0 Defaultable entries
