Router contains 93 entries
Index Key        Mask       Route      Default [Cores][Links]
----- ---------- ---------- ---------- ------- --------------
    0 0x00000000 0xFFFFFFF8 0x00000702 False   [2, 3, 4] [NE]
    1 0x00000008 0xFFFFFFF8 0x00000E02 False   [3, 4, 5] [NE]
    2 0x00000010 0xFFFFFFF8 0x00001C02 False   [4, 5, 6] [NE]
    3 0x00000018 0xFFFFFFF8 0x00003802 False   [5, 6, 7] [NE]
    4 0x00000020 0xFFFFFFF8 0x00007002 False   [8, 6, 7] [NE]
    5 0x00000028 0xFFFFFFF8 0x0000E002 False   [8, 9, 7] [NE]
    6 0x00000030 0xFFFFFFF8 0x0001C002 False   [8, 9, 10] [NE]
    7 0x00000038 0xFFFFFFF8 0x00038002 False   [9, 10, 11] [NE]
    8 0x00000040 0xFFFFFFF8 0x00070002 False   [10, 11, 12] [NE]
    9 0x00000048 0xFFFFFFF8 0x000E0002 False   [11, 12, 13] [NE]
   10 0x00000050 0xFFFFFFF8 0x001C0002 False   [12, 13, 14] [NE]
   11 0x00000058 0xFFFFFFF8 0x00380002 False   [13, 14, 15] [NE]
   12 0x00000060 0xFFFFFFF8 0x00700002 False   [16, 14, 15] [NE]
   13 0x00000068 0xFFFFFFF8 0x00600000 False   [16, 15] []
   14 0x00000070 0xFFFFFFF8 0x00400000 False   [16] []
   15 0x000000F0 0xFFFFFFF8 0x0000010A False   [2] [NE, W]
   16 0x000000F8 0xFFFFFFF8 0x00000232 False   [3] [NE, SW, S]
   17 0x00000100 0xFFFFFFF8 0x00000513 False   [2, 4] [E, NE, SW]
   18 0x00000108 0xFFFFFFF8 0x00000A11 False   [3, 5] [E, SW]
   19 0x00000110 0xFFFFFFF8 0x00001411 False   [4, 6] [E, SW]
   20 0x00000118 0xFFFFFFF8 0x00002811 False   [5, 7] [E, SW]
   21 0x00000120 0xFFFFFFF8 0x00005011 False   [8, 6] [E, SW]
   22 0x00000128 0xFFFFFFF8 0x0000A011 False   [9, 7] [E, SW]
   23 0x00000130 0xFFFFFFF8 0x00014011 False   [8, 10] [E, SW]
   24 0x00000138 0xFFFFFFF8 0x00028011 False   [9, 11] [E, SW]
   25 0x00000140 0xFFFFFFF8 0x00050011 False   [10, 12] [E, SW]
   26 0x00000148 0xFFFFFFF8 0x000A0011 False   [11, 13] [E, SW]
   27 0x00000150 0xFFFFFFF8 0x00140011 False   [12, 14] [E, SW]
   28 0x00000158 0xFFFFFFF8 0x00280011 False   [13, 15] [E, SW]
   29 0x00000160 0xFFFFFFF8 0x00500011 False   [16, 14] [E, SW]
   30 0x00000168 0xFFFFFFF8 0x00200019 False   [15] [E, W, SW]
   31 0x00000170 0xFFFFFFF8 0x00400001 False   [16] [E]
   32 0x00000180 0xFFFFFFF8 0x00000021 False   [] [E, S]
   33 0x00000188 0xFFFFFFF8 0x00000021 False   [] [E, S]
   34 0x00000190 0xFFFFFFF8 0x00000021 False   [] [E, S]
   35 0x00000198 0xFFFFFFF8 0x00000021 False   [] [E, S]
   36 0x000001A0 0xFFFFFFF8 0x00000021 False   [] [E, S]
   37 0x000001A8 0xFFFFFFF8 0x00000021 False   [] [E, S]
   38 0x000001B0 0xFFFFFFF8 0x00000021 False   [] [E, S]
   39 0x000001B8 0xFFFFFFF8 0x00000021 False   [] [E, S]
   40 0x000001C0 0xFFFFFFF8 0x00000021 False   [] [E, S]
   41 0x000001C8 0xFFFFFFF8 0x00000021 False   [] [E, S]
   42 0x000001D0 0xFFFFFFF8 0x00000021 False   [] [E, S]
   43 0x000001D8 0xFFFFFFF8 0x00000021 False   [] [E, S]
   44 0x000001E0 0xFFFFFFF8 0x00000021 False   [] [E, S]
   45 0x000001E8 0xFFFFFFF8 0x00000023 False   [] [E, NE, S]
   46 0x000001F0 0xFFFFFFF8 0x00000108 False   [2] [W]
   47 0x000001F8 0xFFFFFFF8 0x00000300 False   [2, 3] []
   48 0x00000200 0xFFFFFFF8 0x0000060A False   [3, 4] [NE, W]
   49 0x00000208 0xFFFFFFF8 0x00000E02 False   [3, 4, 5] [NE]
   50 0x00000210 0xFFFFFFF8 0x00001C02 False   [4, 5, 6] [NE]
   51 0x00000218 0xFFFFFFF8 0x00003802 False   [5, 6, 7] [NE]
   52 0x00000220 0xFFFFFFF8 0x00007002 False   [8, 6, 7] [NE]
   53 0x00000228 0xFFFFFFF8 0x0000E002 False   [8, 9, 7] [NE]
   54 0x00000230 0xFFFFFFF8 0x0001C002 False   [8, 9, 10] [NE]
   55 0x00000238 0xFFFFFFF8 0x00038002 False   [9, 10, 11] [NE]
   56 0x00000240 0xFFFFFFF8 0x00070002 False   [10, 11, 12] [NE]
   57 0x00000248 0xFFFFFFF8 0x000E0002 False   [11, 12, 13] [NE]
   58 0x00000250 0xFFFFFFF8 0x001C0002 False   [12, 13, 14] [NE]
   59 0x00000258 0xFFFFFFF8 0x00380002 False   [13, 14, 15] [NE]
   60 0x00000260 0xFFFFFFF8 0x00700002 False   [16, 14, 15] [NE]
   61 0x00000268 0xFFFFFFF8 0x00600008 False   [16, 15] [W]
   62 0x00000270 0xFFFFFFF8 0x00400008 False   [16] [W]
   63 0x00000278 0xFFFFFFF8 0x0000000C False   [] [N, W]
   64 0x00000280 0xFFFFFFF8 0x0000000C False   [] [N, W]
   65 0x00000288 0xFFFFFFF8 0x0000000C False   [] [N, W]
   66 0x00000290 0xFFFFFFF8 0x0000000C False   [] [N, W]
   67 0x00000298 0xFFFFFFF8 0x0000000C False   [] [N, W]
   68 0x000002A0 0xFFFFFFF8 0x0000000C False   [] [N, W]
   69 0x000002A8 0xFFFFFFF8 0x0000000C False   [] [N, W]
   70 0x000002B0 0xFFFFFFF8 0x0000000C False   [] [N, W]
   71 0x000002B8 0xFFFFFFF8 0x0000000C False   [] [N, W]
   72 0x000002C0 0xFFFFFFF8 0x0000000C False   [] [N, W]
   73 0x000002C8 0xFFFFFFF8 0x0000000C False   [] [N, W]
   74 0x000002D0 0xFFFFFFF8 0x0000000C False   [] [N, W]
   75 0x000002D8 0xFFFFFFF8 0x0000000C False   [] [N, W]
   76 0x000002E0 0xFFFFFFF8 0x0000000C False   [] [N, W]
   77 0x000002F8 0xFFFFFFF8 0x00000200 False   [3] []
   78 0x00001F00 0xFFFFFFF8 0x00000110 False   [2] [SW]
   79 0x00001F90 0xFFFFFFF8 0x00000020 False   [] [S]
   80 0x00001F98 0xFFFFFFF8 0x00000020 False   [] [S]
   81 0x00001FA0 0xFFFFFFF8 0x00000020 False   [] [S]
   82 0x00001FA8 0xFFFFFFF8 0x00000020 False   [] [S]
   83 0x00001FB0 0xFFFFFFF8 0x00000020 False   [] [S]
   84 0x00001FB8 0xFFFFFFF8 0x00000020 False   [] [S]
   85 0x00001FC0 0xFFFFFFF8 0x00000020 False   [] [S]
   86 0x00001FC8 0xFFFFFFF8 0x00000020 False   [] [S]
   87 0x00001FD0 0xFFFFFFF8 0x00000020 False   [] [S]
   88 0x00001FD8 0xFFFFFFF8 0x00000020 False   [] [S]
   89 0x00001FE0 0xFFFFFFF8 0x00000020 False   [] [S]
   90 0x00001FE8 0xFFFFFFF8 0x00000020 False   [] [S]
   91 0x00001FF0 0xFFFFFFF8 0x00000120 False   [2] [S]
   92 0x00001FF8 0xFFFFFFF8 0x00000130 False   [2] [SW, S]
0 Defaultable entries
