Router contains 51 entries
Index Key        Mask       Route      Default [Cores][Links]
----- ---------- ---------- ---------- ------- --------------
    0 0x00000000 0xFFFFFFF8 0x00300004 False   [14, 15] [N]
    1 0x00000008 0xFFFFFFF8 0x00700000 False   [16, 14, 15] []
    2 0x00000010 0xFFFFFFF8 0x00E00000 False   [16, 17, 15] []
    3 0x00000018 0xFFFFFFF8 0x00C00004 False   [16, 17] [N]
    4 0x00000020 0xFFFFFFF8 0x00800004 False   [17] [N]
    5 0x00000048 0xFFFFFFF8 0x00100004 False   [14] [N]
    6 0x00000190 0xFFFFFFF8 0x00000020 False   [] [S]
    7 0x00000198 0xFFFFFFF8 0x00000020 False   [] [S]
    8 0x000001A0 0xFFFFFFF8 0x00000020 False   [] [S]
    9 0x000001A8 0xFFFFFFF8 0x00000020 False   [] [S]
   10 0x000001B0 0xFFFFFFF8 0x00000020 False   [] [S]
   11 0x000001B8 0xFFFFFFF8 0x00000020 False   [] [S]
   12 0x000001C0 0xFFFFFFF8 0x00000020 False   [] [S]
   13 0x000001C8 0xFFFFFFF8 0x00000020 False   [] [S]
   14 0x000001D0 0xFFFFFFF8 0x00000020 False   [] [S]
   15 0x000001D8 0xFFFFFFF8 0x00000020 False   [] [S]
   16 0x000001E0 0xFFFFFFF8 0x00000220 False   [3] [S]
   17 0x000001E8 0xFFFFFFF8 0x00000020 False   [] [S]
   18 0x00000218 0xFFFFFFF8 0x00000108 False   [2] [W]
   19 0x00000220 0xFFFFFFF8 0x00000308 False   [2, 3] [W]
   20 0x00000228 0xFFFFFFF8 0x00000308 False   [2, 3] [W]
   21 0x00000230 0xFFFFFFF8 0x00080E08 False   [13, 3, 4, 5] [W]
   22 0x00000238 0xFFFFFFF8 0x00001C08 False   [4, 5, 6] [W]
   23 0x00000240 0xFFFFFFF8 0x00003808 False   [5, 6, 7] [W]
   24 0x00000248 0xFFFFFFF8 0x00007000 False   [8, 6, 7] []
   25 0x00000250 0xFFFFFFF8 0x0000E000 False   [8, 9, 7] []
   26 0x00000258 0xFFFFFFF8 0x0001C000 False   [8, 9, 10] []
   27 0x00000260 0xFFFFFFF8 0x00038000 False   [9, 10, 11] []
   28 0x00000268 0xFFFFFFF8 0x00070100 False   [11, 2, 10, 12] []
   29 0x00000270 0xFFFFFFF8 0x000E0220 False   [11, 3, 12, 13] [S]
   30 0x00000278 0xFFFFFFF8 0x000C0528 False   [2, 13, 4, 12] [W, S]
   31 0x00000280 0xFFFFFFF8 0x00380A24 False   [3, 5, 13, 14, 15] [N, S]
   32 0x00000288 0xFFFFFFF8 0x00701420 False   [4, 6, 14, 15, 16] [S]
   33 0x00000290 0xFFFFFFF8 0x00E02820 False   [5, 7, 15, 16, 17] [S]
   34 0x00000298 0xFFFFFFF8 0x00C05024 False   [8, 16, 6, 17] [N, S]
   35 0x000002A0 0xFFFFFFF8 0x0080A024 False   [9, 17, 7] [N, S]
   36 0x000002A8 0xFFFFFFF8 0x00014024 False   [8, 10] [N, S]
   37 0x000002B0 0xFFFFFFF8 0x00028024 False   [9, 11] [N, S]
   38 0x000002B8 0xFFFFFFF8 0x00050124 False   [2, 10, 12] [N, S]
   39 0x000002C0 0xFFFFFFF8 0x000A0324 False   [11, 2, 3, 13] [N, S]
   40 0x000002C8 0xFFFFFFF8 0x00140724 False   [2, 3, 4, 12, 14] [N, S]
   41 0x000002D0 0xFFFFFFF8 0x00280C0C False   [13, 4, 5, 15] [N, W]
   42 0x000002D8 0xFFFFFFF8 0x00501C08 False   [4, 5, 6, 14, 16] [W]
   43 0x000002E0 0xFFFFFFF8 0x00A03808 False   [5, 6, 7, 15, 17] [W]
   44 0x000002E8 0xFFFFFFF8 0x0040700C False   [8, 16, 6, 7] [N, W]
   45 0x000002F0 0xFFFFFFF8 0x0080E000 False   [8, 9, 17, 7] []
   46 0x000002F8 0xFFFFFFF8 0x0001C000 False   [8, 9, 10] []
   47 0x00000300 0xFFFFFFF8 0x00038000 False   [9, 10, 11] []
   48 0x00000308 0xFFFFFFF8 0x00070000 False   [10, 11, 12] []
   49 0x00000310 0xFFFFFFF8 0x000E0000 False   [11, 12, 13] []
   50 0x00000318 0xFFFFFFF8 0x001C0400 False   [13, 4, 12, 14] []
0 Defaultable entries
