Router contains 63 entries
Index Key        Mask       Route      Default [Cores][Links]
----- ---------- ---------- ---------- ------- --------------
    0 0x00000028 0xFFFFFFF8 0x00000002 False   [] [NE]
    1 0x00000030 0xFFFFFFF8 0x00000002 False   [] [NE]
    2 0x00000038 0xFFFFFFF8 0x00000002 False   [] [NE]
    3 0x00000040 0xFFFFFFF8 0x00000002 False   [] [NE]
    4 0x000000A0 0xFFFFFFF8 0x00010100 False   [2, 10] []
    5 0x000000A8 0xFFFFFFF8 0x00000300 False   [2, 3] []
    6 0x000000B0 0xFFFFFFF8 0x00000700 False   [2, 3, 4] []
    7 0x000000B8 0xFFFFFFF8 0x00000E00 False   [3, 4, 5] []
    8 0x000000C0 0xFFFFFFF8 0x00001C00 False   [4, 5, 6] []
    9 0x000000C8 0xFFFFFFF8 0x00003800 False   [5, 6, 7] []
   10 0x000000D0 0xFFFFFFF8 0x00007000 False   [8, 6, 7] []
   11 0x000000D8 0xFFFFFFF8 0x0000E000 False   [8, 9, 7] []
   12 0x000000E0 0xFFFFFFF8 0x0001C000 False   [8, 9, 10] []
   13 0x000000E8 0xFFFFFFF8 0x00018000 False   [9, 10] []
   14 0x000000F0 0xFFFFFFF8 0x00070108 False   [11, 2, 10, 12] [W]
   15 0x000000F8 0xFFFFFFF8 0x000E0220 False   [11, 3, 12, 13] [S]
   16 0x00000100 0xFFFFFFF8 0x001C0520 False   [2, 4, 12, 13, 14] [S]
   17 0x00000108 0xFFFFFFF8 0x00380A20 False   [3, 5, 13, 14, 15] [S]
   18 0x00000110 0xFFFFFFF8 0x00701420 False   [4, 6, 14, 15, 16] [S]
   19 0x00000118 0xFFFFFFF8 0x00602828 False   [16, 15, 5, 7] [W, S]
   20 0x00000120 0xFFFFFFF8 0x00405028 False   [8, 16, 6] [W, S]
   21 0x00000128 0xFFFFFFF8 0x0000A028 False   [9, 7] [W, S]
   22 0x00000130 0xFFFFFFF8 0x00014028 False   [8, 10] [W, S]
   23 0x00000138 0xFFFFFFF8 0x00028028 False   [9, 11] [W, S]
   24 0x00000140 0xFFFFFFF8 0x00050128 False   [2, 10, 12] [W, S]
   25 0x00000148 0xFFFFFFF8 0x000A0328 False   [11, 2, 3, 13] [W, S]
   26 0x00000150 0xFFFFFFF8 0x00140708 False   [2, 3, 4, 12, 14] [W]
   27 0x00000158 0xFFFFFFF8 0x00280E08 False   [3, 4, 5, 13, 15] [W]
   28 0x00000160 0xFFFFFFF8 0x00501C08 False   [4, 5, 6, 14, 16] [W]
   29 0x00000168 0xFFFFFFF8 0x00203808 False   [15, 5, 6, 7] [W]
   30 0x00000170 0xFFFFFFF8 0x00407000 False   [8, 16, 6, 7] []
   31 0x00000178 0xFFFFFFF8 0x0000E000 False   [8, 9, 7] []
   32 0x00000180 0xFFFFFFF8 0x0001C000 False   [8, 9, 10] []
   33 0x00000188 0xFFFFFFF8 0x00038020 False   [9, 10, 11] [S]
   34 0x00000190 0xFFFFFFF8 0x00060001 False   [11, 12] [E]
   35 0x00000198 0xFFFFFFF8 0x000E0001 False   [11, 12, 13] [E]
   36 0x000001A0 0xFFFFFFF8 0x001C0001 False   [12, 13, 14] [E]
   37 0x000001A8 0xFFFFFFF8 0x00380001 False   [13, 14, 15] [E]
   38 0x000001B0 0xFFFFFFF8 0x00700001 False   [16, 14, 15] [E]
   39 0x000001B8 0xFFFFFFF8 0x00600001 False   [16, 15] [E]
   40 0x000001C0 0xFFFFFFF8 0x00400001 False   [16] [E]
   41 0x000001C8 0xFFFFFFF8 0x00000001 False   [] [E]
   42 0x000001D0 0xFFFFFFF8 0x00000001 False   [] [E]
   43 0x000001D8 0xFFFFFFF8 0x00020001 False   [11] [E]
   44 0x000001E0 0xFFFFFFF8 0x00000001 False   [] [E]
   45 0x000001E8 0xFFFFFFF8 0x00000001 False   [] [E]
   46 0x00000218 0xFFFFFFF8 0x00000008 False   [] [W]
   47 0x00000220 0xFFFFFFF8 0x00000008 False   [] [W]
   48 0x00000228 0xFFFFFFF8 0x00000008 False   [] [W]
   49 0x00000230 0xFFFFFFF8 0x00000008 False   [] [W]
   50 0x00000238 0xFFFFFFF8 0x00000008 False   [] [W]
   51 0x00000240 0xFFFFFFF8 0x00000008 False   [] [W]
   52 0x00000278 0xFFFFFFF8 0x00000008 False   [] [W]
   53 0x000002D0 0xFFFFFFF8 0x00000010 False   [] [SW]
   54 0x000002D8 0xFFFFFFF8 0x00000010 False   [] [SW]
   55 0x000002E0 0xFFFFFFF8 0x00000010 False   [] [SW]
   56 0x000002E8 0xFFFFFFF8 0x00000010 False   [] [SW]
   57 0x000002F0 0xFFFFFFF8 0x00000010 False   [] [SW]
   58 0x000002F8 0xFFFFFFF8 0x00000010 False   [] [SW]
   59 0x00000300 0xFFFFFFF8 0x00000010 False   [] [SW]
   60 0x00000308 0xFFFFFFF8 0x00000010 False   [] [SW]
   61 0x00000310 0xFFFFFFF8 0x00000010 False   [] [SW]
   62 0x00000318 0xFFFFFFF8 0x00000010 False   [] [SW]
0 Defaultable entries
