Router contains 40 entries
Index Key        Mask       Route      Default [Cores][Links]
----- ---------- ---------- ---------- ------- --------------
    0 0x000000F0 0xFFFFFFF8 0x00000800 False   [5] []
    1 0x00000118 0xFFFFFFF8 0x00000100 False   [2] []
    2 0x00000120 0xFFFFFFF8 0x00000300 False   [2, 3] []
    3 0x00000128 0xFFFFFFF8 0x00000700 False   [2, 3, 4] []
    4 0x00000130 0xFFFFFFF8 0x00000E00 False   [3, 4, 5] []
    5 0x00000138 0xFFFFFFF8 0x00000C00 False   [4, 5] []
    6 0x00000140 0xFFFFFFF8 0x00203800 False   [15, 5, 6, 7] []
    7 0x00000148 0xFFFFFFF8 0x00007000 False   [8, 6, 7] []
    8 0x00000150 0xFFFFFFF8 0x0000E000 False   [8, 9, 7] []
    9 0x00000158 0xFFFFFFF8 0x0001C000 False   [8, 9, 10] []
   10 0x00000160 0xFFFFFFF8 0x00038000 False   [9, 10, 11] []
   11 0x00000168 0xFFFFFFF8 0x00070100 False   [11, 2, 10, 12] []
   12 0x00000170 0xFFFFFFF8 0x000E0201 False   [11, 3, 12, 13] [E]
   13 0x00000178 0xFFFFFFF8 0x001C0501 False   [2, 4, 12, 13, 14] [E]
   14 0x00000180 0xFFFFFFF8 0x00380A01 False   [3, 5, 13, 14, 15] [E]
   15 0x00000188 0xFFFFFFF8 0x00301401 False   [4, 15, 6, 14] [E]
   16 0x00000190 0xFFFFFFF8 0x00E02801 False   [5, 7, 15, 16, 17] [E]
   17 0x00000198 0xFFFFFFF8 0x00C05001 False   [8, 16, 6, 17] [E]
   18 0x000001A0 0xFFFFFFF8 0x0080A001 False   [9, 17, 7] [E]
   19 0x000001A8 0xFFFFFFF8 0x00014001 False   [8, 10] [E]
   20 0x000001B0 0xFFFFFFF8 0x00028001 False   [9, 11] [E]
   21 0x000001B8 0xFFFFFFF8 0x00050101 False   [2, 10, 12] [E]
   22 0x000001C0 0xFFFFFFF8 0x000A0301 False   [11, 2, 3, 13] [E]
   23 0x000001C8 0xFFFFFFF8 0x00140701 False   [2, 3, 4, 12, 14] [E]
   24 0x000001D0 0xFFFFFFF8 0x00280E01 False   [3, 4, 5, 13, 15] [E]
   25 0x000001D8 0xFFFFFFF8 0x00501C01 False   [4, 5, 6, 14, 16] [E]
   26 0x000001E0 0xFFFFFFF8 0x00A03001 False   [17, 15, 6, 7] [E]
   27 0x000001E8 0xFFFFFFF8 0x00407001 False   [8, 16, 6, 7] [E]
   28 0x000001F0 0xFFFFFFF8 0x0080E000 False   [8, 9, 17, 7] []
   29 0x000001F8 0xFFFFFFF8 0x0001C000 False   [8, 9, 10] []
   30 0x00000200 0xFFFFFFF8 0x00038000 False   [9, 10, 11] []
   31 0x00000208 0xFFFFFFF8 0x00070000 False   [10, 11, 12] []
   32 0x00000210 0xFFFFFFF8 0x000E0000 False   [11, 12, 13] []
   33 0x00000218 0xFFFFFFF8 0x001C0000 False   [12, 13, 14] []
   34 0x00000220 0xFFFFFFF8 0x00380000 False   [13, 14, 15] []
   35 0x00000228 0xFFFFFFF8 0x00701000 False   [16, 15, 6, 14] []
   36 0x00000230 0xFFFFFFF8 0x00C00000 False   [16, 17] []
   37 0x00000238 0xFFFFFFF8 0x00C00000 False   [16, 17] []
   38 0x00000240 0xFFFFFFF8 0x00800000 False   [17] []
   39 0x00000278 0xFFFFFFF8 0x00400000 False   [16] []
0 Defaultable entries
