Router contains 24 entries
Index Key        Mask       Route      Default [Cores][Links]
----- ---------- ---------- ---------- ------- --------------
    0 0x00000000 0xFFFFFFF8 0x00002000 False   [7] []
    1 0x00000018 0xFFFFFFF8 0x00000100 False   [2] []
    2 0x00000020 0xFFFFFFF8 0x00000300 False   [2, 3] []
    3 0x00000028 0xFFFFFFF8 0x00000700 False   [2, 3, 4] []
    4 0x00000030 0xFFFFFFF8 0x00000E00 False   [3, 4, 5] []
    5 0x00000038 0xFFFFFFF8 0x00001C00 False   [4, 5, 6] []
    6 0x00000040 0xFFFFFFF8 0x00003800 False   [5, 6, 7] []
    7 0x00000048 0xFFFFFFF8 0x00003000 False   [6, 7] []
    8 0x00000280 0xFFFFFFF8 0x00002000 False   [7] []
    9 0x00000298 0xFFFFFFF8 0x00000100 False   [2] []
   10 0x000002A0 0xFFFFFFF8 0x00000300 False   [2, 3] []
   11 0x000002A8 0xFFFFFFF8 0x00000700 False   [2, 3, 4] []
   12 0x000002B0 0xFFFFFFF8 0x00000E00 False   [3, 4, 5] []
   13 0x000002B8 0xFFFFFFF8 0x00001C00 False   [4, 5, 6] []
   14 0x000002C0 0xFFFFFFF8 0x00003800 False   [5, 6, 7] []
   15 0x000002C8 0xFFFFFFF8 0x00003000 False   [6, 7] []
   16 0x000002D0 0xFFFFFFF8 0x00002000 False   [7] []
   17 0x000002E8 0xFFFFFFF8 0x00000100 False   [2] []
   18 0x000002F0 0xFFFFFFF8 0x00000230 False   [3] [SW, S]
   19 0x000002F8 0xFFFFFFF8 0x00000530 False   [2, 4] [SW, S]
   20 0x00000300 0xFFFFFFF8 0x00000A30 False   [3, 5] [SW, S]
   21 0x00000308 0xFFFFFFF8 0x00001430 False   [4, 6] [SW, S]
   22 0x00000310 0xFFFFFFF8 0x00002830 False   [5, 7] [SW, S]
   23 0x00000318 0xFFFFFFF8 0x00001030 False   [6] [SW, S]
0 Defaultable entries
